[ 2016-08-25T09:53:08+08:00 ] ::1 /dzx/
INFO: [ app_init ] --START--
INFO: Run Behavior\BuildLiteBehavior [ RunTime:0.000016s ]
INFO: [ app_init ] --END-- [ RunTime:0.000461s ]
INFO: [ app_begin ] --START--
INFO: Run Behavior\ReadHtmlCacheBehavior [ RunTime:0.000565s ]
INFO: Run Behavior\CheckLangBehavior [ RunTime:0.000388s ]
INFO: [ app_begin ] --END-- [ RunTime:0.001049s ]
ERR: SQLSTATE[HY000] [1045] Access denied for user 'root'@'localhost' (using password: YES)

[ 2016-08-25T09:54:51+08:00 ] ::1 /dzx/
INFO: [ app_init ] --START--
INFO: Run Behavior\BuildLiteBehavior [ RunTime:0.000030s ]
INFO: [ app_init ] --END-- [ RunTime:0.001247s ]
INFO: [ app_begin ] --START--
INFO: Run Behavior\ReadHtmlCacheBehavior [ RunTime:0.000749s ]
INFO: Run Behavior\CheckLangBehavior [ RunTime:0.000654s ]
INFO: [ app_begin ] --END-- [ RunTime:0.001523s ]
SQL: SHOW COLUMNS FROM `think_column` [ RunTime:0.0574s ]
SQL: SELECT * FROM `think_column` WHERE ( status=0 and id!=5 and id!=10 )  [ RunTime:0.0006s ]
SQL: SHOW COLUMNS FROM `think_article` [ RunTime:0.0387s ]
SQL: SELECT * FROM `think_article` WHERE `status` = 0 AND `column_id` IN ('1','2','3','4') LIMIT 5   [ RunTime:0.0006s ]
SQL: SELECT * FROM `think_article` WHERE `status` = 0 AND `column_id` = 5 LIMIT 6   [ RunTime:0.0003s ]
INFO: [ view_parse ] --START--
INFO: [ template_filter ] --START--
INFO: Run Behavior\ContentReplaceBehavior [ RunTime:0.000305s ]
INFO: [ template_filter ] --END-- [ RunTime:0.000365s ]
INFO: Run Behavior\ParseTemplateBehavior [ RunTime:0.018875s ]
INFO: [ view_parse ] --END-- [ RunTime:0.018934s ]
INFO: [ view_filter ] --START--
INFO: Run Behavior\WriteHtmlCacheBehavior [ RunTime:0.000432s ]
INFO: [ view_filter ] --END-- [ RunTime:0.000499s ]
INFO: [ app_end ] --START--
INFO: Run Behavior\ShowPageTraceBehavior [ RunTime:0.000763s ]
INFO: [ app_end ] --END-- [ RunTime:0.000819s ]

[ 2016-08-25T09:55:00+08:00 ] ::1 /dzx/
INFO: [ app_init ] --START--
INFO: Run Behavior\BuildLiteBehavior [ RunTime:0.000014s ]
INFO: [ app_init ] --END-- [ RunTime:0.000376s ]
INFO: [ app_begin ] --START--
INFO: Run Behavior\ReadHtmlCacheBehavior [ RunTime:0.000569s ]
INFO: Run Behavior\CheckLangBehavior [ RunTime:0.000389s ]
INFO: [ app_begin ] --END-- [ RunTime:0.001053s ]
SQL: SHOW COLUMNS FROM `think_column` [ RunTime:0.0041s ]
SQL: SELECT * FROM `think_column` WHERE ( status=0 and id!=5 and id!=10 )  [ RunTime:0.0004s ]
SQL: SHOW COLUMNS FROM `think_article` [ RunTime:0.0046s ]
SQL: SELECT * FROM `think_article` WHERE `status` = 0 AND `column_id` IN ('1','2','3','4') LIMIT 5   [ RunTime:0.0006s ]
SQL: SELECT * FROM `think_article` WHERE `status` = 0 AND `column_id` = 5 LIMIT 6   [ RunTime:0.0003s ]
INFO: [ view_parse ] --START--
INFO: [ template_filter ] --START--
INFO: Run Behavior\ContentReplaceBehavior [ RunTime:0.000389s ]
INFO: [ template_filter ] --END-- [ RunTime:0.000486s ]
INFO: Run Behavior\ParseTemplateBehavior [ RunTime:0.019658s ]
INFO: [ view_parse ] --END-- [ RunTime:0.019735s ]
INFO: [ view_filter ] --START--
INFO: Run Behavior\WriteHtmlCacheBehavior [ RunTime:0.000602s ]
INFO: [ view_filter ] --END-- [ RunTime:0.000660s ]
INFO: [ app_end ] --START--
INFO: Run Behavior\ShowPageTraceBehavior [ RunTime:0.000777s ]
INFO: [ app_end ] --END-- [ RunTime:0.000835s ]

[ 2016-08-25T09:55:02+08:00 ] ::1 /dzx/product/addCart.html
INFO: [ app_init ] --START--
INFO: Run Behavior\BuildLiteBehavior [ RunTime:0.000029s ]
INFO: [ app_init ] --END-- [ RunTime:0.000697s ]
INFO: [ app_begin ] --START--
INFO: Run Behavior\ReadHtmlCacheBehavior [ RunTime:0.000523s ]
INFO: Run Behavior\CheckLangBehavior [ RunTime:0.000338s ]
INFO: [ app_begin ] --END-- [ RunTime:0.000953s ]
SQL: SHOW COLUMNS FROM `think_column` [ RunTime:0.0035s ]
SQL: SELECT * FROM `think_column` WHERE ( status=0 and id!=5 and id!=10 )  [ RunTime:0.0005s ]

[ 2016-08-25T09:55:02+08:00 ] ::1 /dzx/Product/cart.html
INFO: [ app_init ] --START--
INFO: Run Behavior\BuildLiteBehavior [ RunTime:0.000014s ]
INFO: [ app_init ] --END-- [ RunTime:0.000351s ]
INFO: [ app_begin ] --START--
INFO: Run Behavior\ReadHtmlCacheBehavior [ RunTime:0.000894s ]
INFO: Run Behavior\CheckLangBehavior [ RunTime:0.000735s ]
INFO: [ app_begin ] --END-- [ RunTime:0.001728s ]
SQL: SHOW COLUMNS FROM `think_column` [ RunTime:0.0028s ]
SQL: SELECT * FROM `think_column` WHERE ( status=0 and id!=5 and id!=10 )  [ RunTime:0.0005s ]
SQL: SHOW COLUMNS FROM `think_article` [ RunTime:0.0047s ]
SQL: SELECT `id`,`title`,`description`,`image`,`price`,`tprice` FROM `think_article` WHERE `status` = 0 AND `column_id` = 10  [ RunTime:0.0004s ]
SQL: SELECT * FROM `think_article` WHERE `id` = 3 LIMIT 1   [ RunTime:0.0003s ]
SQL: SELECT * FROM `think_article` WHERE `id` = 3 LIMIT 1   [ RunTime:0.0002s ]
SQL: SELECT * FROM `think_article` WHERE `id` = 4 LIMIT 1   [ RunTime:0.0002s ]
NOTIC: [8] Undefined index: goods C:\xampp\htdocs\dzx\Application\Home\Controller\ProductController.class.php 第 90 行.
NOTIC: [8] Undefined index: coupon C:\xampp\htdocs\dzx\Application\Home\Controller\ProductController.class.php 第 103 行.
INFO: [ view_parse ] --START--
INFO: [ template_filter ] --START--
INFO: Run Behavior\ContentReplaceBehavior [ RunTime:0.000460s ]
INFO: [ template_filter ] --END-- [ RunTime:0.000531s ]
NOTIC: [8] Undefined index: mass C:\xampp\htdocs\dzx\Application\Runtime\Cache\Home\8d1989111dad01067859b89ad4fb927a.php 第 71 行.
NOTIC: [8] Undefined index: mass C:\xampp\htdocs\dzx\Application\Runtime\Cache\Home\8d1989111dad01067859b89ad4fb927a.php 第 71 行.
NOTIC: [8] Undefined index: mass C:\xampp\htdocs\dzx\Application\Runtime\Cache\Home\8d1989111dad01067859b89ad4fb927a.php 第 71 行.
INFO: Run Behavior\ParseTemplateBehavior [ RunTime:0.024761s ]
INFO: [ view_parse ] --END-- [ RunTime:0.024820s ]
INFO: [ view_filter ] --START--
INFO: Run Behavior\WriteHtmlCacheBehavior [ RunTime:0.000416s ]
INFO: [ view_filter ] --END-- [ RunTime:0.000457s ]
INFO: [ app_end ] --START--
INFO: Run Behavior\ShowPageTraceBehavior [ RunTime:0.001722s ]
INFO: [ app_end ] --END-- [ RunTime:0.001793s ]

[ 2016-08-25T09:56:24+08:00 ] ::1 /dzx/
INFO: [ app_init ] --START--
INFO: Run Behavior\BuildLiteBehavior [ RunTime:0.000013s ]
INFO: [ app_init ] --END-- [ RunTime:0.000367s ]
INFO: [ app_begin ] --START--
INFO: Run Behavior\ReadHtmlCacheBehavior [ RunTime:0.000570s ]
INFO: Run Behavior\CheckLangBehavior [ RunTime:0.000386s ]
INFO: [ app_begin ] --END-- [ RunTime:0.001051s ]
SQL: SHOW COLUMNS FROM `think_column` [ RunTime:0.0031s ]
SQL: SELECT * FROM `think_column` WHERE ( status=0 and id!=5 and id!=10 )  [ RunTime:0.0007s ]
SQL: SHOW COLUMNS FROM `think_article` [ RunTime:0.0026s ]
SQL: SELECT * FROM `think_article` WHERE `status` = 0 AND `column_id` IN ('1','2','3','4') LIMIT 5   [ RunTime:0.0004s ]
SQL: SELECT * FROM `think_article` WHERE `status` = 0 AND `column_id` = 5 LIMIT 6   [ RunTime:0.0002s ]
INFO: [ view_parse ] --START--
INFO: [ template_filter ] --START--
INFO: Run Behavior\ContentReplaceBehavior [ RunTime:0.000288s ]
INFO: [ template_filter ] --END-- [ RunTime:0.000343s ]
INFO: Run Behavior\ParseTemplateBehavior [ RunTime:0.017722s ]
INFO: [ view_parse ] --END-- [ RunTime:0.017780s ]
INFO: [ view_filter ] --START--
INFO: Run Behavior\WriteHtmlCacheBehavior [ RunTime:0.000305s ]
INFO: [ view_filter ] --END-- [ RunTime:0.000344s ]
INFO: [ app_end ] --START--
INFO: Run Behavior\ShowPageTraceBehavior [ RunTime:0.000676s ]
INFO: [ app_end ] --END-- [ RunTime:0.000727s ]

[ 2016-08-25T09:56:31+08:00 ] ::1 /dzx/redwine/index.html
INFO: [ app_init ] --START--
INFO: Run Behavior\BuildLiteBehavior [ RunTime:0.000019s ]
INFO: [ app_init ] --END-- [ RunTime:0.000601s ]
INFO: [ app_begin ] --START--
INFO: Run Behavior\ReadHtmlCacheBehavior [ RunTime:0.000586s ]
INFO: Run Behavior\CheckLangBehavior [ RunTime:0.000387s ]
INFO: [ app_begin ] --END-- [ RunTime:0.001068s ]
SQL: SHOW COLUMNS FROM `think_column` [ RunTime:0.0040s ]
SQL: SELECT * FROM `think_column` WHERE ( status=0 and id!=5 and id!=10 )  [ RunTime:0.0004s ]
SQL: SHOW COLUMNS FROM `think_article` [ RunTime:0.0027s ]
NOTIC: [8] unserialize(): Error at offset 0 of 10 bytes C:\xampp\htdocs\dzx\ThinkPHP\Library\Think\Cache\Driver\File.class.php 第 104 行.
SQL: SELECT COUNT(*) AS tp_count FROM `think_article` WHERE `status` = 0 AND `column_id` = 5 LIMIT 1   [ RunTime:0.0004s ]
SQL: SELECT * FROM `think_article` WHERE `status` = 0 AND `column_id` = 5 LIMIT 0,8   [ RunTime:0.0004s ]
INFO: [ view_parse ] --START--
INFO: [ template_filter ] --START--
INFO: Run Behavior\ContentReplaceBehavior [ RunTime:0.000177s ]
INFO: [ template_filter ] --END-- [ RunTime:0.000232s ]
NOTIC: [8] Undefined variable: hg C:\xampp\htdocs\dzx\Application\Runtime\Cache\Home\58982e4864e0e6f0ac6b6e181661714a.php 第 47 行.
NOTIC: [8] Undefined variable: hg C:\xampp\htdocs\dzx\Application\Runtime\Cache\Home\58982e4864e0e6f0ac6b6e181661714a.php 第 48 行.
NOTIC: [8] Undefined variable: hg C:\xampp\htdocs\dzx\Application\Runtime\Cache\Home\58982e4864e0e6f0ac6b6e181661714a.php 第 49 行.
NOTIC: [8] Undefined variable: hg C:\xampp\htdocs\dzx\Application\Runtime\Cache\Home\58982e4864e0e6f0ac6b6e181661714a.php 第 50 行.
INFO: Run Behavior\ParseTemplateBehavior [ RunTime:0.014070s ]
INFO: [ view_parse ] --END-- [ RunTime:0.014120s ]
INFO: [ view_filter ] --START--
INFO: Run Behavior\WriteHtmlCacheBehavior [ RunTime:0.000432s ]
INFO: [ view_filter ] --END-- [ RunTime:0.000470s ]
INFO: [ app_end ] --START--
INFO: Run Behavior\ShowPageTraceBehavior [ RunTime:0.000651s ]
INFO: [ app_end ] --END-- [ RunTime:0.000711s ]

[ 2016-08-25T09:56:42+08:00 ] ::1 /dzx/Coupon/index/ty/2.html
INFO: [ app_init ] --START--
INFO: Run Behavior\BuildLiteBehavior [ RunTime:0.000013s ]
INFO: [ app_init ] --END-- [ RunTime:0.000380s ]
INFO: [ app_begin ] --START--
INFO: Run Behavior\ReadHtmlCacheBehavior [ RunTime:0.001791s ]
INFO: Run Behavior\CheckLangBehavior [ RunTime:0.000705s ]
INFO: [ app_begin ] --END-- [ RunTime:0.002822s ]
SQL: SHOW COLUMNS FROM `think_column` [ RunTime:0.0030s ]
SQL: SELECT * FROM `think_column` WHERE ( status=0 and id!=5 and id!=10 )  [ RunTime:0.0005s ]
SQL: SHOW COLUMNS FROM `think_coupons` [ RunTime:0.0714s ]
NOTIC: [8] unserialize(): Error at offset 0 of 11 bytes C:\xampp\htdocs\dzx\ThinkPHP\Library\Think\Cache\Driver\File.class.php 第 104 行.
SQL: SELECT COUNT(*) AS tp_count FROM `think_coupons` GROUP BY coupon_cid LIMIT 1   [ RunTime:0.0006s ]
NOTIC: [8] unserialize(): Error at offset 0 of 1045 bytes C:\xampp\htdocs\dzx\ThinkPHP\Library\Think\Cache\Driver\File.class.php 第 104 行.
SQL: SELECT * FROM `think_coupons` GROUP BY coupon_cid LIMIT 0,9   [ RunTime:0.0007s ]
SQL: SHOW COLUMNS FROM `think_article` [ RunTime:0.0041s ]
SQL: SELECT * FROM `think_article` WHERE `id` = 2 LIMIT 1   [ RunTime:0.0003s ]
INFO: [ view_parse ] --START--
INFO: [ template_filter ] --START--
INFO: Run Behavior\ContentReplaceBehavior [ RunTime:0.000201s ]
INFO: [ template_filter ] --END-- [ RunTime:0.000253s ]
NOTIC: [8] Undefined index: cid C:\xampp\htdocs\dzx\Application\Runtime\Cache\Home\7d60a0b248cbfac91494830d5f3b23ce.php 第 46 行.
NOTIC: [8] Undefined index: cid C:\xampp\htdocs\dzx\Application\Runtime\Cache\Home\7d60a0b248cbfac91494830d5f3b23ce.php 第 46 行.
NOTIC: [8] Undefined index: cid C:\xampp\htdocs\dzx\Application\Runtime\Cache\Home\7d60a0b248cbfac91494830d5f3b23ce.php 第 46 行.
INFO: Run Behavior\ParseTemplateBehavior [ RunTime:0.013584s ]
INFO: [ view_parse ] --END-- [ RunTime:0.013637s ]
INFO: [ view_filter ] --START--
INFO: Run Behavior\WriteHtmlCacheBehavior [ RunTime:0.000368s ]
INFO: [ view_filter ] --END-- [ RunTime:0.000407s ]
INFO: [ app_end ] --START--
INFO: Run Behavior\ShowPageTraceBehavior [ RunTime:0.000666s ]
INFO: [ app_end ] --END-- [ RunTime:0.000724s ]

[ 2016-08-25T09:56:48+08:00 ] ::1 /dzx/product/list_dzx.html
INFO: [ app_init ] --START--
INFO: Run Behavior\BuildLiteBehavior [ RunTime:0.000014s ]
INFO: [ app_init ] --END-- [ RunTime:0.000336s ]
INFO: [ app_begin ] --START--
INFO: Run Behavior\ReadHtmlCacheBehavior [ RunTime:0.000455s ]
INFO: Run Behavior\CheckLangBehavior [ RunTime:0.000317s ]
INFO: [ app_begin ] --END-- [ RunTime:0.000867s ]
SQL: SHOW COLUMNS FROM `think_column` [ RunTime:0.0027s ]
SQL: SELECT * FROM `think_column` WHERE ( status=0 and id!=5 and id!=10 )  [ RunTime:0.0004s ]
SQL: SHOW COLUMNS FROM `think_article` [ RunTime:0.0041s ]
NOTIC: [8] unserialize(): Error at offset 0 of 10 bytes C:\xampp\htdocs\dzx\ThinkPHP\Library\Think\Cache\Driver\File.class.php 第 104 行.
SQL: SELECT COUNT(*) AS tp_count FROM `think_article` WHERE `status` = 0 AND `column_id` IN ('1','2','3','4') LIMIT 1   [ RunTime:0.0003s ]
NOTIC: [8] unserialize(): Error at offset 0 of 1592 bytes C:\xampp\htdocs\dzx\ThinkPHP\Library\Think\Cache\Driver\File.class.php 第 104 行.
SQL: SELECT * FROM `think_article` WHERE `status` = 0 AND `column_id` IN ('1','2','3','4') ORDER BY sort asc LIMIT 0,10   [ RunTime:0.0005s ]
INFO: [ view_parse ] --START--
INFO: [ template_filter ] --START--
INFO: Run Behavior\ContentReplaceBehavior [ RunTime:0.000178s ]
INFO: [ template_filter ] --END-- [ RunTime:0.000233s ]
NOTIC: [8] Undefined index: cid C:\xampp\htdocs\dzx\Application\Runtime\Cache\Home\a35902cc21a38cb3937f0b4276b4510f.php 第 46 行.
NOTIC: [8] Undefined index: cid C:\xampp\htdocs\dzx\Application\Runtime\Cache\Home\a35902cc21a38cb3937f0b4276b4510f.php 第 46 行.
NOTIC: [8] Undefined index: cid C:\xampp\htdocs\dzx\Application\Runtime\Cache\Home\a35902cc21a38cb3937f0b4276b4510f.php 第 46 行.
INFO: Run Behavior\ParseTemplateBehavior [ RunTime:0.012589s ]
INFO: [ view_parse ] --END-- [ RunTime:0.012639s ]
INFO: [ view_filter ] --START--
INFO: Run Behavior\WriteHtmlCacheBehavior [ RunTime:0.000283s ]
INFO: [ view_filter ] --END-- [ RunTime:0.000385s ]
INFO: [ app_end ] --START--
INFO: Run Behavior\ShowPageTraceBehavior [ RunTime:0.000635s ]
INFO: [ app_end ] --END-- [ RunTime:0.000697s ]

[ 2016-08-25T12:40:57+08:00 ] ::1 /dzx/
INFO: [ app_init ] --START--
INFO: Run Behavior\BuildLiteBehavior [ RunTime:0.000016s ]
INFO: [ app_init ] --END-- [ RunTime:0.001267s ]
INFO: [ app_begin ] --START--
INFO: Run Behavior\ReadHtmlCacheBehavior [ RunTime:0.000690s ]
INFO: Run Behavior\CheckLangBehavior [ RunTime:0.000511s ]
INFO: [ app_begin ] --END-- [ RunTime:0.001350s ]
SQL: SHOW COLUMNS FROM `think_column` [ RunTime:0.0191s ]
SQL: SELECT * FROM `think_column` WHERE ( status=0 and id!=5 and id!=10 )  [ RunTime:0.0007s ]
SQL: SHOW COLUMNS FROM `think_article` [ RunTime:0.0130s ]
SQL: SELECT * FROM `think_article` WHERE `status` = 0 AND `column_id` IN ('1','2','3','4') LIMIT 5   [ RunTime:0.0010s ]
SQL: SELECT * FROM `think_article` WHERE `status` = 0 AND `column_id` = 5 LIMIT 6   [ RunTime:0.0003s ]
INFO: [ view_parse ] --START--
INFO: [ template_filter ] --START--
INFO: Run Behavior\ContentReplaceBehavior [ RunTime:0.000312s ]
INFO: [ template_filter ] --END-- [ RunTime:0.000370s ]
INFO: Run Behavior\ParseTemplateBehavior [ RunTime:0.048616s ]
INFO: [ view_parse ] --END-- [ RunTime:0.048784s ]
INFO: [ view_filter ] --START--
INFO: Run Behavior\WriteHtmlCacheBehavior [ RunTime:0.001063s ]
INFO: [ view_filter ] --END-- [ RunTime:0.001127s ]
INFO: [ app_end ] --START--
INFO: Run Behavior\ShowPageTraceBehavior [ RunTime:0.007315s ]
INFO: [ app_end ] --END-- [ RunTime:0.008493s ]

[ 2016-08-25T12:48:38+08:00 ] ::1 /dzx/
INFO: [ app_init ] --START--
INFO: Run Behavior\BuildLiteBehavior [ RunTime:0.000015s ]
INFO: [ app_init ] --END-- [ RunTime:0.000392s ]
INFO: [ app_begin ] --START--
INFO: Run Behavior\ReadHtmlCacheBehavior [ RunTime:0.000718s ]
INFO: Run Behavior\CheckLangBehavior [ RunTime:0.000501s ]
INFO: [ app_begin ] --END-- [ RunTime:0.001355s ]
SQL: SHOW COLUMNS FROM `think_column` [ RunTime:0.0049s ]
SQL: SELECT * FROM `think_column` WHERE ( status=0 and id!=5 and id!=10 )  [ RunTime:0.0004s ]
SQL: SHOW COLUMNS FROM `think_article` [ RunTime:0.0030s ]
SQL: SELECT * FROM `think_article` WHERE `status` = 0 AND `column_id` IN ('1','2','3','4') LIMIT 5   [ RunTime:0.0005s ]
SQL: SELECT * FROM `think_article` WHERE `status` = 0 AND `column_id` = 5 LIMIT 6   [ RunTime:0.0004s ]
INFO: [ view_parse ] --START--
INFO: [ template_filter ] --START--
INFO: Run Behavior\ContentReplaceBehavior [ RunTime:0.000438s ]
INFO: [ template_filter ] --END-- [ RunTime:0.000505s ]
INFO: Run Behavior\ParseTemplateBehavior [ RunTime:0.021089s ]
INFO: [ view_parse ] --END-- [ RunTime:0.021155s ]
INFO: [ view_filter ] --START--
INFO: Run Behavior\WriteHtmlCacheBehavior [ RunTime:0.000389s ]
INFO: [ view_filter ] --END-- [ RunTime:0.000436s ]
INFO: [ app_end ] --START--
INFO: Run Behavior\ShowPageTraceBehavior [ RunTime:0.000845s ]
INFO: [ app_end ] --END-- [ RunTime:0.000902s ]

[ 2016-08-25T12:49:20+08:00 ] ::1 /dzx/redwine/index.html
INFO: [ app_init ] --START--
INFO: Run Behavior\BuildLiteBehavior [ RunTime:0.000015s ]
INFO: [ app_init ] --END-- [ RunTime:0.000402s ]
INFO: [ app_begin ] --START--
INFO: Run Behavior\ReadHtmlCacheBehavior [ RunTime:0.000570s ]
INFO: Run Behavior\CheckLangBehavior [ RunTime:0.001095s ]
INFO: [ app_begin ] --END-- [ RunTime:0.001769s ]
SQL: SHOW COLUMNS FROM `think_column` [ RunTime:0.0055s ]
SQL: SELECT * FROM `think_column` WHERE ( status=0 and id!=5 and id!=10 )  [ RunTime:0.0007s ]
SQL: SHOW COLUMNS FROM `think_article` [ RunTime:0.0052s ]
SQL: SELECT COUNT(*) AS tp_count FROM `think_article` WHERE `status` = 0 AND `column_id` = 5 LIMIT 1   [ RunTime:0.0010s ]
SQL: SELECT * FROM `think_article` WHERE `status` = 0 AND `column_id` = 5 LIMIT 0,8   [ RunTime:0.0008s ]
INFO: [ view_parse ] --START--
INFO: [ template_filter ] --START--
INFO: Run Behavior\ContentReplaceBehavior [ RunTime:0.000193s ]
INFO: [ template_filter ] --END-- [ RunTime:0.000284s ]
NOTIC: [8] Undefined variable: hg C:\xampp\htdocs\dzx\Application\Runtime\Cache\Home\58982e4864e0e6f0ac6b6e181661714a.php 第 47 行.
NOTIC: [8] Undefined variable: hg C:\xampp\htdocs\dzx\Application\Runtime\Cache\Home\58982e4864e0e6f0ac6b6e181661714a.php 第 48 行.
NOTIC: [8] Undefined variable: hg C:\xampp\htdocs\dzx\Application\Runtime\Cache\Home\58982e4864e0e6f0ac6b6e181661714a.php 第 49 行.
NOTIC: [8] Undefined variable: hg C:\xampp\htdocs\dzx\Application\Runtime\Cache\Home\58982e4864e0e6f0ac6b6e181661714a.php 第 50 行.
INFO: Run Behavior\ParseTemplateBehavior [ RunTime:0.116216s ]
INFO: [ view_parse ] --END-- [ RunTime:0.116304s ]
INFO: [ view_filter ] --START--
INFO: Run Behavior\WriteHtmlCacheBehavior [ RunTime:0.000491s ]
INFO: [ view_filter ] --END-- [ RunTime:0.000530s ]
INFO: [ app_end ] --START--
INFO: Run Behavior\ShowPageTraceBehavior [ RunTime:0.000899s ]
INFO: [ app_end ] --END-- [ RunTime:0.001964s ]

[ 2016-08-25T12:49:33+08:00 ] ::1 /dzx/
INFO: [ app_init ] --START--
INFO: Run Behavior\BuildLiteBehavior [ RunTime:0.000015s ]
INFO: [ app_init ] --END-- [ RunTime:0.000477s ]
INFO: [ app_begin ] --START--
INFO: Run Behavior\ReadHtmlCacheBehavior [ RunTime:0.000550s ]
INFO: Run Behavior\CheckLangBehavior [ RunTime:0.000620s ]
INFO: [ app_begin ] --END-- [ RunTime:0.001280s ]
SQL: SHOW COLUMNS FROM `think_column` [ RunTime:0.0034s ]
SQL: SELECT * FROM `think_column` WHERE ( status=0 and id!=5 and id!=10 )  [ RunTime:0.0004s ]
SQL: SHOW COLUMNS FROM `think_article` [ RunTime:0.0030s ]
SQL: SELECT * FROM `think_article` WHERE `status` = 0 AND `column_id` IN ('1','2','3','4') LIMIT 5   [ RunTime:0.0004s ]
SQL: SELECT * FROM `think_article` WHERE `status` = 0 AND `column_id` = 5 LIMIT 6   [ RunTime:0.0003s ]
INFO: [ view_parse ] --START--
INFO: [ template_filter ] --START--
INFO: Run Behavior\ContentReplaceBehavior [ RunTime:0.000299s ]
INFO: [ template_filter ] --END-- [ RunTime:0.000355s ]
INFO: Run Behavior\ParseTemplateBehavior [ RunTime:0.018913s ]
INFO: [ view_parse ] --END-- [ RunTime:0.019103s ]
INFO: [ view_filter ] --START--
INFO: Run Behavior\WriteHtmlCacheBehavior [ RunTime:0.000273s ]
INFO: [ view_filter ] --END-- [ RunTime:0.000312s ]
INFO: [ app_end ] --START--
INFO: Run Behavior\ShowPageTraceBehavior [ RunTime:0.000783s ]
INFO: [ app_end ] --END-- [ RunTime:0.000858s ]

[ 2016-08-25T13:05:15+08:00 ] ::1 /dzx/Public/Wap/images/check.fw.png
INFO: [ app_init ] --START--
INFO: Run Behavior\BuildLiteBehavior [ RunTime:0.000022s ]
INFO: [ app_init ] --END-- [ RunTime:0.000517s ]

[ 2016-08-25T13:08:41+08:00 ] ::1 /dzx/redwine/index.html
INFO: [ app_init ] --START--
INFO: Run Behavior\BuildLiteBehavior [ RunTime:0.000015s ]
INFO: [ app_init ] --END-- [ RunTime:0.000411s ]
INFO: [ app_begin ] --START--
INFO: Run Behavior\ReadHtmlCacheBehavior [ RunTime:0.000675s ]
INFO: Run Behavior\CheckLangBehavior [ RunTime:0.000411s ]
INFO: [ app_begin ] --END-- [ RunTime:0.001202s ]
SQL: SHOW COLUMNS FROM `think_column` [ RunTime:0.0061s ]
SQL: SELECT * FROM `think_column` WHERE ( status=0 and id!=5 and id!=10 )  [ RunTime:0.0006s ]
SQL: SHOW COLUMNS FROM `think_article` [ RunTime:0.0062s ]
SQL: SELECT COUNT(*) AS tp_count FROM `think_article` WHERE `status` = 0 AND `column_id` = 5 LIMIT 1   [ RunTime:0.0005s ]
SQL: SELECT * FROM `think_article` WHERE `status` = 0 AND `column_id` = 5 LIMIT 0,8   [ RunTime:0.0012s ]
INFO: [ view_parse ] --START--
INFO: [ template_filter ] --START--
INFO: Run Behavior\ContentReplaceBehavior [ RunTime:0.000181s ]
INFO: [ template_filter ] --END-- [ RunTime:0.000240s ]
NOTIC: [8] Undefined variable: hg C:\xampp\htdocs\dzx\Application\Runtime\Cache\Home\58982e4864e0e6f0ac6b6e181661714a.php 第 47 行.
NOTIC: [8] Undefined variable: hg C:\xampp\htdocs\dzx\Application\Runtime\Cache\Home\58982e4864e0e6f0ac6b6e181661714a.php 第 48 行.
NOTIC: [8] Undefined variable: hg C:\xampp\htdocs\dzx\Application\Runtime\Cache\Home\58982e4864e0e6f0ac6b6e181661714a.php 第 49 行.
NOTIC: [8] Undefined variable: hg C:\xampp\htdocs\dzx\Application\Runtime\Cache\Home\58982e4864e0e6f0ac6b6e181661714a.php 第 50 行.
INFO: Run Behavior\ParseTemplateBehavior [ RunTime:1.794790s ]
INFO: [ view_parse ] --END-- [ RunTime:1.794864s ]
INFO: [ view_filter ] --START--
INFO: Run Behavior\WriteHtmlCacheBehavior [ RunTime:0.000584s ]
INFO: [ view_filter ] --END-- [ RunTime:0.000626s ]
INFO: [ app_end ] --START--
INFO: Run Behavior\ShowPageTraceBehavior [ RunTime:0.000733s ]
INFO: [ app_end ] --END-- [ RunTime:0.000801s ]

[ 2016-08-25T13:09:04+08:00 ] ::1 /dzx/redwine/details/id/2.html
INFO: [ app_init ] --START--
INFO: Run Behavior\BuildLiteBehavior [ RunTime:0.000014s ]
INFO: [ app_init ] --END-- [ RunTime:0.000411s ]
INFO: [ app_begin ] --START--
INFO: Run Behavior\ReadHtmlCacheBehavior [ RunTime:0.000589s ]
INFO: Run Behavior\CheckLangBehavior [ RunTime:0.000395s ]
INFO: [ app_begin ] --END-- [ RunTime:0.001084s ]
SQL: SHOW COLUMNS FROM `think_column` [ RunTime:0.0030s ]
SQL: SELECT * FROM `think_column` WHERE ( status=0 and id!=5 and id!=10 )  [ RunTime:0.0004s ]
SQL: SHOW COLUMNS FROM `think_article` [ RunTime:0.0029s ]
SQL: SELECT * FROM `think_article` WHERE `id` = 2 LIMIT 1   [ RunTime:0.0003s ]
SQL: SHOW COLUMNS FROM `think_order` [ RunTime:0.0034s ]
SQL: SELECT * FROM `think_order` WHERE `ordstatus` = 1 ORDER BY 10  [ RunTime:0.0009s ]
SQL: SELECT COUNT(*) AS tp_count FROM `think_order` WHERE `ordstatus` = 1 LIMIT 1   [ RunTime:0.0003s ]
INFO: [ view_parse ] --START--
INFO: [ template_filter ] --START--
INFO: Run Behavior\ContentReplaceBehavior [ RunTime:0.000314s ]
INFO: [ template_filter ] --END-- [ RunTime:0.000404s ]
INFO: Run Behavior\ParseTemplateBehavior [ RunTime:0.976467s ]
INFO: [ view_parse ] --END-- [ RunTime:0.976545s ]
INFO: [ view_filter ] --START--
INFO: Run Behavior\WriteHtmlCacheBehavior [ RunTime:0.000735s ]
INFO: [ view_filter ] --END-- [ RunTime:0.000804s ]
INFO: [ app_end ] --START--
INFO: Run Behavior\ShowPageTraceBehavior [ RunTime:0.002706s ]
INFO: [ app_end ] --END-- [ RunTime:0.002822s ]

[ 2016-08-25T13:09:11+08:00 ] ::1 /dzx/product/check_pro.html
INFO: [ app_init ] --START--
INFO: Run Behavior\BuildLiteBehavior [ RunTime:0.000018s ]
INFO: [ app_init ] --END-- [ RunTime:0.000358s ]
INFO: [ app_begin ] --START--
INFO: Run Behavior\ReadHtmlCacheBehavior [ RunTime:0.000520s ]
INFO: Run Behavior\CheckLangBehavior [ RunTime:0.000337s ]
INFO: [ app_begin ] --END-- [ RunTime:0.000945s ]
SQL: SHOW COLUMNS FROM `think_column` [ RunTime:0.0032s ]
SQL: SELECT * FROM `think_column` WHERE ( status=0 and id!=5 and id!=10 )  [ RunTime:0.0004s ]
SQL: SHOW COLUMNS FROM `think_article` [ RunTime:0.0038s ]
SQL: SELECT `id`,`sum` FROM `think_article` WHERE `id` = 2 LIMIT 1   [ RunTime:0.0003s ]

[ 2016-08-25T13:09:14+08:00 ] ::1 /dzx/product/addCart.html
INFO: [ app_init ] --START--
INFO: Run Behavior\BuildLiteBehavior [ RunTime:0.000018s ]
INFO: [ app_init ] --END-- [ RunTime:0.000489s ]
INFO: [ app_begin ] --START--
INFO: Run Behavior\ReadHtmlCacheBehavior [ RunTime:0.000531s ]
INFO: Run Behavior\CheckLangBehavior [ RunTime:0.000358s ]
INFO: [ app_begin ] --END-- [ RunTime:0.000986s ]
SQL: SHOW COLUMNS FROM `think_column` [ RunTime:0.0039s ]
SQL: SELECT * FROM `think_column` WHERE ( status=0 and id!=5 and id!=10 )  [ RunTime:0.0007s ]

[ 2016-08-25T13:09:14+08:00 ] ::1 /dzx/Product/cart.html
INFO: [ app_init ] --START--
INFO: Run Behavior\BuildLiteBehavior [ RunTime:0.000015s ]
INFO: [ app_init ] --END-- [ RunTime:0.000429s ]
INFO: [ app_begin ] --START--
INFO: Run Behavior\ReadHtmlCacheBehavior [ RunTime:0.000492s ]
INFO: Run Behavior\CheckLangBehavior [ RunTime:0.000314s ]
INFO: [ app_begin ] --END-- [ RunTime:0.000903s ]
SQL: SHOW COLUMNS FROM `think_column` [ RunTime:0.0041s ]
SQL: SELECT * FROM `think_column` WHERE ( status=0 and id!=5 and id!=10 )  [ RunTime:0.0004s ]
SQL: SHOW COLUMNS FROM `think_article` [ RunTime:0.0035s ]
SQL: SELECT `id`,`title`,`description`,`image`,`price`,`tprice` FROM `think_article` WHERE `status` = 0 AND `column_id` = 10  [ RunTime:0.0003s ]
SQL: SELECT * FROM `think_article` WHERE `id` = 5 LIMIT 1   [ RunTime:0.0003s ]
SQL: SELECT * FROM `think_article` WHERE `id` = 2 LIMIT 1   [ RunTime:0.0002s ]
SQL: SELECT * FROM `think_article` WHERE `id` = 2 LIMIT 1   [ RunTime:0.0002s ]
NOTIC: [8] Undefined index: goods C:\xampp\htdocs\dzx\Application\Home\Controller\ProductController.class.php 第 90 行.
NOTIC: [8] Undefined index: coupon C:\xampp\htdocs\dzx\Application\Home\Controller\ProductController.class.php 第 103 行.
INFO: [ view_parse ] --START--
INFO: [ template_filter ] --START--
INFO: Run Behavior\ContentReplaceBehavior [ RunTime:0.000428s ]
INFO: [ template_filter ] --END-- [ RunTime:0.000506s ]
INFO: Run Behavior\ParseTemplateBehavior [ RunTime:0.023130s ]
INFO: [ view_parse ] --END-- [ RunTime:0.023190s ]
INFO: [ view_filter ] --START--
INFO: Run Behavior\WriteHtmlCacheBehavior [ RunTime:0.000447s ]
INFO: [ view_filter ] --END-- [ RunTime:0.000488s ]
INFO: [ app_end ] --START--
INFO: Run Behavior\ShowPageTraceBehavior [ RunTime:0.000793s ]
INFO: [ app_end ] --END-- [ RunTime:0.000869s ]

[ 2016-08-25T13:36:25+08:00 ] ::1 /dzx/Product/cart.html
INFO: [ app_init ] --START--
INFO: Run Behavior\BuildLiteBehavior [ RunTime:0.000015s ]
INFO: [ app_init ] --END-- [ RunTime:0.000402s ]
INFO: [ app_begin ] --START--
INFO: Run Behavior\ReadHtmlCacheBehavior [ RunTime:0.000694s ]
INFO: Run Behavior\CheckLangBehavior [ RunTime:0.000413s ]
INFO: [ app_begin ] --END-- [ RunTime:0.001204s ]
SQL: SHOW COLUMNS FROM `think_column` [ RunTime:0.0036s ]
SQL: SELECT * FROM `think_column` WHERE ( status=0 and id!=5 and id!=10 )  [ RunTime:0.0007s ]
SQL: SHOW COLUMNS FROM `think_article` [ RunTime:0.0031s ]
SQL: SELECT `id`,`title`,`description`,`image`,`price`,`tprice` FROM `think_article` WHERE `status` = 0 AND `column_id` = 10  [ RunTime:0.0009s ]
SQL: SELECT * FROM `think_article` WHERE `id` = 5 LIMIT 1   [ RunTime:0.0004s ]
SQL: SELECT * FROM `think_article` WHERE `id` = 2 LIMIT 1   [ RunTime:0.0002s ]
SQL: SELECT * FROM `think_article` WHERE `id` = 2 LIMIT 1   [ RunTime:0.0002s ]
NOTIC: [8] Undefined index: goods C:\xampp\htdocs\dzx\Application\Home\Controller\ProductController.class.php 第 90 行.
NOTIC: [8] Undefined index: coupon C:\xampp\htdocs\dzx\Application\Home\Controller\ProductController.class.php 第 103 行.
INFO: [ view_parse ] --START--
INFO: [ template_filter ] --START--
INFO: Run Behavior\ContentReplaceBehavior [ RunTime:0.000429s ]
INFO: [ template_filter ] --END-- [ RunTime:0.000490s ]
INFO: Run Behavior\ParseTemplateBehavior [ RunTime:0.024602s ]
INFO: [ view_parse ] --END-- [ RunTime:0.024658s ]
INFO: [ view_filter ] --START--
INFO: Run Behavior\WriteHtmlCacheBehavior [ RunTime:0.000428s ]
INFO: [ view_filter ] --END-- [ RunTime:0.000468s ]
INFO: [ app_end ] --START--
INFO: Run Behavior\ShowPageTraceBehavior [ RunTime:0.000620s ]
INFO: [ app_end ] --END-- [ RunTime:0.000674s ]

