[ 2016-08-26T14:44:50+08:00 ] 127.0.0.1 /
INFO: [ app_init ] --START--
INFO: Run Behavior\BuildLiteBehavior [ RunTime:0.000013s ]
INFO: [ app_init ] --END-- [ RunTime:0.000844s ]
INFO: [ app_begin ] --START--
INFO: Run Behavior\ReadHtmlCacheBehavior [ RunTime:0.000468s ]
INFO: Run Behavior\CheckLangBehavior [ RunTime:0.000482s ]
INFO: [ app_begin ] --END-- [ RunTime:0.001001s ]
SQL: SHOW COLUMNS FROM `think_column` [ RunTime:0.0259s ]
SQL: SELECT * FROM `think_column` WHERE ( status=0 and id!=5 and id!=10 )  [ RunTime:0.0006s ]
SQL: SHOW COLUMNS FROM `think_article` [ RunTime:0.0253s ]
SQL: SELECT * FROM `think_article` WHERE `status` = 0 AND `column_id` IN ('1','2','3','4') LIMIT 5   [ RunTime:0.0004s ]
SQL: SELECT * FROM `think_article` WHERE `status` = 0 AND `column_id` = 5 LIMIT 6   [ RunTime:0.0001s ]
INFO: [ view_parse ] --START--
INFO: [ template_filter ] --START--
INFO: Run Behavior\ContentReplaceBehavior [ RunTime:0.000218s ]
INFO: [ template_filter ] --END-- [ RunTime:0.000318s ]
NOTIC: [8] Undefined variable: nums /home/wwwroot/dzx.com/Application/Runtime/Cache/Home/2a94b8bda04ff446dcedd42276fc99ee.php 第 321 行.
NOTIC: [8] Undefined variable: nums /home/wwwroot/dzx.com/Application/Runtime/Cache/Home/2a94b8bda04ff446dcedd42276fc99ee.php 第 322 行.
INFO: Run Behavior\ParseTemplateBehavior [ RunTime:0.074229s ]
INFO: [ view_parse ] --END-- [ RunTime:0.074263s ]
INFO: [ view_filter ] --START--
INFO: Run Behavior\WriteHtmlCacheBehavior [ RunTime:0.023238s ]
INFO: [ view_filter ] --END-- [ RunTime:0.023272s ]
INFO: [ app_end ] --START--
INFO: Run Behavior\ShowPageTraceBehavior [ RunTime:0.000852s ]
INFO: [ app_end ] --END-- [ RunTime:0.000884s ]

[ 2016-08-26T14:44:51+08:00 ] 127.0.0.1 /favicon.ico
INFO: [ app_init ] --START--
INFO: Run Behavior\BuildLiteBehavior [ RunTime:0.000015s ]
INFO: [ app_init ] --END-- [ RunTime:0.000369s ]

[ 2016-08-26T14:44:57+08:00 ] 127.0.0.1 /product/details/id/4.html
INFO: [ app_init ] --START--
INFO: Run Behavior\BuildLiteBehavior [ RunTime:0.000009s ]
INFO: [ app_init ] --END-- [ RunTime:0.000186s ]
INFO: [ app_begin ] --START--
INFO: Run Behavior\ReadHtmlCacheBehavior [ RunTime:0.000213s ]
INFO: Run Behavior\CheckLangBehavior [ RunTime:0.000134s ]
INFO: [ app_begin ] --END-- [ RunTime:0.000389s ]
SQL: SHOW COLUMNS FROM `think_column` [ RunTime:0.0004s ]
SQL: SELECT * FROM `think_column` WHERE ( status=0 and id!=5 and id!=10 )  [ RunTime:0.0002s ]
SQL: SHOW COLUMNS FROM `think_article` [ RunTime:0.0003s ]
SQL: SELECT * FROM `think_article` WHERE `id` = 4 LIMIT 1   [ RunTime:0.0002s ]
SQL: SHOW COLUMNS FROM `think_kefu` [ RunTime:0.0237s ]
SQL: SELECT * FROM `think_kefu` WHERE ( status=0 )  [ RunTime:0.0010s ]
SQL: SHOW COLUMNS FROM `think_order` [ RunTime:0.0221s ]
SQL: SELECT * FROM `think_order` WHERE `ordstatus` = 1 ORDER BY 10  [ RunTime:0.0006s ]
SQL: SELECT COUNT(*) AS tp_count FROM `think_order` WHERE `ordstatus` = 1 LIMIT 1   [ RunTime:0.0120s ]
INFO: [ view_parse ] --START--
INFO: [ template_filter ] --START--
INFO: Run Behavior\ContentReplaceBehavior [ RunTime:0.000079s ]
INFO: [ template_filter ] --END-- [ RunTime:0.000115s ]
NOTIC: [2] Missing argument 3 for sub_str(), called in /home/wwwroot/dzx.com/Application/Runtime/Cache/Home/c0e5e04525859b98127e0609ff818963.php on line 60 and defined /home/wwwroot/dzx.com/Application/Common/Common/function.php 第 537 行.
NOTIC: [8] Undefined variable: length /home/wwwroot/dzx.com/Application/Common/Common/function.php 第 541 行.
NOTIC: [8] Undefined variable: nums /home/wwwroot/dzx.com/Application/Runtime/Cache/Home/c0e5e04525859b98127e0609ff818963.php 第 174 行.
NOTIC: [8] Undefined variable: nums /home/wwwroot/dzx.com/Application/Runtime/Cache/Home/c0e5e04525859b98127e0609ff818963.php 第 175 行.
INFO: Run Behavior\ParseTemplateBehavior [ RunTime:0.019044s ]
INFO: [ view_parse ] --END-- [ RunTime:0.019124s ]
INFO: [ view_filter ] --START--
INFO: Run Behavior\WriteHtmlCacheBehavior [ RunTime:0.000110s ]
INFO: [ view_filter ] --END-- [ RunTime:0.000126s ]
INFO: [ app_end ] --START--
INFO: Run Behavior\ShowPageTraceBehavior [ RunTime:0.000253s ]
INFO: [ app_end ] --END-- [ RunTime:0.000274s ]

[ 2016-08-26T14:46:55+08:00 ] 127.0.0.1 /product/details/id/4.html
INFO: [ app_init ] --START--
INFO: Run Behavior\BuildLiteBehavior [ RunTime:0.000008s ]
INFO: [ app_init ] --END-- [ RunTime:0.000183s ]
INFO: [ app_begin ] --START--
INFO: Run Behavior\ReadHtmlCacheBehavior [ RunTime:0.000216s ]
INFO: Run Behavior\CheckLangBehavior [ RunTime:0.000128s ]
INFO: [ app_begin ] --END-- [ RunTime:0.000382s ]
ERR: SQLSTATE[HY000] [1045] Access denied for user 'root'@'localhost' (using password: NO)

[ 2016-08-26T14:46:56+08:00 ] 127.0.0.1 /product/details/id/4.html
INFO: [ app_init ] --START--
INFO: Run Behavior\BuildLiteBehavior [ RunTime:0.000036s ]
INFO: [ app_init ] --END-- [ RunTime:0.000712s ]
INFO: [ app_begin ] --START--
INFO: Run Behavior\ReadHtmlCacheBehavior [ RunTime:0.000247s ]
INFO: Run Behavior\CheckLangBehavior [ RunTime:0.000162s ]
INFO: [ app_begin ] --END-- [ RunTime:0.000461s ]
ERR: SQLSTATE[HY000] [1045] Access denied for user 'root'@'localhost' (using password: NO)

[ 2016-08-26T14:48:41+08:00 ] 127.0.0.1 /product/details/id/4.html
INFO: [ app_init ] --START--
INFO: Run Behavior\BuildLiteBehavior [ RunTime:0.000010s ]
INFO: [ app_init ] --END-- [ RunTime:0.000220s ]
INFO: [ app_begin ] --START--
INFO: Run Behavior\ReadHtmlCacheBehavior [ RunTime:0.000494s ]
INFO: Run Behavior\CheckLangBehavior [ RunTime:0.000342s ]
INFO: [ app_begin ] --END-- [ RunTime:0.001124s ]
ERR: SQLSTATE[HY000] [1045] Access denied for user 'root'@'localhost' (using password: YES)

[ 2016-08-26T14:48:41+08:00 ] 127.0.0.1 /product/details/id/4.html
INFO: [ app_init ] --START--
INFO: Run Behavior\BuildLiteBehavior [ RunTime:0.000009s ]
INFO: [ app_init ] --END-- [ RunTime:0.000205s ]
INFO: [ app_begin ] --START--
INFO: Run Behavior\ReadHtmlCacheBehavior [ RunTime:0.000233s ]
INFO: Run Behavior\CheckLangBehavior [ RunTime:0.000130s ]
INFO: [ app_begin ] --END-- [ RunTime:0.000407s ]
ERR: SQLSTATE[HY000] [1045] Access denied for user 'root'@'localhost' (using password: YES)

[ 2016-08-26T14:48:41+08:00 ] 127.0.0.1 /product/details/id/4.html
INFO: [ app_init ] --START--
INFO: Run Behavior\BuildLiteBehavior [ RunTime:0.000011s ]
INFO: [ app_init ] --END-- [ RunTime:0.000269s ]
INFO: [ app_begin ] --START--
INFO: Run Behavior\ReadHtmlCacheBehavior [ RunTime:0.000341s ]
INFO: Run Behavior\CheckLangBehavior [ RunTime:0.000210s ]
INFO: [ app_begin ] --END-- [ RunTime:0.000609s ]
ERR: SQLSTATE[HY000] [1045] Access denied for user 'root'@'localhost' (using password: YES)

[ 2016-08-26T14:48:42+08:00 ] 127.0.0.1 /product/details/id/4.html
INFO: [ app_init ] --START--
INFO: Run Behavior\BuildLiteBehavior [ RunTime:0.000011s ]
INFO: [ app_init ] --END-- [ RunTime:0.000265s ]
INFO: [ app_begin ] --START--
INFO: Run Behavior\ReadHtmlCacheBehavior [ RunTime:0.000680s ]
INFO: Run Behavior\CheckLangBehavior [ RunTime:0.000251s ]
INFO: [ app_begin ] --END-- [ RunTime:0.001088s ]
ERR: SQLSTATE[HY000] [1045] Access denied for user 'root'@'localhost' (using password: YES)

[ 2016-08-26T14:48:42+08:00 ] 127.0.0.1 /product/details/id/4.html
INFO: [ app_init ] --START--
INFO: Run Behavior\BuildLiteBehavior [ RunTime:0.000011s ]
INFO: [ app_init ] --END-- [ RunTime:0.000268s ]
INFO: [ app_begin ] --START--
INFO: Run Behavior\ReadHtmlCacheBehavior [ RunTime:0.000333s ]
INFO: Run Behavior\CheckLangBehavior [ RunTime:0.000216s ]
INFO: [ app_begin ] --END-- [ RunTime:0.000604s ]
ERR: SQLSTATE[HY000] [1045] Access denied for user 'root'@'localhost' (using password: YES)

[ 2016-08-26T14:49:02+08:00 ] 127.0.0.1 /product/details/id/4.html
INFO: [ app_init ] --START--
INFO: Run Behavior\BuildLiteBehavior [ RunTime:0.000009s ]
INFO: [ app_init ] --END-- [ RunTime:0.000222s ]
INFO: [ app_begin ] --START--
INFO: Run Behavior\ReadHtmlCacheBehavior [ RunTime:0.000243s ]
INFO: Run Behavior\CheckLangBehavior [ RunTime:0.000138s ]
INFO: [ app_begin ] --END-- [ RunTime:0.000422s ]
SQL: SHOW COLUMNS FROM `think_column` [ RunTime:0.0004s ]
SQL: SELECT * FROM `think_column` WHERE ( status=0 and id!=5 and id!=10 )  [ RunTime:0.0002s ]
SQL: SHOW COLUMNS FROM `think_article` [ RunTime:0.0003s ]
SQL: SELECT * FROM `think_article` WHERE `id` = 4 LIMIT 1   [ RunTime:0.0001s ]
SQL: SHOW COLUMNS FROM `think_kefu` [ RunTime:0.0002s ]
SQL: SELECT * FROM `think_kefu` WHERE ( status=0 )  [ RunTime:0.0001s ]
SQL: SHOW COLUMNS FROM `think_order` [ RunTime:0.0003s ]
SQL: SELECT * FROM `think_order` WHERE `ordstatus` = 1 ORDER BY 10  [ RunTime:0.0002s ]
SQL: SELECT COUNT(*) AS tp_count FROM `think_order` WHERE `ordstatus` = 1 LIMIT 1   [ RunTime:0.0001s ]
INFO: [ view_parse ] --START--
INFO: [ template_filter ] --START--
INFO: Run Behavior\ContentReplaceBehavior [ RunTime:0.000119s ]
INFO: [ template_filter ] --END-- [ RunTime:0.000172s ]
NOTIC: [2] Missing argument 3 for sub_str(), called in /home/wwwroot/dzx.com/Application/Runtime/Cache/Home/c0e5e04525859b98127e0609ff818963.php on line 60 and defined /home/wwwroot/dzx.com/Application/Common/Common/function.php 第 537 行.
NOTIC: [8] Undefined variable: length /home/wwwroot/dzx.com/Application/Common/Common/function.php 第 541 行.
NOTIC: [8] Undefined variable: nums /home/wwwroot/dzx.com/Application/Runtime/Cache/Home/c0e5e04525859b98127e0609ff818963.php 第 174 行.
NOTIC: [8] Undefined variable: nums /home/wwwroot/dzx.com/Application/Runtime/Cache/Home/c0e5e04525859b98127e0609ff818963.php 第 175 行.
INFO: Run Behavior\ParseTemplateBehavior [ RunTime:0.009664s ]
INFO: [ view_parse ] --END-- [ RunTime:0.009702s ]
INFO: [ view_filter ] --START--
INFO: Run Behavior\WriteHtmlCacheBehavior [ RunTime:0.000357s ]
INFO: [ view_filter ] --END-- [ RunTime:0.000398s ]
INFO: [ app_end ] --START--
INFO: Run Behavior\ShowPageTraceBehavior [ RunTime:0.000561s ]
INFO: [ app_end ] --END-- [ RunTime:0.000604s ]

[ 2016-08-26T14:49:03+08:00 ] 127.0.0.1 /product/details/id/4.html
INFO: [ app_init ] --START--
INFO: Run Behavior\BuildLiteBehavior [ RunTime:0.000018s ]
INFO: [ app_init ] --END-- [ RunTime:0.000446s ]
INFO: [ app_begin ] --START--
INFO: Run Behavior\ReadHtmlCacheBehavior [ RunTime:0.000863s ]
INFO: Run Behavior\CheckLangBehavior [ RunTime:0.000642s ]
INFO: [ app_begin ] --END-- [ RunTime:0.001700s ]
SQL: SHOW COLUMNS FROM `think_column` [ RunTime:0.0004s ]
SQL: SELECT * FROM `think_column` WHERE ( status=0 and id!=5 and id!=10 )  [ RunTime:0.0002s ]
SQL: SHOW COLUMNS FROM `think_article` [ RunTime:0.0004s ]
SQL: SELECT * FROM `think_article` WHERE `id` = 4 LIMIT 1   [ RunTime:0.0002s ]
SQL: SHOW COLUMNS FROM `think_kefu` [ RunTime:0.0007s ]
SQL: SELECT * FROM `think_kefu` WHERE ( status=0 )  [ RunTime:0.0006s ]
SQL: SHOW COLUMNS FROM `think_order` [ RunTime:0.0013s ]
SQL: SELECT * FROM `think_order` WHERE `ordstatus` = 1 ORDER BY 10  [ RunTime:0.0011s ]
SQL: SELECT COUNT(*) AS tp_count FROM `think_order` WHERE `ordstatus` = 1 LIMIT 1   [ RunTime:0.0004s ]
INFO: [ view_parse ] --START--
INFO: [ template_filter ] --START--
INFO: Run Behavior\ContentReplaceBehavior [ RunTime:0.000220s ]
INFO: [ template_filter ] --END-- [ RunTime:0.000351s ]
NOTIC: [2] Missing argument 3 for sub_str(), called in /home/wwwroot/dzx.com/Application/Runtime/Cache/Home/c0e5e04525859b98127e0609ff818963.php on line 60 and defined /home/wwwroot/dzx.com/Application/Common/Common/function.php 第 537 行.
NOTIC: [8] Undefined variable: length /home/wwwroot/dzx.com/Application/Common/Common/function.php 第 541 行.
NOTIC: [8] Undefined variable: nums /home/wwwroot/dzx.com/Application/Runtime/Cache/Home/c0e5e04525859b98127e0609ff818963.php 第 174 行.
NOTIC: [8] Undefined variable: nums /home/wwwroot/dzx.com/Application/Runtime/Cache/Home/c0e5e04525859b98127e0609ff818963.php 第 175 行.
INFO: Run Behavior\ParseTemplateBehavior [ RunTime:0.015137s ]
INFO: [ view_parse ] --END-- [ RunTime:0.015212s ]
INFO: [ view_filter ] --START--
INFO: Run Behavior\WriteHtmlCacheBehavior [ RunTime:0.000347s ]
INFO: [ view_filter ] --END-- [ RunTime:0.000396s ]
INFO: [ app_end ] --START--
INFO: Run Behavior\ShowPageTraceBehavior [ RunTime:0.000402s ]
INFO: [ app_end ] --END-- [ RunTime:0.000441s ]

[ 2016-08-26T14:49:04+08:00 ] 127.0.0.1 /product/details/id/4.html
INFO: [ app_init ] --START--
INFO: Run Behavior\BuildLiteBehavior [ RunTime:0.000009s ]
INFO: [ app_init ] --END-- [ RunTime:0.000187s ]
INFO: [ app_begin ] --START--
INFO: Run Behavior\ReadHtmlCacheBehavior [ RunTime:0.000283s ]
INFO: Run Behavior\CheckLangBehavior [ RunTime:0.000144s ]
INFO: [ app_begin ] --END-- [ RunTime:0.000476s ]
SQL: SHOW COLUMNS FROM `think_column` [ RunTime:0.0004s ]
SQL: SELECT * FROM `think_column` WHERE ( status=0 and id!=5 and id!=10 )  [ RunTime:0.0001s ]
SQL: SHOW COLUMNS FROM `think_article` [ RunTime:0.0003s ]
SQL: SELECT * FROM `think_article` WHERE `id` = 4 LIMIT 1   [ RunTime:0.0001s ]
SQL: SHOW COLUMNS FROM `think_kefu` [ RunTime:0.0003s ]
SQL: SELECT * FROM `think_kefu` WHERE ( status=0 )  [ RunTime:0.0001s ]
SQL: SHOW COLUMNS FROM `think_order` [ RunTime:0.0003s ]
SQL: SELECT * FROM `think_order` WHERE `ordstatus` = 1 ORDER BY 10  [ RunTime:0.0002s ]
SQL: SELECT COUNT(*) AS tp_count FROM `think_order` WHERE `ordstatus` = 1 LIMIT 1   [ RunTime:0.0002s ]
INFO: [ view_parse ] --START--
INFO: [ template_filter ] --START--
INFO: Run Behavior\ContentReplaceBehavior [ RunTime:0.000131s ]
INFO: [ template_filter ] --END-- [ RunTime:0.000218s ]
NOTIC: [2] Missing argument 3 for sub_str(), called in /home/wwwroot/dzx.com/Application/Runtime/Cache/Home/c0e5e04525859b98127e0609ff818963.php on line 60 and defined /home/wwwroot/dzx.com/Application/Common/Common/function.php 第 537 行.
NOTIC: [8] Undefined variable: length /home/wwwroot/dzx.com/Application/Common/Common/function.php 第 541 行.
NOTIC: [8] Undefined variable: nums /home/wwwroot/dzx.com/Application/Runtime/Cache/Home/c0e5e04525859b98127e0609ff818963.php 第 174 行.
NOTIC: [8] Undefined variable: nums /home/wwwroot/dzx.com/Application/Runtime/Cache/Home/c0e5e04525859b98127e0609ff818963.php 第 175 行.
INFO: Run Behavior\ParseTemplateBehavior [ RunTime:0.011499s ]
INFO: [ view_parse ] --END-- [ RunTime:0.011529s ]
INFO: [ view_filter ] --START--
INFO: Run Behavior\WriteHtmlCacheBehavior [ RunTime:0.000107s ]
INFO: [ view_filter ] --END-- [ RunTime:0.000124s ]
INFO: [ app_end ] --START--
INFO: Run Behavior\ShowPageTraceBehavior [ RunTime:0.000243s ]
INFO: [ app_end ] --END-- [ RunTime:0.000264s ]

[ 2016-08-26T14:49:07+08:00 ] 127.0.0.1 /product/details/id/4.html
INFO: [ app_init ] --START--
INFO: Run Behavior\BuildLiteBehavior [ RunTime:0.000010s ]
INFO: [ app_init ] --END-- [ RunTime:0.000274s ]
INFO: [ app_begin ] --START--
INFO: Run Behavior\ReadHtmlCacheBehavior [ RunTime:0.000314s ]
INFO: Run Behavior\CheckLangBehavior [ RunTime:0.000191s ]
INFO: [ app_begin ] --END-- [ RunTime:0.000564s ]
SQL: SHOW COLUMNS FROM `think_column` [ RunTime:0.0015s ]
SQL: SELECT * FROM `think_column` WHERE ( status=0 and id!=5 and id!=10 )  [ RunTime:0.0003s ]
SQL: SHOW COLUMNS FROM `think_article` [ RunTime:0.0007s ]
SQL: SELECT * FROM `think_article` WHERE `id` = 4 LIMIT 1   [ RunTime:0.0003s ]
SQL: SHOW COLUMNS FROM `think_kefu` [ RunTime:0.0011s ]
SQL: SELECT * FROM `think_kefu` WHERE ( status=0 )  [ RunTime:0.0004s ]
SQL: SHOW COLUMNS FROM `think_order` [ RunTime:0.0005s ]
SQL: SELECT * FROM `think_order` WHERE `ordstatus` = 1 ORDER BY 10  [ RunTime:0.0002s ]
SQL: SELECT COUNT(*) AS tp_count FROM `think_order` WHERE `ordstatus` = 1 LIMIT 1   [ RunTime:0.0002s ]
INFO: [ view_parse ] --START--
INFO: [ template_filter ] --START--
INFO: Run Behavior\ContentReplaceBehavior [ RunTime:0.000112s ]
INFO: [ template_filter ] --END-- [ RunTime:0.000167s ]
NOTIC: [2] Missing argument 3 for sub_str(), called in /home/wwwroot/dzx.com/Application/Runtime/Cache/Home/c0e5e04525859b98127e0609ff818963.php on line 60 and defined /home/wwwroot/dzx.com/Application/Common/Common/function.php 第 537 行.
NOTIC: [8] Undefined variable: length /home/wwwroot/dzx.com/Application/Common/Common/function.php 第 541 行.
NOTIC: [8] Undefined variable: nums /home/wwwroot/dzx.com/Application/Runtime/Cache/Home/c0e5e04525859b98127e0609ff818963.php 第 174 行.
NOTIC: [8] Undefined variable: nums /home/wwwroot/dzx.com/Application/Runtime/Cache/Home/c0e5e04525859b98127e0609ff818963.php 第 175 行.
INFO: Run Behavior\ParseTemplateBehavior [ RunTime:0.014884s ]
INFO: [ view_parse ] --END-- [ RunTime:0.014933s ]
INFO: [ view_filter ] --START--
INFO: Run Behavior\WriteHtmlCacheBehavior [ RunTime:0.000140s ]
INFO: [ view_filter ] --END-- [ RunTime:0.000163s ]
INFO: [ app_end ] --START--
INFO: Run Behavior\ShowPageTraceBehavior [ RunTime:0.000335s ]
INFO: [ app_end ] --END-- [ RunTime:0.000364s ]

[ 2016-08-26T14:57:30+08:00 ] 127.0.0.1 /
INFO: [ app_init ] --START--
INFO: Run Behavior\BuildLiteBehavior [ RunTime:0.000018s ]
INFO: [ app_init ] --END-- [ RunTime:0.062952s ]
INFO: [ app_begin ] --START--
INFO: Run Behavior\ReadHtmlCacheBehavior [ RunTime:0.000612s ]
INFO: Run Behavior\CheckLangBehavior [ RunTime:0.020731s ]
INFO: [ app_begin ] --END-- [ RunTime:0.021413s ]
SQL: SHOW COLUMNS FROM `think_column` [ RunTime:0.2681s ]
SQL: SELECT * FROM `think_column` WHERE ( status=0 and id!=5 and id!=10 )  [ RunTime:0.0010s ]
SQL: SHOW COLUMNS FROM `think_article` [ RunTime:0.0272s ]
SQL: SELECT * FROM `think_article` WHERE `status` = 0 AND `column_id` IN ('1','2','3','4') LIMIT 5   [ RunTime:0.0074s ]
SQL: SELECT * FROM `think_article` WHERE `status` = 0 AND `column_id` = 5 LIMIT 6   [ RunTime:0.0002s ]
INFO: [ view_parse ] --START--
INFO: [ template_filter ] --START--
INFO: Run Behavior\ContentReplaceBehavior [ RunTime:0.000130s ]
INFO: [ template_filter ] --END-- [ RunTime:0.000166s ]
NOTIC: [8] Undefined variable: nums /home/wwwroot/dzx.com/Application/Runtime/Cache/Home/2a94b8bda04ff446dcedd42276fc99ee.php 第 321 行.
NOTIC: [8] Undefined variable: nums /home/wwwroot/dzx.com/Application/Runtime/Cache/Home/2a94b8bda04ff446dcedd42276fc99ee.php 第 322 行.
INFO: Run Behavior\ParseTemplateBehavior [ RunTime:0.111234s ]
INFO: [ view_parse ] --END-- [ RunTime:0.111269s ]
INFO: [ view_filter ] --START--
INFO: Run Behavior\WriteHtmlCacheBehavior [ RunTime:0.103755s ]
INFO: [ view_filter ] --END-- [ RunTime:0.103806s ]
INFO: [ app_end ] --START--
INFO: Run Behavior\ShowPageTraceBehavior [ RunTime:0.008264s ]
INFO: [ app_end ] --END-- [ RunTime:0.008307s ]

[ 2016-08-26T14:57:33+08:00 ] 127.0.0.1 /favicon.ico
INFO: [ app_init ] --START--
INFO: Run Behavior\BuildLiteBehavior [ RunTime:0.000038s ]
INFO: [ app_init ] --END-- [ RunTime:0.000519s ]

[ 2016-08-26T14:57:41+08:00 ] 127.0.0.1 /
INFO: [ app_init ] --START--
INFO: Run Behavior\BuildLiteBehavior [ RunTime:0.000012s ]
INFO: [ app_init ] --END-- [ RunTime:0.000269s ]
INFO: [ app_begin ] --START--
INFO: Run Behavior\ReadHtmlCacheBehavior [ RunTime:0.000331s ]
INFO: Run Behavior\CheckLangBehavior [ RunTime:0.000205s ]
INFO: [ app_begin ] --END-- [ RunTime:0.000590s ]
SQL: SHOW COLUMNS FROM `think_column` [ RunTime:0.0004s ]
SQL: SELECT * FROM `think_column` WHERE ( status=0 and id!=5 and id!=10 )  [ RunTime:0.0002s ]
SQL: SHOW COLUMNS FROM `think_article` [ RunTime:0.0003s ]
SQL: SELECT * FROM `think_article` WHERE `status` = 0 AND `column_id` IN ('1','2','3','4') LIMIT 5   [ RunTime:0.0002s ]
SQL: SELECT * FROM `think_article` WHERE `status` = 0 AND `column_id` = 5 LIMIT 6   [ RunTime:0.0002s ]
INFO: [ view_parse ] --START--
INFO: [ template_filter ] --START--
INFO: Run Behavior\ContentReplaceBehavior [ RunTime:0.000137s ]
INFO: [ template_filter ] --END-- [ RunTime:0.000168s ]
NOTIC: [8] Undefined variable: nums /home/wwwroot/dzx.com/Application/Runtime/Cache/Home/2a94b8bda04ff446dcedd42276fc99ee.php 第 321 行.
NOTIC: [8] Undefined variable: nums /home/wwwroot/dzx.com/Application/Runtime/Cache/Home/2a94b8bda04ff446dcedd42276fc99ee.php 第 322 行.
INFO: Run Behavior\ParseTemplateBehavior [ RunTime:0.008401s ]
INFO: [ view_parse ] --END-- [ RunTime:0.008422s ]
INFO: [ view_filter ] --START--
INFO: Run Behavior\WriteHtmlCacheBehavior [ RunTime:0.000094s ]
INFO: [ view_filter ] --END-- [ RunTime:0.000109s ]
INFO: [ app_end ] --START--
INFO: Run Behavior\ShowPageTraceBehavior [ RunTime:0.000235s ]
INFO: [ app_end ] --END-- [ RunTime:0.000255s ]

[ 2016-08-26T14:57:41+08:00 ] 127.0.0.1 /
INFO: [ app_init ] --START--
INFO: Run Behavior\BuildLiteBehavior [ RunTime:0.000012s ]
INFO: [ app_init ] --END-- [ RunTime:0.000269s ]
INFO: [ app_begin ] --START--
INFO: Run Behavior\ReadHtmlCacheBehavior [ RunTime:0.000330s ]
INFO: Run Behavior\CheckLangBehavior [ RunTime:0.000204s ]
INFO: [ app_begin ] --END-- [ RunTime:0.000589s ]
SQL: SHOW COLUMNS FROM `think_column` [ RunTime:0.0006s ]
SQL: SELECT * FROM `think_column` WHERE ( status=0 and id!=5 and id!=10 )  [ RunTime:0.0004s ]
SQL: SHOW COLUMNS FROM `think_article` [ RunTime:0.0003s ]
SQL: SELECT * FROM `think_article` WHERE `status` = 0 AND `column_id` IN ('1','2','3','4') LIMIT 5   [ RunTime:0.0001s ]
SQL: SELECT * FROM `think_article` WHERE `status` = 0 AND `column_id` = 5 LIMIT 6   [ RunTime:0.0001s ]
INFO: [ view_parse ] --START--
INFO: [ template_filter ] --START--
INFO: Run Behavior\ContentReplaceBehavior [ RunTime:0.000122s ]
INFO: [ template_filter ] --END-- [ RunTime:0.000156s ]
NOTIC: [8] Undefined variable: nums /home/wwwroot/dzx.com/Application/Runtime/Cache/Home/2a94b8bda04ff446dcedd42276fc99ee.php 第 321 行.
NOTIC: [8] Undefined variable: nums /home/wwwroot/dzx.com/Application/Runtime/Cache/Home/2a94b8bda04ff446dcedd42276fc99ee.php 第 322 行.
INFO: Run Behavior\ParseTemplateBehavior [ RunTime:0.008706s ]
INFO: [ view_parse ] --END-- [ RunTime:0.008730s ]
INFO: [ view_filter ] --START--
INFO: Run Behavior\WriteHtmlCacheBehavior [ RunTime:0.000100s ]
INFO: [ view_filter ] --END-- [ RunTime:0.000119s ]
INFO: [ app_end ] --START--
INFO: Run Behavior\ShowPageTraceBehavior [ RunTime:0.000256s ]
INFO: [ app_end ] --END-- [ RunTime:0.000281s ]

[ 2016-08-26T14:57:42+08:00 ] 127.0.0.1 /index/get_article_list/cid/1.html
INFO: [ app_init ] --START--
INFO: Run Behavior\BuildLiteBehavior [ RunTime:0.000013s ]
INFO: [ app_init ] --END-- [ RunTime:0.000188s ]
INFO: [ app_begin ] --START--
INFO: Run Behavior\ReadHtmlCacheBehavior [ RunTime:0.000221s ]
INFO: Run Behavior\CheckLangBehavior [ RunTime:0.000128s ]
INFO: [ app_begin ] --END-- [ RunTime:0.000387s ]
SQL: SHOW COLUMNS FROM `think_column` [ RunTime:0.0004s ]
SQL: SELECT * FROM `think_column` WHERE ( status=0 and id!=5 and id!=10 )  [ RunTime:0.0002s ]
SQL: SELECT * FROM `think_column` WHERE ( status=0 )  [ RunTime:0.0001s ]
SQL: SHOW COLUMNS FROM `think_article` [ RunTime:0.0003s ]
SQL: SELECT * FROM `think_article` WHERE `status` = 0 AND `column_id` IN ('','1') LIMIT 5   [ RunTime:0.0002s ]
INFO: [ view_parse ] --START--
INFO: [ template_filter ] --START--
INFO: Run Behavior\ContentReplaceBehavior [ RunTime:0.000034s ]
INFO: [ template_filter ] --END-- [ RunTime:0.000069s ]
INFO: Run Behavior\ParseTemplateBehavior [ RunTime:0.004397s ]
INFO: [ view_parse ] --END-- [ RunTime:0.004419s ]
INFO: [ view_filter ] --START--
INFO: Run Behavior\WriteHtmlCacheBehavior [ RunTime:0.000098s ]
INFO: [ view_filter ] --END-- [ RunTime:0.000112s ]

[ 2016-08-26T14:57:43+08:00 ] 127.0.0.1 /index/get_article_list/cid/2.html
INFO: [ app_init ] --START--
INFO: Run Behavior\BuildLiteBehavior [ RunTime:0.000009s ]
INFO: [ app_init ] --END-- [ RunTime:0.000181s ]
INFO: [ app_begin ] --START--
INFO: Run Behavior\ReadHtmlCacheBehavior [ RunTime:0.000217s ]
INFO: Run Behavior\CheckLangBehavior [ RunTime:0.000130s ]
INFO: [ app_begin ] --END-- [ RunTime:0.000385s ]
SQL: SHOW COLUMNS FROM `think_column` [ RunTime:0.0004s ]
SQL: SELECT * FROM `think_column` WHERE ( status=0 and id!=5 and id!=10 )  [ RunTime:0.0002s ]
SQL: SELECT * FROM `think_column` WHERE ( status=0 )  [ RunTime:0.0001s ]
SQL: SHOW COLUMNS FROM `think_article` [ RunTime:0.0003s ]
SQL: SELECT * FROM `think_article` WHERE `status` = 0 AND `column_id` IN ('','2') LIMIT 5   [ RunTime:0.0001s ]
INFO: [ view_parse ] --START--
INFO: [ template_filter ] --START--
INFO: Run Behavior\ContentReplaceBehavior [ RunTime:0.000034s ]
INFO: [ template_filter ] --END-- [ RunTime:0.000068s ]
INFO: Run Behavior\ParseTemplateBehavior [ RunTime:0.004588s ]
INFO: [ view_parse ] --END-- [ RunTime:0.004610s ]
INFO: [ view_filter ] --START--
INFO: Run Behavior\WriteHtmlCacheBehavior [ RunTime:0.000094s ]
INFO: [ view_filter ] --END-- [ RunTime:0.000109s ]

[ 2016-08-26T14:57:44+08:00 ] 127.0.0.1 /index/get_article_list/cid/4.html
INFO: [ app_init ] --START--
INFO: Run Behavior\BuildLiteBehavior [ RunTime:0.000008s ]
INFO: [ app_init ] --END-- [ RunTime:0.000205s ]
INFO: [ app_begin ] --START--
INFO: Run Behavior\ReadHtmlCacheBehavior [ RunTime:0.000205s ]
INFO: Run Behavior\CheckLangBehavior [ RunTime:0.000138s ]
INFO: [ app_begin ] --END-- [ RunTime:0.000380s ]
SQL: SHOW COLUMNS FROM `think_column` [ RunTime:0.0004s ]
SQL: SELECT * FROM `think_column` WHERE ( status=0 and id!=5 and id!=10 )  [ RunTime:0.0002s ]
SQL: SELECT * FROM `think_column` WHERE ( status=0 )  [ RunTime:0.0002s ]
SQL: SHOW COLUMNS FROM `think_article` [ RunTime:0.0003s ]
SQL: SELECT * FROM `think_article` WHERE `status` = 0 AND `column_id` IN ('','4') LIMIT 5   [ RunTime:0.0002s ]
INFO: [ view_parse ] --START--
INFO: [ template_filter ] --START--
INFO: Run Behavior\ContentReplaceBehavior [ RunTime:0.000034s ]
INFO: [ template_filter ] --END-- [ RunTime:0.000067s ]
INFO: Run Behavior\ParseTemplateBehavior [ RunTime:0.004438s ]
INFO: [ view_parse ] --END-- [ RunTime:0.004461s ]
INFO: [ view_filter ] --START--
INFO: Run Behavior\WriteHtmlCacheBehavior [ RunTime:0.000092s ]
INFO: [ view_filter ] --END-- [ RunTime:0.000107s ]

[ 2016-08-26T14:57:45+08:00 ] 127.0.0.1 /index/get_article_list/cid/2.html
INFO: [ app_init ] --START--
INFO: Run Behavior\BuildLiteBehavior [ RunTime:0.000008s ]
INFO: [ app_init ] --END-- [ RunTime:0.000173s ]
INFO: [ app_begin ] --START--
INFO: Run Behavior\ReadHtmlCacheBehavior [ RunTime:0.000205s ]
INFO: Run Behavior\CheckLangBehavior [ RunTime:0.000124s ]
INFO: [ app_begin ] --END-- [ RunTime:0.000366s ]
SQL: SHOW COLUMNS FROM `think_column` [ RunTime:0.0004s ]
SQL: SELECT * FROM `think_column` WHERE ( status=0 and id!=5 and id!=10 )  [ RunTime:0.0002s ]
SQL: SELECT * FROM `think_column` WHERE ( status=0 )  [ RunTime:0.0001s ]
SQL: SHOW COLUMNS FROM `think_article` [ RunTime:0.0003s ]
SQL: SELECT * FROM `think_article` WHERE `status` = 0 AND `column_id` IN ('','2') LIMIT 5   [ RunTime:0.0001s ]
INFO: [ view_parse ] --START--
INFO: [ template_filter ] --START--
INFO: Run Behavior\ContentReplaceBehavior [ RunTime:0.000033s ]
INFO: [ template_filter ] --END-- [ RunTime:0.000061s ]
INFO: Run Behavior\ParseTemplateBehavior [ RunTime:0.004285s ]
INFO: [ view_parse ] --END-- [ RunTime:0.004306s ]
INFO: [ view_filter ] --START--
INFO: Run Behavior\WriteHtmlCacheBehavior [ RunTime:0.000088s ]
INFO: [ view_filter ] --END-- [ RunTime:0.000102s ]

[ 2016-08-26T14:57:45+08:00 ] 127.0.0.1 /index/get_article_list/cid/1.html
INFO: [ app_init ] --START--
INFO: Run Behavior\BuildLiteBehavior [ RunTime:0.000017s ]
INFO: [ app_init ] --END-- [ RunTime:0.000374s ]
INFO: [ app_begin ] --START--
INFO: Run Behavior\ReadHtmlCacheBehavior [ RunTime:0.000261s ]
INFO: Run Behavior\CheckLangBehavior [ RunTime:0.000158s ]
INFO: [ app_begin ] --END-- [ RunTime:0.000464s ]
SQL: SHOW COLUMNS FROM `think_column` [ RunTime:0.0004s ]
SQL: SELECT * FROM `think_column` WHERE ( status=0 and id!=5 and id!=10 )  [ RunTime:0.0002s ]
SQL: SELECT * FROM `think_column` WHERE ( status=0 )  [ RunTime:0.0001s ]
SQL: SHOW COLUMNS FROM `think_article` [ RunTime:0.0004s ]
SQL: SELECT * FROM `think_article` WHERE `status` = 0 AND `column_id` IN ('','1') LIMIT 5   [ RunTime:0.0002s ]
INFO: [ view_parse ] --START--
INFO: [ template_filter ] --START--
INFO: Run Behavior\ContentReplaceBehavior [ RunTime:0.000035s ]
INFO: [ template_filter ] --END-- [ RunTime:0.000064s ]
INFO: Run Behavior\ParseTemplateBehavior [ RunTime:0.004702s ]
INFO: [ view_parse ] --END-- [ RunTime:0.004728s ]
INFO: [ view_filter ] --START--
INFO: Run Behavior\WriteHtmlCacheBehavior [ RunTime:0.000096s ]
INFO: [ view_filter ] --END-- [ RunTime:0.000111s ]

[ 2016-08-26T14:57:47+08:00 ] 127.0.0.1 /product/list_dzx.html
INFO: [ app_init ] --START--
INFO: Run Behavior\BuildLiteBehavior [ RunTime:0.000015s ]
INFO: [ app_init ] --END-- [ RunTime:0.000209s ]
INFO: [ app_begin ] --START--
INFO: Run Behavior\ReadHtmlCacheBehavior [ RunTime:0.000584s ]
INFO: Run Behavior\CheckLangBehavior [ RunTime:0.000302s ]
INFO: [ app_begin ] --END-- [ RunTime:0.001022s ]
SQL: SHOW COLUMNS FROM `think_column` [ RunTime:0.0004s ]
SQL: SELECT * FROM `think_column` WHERE ( status=0 and id!=5 and id!=10 )  [ RunTime:0.0001s ]
SQL: SHOW COLUMNS FROM `think_article` [ RunTime:0.0003s ]
SQL: SELECT COUNT(*) AS tp_count FROM `think_article` WHERE `status` = 0 AND `column_id` IN ('1','2','3','4') LIMIT 1   [ RunTime:0.0160s ]
SQL: SELECT * FROM `think_article` WHERE `status` = 0 AND `column_id` IN ('1','2','3','4') ORDER BY sort asc LIMIT 0,10   [ RunTime:0.0003s ]
INFO: [ view_parse ] --START--
INFO: [ template_filter ] --START--
INFO: Run Behavior\ContentReplaceBehavior [ RunTime:0.000086s ]
INFO: [ template_filter ] --END-- [ RunTime:0.000119s ]
NOTIC: [8] Undefined index: cid /home/wwwroot/dzx.com/Application/Runtime/Cache/Home/a35902cc21a38cb3937f0b4276b4510f.php 第 46 行.
NOTIC: [8] Undefined index: cid /home/wwwroot/dzx.com/Application/Runtime/Cache/Home/a35902cc21a38cb3937f0b4276b4510f.php 第 46 行.
NOTIC: [8] Undefined index: cid /home/wwwroot/dzx.com/Application/Runtime/Cache/Home/a35902cc21a38cb3937f0b4276b4510f.php 第 46 行.
NOTIC: [8] Undefined variable: nums /home/wwwroot/dzx.com/Application/Runtime/Cache/Home/a35902cc21a38cb3937f0b4276b4510f.php 第 147 行.
NOTIC: [8] Undefined variable: nums /home/wwwroot/dzx.com/Application/Runtime/Cache/Home/a35902cc21a38cb3937f0b4276b4510f.php 第 148 行.
INFO: Run Behavior\ParseTemplateBehavior [ RunTime:0.006459s ]
INFO: [ view_parse ] --END-- [ RunTime:0.006484s ]
INFO: [ view_filter ] --START--
INFO: Run Behavior\WriteHtmlCacheBehavior [ RunTime:0.000091s ]
INFO: [ view_filter ] --END-- [ RunTime:0.000107s ]
INFO: [ app_end ] --START--
INFO: Run Behavior\ShowPageTraceBehavior [ RunTime:0.000239s ]
INFO: [ app_end ] --END-- [ RunTime:0.000257s ]

[ 2016-08-26T14:57:49+08:00 ] 127.0.0.1 /Product/list_dzx/cid/2.html
INFO: [ app_init ] --START--
INFO: Run Behavior\BuildLiteBehavior [ RunTime:0.000008s ]
INFO: [ app_init ] --END-- [ RunTime:0.000169s ]
INFO: [ app_begin ] --START--
INFO: Run Behavior\ReadHtmlCacheBehavior [ RunTime:0.000214s ]
INFO: Run Behavior\CheckLangBehavior [ RunTime:0.000132s ]
INFO: [ app_begin ] --END-- [ RunTime:0.000388s ]
SQL: SHOW COLUMNS FROM `think_column` [ RunTime:0.0008s ]
SQL: SELECT * FROM `think_column` WHERE ( status=0 and id!=5 and id!=10 )  [ RunTime:0.0005s ]
SQL: SELECT * FROM `think_column` WHERE ( status=0 )  [ RunTime:0.0002s ]
SQL: SHOW COLUMNS FROM `think_article` [ RunTime:0.0004s ]
SQL: SELECT COUNT(*) AS tp_count FROM `think_article` WHERE `status` = 0 AND `column_id` IN ('','2') LIMIT 1   [ RunTime:0.0002s ]
SQL: SELECT * FROM `think_article` WHERE `status` = 0 AND `column_id` IN ('','2') ORDER BY sort asc LIMIT 0,10   [ RunTime:0.0002s ]
INFO: [ view_parse ] --START--
INFO: [ template_filter ] --START--
INFO: Run Behavior\ContentReplaceBehavior [ RunTime:0.000078s ]
INFO: [ template_filter ] --END-- [ RunTime:0.000110s ]
NOTIC: [8] Undefined variable: nums /home/wwwroot/dzx.com/Application/Runtime/Cache/Home/a35902cc21a38cb3937f0b4276b4510f.php 第 147 行.
NOTIC: [8] Undefined variable: nums /home/wwwroot/dzx.com/Application/Runtime/Cache/Home/a35902cc21a38cb3937f0b4276b4510f.php 第 148 行.
INFO: Run Behavior\ParseTemplateBehavior [ RunTime:0.006349s ]
INFO: [ view_parse ] --END-- [ RunTime:0.006371s ]
INFO: [ view_filter ] --START--
INFO: Run Behavior\WriteHtmlCacheBehavior [ RunTime:0.000091s ]
INFO: [ view_filter ] --END-- [ RunTime:0.000108s ]
INFO: [ app_end ] --START--
INFO: Run Behavior\ShowPageTraceBehavior [ RunTime:0.000235s ]
INFO: [ app_end ] --END-- [ RunTime:0.000255s ]

[ 2016-08-26T14:57:49+08:00 ] 127.0.0.1 /Product/list_dzx/cid/1.html
INFO: [ app_init ] --START--
INFO: Run Behavior\BuildLiteBehavior [ RunTime:0.000010s ]
INFO: [ app_init ] --END-- [ RunTime:0.000190s ]
INFO: [ app_begin ] --START--
INFO: Run Behavior\ReadHtmlCacheBehavior [ RunTime:0.000226s ]
INFO: Run Behavior\CheckLangBehavior [ RunTime:0.000139s ]
INFO: [ app_begin ] --END-- [ RunTime:0.000406s ]
SQL: SHOW COLUMNS FROM `think_column` [ RunTime:0.0004s ]
SQL: SELECT * FROM `think_column` WHERE ( status=0 and id!=5 and id!=10 )  [ RunTime:0.0002s ]
SQL: SELECT * FROM `think_column` WHERE ( status=0 )  [ RunTime:0.0001s ]
SQL: SHOW COLUMNS FROM `think_article` [ RunTime:0.0003s ]
SQL: SELECT COUNT(*) AS tp_count FROM `think_article` WHERE `status` = 0 AND `column_id` IN ('','1') LIMIT 1   [ RunTime:0.0002s ]
SQL: SELECT * FROM `think_article` WHERE `status` = 0 AND `column_id` IN ('','1') ORDER BY sort asc LIMIT 0,10   [ RunTime:0.0002s ]
INFO: [ view_parse ] --START--
INFO: [ template_filter ] --START--
INFO: Run Behavior\ContentReplaceBehavior [ RunTime:0.000077s ]
INFO: [ template_filter ] --END-- [ RunTime:0.000111s ]
NOTIC: [8] Undefined variable: nums /home/wwwroot/dzx.com/Application/Runtime/Cache/Home/a35902cc21a38cb3937f0b4276b4510f.php 第 147 行.
NOTIC: [8] Undefined variable: nums /home/wwwroot/dzx.com/Application/Runtime/Cache/Home/a35902cc21a38cb3937f0b4276b4510f.php 第 148 行.
INFO: Run Behavior\ParseTemplateBehavior [ RunTime:0.007405s ]
INFO: [ view_parse ] --END-- [ RunTime:0.007428s ]
INFO: [ view_filter ] --START--
INFO: Run Behavior\WriteHtmlCacheBehavior [ RunTime:0.000097s ]
INFO: [ view_filter ] --END-- [ RunTime:0.000113s ]
INFO: [ app_end ] --START--
INFO: Run Behavior\ShowPageTraceBehavior [ RunTime:0.000241s ]
INFO: [ app_end ] --END-- [ RunTime:0.000266s ]

[ 2016-08-26T14:57:50+08:00 ] 127.0.0.1 /Product/list_dzx/cid/4.html
INFO: [ app_init ] --START--
INFO: Run Behavior\BuildLiteBehavior [ RunTime:0.000011s ]
INFO: [ app_init ] --END-- [ RunTime:0.000249s ]
INFO: [ app_begin ] --START--
INFO: Run Behavior\ReadHtmlCacheBehavior [ RunTime:0.000308s ]
INFO: Run Behavior\CheckLangBehavior [ RunTime:0.000186s ]
INFO: [ app_begin ] --END-- [ RunTime:0.000551s ]
SQL: SHOW COLUMNS FROM `think_column` [ RunTime:0.0006s ]
SQL: SELECT * FROM `think_column` WHERE ( status=0 and id!=5 and id!=10 )  [ RunTime:0.0004s ]
SQL: SELECT * FROM `think_column` WHERE ( status=0 )  [ RunTime:0.0004s ]
SQL: SHOW COLUMNS FROM `think_article` [ RunTime:0.0007s ]
SQL: SELECT COUNT(*) AS tp_count FROM `think_article` WHERE `status` = 0 AND `column_id` IN ('','4') LIMIT 1   [ RunTime:0.0003s ]
SQL: SELECT * FROM `think_article` WHERE `status` = 0 AND `column_id` IN ('','4') ORDER BY sort asc LIMIT 0,10   [ RunTime:0.0002s ]
INFO: [ view_parse ] --START--
INFO: [ template_filter ] --START--
INFO: Run Behavior\ContentReplaceBehavior [ RunTime:0.000114s ]
INFO: [ template_filter ] --END-- [ RunTime:0.000163s ]
NOTIC: [8] Undefined variable: nums /home/wwwroot/dzx.com/Application/Runtime/Cache/Home/a35902cc21a38cb3937f0b4276b4510f.php 第 147 行.
NOTIC: [8] Undefined variable: nums /home/wwwroot/dzx.com/Application/Runtime/Cache/Home/a35902cc21a38cb3937f0b4276b4510f.php 第 148 行.
INFO: Run Behavior\ParseTemplateBehavior [ RunTime:0.008584s ]
INFO: [ view_parse ] --END-- [ RunTime:0.008615s ]
INFO: [ view_filter ] --START--
INFO: Run Behavior\WriteHtmlCacheBehavior [ RunTime:0.000130s ]
INFO: [ view_filter ] --END-- [ RunTime:0.000152s ]
INFO: [ app_end ] --START--
INFO: Run Behavior\ShowPageTraceBehavior [ RunTime:0.000321s ]
INFO: [ app_end ] --END-- [ RunTime:0.000351s ]

[ 2016-08-26T14:57:51+08:00 ] 127.0.0.1 /Product/list_dzx.html
INFO: [ app_init ] --START--
INFO: Run Behavior\BuildLiteBehavior [ RunTime:0.000009s ]
INFO: [ app_init ] --END-- [ RunTime:0.000174s ]
INFO: [ app_begin ] --START--
INFO: Run Behavior\ReadHtmlCacheBehavior [ RunTime:0.000206s ]
INFO: Run Behavior\CheckLangBehavior [ RunTime:0.000135s ]
INFO: [ app_begin ] --END-- [ RunTime:0.000381s ]
SQL: SHOW COLUMNS FROM `think_column` [ RunTime:0.0004s ]
SQL: SELECT * FROM `think_column` WHERE ( status=0 and id!=5 and id!=10 )  [ RunTime:0.0002s ]
SQL: SHOW COLUMNS FROM `think_article` [ RunTime:0.0004s ]
INFO: [ view_parse ] --START--
INFO: [ template_filter ] --START--
INFO: Run Behavior\ContentReplaceBehavior [ RunTime:0.000081s ]
INFO: [ template_filter ] --END-- [ RunTime:0.000116s ]
NOTIC: [8] Undefined index: cid /home/wwwroot/dzx.com/Application/Runtime/Cache/Home/a35902cc21a38cb3937f0b4276b4510f.php 第 46 行.
NOTIC: [8] Undefined index: cid /home/wwwroot/dzx.com/Application/Runtime/Cache/Home/a35902cc21a38cb3937f0b4276b4510f.php 第 46 行.
NOTIC: [8] Undefined index: cid /home/wwwroot/dzx.com/Application/Runtime/Cache/Home/a35902cc21a38cb3937f0b4276b4510f.php 第 46 行.
NOTIC: [8] Undefined variable: nums /home/wwwroot/dzx.com/Application/Runtime/Cache/Home/a35902cc21a38cb3937f0b4276b4510f.php 第 147 行.
NOTIC: [8] Undefined variable: nums /home/wwwroot/dzx.com/Application/Runtime/Cache/Home/a35902cc21a38cb3937f0b4276b4510f.php 第 148 行.
INFO: Run Behavior\ParseTemplateBehavior [ RunTime:0.006974s ]
INFO: [ view_parse ] --END-- [ RunTime:0.006999s ]
INFO: [ view_filter ] --START--
INFO: Run Behavior\WriteHtmlCacheBehavior [ RunTime:0.000098s ]
INFO: [ view_filter ] --END-- [ RunTime:0.000115s ]
INFO: [ app_end ] --START--
INFO: Run Behavior\ShowPageTraceBehavior [ RunTime:0.000245s ]
INFO: [ app_end ] --END-- [ RunTime:0.000266s ]

[ 2016-08-26T14:57:52+08:00 ] 127.0.0.1 /redwine/index.html
INFO: [ app_init ] --START--
INFO: Run Behavior\BuildLiteBehavior [ RunTime:0.000014s ]
INFO: [ app_init ] --END-- [ RunTime:0.000319s ]
INFO: [ app_begin ] --START--
INFO: Run Behavior\ReadHtmlCacheBehavior [ RunTime:0.000324s ]
INFO: Run Behavior\CheckLangBehavior [ RunTime:0.000213s ]
INFO: [ app_begin ] --END-- [ RunTime:0.000631s ]
SQL: SHOW COLUMNS FROM `think_column` [ RunTime:0.0004s ]
SQL: SELECT * FROM `think_column` WHERE ( status=0 and id!=5 and id!=10 )  [ RunTime:0.0002s ]
SQL: SHOW COLUMNS FROM `think_article` [ RunTime:0.0004s ]
SQL: SELECT COUNT(*) AS tp_count FROM `think_article` WHERE `status` = 0 AND `column_id` = 5 LIMIT 1   [ RunTime:0.0002s ]
SQL: SELECT * FROM `think_article` WHERE `status` = 0 AND `column_id` = 5 LIMIT 0,8   [ RunTime:0.0002s ]
INFO: [ view_parse ] --START--
INFO: [ template_filter ] --START--
INFO: Run Behavior\ContentReplaceBehavior [ RunTime:0.000085s ]
INFO: [ template_filter ] --END-- [ RunTime:0.000115s ]
NOTIC: [8] Undefined variable: hg /home/wwwroot/dzx.com/Application/Runtime/Cache/Home/58982e4864e0e6f0ac6b6e181661714a.php 第 47 行.
NOTIC: [8] Undefined variable: hg /home/wwwroot/dzx.com/Application/Runtime/Cache/Home/58982e4864e0e6f0ac6b6e181661714a.php 第 48 行.
NOTIC: [8] Undefined variable: hg /home/wwwroot/dzx.com/Application/Runtime/Cache/Home/58982e4864e0e6f0ac6b6e181661714a.php 第 49 行.
NOTIC: [8] Undefined variable: hg /home/wwwroot/dzx.com/Application/Runtime/Cache/Home/58982e4864e0e6f0ac6b6e181661714a.php 第 50 行.
NOTIC: [8] Undefined variable: nums /home/wwwroot/dzx.com/Application/Runtime/Cache/Home/58982e4864e0e6f0ac6b6e181661714a.php 第 146 行.
NOTIC: [8] Undefined variable: nums /home/wwwroot/dzx.com/Application/Runtime/Cache/Home/58982e4864e0e6f0ac6b6e181661714a.php 第 147 行.
INFO: Run Behavior\ParseTemplateBehavior [ RunTime:0.006690s ]
INFO: [ view_parse ] --END-- [ RunTime:0.006717s ]
INFO: [ view_filter ] --START--
INFO: Run Behavior\WriteHtmlCacheBehavior [ RunTime:0.000101s ]
INFO: [ view_filter ] --END-- [ RunTime:0.000119s ]
INFO: [ app_end ] --START--
INFO: Run Behavior\ShowPageTraceBehavior [ RunTime:0.000258s ]
INFO: [ app_end ] --END-- [ RunTime:0.000279s ]

[ 2016-08-26T14:58:34+08:00 ] 127.0.0.1 /favicon.ico
INFO: [ app_init ] --START--
INFO: Run Behavior\BuildLiteBehavior [ RunTime:0.000041s ]
INFO: [ app_init ] --END-- [ RunTime:0.000893s ]

[ 2016-08-26T14:58:44+08:00 ] 127.0.0.1 /favicon.ico
INFO: [ app_init ] --START--
INFO: Run Behavior\BuildLiteBehavior [ RunTime:0.000007s ]
INFO: [ app_init ] --END-- [ RunTime:0.000173s ]

[ 2016-08-26T15:17:46+08:00 ] 127.0.0.1 /
INFO: [ app_init ] --START--
INFO: Run Behavior\BuildLiteBehavior [ RunTime:0.000008s ]
INFO: [ app_init ] --END-- [ RunTime:0.000189s ]
INFO: [ app_begin ] --START--
INFO: Run Behavior\ReadHtmlCacheBehavior [ RunTime:0.000350s ]
INFO: Run Behavior\CheckLangBehavior [ RunTime:0.000237s ]
INFO: [ app_begin ] --END-- [ RunTime:0.000647s ]
SQL: SHOW COLUMNS FROM `think_column` [ RunTime:0.0009s ]
SQL: SELECT * FROM `think_column` WHERE ( status=0 and id!=5 and id!=10 )  [ RunTime:0.0002s ]
SQL: SHOW COLUMNS FROM `think_article` [ RunTime:0.0004s ]
SQL: SELECT * FROM `think_article` WHERE `status` = 0 AND `column_id` IN ('1','2','3','4') LIMIT 5   [ RunTime:0.0002s ]
SQL: SELECT * FROM `think_article` WHERE `status` = 0 AND `column_id` = 5 LIMIT 6   [ RunTime:0.0001s ]
INFO: [ view_parse ] --START--
INFO: [ template_filter ] --START--
INFO: Run Behavior\ContentReplaceBehavior [ RunTime:0.000112s ]
INFO: [ template_filter ] --END-- [ RunTime:0.000143s ]
NOTIC: [8] Undefined variable: nums /home/wwwroot/dzx.com/Application/Runtime/Cache/Home/2a94b8bda04ff446dcedd42276fc99ee.php 第 321 行.
NOTIC: [8] Undefined variable: nums /home/wwwroot/dzx.com/Application/Runtime/Cache/Home/2a94b8bda04ff446dcedd42276fc99ee.php 第 322 行.
INFO: Run Behavior\ParseTemplateBehavior [ RunTime:0.007772s ]
INFO: [ view_parse ] --END-- [ RunTime:0.007794s ]
INFO: [ view_filter ] --START--
INFO: Run Behavior\WriteHtmlCacheBehavior [ RunTime:0.000092s ]
INFO: [ view_filter ] --END-- [ RunTime:0.000109s ]
INFO: [ app_end ] --START--
INFO: Run Behavior\ShowPageTraceBehavior [ RunTime:0.000221s ]
INFO: [ app_end ] --END-- [ RunTime:0.000240s ]

[ 2016-08-26T15:17:48+08:00 ] 127.0.0.1 /redwine/index.html
INFO: [ app_init ] --START--
INFO: Run Behavior\BuildLiteBehavior [ RunTime:0.000006s ]
INFO: [ app_init ] --END-- [ RunTime:0.000149s ]
INFO: [ app_begin ] --START--
INFO: Run Behavior\ReadHtmlCacheBehavior [ RunTime:0.000193s ]
INFO: Run Behavior\CheckLangBehavior [ RunTime:0.000123s ]
INFO: [ app_begin ] --END-- [ RunTime:0.000368s ]
SQL: SHOW COLUMNS FROM `think_column` [ RunTime:0.0004s ]
SQL: SELECT * FROM `think_column` WHERE ( status=0 and id!=5 and id!=10 )  [ RunTime:0.0001s ]
SQL: SHOW COLUMNS FROM `think_article` [ RunTime:0.0003s ]
SQL: SELECT COUNT(*) AS tp_count FROM `think_article` WHERE `status` = 0 AND `column_id` = 5 LIMIT 1   [ RunTime:0.0001s ]
SQL: SELECT * FROM `think_article` WHERE `status` = 0 AND `column_id` = 5 LIMIT 0,8   [ RunTime:0.0001s ]
INFO: [ view_parse ] --START--
INFO: [ template_filter ] --START--
INFO: Run Behavior\ContentReplaceBehavior [ RunTime:0.000177s ]
INFO: [ template_filter ] --END-- [ RunTime:0.000280s ]
NOTIC: [8] Undefined variable: hg /home/wwwroot/dzx.com/Application/Runtime/Cache/Home/58982e4864e0e6f0ac6b6e181661714a.php 第 47 行.
NOTIC: [8] Undefined variable: hg /home/wwwroot/dzx.com/Application/Runtime/Cache/Home/58982e4864e0e6f0ac6b6e181661714a.php 第 48 行.
NOTIC: [8] Undefined variable: hg /home/wwwroot/dzx.com/Application/Runtime/Cache/Home/58982e4864e0e6f0ac6b6e181661714a.php 第 49 行.
NOTIC: [8] Undefined variable: hg /home/wwwroot/dzx.com/Application/Runtime/Cache/Home/58982e4864e0e6f0ac6b6e181661714a.php 第 50 行.
NOTIC: [8] Undefined variable: nums /home/wwwroot/dzx.com/Application/Runtime/Cache/Home/58982e4864e0e6f0ac6b6e181661714a.php 第 146 行.
NOTIC: [8] Undefined variable: nums /home/wwwroot/dzx.com/Application/Runtime/Cache/Home/58982e4864e0e6f0ac6b6e181661714a.php 第 147 行.
INFO: Run Behavior\ParseTemplateBehavior [ RunTime:0.007589s ]
INFO: [ view_parse ] --END-- [ RunTime:0.007628s ]
INFO: [ view_filter ] --START--
INFO: Run Behavior\WriteHtmlCacheBehavior [ RunTime:0.000189s ]
INFO: [ view_filter ] --END-- [ RunTime:0.000212s ]
INFO: [ app_end ] --START--
INFO: Run Behavior\ShowPageTraceBehavior [ RunTime:0.000369s ]
INFO: [ app_end ] --END-- [ RunTime:0.000405s ]

[ 2016-08-26T15:17:49+08:00 ] 127.0.0.1 /redwine/details/id/2.html
INFO: [ app_init ] --START--
INFO: Run Behavior\BuildLiteBehavior [ RunTime:0.000007s ]
INFO: [ app_init ] --END-- [ RunTime:0.000151s ]
INFO: [ app_begin ] --START--
INFO: Run Behavior\ReadHtmlCacheBehavior [ RunTime:0.000194s ]
INFO: Run Behavior\CheckLangBehavior [ RunTime:0.000122s ]
INFO: [ app_begin ] --END-- [ RunTime:0.000350s ]
SQL: SHOW COLUMNS FROM `think_column` [ RunTime:0.0008s ]
SQL: SELECT * FROM `think_column` WHERE ( status=0 and id!=5 and id!=10 )  [ RunTime:0.0004s ]
SQL: SHOW COLUMNS FROM `think_article` [ RunTime:0.0007s ]
SQL: SELECT * FROM `think_article` WHERE `id` = 2 LIMIT 1   [ RunTime:0.0002s ]
SQL: SHOW COLUMNS FROM `think_order` [ RunTime:0.0004s ]
SQL: SELECT * FROM `think_order` WHERE `ordstatus` = 1 ORDER BY 10  [ RunTime:0.0002s ]
SQL: SELECT COUNT(*) AS tp_count FROM `think_order` WHERE `ordstatus` = 1 LIMIT 1   [ RunTime:0.0001s ]
INFO: [ view_parse ] --START--
INFO: [ template_filter ] --START--
INFO: Run Behavior\ContentReplaceBehavior [ RunTime:0.000070s ]
INFO: [ template_filter ] --END-- [ RunTime:0.000099s ]
NOTIC: [8] Undefined variable: nums /home/wwwroot/dzx.com/Application/Runtime/Cache/Home/1cba2bbef8d74e150ce131671786ed78.php 第 173 行.
NOTIC: [8] Undefined variable: nums /home/wwwroot/dzx.com/Application/Runtime/Cache/Home/1cba2bbef8d74e150ce131671786ed78.php 第 174 行.
INFO: Run Behavior\ParseTemplateBehavior [ RunTime:0.005378s ]
INFO: [ view_parse ] --END-- [ RunTime:0.005400s ]
INFO: [ view_filter ] --START--
INFO: Run Behavior\WriteHtmlCacheBehavior [ RunTime:0.000089s ]
INFO: [ view_filter ] --END-- [ RunTime:0.000106s ]
INFO: [ app_end ] --START--
INFO: Run Behavior\ShowPageTraceBehavior [ RunTime:0.000227s ]
INFO: [ app_end ] --END-- [ RunTime:0.000250s ]

[ 2016-08-26T15:17:51+08:00 ] 127.0.0.1 /product/check_pro.html
INFO: [ app_init ] --START--
INFO: Run Behavior\BuildLiteBehavior [ RunTime:0.000007s ]
INFO: [ app_init ] --END-- [ RunTime:0.000148s ]
INFO: [ app_begin ] --START--
INFO: Run Behavior\ReadHtmlCacheBehavior [ RunTime:0.000190s ]
INFO: Run Behavior\CheckLangBehavior [ RunTime:0.000119s ]
INFO: [ app_begin ] --END-- [ RunTime:0.000341s ]
SQL: SHOW COLUMNS FROM `think_column` [ RunTime:0.0004s ]
SQL: SELECT * FROM `think_column` WHERE ( status=0 and id!=5 and id!=10 )  [ RunTime:0.0002s ]
SQL: SHOW COLUMNS FROM `think_article` [ RunTime:0.0003s ]
SQL: SELECT `id`,`sum` FROM `think_article` WHERE `id` = 2 LIMIT 1   [ RunTime:0.0001s ]

[ 2016-08-26T15:17:53+08:00 ] 127.0.0.1 /product/addCart.html
INFO: [ app_init ] --START--
INFO: Run Behavior\BuildLiteBehavior [ RunTime:0.000013s ]
INFO: [ app_init ] --END-- [ RunTime:0.000258s ]
INFO: [ app_begin ] --START--
INFO: Run Behavior\ReadHtmlCacheBehavior [ RunTime:0.000455s ]
INFO: Run Behavior\CheckLangBehavior [ RunTime:0.000199s ]
INFO: [ app_begin ] --END-- [ RunTime:0.000753s ]
SQL: SHOW COLUMNS FROM `think_column` [ RunTime:0.0007s ]
SQL: SELECT * FROM `think_column` WHERE ( status=0 and id!=5 and id!=10 )  [ RunTime:0.0004s ]

[ 2016-08-26T15:17:53+08:00 ] 127.0.0.1 /Product/cart.html
INFO: [ app_init ] --START--
INFO: Run Behavior\BuildLiteBehavior [ RunTime:0.000008s ]
INFO: [ app_init ] --END-- [ RunTime:0.000170s ]
INFO: [ app_begin ] --START--
INFO: Run Behavior\ReadHtmlCacheBehavior [ RunTime:0.000206s ]
INFO: Run Behavior\CheckLangBehavior [ RunTime:0.000123s ]
INFO: [ app_begin ] --END-- [ RunTime:0.000364s ]
SQL: SHOW COLUMNS FROM `think_column` [ RunTime:0.0008s ]
SQL: SELECT * FROM `think_column` WHERE ( status=0 and id!=5 and id!=10 )  [ RunTime:0.0004s ]
SQL: SHOW COLUMNS FROM `think_article` [ RunTime:0.0003s ]
SQL: SELECT `id`,`title`,`description`,`image`,`price`,`tprice` FROM `think_article` WHERE `status` = 0 AND `column_id` = 10  [ RunTime:0.0001s ]
SQL: SELECT * FROM `think_article` WHERE `id` = 2 LIMIT 1   [ RunTime:0.0001s ]
NOTIC: [8] Undefined index: goods /home/wwwroot/dzx.com/Application/Home/Controller/ProductController.class.php 第 94 行.
NOTIC: [8] Undefined index: coupon /home/wwwroot/dzx.com/Application/Home/Controller/ProductController.class.php 第 107 行.
INFO: [ view_parse ] --START--
INFO: [ template_filter ] --START--
INFO: Run Behavior\ContentReplaceBehavior [ RunTime:0.000151s ]
INFO: [ template_filter ] --END-- [ RunTime:0.000196s ]
INFO: Run Behavior\ParseTemplateBehavior [ RunTime:0.010833s ]
INFO: [ view_parse ] --END-- [ RunTime:0.010898s ]
INFO: [ view_filter ] --START--
INFO: Run Behavior\WriteHtmlCacheBehavior [ RunTime:0.000195s ]
INFO: [ view_filter ] --END-- [ RunTime:0.000223s ]
INFO: [ app_end ] --START--
INFO: Run Behavior\ShowPageTraceBehavior [ RunTime:0.000518s ]
INFO: [ app_end ] --END-- [ RunTime:0.000568s ]

[ 2016-08-26T15:17:56+08:00 ] 127.0.0.1 /Home/Product/delItem
INFO: [ app_init ] --START--
INFO: Run Behavior\BuildLiteBehavior [ RunTime:0.000009s ]
INFO: [ app_init ] --END-- [ RunTime:0.000199s ]
INFO: [ app_begin ] --START--
INFO: Run Behavior\ReadHtmlCacheBehavior [ RunTime:0.000254s ]
INFO: Run Behavior\CheckLangBehavior [ RunTime:0.000160s ]
INFO: [ app_begin ] --END-- [ RunTime:0.000458s ]
SQL: SHOW COLUMNS FROM `think_column` [ RunTime:0.0004s ]
SQL: SELECT * FROM `think_column` WHERE ( status=0 and id!=5 and id!=10 )  [ RunTime:0.0001s ]

[ 2016-08-26T15:17:56+08:00 ] 127.0.0.1 /Product/cart.html
INFO: [ app_init ] --START--
INFO: Run Behavior\BuildLiteBehavior [ RunTime:0.000017s ]
INFO: [ app_init ] --END-- [ RunTime:0.000228s ]
INFO: [ app_begin ] --START--
INFO: Run Behavior\ReadHtmlCacheBehavior [ RunTime:0.000317s ]
INFO: Run Behavior\CheckLangBehavior [ RunTime:0.000198s ]
INFO: [ app_begin ] --END-- [ RunTime:0.000601s ]
SQL: SHOW COLUMNS FROM `think_column` [ RunTime:0.0006s ]
SQL: SELECT * FROM `think_column` WHERE ( status=0 and id!=5 and id!=10 )  [ RunTime:0.0003s ]
SQL: SHOW COLUMNS FROM `think_article` [ RunTime:0.0007s ]
SQL: SELECT `id`,`title`,`description`,`image`,`price`,`tprice` FROM `think_article` WHERE `status` = 0 AND `column_id` = 10  [ RunTime:0.0013s ]

[ 2016-08-26T15:17:56+08:00 ] 127.0.0.1 /index/index.html
INFO: [ app_init ] --START--
INFO: Run Behavior\BuildLiteBehavior [ RunTime:0.000010s ]
INFO: [ app_init ] --END-- [ RunTime:0.000229s ]
INFO: [ app_begin ] --START--
INFO: Run Behavior\ReadHtmlCacheBehavior [ RunTime:0.000312s ]
INFO: Run Behavior\CheckLangBehavior [ RunTime:0.000176s ]
INFO: [ app_begin ] --END-- [ RunTime:0.000550s ]
SQL: SHOW COLUMNS FROM `think_column` [ RunTime:0.0004s ]
SQL: SELECT * FROM `think_column` WHERE ( status=0 and id!=5 and id!=10 )  [ RunTime:0.0002s ]
SQL: SHOW COLUMNS FROM `think_article` [ RunTime:0.0003s ]
SQL: SELECT * FROM `think_article` WHERE `status` = 0 AND `column_id` IN ('1','2','3','4') LIMIT 5   [ RunTime:0.0001s ]
SQL: SELECT * FROM `think_article` WHERE `status` = 0 AND `column_id` = 5 LIMIT 6   [ RunTime:0.0001s ]
INFO: [ view_parse ] --START--
INFO: [ template_filter ] --START--
INFO: Run Behavior\ContentReplaceBehavior [ RunTime:0.000119s ]
INFO: [ template_filter ] --END-- [ RunTime:0.000153s ]
NOTIC: [8] Undefined variable: nums /home/wwwroot/dzx.com/Application/Runtime/Cache/Home/2a94b8bda04ff446dcedd42276fc99ee.php 第 321 行.
NOTIC: [8] Undefined variable: nums /home/wwwroot/dzx.com/Application/Runtime/Cache/Home/2a94b8bda04ff446dcedd42276fc99ee.php 第 322 行.
INFO: Run Behavior\ParseTemplateBehavior [ RunTime:0.007762s ]
INFO: [ view_parse ] --END-- [ RunTime:0.007784s ]
INFO: [ view_filter ] --START--
INFO: Run Behavior\WriteHtmlCacheBehavior [ RunTime:0.000097s ]
INFO: [ view_filter ] --END-- [ RunTime:0.000114s ]
INFO: [ app_end ] --START--
INFO: Run Behavior\ShowPageTraceBehavior [ RunTime:0.000229s ]
INFO: [ app_end ] --END-- [ RunTime:0.000248s ]

[ 2016-08-26T15:18:00+08:00 ] 127.0.0.1 /product/details/id/2.html
INFO: [ app_init ] --START--
INFO: Run Behavior\BuildLiteBehavior [ RunTime:0.000007s ]
INFO: [ app_init ] --END-- [ RunTime:0.000154s ]
INFO: [ app_begin ] --START--
INFO: Run Behavior\ReadHtmlCacheBehavior [ RunTime:0.000220s ]
INFO: Run Behavior\CheckLangBehavior [ RunTime:0.000124s ]
INFO: [ app_begin ] --END-- [ RunTime:0.000380s ]
SQL: SHOW COLUMNS FROM `think_column` [ RunTime:0.0003s ]
SQL: SELECT * FROM `think_column` WHERE ( status=0 and id!=5 and id!=10 )  [ RunTime:0.0001s ]
SQL: SHOW COLUMNS FROM `think_article` [ RunTime:0.0003s ]
SQL: SELECT * FROM `think_article` WHERE `id` = 2 LIMIT 1   [ RunTime:0.0001s ]
SQL: SHOW COLUMNS FROM `think_kefu` [ RunTime:0.0002s ]
SQL: SELECT * FROM `think_kefu` WHERE ( status=0 )  [ RunTime:0.0084s ]
SQL: SHOW COLUMNS FROM `think_order` [ RunTime:0.0004s ]
SQL: SELECT * FROM `think_order` WHERE `ordstatus` = 1 ORDER BY 10  [ RunTime:0.0003s ]
SQL: SELECT COUNT(*) AS tp_count FROM `think_order` WHERE `ordstatus` = 1 LIMIT 1   [ RunTime:0.0002s ]
INFO: [ view_parse ] --START--
INFO: [ template_filter ] --START--
INFO: Run Behavior\ContentReplaceBehavior [ RunTime:0.000072s ]
INFO: [ template_filter ] --END-- [ RunTime:0.000099s ]
NOTIC: [2] Missing argument 3 for sub_str(), called in /home/wwwroot/dzx.com/Application/Runtime/Cache/Home/c0e5e04525859b98127e0609ff818963.php on line 60 and defined /home/wwwroot/dzx.com/Application/Common/Common/function.php 第 537 行.
NOTIC: [8] Undefined variable: length /home/wwwroot/dzx.com/Application/Common/Common/function.php 第 541 行.
NOTIC: [8] Undefined variable: nums /home/wwwroot/dzx.com/Application/Runtime/Cache/Home/c0e5e04525859b98127e0609ff818963.php 第 174 行.
NOTIC: [8] Undefined variable: nums /home/wwwroot/dzx.com/Application/Runtime/Cache/Home/c0e5e04525859b98127e0609ff818963.php 第 175 行.
INFO: Run Behavior\ParseTemplateBehavior [ RunTime:0.005596s ]
INFO: [ view_parse ] --END-- [ RunTime:0.005617s ]
INFO: [ view_filter ] --START--
INFO: Run Behavior\WriteHtmlCacheBehavior [ RunTime:0.000089s ]
INFO: [ view_filter ] --END-- [ RunTime:0.000106s ]
INFO: [ app_end ] --START--
INFO: Run Behavior\ShowPageTraceBehavior [ RunTime:0.000221s ]
INFO: [ app_end ] --END-- [ RunTime:0.000240s ]

[ 2016-08-26T15:18:01+08:00 ] 127.0.0.1 /redwine/index.html
INFO: [ app_init ] --START--
INFO: Run Behavior\BuildLiteBehavior [ RunTime:0.000010s ]
INFO: [ app_init ] --END-- [ RunTime:0.000247s ]
INFO: [ app_begin ] --START--
INFO: Run Behavior\ReadHtmlCacheBehavior [ RunTime:0.000330s ]
INFO: Run Behavior\CheckLangBehavior [ RunTime:0.000202s ]
INFO: [ app_begin ] --END-- [ RunTime:0.000587s ]
SQL: SHOW COLUMNS FROM `think_column` [ RunTime:0.0004s ]
SQL: SELECT * FROM `think_column` WHERE ( status=0 and id!=5 and id!=10 )  [ RunTime:0.0002s ]
SQL: SHOW COLUMNS FROM `think_article` [ RunTime:0.0003s ]
INFO: [ view_parse ] --START--
INFO: [ template_filter ] --START--
INFO: Run Behavior\ContentReplaceBehavior [ RunTime:0.000168s ]
INFO: [ template_filter ] --END-- [ RunTime:0.000277s ]
NOTIC: [8] Undefined variable: hg /home/wwwroot/dzx.com/Application/Runtime/Cache/Home/58982e4864e0e6f0ac6b6e181661714a.php 第 47 行.
NOTIC: [8] Undefined variable: hg /home/wwwroot/dzx.com/Application/Runtime/Cache/Home/58982e4864e0e6f0ac6b6e181661714a.php 第 48 行.
NOTIC: [8] Undefined variable: hg /home/wwwroot/dzx.com/Application/Runtime/Cache/Home/58982e4864e0e6f0ac6b6e181661714a.php 第 49 行.
NOTIC: [8] Undefined variable: hg /home/wwwroot/dzx.com/Application/Runtime/Cache/Home/58982e4864e0e6f0ac6b6e181661714a.php 第 50 行.
NOTIC: [8] Undefined variable: nums /home/wwwroot/dzx.com/Application/Runtime/Cache/Home/58982e4864e0e6f0ac6b6e181661714a.php 第 146 行.
NOTIC: [8] Undefined variable: nums /home/wwwroot/dzx.com/Application/Runtime/Cache/Home/58982e4864e0e6f0ac6b6e181661714a.php 第 147 行.
INFO: Run Behavior\ParseTemplateBehavior [ RunTime:0.011499s ]
INFO: [ view_parse ] --END-- [ RunTime:0.011537s ]
INFO: [ view_filter ] --START--
INFO: Run Behavior\WriteHtmlCacheBehavior [ RunTime:0.000149s ]
INFO: [ view_filter ] --END-- [ RunTime:0.000174s ]
INFO: [ app_end ] --START--
INFO: Run Behavior\ShowPageTraceBehavior [ RunTime:0.000353s ]
INFO: [ app_end ] --END-- [ RunTime:0.000382s ]

[ 2016-08-26T15:18:03+08:00 ] 127.0.0.1 /redwine/details/id/2.html
INFO: [ app_init ] --START--
INFO: Run Behavior\BuildLiteBehavior [ RunTime:0.000029s ]
INFO: [ app_init ] --END-- [ RunTime:0.000537s ]
INFO: [ app_begin ] --START--
INFO: Run Behavior\ReadHtmlCacheBehavior [ RunTime:0.000329s ]
INFO: Run Behavior\CheckLangBehavior [ RunTime:0.000249s ]
INFO: [ app_begin ] --END-- [ RunTime:0.000700s ]
SQL: SHOW COLUMNS FROM `think_column` [ RunTime:0.0004s ]
SQL: SELECT * FROM `think_column` WHERE ( status=0 and id!=5 and id!=10 )  [ RunTime:0.0002s ]
SQL: SHOW COLUMNS FROM `think_article` [ RunTime:0.0003s ]
SQL: SELECT * FROM `think_article` WHERE `id` = 2 LIMIT 1   [ RunTime:0.0001s ]
SQL: SHOW COLUMNS FROM `think_order` [ RunTime:0.0003s ]
SQL: SELECT * FROM `think_order` WHERE `ordstatus` = 1 ORDER BY 10  [ RunTime:0.0004s ]
SQL: SELECT COUNT(*) AS tp_count FROM `think_order` WHERE `ordstatus` = 1 LIMIT 1   [ RunTime:0.0001s ]
INFO: [ view_parse ] --START--
INFO: [ template_filter ] --START--
INFO: Run Behavior\ContentReplaceBehavior [ RunTime:0.000168s ]
INFO: [ template_filter ] --END-- [ RunTime:0.000268s ]
NOTIC: [8] Undefined variable: nums /home/wwwroot/dzx.com/Application/Runtime/Cache/Home/1cba2bbef8d74e150ce131671786ed78.php 第 173 行.
NOTIC: [8] Undefined variable: nums /home/wwwroot/dzx.com/Application/Runtime/Cache/Home/1cba2bbef8d74e150ce131671786ed78.php 第 174 行.
INFO: Run Behavior\ParseTemplateBehavior [ RunTime:0.007307s ]
INFO: [ view_parse ] --END-- [ RunTime:0.007352s ]
INFO: [ view_filter ] --START--
INFO: Run Behavior\WriteHtmlCacheBehavior [ RunTime:0.000367s ]
INFO: [ view_filter ] --END-- [ RunTime:0.000402s ]
INFO: [ app_end ] --START--
INFO: Run Behavior\ShowPageTraceBehavior [ RunTime:0.000475s ]
INFO: [ app_end ] --END-- [ RunTime:0.000518s ]

[ 2016-08-26T15:18:04+08:00 ] 127.0.0.1 /product/check_pro.html
INFO: [ app_init ] --START--
INFO: Run Behavior\BuildLiteBehavior [ RunTime:0.000009s ]
INFO: [ app_init ] --END-- [ RunTime:0.000169s ]
INFO: [ app_begin ] --START--
INFO: Run Behavior\ReadHtmlCacheBehavior [ RunTime:0.000211s ]
INFO: Run Behavior\CheckLangBehavior [ RunTime:0.000126s ]
INFO: [ app_begin ] --END-- [ RunTime:0.000375s ]
SQL: SHOW COLUMNS FROM `think_column` [ RunTime:0.0004s ]
SQL: SELECT * FROM `think_column` WHERE ( status=0 and id!=5 and id!=10 )  [ RunTime:0.0002s ]
SQL: SHOW COLUMNS FROM `think_article` [ RunTime:0.0004s ]
SQL: SELECT `id`,`sum` FROM `think_article` WHERE `id` = 2 LIMIT 1   [ RunTime:0.0001s ]

[ 2016-08-26T15:18:06+08:00 ] 127.0.0.1 /product/addCart.html
INFO: [ app_init ] --START--
INFO: Run Behavior\BuildLiteBehavior [ RunTime:0.000008s ]
INFO: [ app_init ] --END-- [ RunTime:0.000171s ]
INFO: [ app_begin ] --START--
INFO: Run Behavior\ReadHtmlCacheBehavior [ RunTime:0.000196s ]
INFO: Run Behavior\CheckLangBehavior [ RunTime:0.000120s ]
INFO: [ app_begin ] --END-- [ RunTime:0.000348s ]
SQL: SHOW COLUMNS FROM `think_column` [ RunTime:0.0004s ]
SQL: SELECT * FROM `think_column` WHERE ( status=0 and id!=5 and id!=10 )  [ RunTime:0.0002s ]

[ 2016-08-26T15:18:06+08:00 ] 127.0.0.1 /Product/cart.html
INFO: [ app_init ] --START--
INFO: Run Behavior\BuildLiteBehavior [ RunTime:0.000013s ]
INFO: [ app_init ] --END-- [ RunTime:0.000267s ]
INFO: [ app_begin ] --START--
INFO: Run Behavior\ReadHtmlCacheBehavior [ RunTime:0.000303s ]
INFO: Run Behavior\CheckLangBehavior [ RunTime:0.000171s ]
INFO: [ app_begin ] --END-- [ RunTime:0.000536s ]
SQL: SHOW COLUMNS FROM `think_column` [ RunTime:0.0004s ]
SQL: SELECT * FROM `think_column` WHERE ( status=0 and id!=5 and id!=10 )  [ RunTime:0.0002s ]
SQL: SHOW COLUMNS FROM `think_article` [ RunTime:0.0003s ]
SQL: SELECT `id`,`title`,`description`,`image`,`price`,`tprice` FROM `think_article` WHERE `status` = 0 AND `column_id` = 10  [ RunTime:0.0001s ]
SQL: SELECT * FROM `think_article` WHERE `id` = 2 LIMIT 1   [ RunTime:0.0001s ]
NOTIC: [8] Undefined index: goods /home/wwwroot/dzx.com/Application/Home/Controller/ProductController.class.php 第 94 行.
NOTIC: [8] Undefined index: coupon /home/wwwroot/dzx.com/Application/Home/Controller/ProductController.class.php 第 107 行.
INFO: [ view_parse ] --START--
INFO: [ template_filter ] --START--
INFO: Run Behavior\ContentReplaceBehavior [ RunTime:0.000205s ]
INFO: [ template_filter ] --END-- [ RunTime:0.000285s ]
INFO: Run Behavior\ParseTemplateBehavior [ RunTime:0.012480s ]
INFO: [ view_parse ] --END-- [ RunTime:0.012505s ]
INFO: [ view_filter ] --START--
INFO: Run Behavior\WriteHtmlCacheBehavior [ RunTime:0.000100s ]
INFO: [ view_filter ] --END-- [ RunTime:0.000116s ]
INFO: [ app_end ] --START--
INFO: Run Behavior\ShowPageTraceBehavior [ RunTime:0.000227s ]
INFO: [ app_end ] --END-- [ RunTime:0.000246s ]

[ 2016-08-26T15:19:16+08:00 ] 127.0.0.1 /Product/cart.html
INFO: [ app_init ] --START--
INFO: Run Behavior\BuildLiteBehavior [ RunTime:0.000010s ]
INFO: [ app_init ] --END-- [ RunTime:0.000218s ]
INFO: [ app_begin ] --START--
INFO: Run Behavior\ReadHtmlCacheBehavior [ RunTime:0.000572s ]
INFO: Run Behavior\CheckLangBehavior [ RunTime:0.000373s ]
INFO: [ app_begin ] --END-- [ RunTime:0.001101s ]
SQL: SHOW COLUMNS FROM `think_column` [ RunTime:0.0004s ]
SQL: SELECT * FROM `think_column` WHERE ( status=0 and id!=5 and id!=10 )  [ RunTime:0.0002s ]
SQL: SHOW COLUMNS FROM `think_article` [ RunTime:0.0003s ]
SQL: SELECT `id`,`title`,`description`,`image`,`price`,`tprice` FROM `think_article` WHERE `status` = 0 AND `column_id` = 10  [ RunTime:0.0001s ]
SQL: SELECT * FROM `think_article` WHERE `id` = 2 LIMIT 1   [ RunTime:0.0001s ]
NOTIC: [8] Undefined index: goods /home/wwwroot/dzx.com/Application/Home/Controller/ProductController.class.php 第 94 行.
NOTIC: [8] Undefined index: coupon /home/wwwroot/dzx.com/Application/Home/Controller/ProductController.class.php 第 107 行.
INFO: [ view_parse ] --START--
INFO: [ template_filter ] --START--
INFO: Run Behavior\ContentReplaceBehavior [ RunTime:0.000145s ]
INFO: [ template_filter ] --END-- [ RunTime:0.000177s ]
INFO: Run Behavior\ParseTemplateBehavior [ RunTime:0.010573s ]
INFO: [ view_parse ] --END-- [ RunTime:0.010599s ]
INFO: [ view_filter ] --START--
INFO: Run Behavior\WriteHtmlCacheBehavior [ RunTime:0.000097s ]
INFO: [ view_filter ] --END-- [ RunTime:0.000115s ]
INFO: [ app_end ] --START--
INFO: Run Behavior\ShowPageTraceBehavior [ RunTime:0.000234s ]
INFO: [ app_end ] --END-- [ RunTime:0.000254s ]

