[ 2016-09-01T13:19:24+08:00 ] 127.0.0.1 /
INFO: [ app_init ] --START--
INFO: Run Behavior\BuildLiteBehavior [ RunTime:0.000025s ]
INFO: [ app_init ] --END-- [ RunTime:0.022896s ]
INFO: [ app_begin ] --START--
INFO: Run Behavior\ReadHtmlCacheBehavior [ RunTime:0.000684s ]
INFO: Run Behavior\CheckLangBehavior [ RunTime:0.000424s ]
INFO: [ app_begin ] --END-- [ RunTime:0.001245s ]
SQL: SHOW COLUMNS FROM `think_column` [ RunTime:0.0641s ]
SQL: SELECT * FROM `think_column` WHERE ( status=0 and id!=5 and id!=10 )  [ RunTime:0.0007s ]
SQL: SHOW COLUMNS FROM `think_article` [ RunTime:0.0336s ]
SQL: SELECT * FROM `think_article` WHERE `status` = 0 AND `column_id` IN ('1','2','3','4') LIMIT 5   [ RunTime:0.0004s ]
SQL: SELECT * FROM `think_article` WHERE `status` = 0 AND `column_id` = 5 LIMIT 6   [ RunTime:0.0001s ]
INFO: [ view_parse ] --START--
INFO: [ template_filter ] --START--
INFO: Run Behavior\ContentReplaceBehavior [ RunTime:0.000196s ]
INFO: [ template_filter ] --END-- [ RunTime:0.000275s ]
NOTIC: [8] Undefined variable: nums /home/wwwroot/dzx.com/Application/Runtime/Cache/Home/2a94b8bda04ff446dcedd42276fc99ee.php 第 321 行.
NOTIC: [8] Undefined variable: nums /home/wwwroot/dzx.com/Application/Runtime/Cache/Home/2a94b8bda04ff446dcedd42276fc99ee.php 第 322 行.
INFO: Run Behavior\ParseTemplateBehavior [ RunTime:0.148296s ]
INFO: [ view_parse ] --END-- [ RunTime:0.148345s ]
INFO: [ view_filter ] --START--
INFO: Run Behavior\WriteHtmlCacheBehavior [ RunTime:0.013795s ]
INFO: [ view_filter ] --END-- [ RunTime:0.013836s ]
INFO: [ app_end ] --START--
INFO: Run Behavior\ShowPageTraceBehavior [ RunTime:0.008244s ]
INFO: [ app_end ] --END-- [ RunTime:0.008283s ]

[ 2016-09-01T13:19:27+08:00 ] 127.0.0.1 /favicon.ico
INFO: [ app_init ] --START--
INFO: Run Behavior\BuildLiteBehavior [ RunTime:0.000012s ]
INFO: [ app_init ] --END-- [ RunTime:0.000254s ]

[ 2016-09-01T13:20:32+08:00 ] 127.0.0.1 /Product/get_price?n=%E5%8C%97%E4%BA%AC%E5%B8%82
INFO: [ app_init ] --START--
INFO: Run Behavior\BuildLiteBehavior [ RunTime:0.000019s ]
INFO: [ app_init ] --END-- [ RunTime:0.000388s ]
INFO: [ app_begin ] --START--
INFO: Run Behavior\ReadHtmlCacheBehavior [ RunTime:0.000564s ]
INFO: Run Behavior\CheckLangBehavior [ RunTime:0.000552s ]
INFO: [ app_begin ] --END-- [ RunTime:0.001305s ]
SQL: SHOW COLUMNS FROM `think_column` [ RunTime:0.2641s ]
SQL: SELECT * FROM `think_column` WHERE ( status=0 and id!=5 and id!=10 )  [ RunTime:0.0002s ]

[ 2016-09-01T13:22:04+08:00 ] 127.0.0.1 /Product/get_price?n=%E5%8C%97%E4%BA%AC%E5%B8%82
INFO: [ app_init ] --START--
INFO: Run Behavior\BuildLiteBehavior [ RunTime:0.000020s ]
INFO: [ app_init ] --END-- [ RunTime:0.000493s ]
INFO: [ app_begin ] --START--
INFO: Run Behavior\ReadHtmlCacheBehavior [ RunTime:0.000483s ]
INFO: Run Behavior\CheckLangBehavior [ RunTime:0.000299s ]
INFO: [ app_begin ] --END-- [ RunTime:0.000890s ]
SQL: SHOW COLUMNS FROM `think_column` [ RunTime:0.0006s ]
SQL: SELECT * FROM `think_column` WHERE ( status=0 and id!=5 and id!=10 )  [ RunTime:0.0002s ]

[ 2016-09-01T13:23:13+08:00 ] 127.0.0.1 /Product/get_price?n=%E5%8C%97%E4%BA%AC%E5%B8%82
INFO: [ app_init ] --START--
INFO: Run Behavior\BuildLiteBehavior [ RunTime:0.000040s ]
INFO: [ app_init ] --END-- [ RunTime:0.000691s ]
INFO: [ app_begin ] --START--
INFO: Run Behavior\ReadHtmlCacheBehavior [ RunTime:0.000620s ]
INFO: Run Behavior\CheckLangBehavior [ RunTime:0.000461s ]
INFO: [ app_begin ] --END-- [ RunTime:0.001217s ]
SQL: SHOW COLUMNS FROM `think_column` [ RunTime:0.0007s ]
SQL: SELECT * FROM `think_column` WHERE ( status=0 and id!=5 and id!=10 )  [ RunTime:0.0003s ]

