[ 2016-08-24T01:57:22+08:00 ] 192.168.188.184 /
INFO: [ app_init ] --START--
INFO: Run Behavior\BuildLiteBehavior [ RunTime:0.000021s ]
INFO: [ app_init ] --END-- [ RunTime:0.003664s ]
INFO: [ app_begin ] --START--
INFO: Run Behavior\ReadHtmlCacheBehavior [ RunTime:0.006914s ]
INFO: Run Behavior\CheckLangBehavior [ RunTime:0.008438s ]
INFO: [ app_begin ] --END-- [ RunTime:0.015437s ]
SQL: SHOW COLUMNS FROM `think_column` [ RunTime:0.0004s ]
SQL: SELECT * FROM `think_column` WHERE ( status=0 and id!=5 )  [ RunTime:0.0001s ]
SQL: SHOW COLUMNS FROM `think_article` [ RunTime:0.0007s ]
SQL: SELECT * FROM `think_article` WHERE `status` = 0 AND `column_id` <> 5 LIMIT 5   [ RunTime:0.0005s ]
SQL: SELECT * FROM `think_article` WHERE `status` = 0 AND `column_id` = 5 LIMIT 6   [ RunTime:0.0008s ]
INFO: [ view_parse ] --START--
INFO: [ template_filter ] --START--
INFO: Run Behavior\ContentReplaceBehavior [ RunTime:0.000189s ]
INFO: [ template_filter ] --END-- [ RunTime:0.000226s ]
INFO: Run Behavior\ParseTemplateBehavior [ RunTime:0.076977s ]
INFO: [ view_parse ] --END-- [ RunTime:0.077024s ]
INFO: [ view_filter ] --START--
INFO: Run Behavior\WriteHtmlCacheBehavior [ RunTime:0.006138s ]
INFO: [ view_filter ] --END-- [ RunTime:0.006165s ]
INFO: [ app_end ] --START--
INFO: Run Behavior\ShowPageTraceBehavior [ RunTime:0.006662s ]
INFO: [ app_end ] --END-- [ RunTime:0.006702s ]

[ 2016-08-24T01:57:23+08:00 ] 192.168.188.184 /favicon.ico
INFO: [ app_init ] --START--
INFO: Run Behavior\BuildLiteBehavior [ RunTime:0.000011s ]
INFO: [ app_init ] --END-- [ RunTime:0.003195s ]

