[ 2016-08-23T09:57:19+08:00 ] 192.168.188.184 /
INFO: [ app_init ] --START--
INFO: Run Behavior\BuildLiteBehavior [ RunTime:0.000016s ]
INFO: [ app_init ] --END-- [ RunTime:0.003430s ]
INFO: [ app_begin ] --START--
INFO: Run Behavior\ReadHtmlCacheBehavior [ RunTime:0.006208s ]
INFO: Run Behavior\CheckLangBehavior [ RunTime:0.005952s ]
INFO: [ app_begin ] --END-- [ RunTime:0.012237s ]
SQL: SHOW COLUMNS FROM `think_column` [ RunTime:0.0004s ]
SQL: SELECT * FROM `think_column` WHERE ( status=0 and id!=5 )  [ RunTime:0.0001s ]
SQL: SHOW COLUMNS FROM `think_article` [ RunTime:0.0004s ]
SQL: SELECT * FROM `think_article` WHERE `status` = 0 AND `column_id` <> 5 LIMIT 5   [ RunTime:0.0001s ]
SQL: SELECT * FROM `think_article` WHERE `status` = 0 AND `column_id` = 5 LIMIT 6   [ RunTime:0.0001s ]
INFO: [ view_parse ] --START--
INFO: [ template_filter ] --START--
INFO: Run Behavior\ContentReplaceBehavior [ RunTime:0.000184s ]
INFO: [ template_filter ] --END-- [ RunTime:0.000220s ]
INFO: Run Behavior\ParseTemplateBehavior [ RunTime:0.088191s ]
INFO: [ view_parse ] --END-- [ RunTime:0.088233s ]
INFO: [ view_filter ] --START--
INFO: Run Behavior\WriteHtmlCacheBehavior [ RunTime:0.005868s ]
INFO: [ view_filter ] --END-- [ RunTime:0.005901s ]
INFO: [ app_end ] --START--
INFO: Run Behavior\ShowPageTraceBehavior [ RunTime:0.006856s ]
INFO: [ app_end ] --END-- [ RunTime:0.006916s ]

[ 2016-08-23T09:57:20+08:00 ] 192.168.188.184 /favicon.ico
INFO: [ app_init ] --START--
INFO: Run Behavior\BuildLiteBehavior [ RunTime:0.000013s ]
INFO: [ app_init ] --END-- [ RunTime:0.003163s ]

[ 2016-08-23T09:57:23+08:00 ] 192.168.188.184 /product/details/id/2.html
INFO: [ app_init ] --START--
INFO: Run Behavior\BuildLiteBehavior [ RunTime:0.000013s ]
INFO: [ app_init ] --END-- [ RunTime:0.002927s ]
INFO: [ app_begin ] --START--
INFO: Run Behavior\ReadHtmlCacheBehavior [ RunTime:0.006101s ]
INFO: Run Behavior\CheckLangBehavior [ RunTime:0.005889s ]
INFO: [ app_begin ] --END-- [ RunTime:0.012065s ]
SQL: SHOW COLUMNS FROM `think_column` [ RunTime:0.0003s ]
SQL: SELECT * FROM `think_column` WHERE ( status=0 and id!=5 )  [ RunTime:0.0001s ]
SQL: SHOW COLUMNS FROM `think_article` [ RunTime:0.0004s ]
SQL: SELECT * FROM `think_article` WHERE `id` = 2 LIMIT 1   [ RunTime:0.0001s ]
SQL: SHOW COLUMNS FROM `think_kefu` [ RunTime:0.0002s ]
SQL: SELECT * FROM `think_kefu` WHERE ( status=0 )  [ RunTime:0.0000s ]
SQL: SHOW COLUMNS FROM `think_order` [ RunTime:0.0003s ]
SQL: SELECT * FROM `think_order` WHERE `ordstatus` = 1 ORDER BY 10  [ RunTime:0.0001s ]
SQL: SELECT COUNT(*) AS tp_count FROM `think_order` WHERE `ordstatus` = 1 LIMIT 1   [ RunTime:0.0000s ]
INFO: [ view_parse ] --START--
INFO: [ template_filter ] --START--
INFO: Run Behavior\ContentReplaceBehavior [ RunTime:0.000105s ]
INFO: [ template_filter ] --END-- [ RunTime:0.000138s ]
NOTIC: [2] Missing argument 3 for sub_str(), called in /mnt/share/dzx.com/Application/Runtime/Cache/Home/c0e5e04525859b98127e0609ff818963.php on line 60 and defined /mnt/share/dzx.com/Application/Common/Common/function.php 第 535 行.
NOTIC: [8] Undefined variable: length /mnt/share/dzx.com/Application/Common/Common/function.php 第 539 行.
INFO: Run Behavior\ParseTemplateBehavior [ RunTime:0.178297s ]
INFO: [ view_parse ] --END-- [ RunTime:0.178332s ]
INFO: [ view_filter ] --START--
INFO: Run Behavior\WriteHtmlCacheBehavior [ RunTime:0.006907s ]
INFO: [ view_filter ] --END-- [ RunTime:0.006946s ]
INFO: [ app_end ] --START--
INFO: Run Behavior\ShowPageTraceBehavior [ RunTime:0.006785s ]
INFO: [ app_end ] --END-- [ RunTime:0.006817s ]

[ 2016-08-23T09:57:25+08:00 ] 192.168.188.184 /product/check_pro.html
INFO: [ app_init ] --START--
INFO: Run Behavior\BuildLiteBehavior [ RunTime:0.000024s ]
INFO: [ app_init ] --END-- [ RunTime:0.003223s ]
INFO: [ app_begin ] --START--
INFO: Run Behavior\ReadHtmlCacheBehavior [ RunTime:0.008083s ]
INFO: Run Behavior\CheckLangBehavior [ RunTime:0.006900s ]
INFO: [ app_begin ] --END-- [ RunTime:0.015073s ]
SQL: SHOW COLUMNS FROM `think_column` [ RunTime:0.0004s ]
SQL: SELECT * FROM `think_column` WHERE ( status=0 and id!=5 )  [ RunTime:0.0003s ]
SQL: SHOW COLUMNS FROM `think_article` [ RunTime:0.0004s ]
SQL: SELECT `id`,`sum` FROM `think_article` WHERE `id` = 2 LIMIT 1   [ RunTime:0.0000s ]

[ 2016-08-23T09:57:30+08:00 ] 192.168.188.184 /index/index.html
INFO: [ app_init ] --START--
INFO: Run Behavior\BuildLiteBehavior [ RunTime:0.000012s ]
INFO: [ app_init ] --END-- [ RunTime:0.002946s ]
INFO: [ app_begin ] --START--
INFO: Run Behavior\ReadHtmlCacheBehavior [ RunTime:0.009155s ]
INFO: Run Behavior\CheckLangBehavior [ RunTime:0.007351s ]
INFO: [ app_begin ] --END-- [ RunTime:0.016588s ]
SQL: SHOW COLUMNS FROM `think_column` [ RunTime:0.0003s ]
SQL: SELECT * FROM `think_column` WHERE ( status=0 and id!=5 )  [ RunTime:0.0001s ]
SQL: SHOW COLUMNS FROM `think_article` [ RunTime:0.0004s ]
SQL: SELECT * FROM `think_article` WHERE `status` = 0 AND `column_id` <> 5 LIMIT 5   [ RunTime:0.0001s ]
SQL: SELECT * FROM `think_article` WHERE `status` = 0 AND `column_id` = 5 LIMIT 6   [ RunTime:0.0001s ]
INFO: [ view_parse ] --START--
INFO: [ template_filter ] --START--
INFO: Run Behavior\ContentReplaceBehavior [ RunTime:0.000191s ]
INFO: [ template_filter ] --END-- [ RunTime:0.000230s ]
INFO: Run Behavior\ParseTemplateBehavior [ RunTime:0.080599s ]
INFO: [ view_parse ] --END-- [ RunTime:0.080652s ]
INFO: [ view_filter ] --START--
INFO: Run Behavior\WriteHtmlCacheBehavior [ RunTime:0.010295s ]
INFO: [ view_filter ] --END-- [ RunTime:0.010337s ]
INFO: [ app_end ] --START--
INFO: Run Behavior\ShowPageTraceBehavior [ RunTime:0.007014s ]
INFO: [ app_end ] --END-- [ RunTime:0.007057s ]

[ 2016-08-23T09:57:33+08:00 ] 192.168.188.184 /product/details/id/4.html
INFO: [ app_init ] --START--
INFO: Run Behavior\BuildLiteBehavior [ RunTime:0.000014s ]
INFO: [ app_init ] --END-- [ RunTime:0.003104s ]
INFO: [ app_begin ] --START--
INFO: Run Behavior\ReadHtmlCacheBehavior [ RunTime:0.006686s ]
INFO: Run Behavior\CheckLangBehavior [ RunTime:0.006594s ]
INFO: [ app_begin ] --END-- [ RunTime:0.013364s ]
SQL: SHOW COLUMNS FROM `think_column` [ RunTime:0.0004s ]
SQL: SELECT * FROM `think_column` WHERE ( status=0 and id!=5 )  [ RunTime:0.0001s ]
SQL: SHOW COLUMNS FROM `think_article` [ RunTime:0.0004s ]
SQL: SELECT * FROM `think_article` WHERE `id` = 4 LIMIT 1   [ RunTime:0.0001s ]
SQL: SHOW COLUMNS FROM `think_kefu` [ RunTime:0.0002s ]
SQL: SELECT * FROM `think_kefu` WHERE ( status=0 )  [ RunTime:0.0000s ]
SQL: SHOW COLUMNS FROM `think_order` [ RunTime:0.0003s ]
SQL: SELECT * FROM `think_order` WHERE `ordstatus` = 1 ORDER BY 10  [ RunTime:0.0001s ]
SQL: SELECT COUNT(*) AS tp_count FROM `think_order` WHERE `ordstatus` = 1 LIMIT 1   [ RunTime:0.0000s ]
INFO: [ view_parse ] --START--
INFO: [ template_filter ] --START--
INFO: Run Behavior\ContentReplaceBehavior [ RunTime:0.000141s ]
INFO: [ template_filter ] --END-- [ RunTime:0.000197s ]
NOTIC: [2] Missing argument 3 for sub_str(), called in /mnt/share/dzx.com/Application/Runtime/Cache/Home/c0e5e04525859b98127e0609ff818963.php on line 60 and defined /mnt/share/dzx.com/Application/Common/Common/function.php 第 535 行.
NOTIC: [8] Undefined variable: length /mnt/share/dzx.com/Application/Common/Common/function.php 第 539 行.
INFO: Run Behavior\ParseTemplateBehavior [ RunTime:0.071634s ]
INFO: [ view_parse ] --END-- [ RunTime:0.071672s ]
INFO: [ view_filter ] --START--
INFO: Run Behavior\WriteHtmlCacheBehavior [ RunTime:0.006977s ]
INFO: [ view_filter ] --END-- [ RunTime:0.007018s ]
INFO: [ app_end ] --START--
INFO: Run Behavior\ShowPageTraceBehavior [ RunTime:0.006591s ]
INFO: [ app_end ] --END-- [ RunTime:0.006631s ]

[ 2016-08-23T09:57:34+08:00 ] 192.168.188.184 /product/check_pro.html
INFO: [ app_init ] --START--
INFO: Run Behavior\BuildLiteBehavior [ RunTime:0.000014s ]
INFO: [ app_init ] --END-- [ RunTime:0.004385s ]
INFO: [ app_begin ] --START--
INFO: Run Behavior\ReadHtmlCacheBehavior [ RunTime:0.006433s ]
INFO: Run Behavior\CheckLangBehavior [ RunTime:0.007829s ]
INFO: [ app_begin ] --END-- [ RunTime:0.014377s ]
SQL: SHOW COLUMNS FROM `think_column` [ RunTime:0.0003s ]
SQL: SELECT * FROM `think_column` WHERE ( status=0 and id!=5 )  [ RunTime:0.0001s ]
SQL: SHOW COLUMNS FROM `think_article` [ RunTime:0.0004s ]
SQL: SELECT `id`,`sum` FROM `think_article` WHERE `id` = 4 LIMIT 1   [ RunTime:0.0001s ]

[ 2016-08-23T09:57:37+08:00 ] 192.168.188.184 /product/addCart.html
INFO: [ app_init ] --START--
INFO: Run Behavior\BuildLiteBehavior [ RunTime:0.000013s ]
INFO: [ app_init ] --END-- [ RunTime:0.003157s ]
INFO: [ app_begin ] --START--
INFO: Run Behavior\ReadHtmlCacheBehavior [ RunTime:0.006961s ]
INFO: Run Behavior\CheckLangBehavior [ RunTime:0.006444s ]
INFO: [ app_begin ] --END-- [ RunTime:0.013499s ]
SQL: SHOW COLUMNS FROM `think_column` [ RunTime:0.0003s ]
SQL: SELECT * FROM `think_column` WHERE ( status=0 and id!=5 )  [ RunTime:0.0001s ]

[ 2016-08-23T09:57:37+08:00 ] 192.168.188.184 /Product/cart.html
INFO: [ app_init ] --START--
INFO: Run Behavior\BuildLiteBehavior [ RunTime:0.000015s ]
INFO: [ app_init ] --END-- [ RunTime:0.004257s ]
INFO: [ app_begin ] --START--
INFO: Run Behavior\ReadHtmlCacheBehavior [ RunTime:0.006989s ]
INFO: Run Behavior\CheckLangBehavior [ RunTime:0.006702s ]
INFO: [ app_begin ] --END-- [ RunTime:0.013771s ]
SQL: SHOW COLUMNS FROM `think_column` [ RunTime:0.0004s ]
SQL: SELECT * FROM `think_column` WHERE ( status=0 and id!=5 )  [ RunTime:0.0001s ]
SQL: SHOW COLUMNS FROM `think_article` [ RunTime:0.0004s ]
SQL: SELECT * FROM `think_article` WHERE `id` = 2 LIMIT 1   [ RunTime:0.0001s ]
SQL: SELECT * FROM `think_article` WHERE `id` = 4 LIMIT 1   [ RunTime:0.0000s ]
NOTIC: [8] Undefined index: goods /mnt/share/dzx.com/Application/Home/Controller/ProductController.class.php 第 89 行.
NOTIC: [8] Undefined index: coupon /mnt/share/dzx.com/Application/Home/Controller/ProductController.class.php 第 102 行.
INFO: [ view_parse ] --START--
INFO: [ template_filter ] --START--
INFO: Run Behavior\ContentReplaceBehavior [ RunTime:0.000293s ]
INFO: [ template_filter ] --END-- [ RunTime:0.000342s ]
INFO: Run Behavior\ParseTemplateBehavior [ RunTime:0.071463s ]
INFO: [ view_parse ] --END-- [ RunTime:0.071508s ]
INFO: [ view_filter ] --START--
INFO: Run Behavior\WriteHtmlCacheBehavior [ RunTime:0.006480s ]
INFO: [ view_filter ] --END-- [ RunTime:0.006514s ]
INFO: [ app_end ] --START--
INFO: Run Behavior\ShowPageTraceBehavior [ RunTime:0.006759s ]
INFO: [ app_end ] --END-- [ RunTime:0.006799s ]

[ 2016-08-23T10:04:21+08:00 ] 192.168.188.184 /Product/cart.html
INFO: [ app_init ] --START--
INFO: Run Behavior\BuildLiteBehavior [ RunTime:0.000014s ]
INFO: [ app_init ] --END-- [ RunTime:0.003232s ]
INFO: [ app_begin ] --START--
INFO: Run Behavior\ReadHtmlCacheBehavior [ RunTime:0.009013s ]
INFO: Run Behavior\CheckLangBehavior [ RunTime:0.008125s ]
INFO: [ app_begin ] --END-- [ RunTime:0.017254s ]
SQL: SHOW COLUMNS FROM `think_column` [ RunTime:0.0004s ]
SQL: SELECT * FROM `think_column` WHERE ( status=0 and id!=5 )  [ RunTime:0.0001s ]
SQL: SHOW COLUMNS FROM `think_article` [ RunTime:0.0006s ]
SQL: SELECT * FROM `think_article` WHERE `id` = 2 LIMIT 1   [ RunTime:0.0001s ]
SQL: SELECT * FROM `think_article` WHERE `id` = 4 LIMIT 1   [ RunTime:0.0001s ]
NOTIC: [8] Undefined index: goods /mnt/share/dzx.com/Application/Home/Controller/ProductController.class.php 第 89 行.
NOTIC: [8] Undefined index: coupon /mnt/share/dzx.com/Application/Home/Controller/ProductController.class.php 第 102 行.
INFO: [ view_parse ] --START--
INFO: [ template_filter ] --START--
INFO: Run Behavior\ContentReplaceBehavior [ RunTime:0.000274s ]
INFO: [ template_filter ] --END-- [ RunTime:0.000342s ]
INFO: Run Behavior\ParseTemplateBehavior [ RunTime:0.112843s ]
INFO: [ view_parse ] --END-- [ RunTime:0.112914s ]
INFO: [ view_filter ] --START--
INFO: Run Behavior\WriteHtmlCacheBehavior [ RunTime:0.008719s ]
INFO: [ view_filter ] --END-- [ RunTime:0.008782s ]
INFO: [ app_end ] --START--
INFO: Run Behavior\ShowPageTraceBehavior [ RunTime:0.008871s ]
INFO: [ app_end ] --END-- [ RunTime:0.008934s ]

[ 2016-08-23T10:05:22+08:00 ] 192.168.188.184 /Product/cart.html
INFO: [ app_init ] --START--
INFO: Run Behavior\BuildLiteBehavior [ RunTime:0.000012s ]
INFO: [ app_init ] --END-- [ RunTime:0.003200s ]
INFO: [ app_begin ] --START--
INFO: Run Behavior\ReadHtmlCacheBehavior [ RunTime:0.006880s ]
INFO: Run Behavior\CheckLangBehavior [ RunTime:0.007414s ]
INFO: [ app_begin ] --END-- [ RunTime:0.014381s ]
SQL: SHOW COLUMNS FROM `think_column` [ RunTime:0.0004s ]
SQL: SELECT * FROM `think_column` WHERE ( status=0 and id!=5 )  [ RunTime:0.0001s ]
SQL: SHOW COLUMNS FROM `think_article` [ RunTime:0.0007s ]
SQL: SELECT * FROM `think_article` WHERE `id` = 2 LIMIT 1   [ RunTime:0.0001s ]
SQL: SELECT * FROM `think_article` WHERE `id` = 4 LIMIT 1   [ RunTime:0.0001s ]
NOTIC: [8] Undefined index: goods /mnt/share/dzx.com/Application/Home/Controller/ProductController.class.php 第 89 行.
NOTIC: [8] Undefined index: coupon /mnt/share/dzx.com/Application/Home/Controller/ProductController.class.php 第 102 行.
INFO: [ view_parse ] --START--
INFO: [ template_filter ] --START--
INFO: Run Behavior\ContentReplaceBehavior [ RunTime:0.000206s ]
INFO: [ template_filter ] --END-- [ RunTime:0.000245s ]
INFO: Run Behavior\ParseTemplateBehavior [ RunTime:0.076640s ]
INFO: [ view_parse ] --END-- [ RunTime:0.076687s ]
INFO: [ view_filter ] --START--
INFO: Run Behavior\WriteHtmlCacheBehavior [ RunTime:0.007171s ]
INFO: [ view_filter ] --END-- [ RunTime:0.007214s ]
INFO: [ app_end ] --START--
INFO: Run Behavior\ShowPageTraceBehavior [ RunTime:0.006990s ]
INFO: [ app_end ] --END-- [ RunTime:0.007036s ]

[ 2016-08-23T10:09:03+08:00 ] 192.168.188.184 /Product/cart.html
INFO: [ app_init ] --START--
INFO: Run Behavior\BuildLiteBehavior [ RunTime:0.000013s ]
INFO: [ app_init ] --END-- [ RunTime:0.004184s ]
INFO: [ app_begin ] --START--
INFO: Run Behavior\ReadHtmlCacheBehavior [ RunTime:0.007147s ]
INFO: Run Behavior\CheckLangBehavior [ RunTime:0.006826s ]
INFO: [ app_begin ] --END-- [ RunTime:0.014083s ]
SQL: SHOW COLUMNS FROM `think_column` [ RunTime:0.0004s ]
SQL: SELECT * FROM `think_column` WHERE ( status=0 and id!=5 )  [ RunTime:0.0001s ]
SQL: SHOW COLUMNS FROM `think_article` [ RunTime:0.0004s ]
SQL: SELECT * FROM `think_article` WHERE `id` = 2 LIMIT 1   [ RunTime:0.0001s ]
SQL: SELECT * FROM `think_article` WHERE `id` = 4 LIMIT 1   [ RunTime:0.0001s ]
NOTIC: [8] Undefined index: goods /mnt/share/dzx.com/Application/Home/Controller/ProductController.class.php 第 89 行.
NOTIC: [8] Undefined index: coupon /mnt/share/dzx.com/Application/Home/Controller/ProductController.class.php 第 102 行.
INFO: [ view_parse ] --START--
INFO: [ template_filter ] --START--
INFO: Run Behavior\ContentReplaceBehavior [ RunTime:0.000264s ]
INFO: [ template_filter ] --END-- [ RunTime:0.000326s ]
INFO: Run Behavior\ParseTemplateBehavior [ RunTime:0.075535s ]
INFO: [ view_parse ] --END-- [ RunTime:0.075574s ]
INFO: [ view_filter ] --START--
INFO: Run Behavior\WriteHtmlCacheBehavior [ RunTime:0.006298s ]
INFO: [ view_filter ] --END-- [ RunTime:0.006333s ]
INFO: [ app_end ] --START--
INFO: Run Behavior\ShowPageTraceBehavior [ RunTime:0.006896s ]
INFO: [ app_end ] --END-- [ RunTime:0.006938s ]

[ 2016-08-23T10:09:14+08:00 ] 192.168.188.184 /Product/cart.html
INFO: [ app_init ] --START--
INFO: Run Behavior\BuildLiteBehavior [ RunTime:0.000015s ]
INFO: [ app_init ] --END-- [ RunTime:0.003077s ]
INFO: [ app_begin ] --START--
INFO: Run Behavior\ReadHtmlCacheBehavior [ RunTime:0.006147s ]
INFO: Run Behavior\CheckLangBehavior [ RunTime:0.006072s ]
INFO: [ app_begin ] --END-- [ RunTime:0.012296s ]
SQL: SHOW COLUMNS FROM `think_column` [ RunTime:0.0004s ]
SQL: SELECT * FROM `think_column` WHERE ( status=0 and id!=5 )  [ RunTime:0.0001s ]
SQL: SHOW COLUMNS FROM `think_article` [ RunTime:0.0005s ]
SQL: SELECT * FROM `think_article` WHERE `id` = 2 LIMIT 1   [ RunTime:0.0001s ]
SQL: SELECT * FROM `think_article` WHERE `id` = 4 LIMIT 1   [ RunTime:0.0000s ]
NOTIC: [8] Undefined index: goods /mnt/share/dzx.com/Application/Home/Controller/ProductController.class.php 第 89 行.
NOTIC: [8] Undefined index: coupon /mnt/share/dzx.com/Application/Home/Controller/ProductController.class.php 第 102 行.
INFO: [ view_parse ] --START--
INFO: [ template_filter ] --START--
INFO: Run Behavior\ContentReplaceBehavior [ RunTime:0.000245s ]
INFO: [ template_filter ] --END-- [ RunTime:0.000296s ]
INFO: Run Behavior\ParseTemplateBehavior [ RunTime:0.077381s ]
INFO: [ view_parse ] --END-- [ RunTime:0.077415s ]
INFO: [ view_filter ] --START--
INFO: Run Behavior\WriteHtmlCacheBehavior [ RunTime:0.007157s ]
INFO: [ view_filter ] --END-- [ RunTime:0.007261s ]
INFO: [ app_end ] --START--
INFO: Run Behavior\ShowPageTraceBehavior [ RunTime:0.007836s ]
INFO: [ app_end ] --END-- [ RunTime:0.007892s ]

[ 2016-08-23T10:10:03+08:00 ] 192.168.188.184 /Product/cart.html
INFO: [ app_init ] --START--
INFO: Run Behavior\BuildLiteBehavior [ RunTime:0.000017s ]
INFO: [ app_init ] --END-- [ RunTime:0.003600s ]
INFO: [ app_begin ] --START--
INFO: Run Behavior\ReadHtmlCacheBehavior [ RunTime:0.007263s ]
INFO: Run Behavior\CheckLangBehavior [ RunTime:0.006745s ]
INFO: [ app_begin ] --END-- [ RunTime:0.014090s ]
SQL: SHOW COLUMNS FROM `think_column` [ RunTime:0.0004s ]
SQL: SELECT * FROM `think_column` WHERE ( status=0 and id!=5 )  [ RunTime:0.0001s ]
SQL: SHOW COLUMNS FROM `think_article` [ RunTime:0.0004s ]
SQL: SELECT * FROM `think_article` WHERE `id` = 2 LIMIT 1   [ RunTime:0.0001s ]
SQL: SELECT * FROM `think_article` WHERE `id` = 4 LIMIT 1   [ RunTime:0.0000s ]
NOTIC: [8] Undefined index: goods /mnt/share/dzx.com/Application/Home/Controller/ProductController.class.php 第 89 行.
NOTIC: [8] Undefined index: coupon /mnt/share/dzx.com/Application/Home/Controller/ProductController.class.php 第 102 行.
INFO: [ view_parse ] --START--
INFO: [ template_filter ] --START--
INFO: Run Behavior\ContentReplaceBehavior [ RunTime:0.000213s ]
INFO: [ template_filter ] --END-- [ RunTime:0.000252s ]
INFO: Run Behavior\ParseTemplateBehavior [ RunTime:0.072877s ]
INFO: [ view_parse ] --END-- [ RunTime:0.072919s ]
INFO: [ view_filter ] --START--
INFO: Run Behavior\WriteHtmlCacheBehavior [ RunTime:0.006656s ]
INFO: [ view_filter ] --END-- [ RunTime:0.006699s ]
INFO: [ app_end ] --START--
INFO: Run Behavior\ShowPageTraceBehavior [ RunTime:0.006545s ]
INFO: [ app_end ] --END-- [ RunTime:0.006602s ]

[ 2016-08-23T10:12:02+08:00 ] 192.168.188.184 /Product/cart.html
INFO: [ app_init ] --START--
INFO: Run Behavior\BuildLiteBehavior [ RunTime:0.000013s ]
INFO: [ app_init ] --END-- [ RunTime:0.003116s ]
INFO: [ app_begin ] --START--
INFO: Run Behavior\ReadHtmlCacheBehavior [ RunTime:0.006651s ]
INFO: Run Behavior\CheckLangBehavior [ RunTime:0.005830s ]
INFO: [ app_begin ] --END-- [ RunTime:0.012555s ]
SQL: SHOW COLUMNS FROM `think_column` [ RunTime:0.0004s ]
SQL: SELECT * FROM `think_column` WHERE ( status=0 and id!=5 )  [ RunTime:0.0001s ]
SQL: SHOW COLUMNS FROM `think_article` [ RunTime:0.0004s ]
SQL: SELECT * FROM `think_article` WHERE `id` = 2 LIMIT 1   [ RunTime:0.0001s ]
SQL: SELECT * FROM `think_article` WHERE `id` = 4 LIMIT 1   [ RunTime:0.0000s ]
NOTIC: [8] Undefined index: goods /mnt/share/dzx.com/Application/Home/Controller/ProductController.class.php 第 89 行.
NOTIC: [8] Undefined index: coupon /mnt/share/dzx.com/Application/Home/Controller/ProductController.class.php 第 102 行.
INFO: [ view_parse ] --START--
INFO: [ template_filter ] --START--
INFO: Run Behavior\ContentReplaceBehavior [ RunTime:0.000214s ]
INFO: [ template_filter ] --END-- [ RunTime:0.000252s ]
INFO: Run Behavior\ParseTemplateBehavior [ RunTime:0.072189s ]
INFO: [ view_parse ] --END-- [ RunTime:0.072241s ]
INFO: [ view_filter ] --START--
INFO: Run Behavior\WriteHtmlCacheBehavior [ RunTime:0.008435s ]
INFO: [ view_filter ] --END-- [ RunTime:0.008490s ]
INFO: [ app_end ] --START--
INFO: Run Behavior\ShowPageTraceBehavior [ RunTime:0.007952s ]
INFO: [ app_end ] --END-- [ RunTime:0.008002s ]

[ 2016-08-23T10:22:16+08:00 ] 192.168.188.184 /Product/cart.html
INFO: [ app_init ] --START--
INFO: Run Behavior\BuildLiteBehavior [ RunTime:0.000021s ]
INFO: [ app_init ] --END-- [ RunTime:0.004371s ]
INFO: [ app_begin ] --START--
INFO: Run Behavior\ReadHtmlCacheBehavior [ RunTime:0.008326s ]
INFO: Run Behavior\CheckLangBehavior [ RunTime:0.008194s ]
INFO: [ app_begin ] --END-- [ RunTime:0.016616s ]
SQL: SHOW COLUMNS FROM `think_column` [ RunTime:0.0004s ]
SQL: SELECT * FROM `think_column` WHERE ( status=0 and id!=5 )  [ RunTime:0.0001s ]
SQL: SHOW COLUMNS FROM `think_article` [ RunTime:0.0004s ]
SQL: SELECT * FROM `think_article` WHERE `id` = 2 LIMIT 1   [ RunTime:0.0001s ]
SQL: SELECT * FROM `think_article` WHERE `id` = 4 LIMIT 1   [ RunTime:0.0000s ]
NOTIC: [8] Undefined index: goods /mnt/share/dzx.com/Application/Home/Controller/ProductController.class.php 第 89 行.
NOTIC: [8] Undefined index: coupon /mnt/share/dzx.com/Application/Home/Controller/ProductController.class.php 第 102 行.
INFO: [ view_parse ] --START--
INFO: [ template_filter ] --START--
INFO: Run Behavior\ContentReplaceBehavior [ RunTime:0.000224s ]
INFO: [ template_filter ] --END-- [ RunTime:0.000268s ]
INFO: Run Behavior\ParseTemplateBehavior [ RunTime:0.099032s ]
INFO: [ view_parse ] --END-- [ RunTime:0.099098s ]
INFO: [ view_filter ] --START--
INFO: Run Behavior\WriteHtmlCacheBehavior [ RunTime:0.009058s ]
INFO: [ view_filter ] --END-- [ RunTime:0.009119s ]
INFO: [ app_end ] --START--
INFO: Run Behavior\ShowPageTraceBehavior [ RunTime:0.009444s ]
INFO: [ app_end ] --END-- [ RunTime:0.009510s ]

[ 2016-08-23T10:22:52+08:00 ] 192.168.188.184 /Product/cart.html
INFO: [ app_init ] --START--
INFO: Run Behavior\BuildLiteBehavior [ RunTime:0.000033s ]
INFO: [ app_init ] --END-- [ RunTime:0.003489s ]
INFO: [ app_begin ] --START--
INFO: Run Behavior\ReadHtmlCacheBehavior [ RunTime:0.008435s ]
INFO: Run Behavior\CheckLangBehavior [ RunTime:0.009372s ]
INFO: [ app_begin ] --END-- [ RunTime:0.017912s ]
SQL: SHOW COLUMNS FROM `think_column` [ RunTime:0.0003s ]
SQL: SELECT * FROM `think_column` WHERE ( status=0 and id!=5 )  [ RunTime:0.0001s ]
SQL: SHOW COLUMNS FROM `think_article` [ RunTime:0.0005s ]
SQL: SELECT * FROM `think_article` WHERE `id` = 2 LIMIT 1   [ RunTime:0.0001s ]
SQL: SELECT * FROM `think_article` WHERE `id` = 4 LIMIT 1   [ RunTime:0.0001s ]
NOTIC: [8] Undefined index: goods /mnt/share/dzx.com/Application/Home/Controller/ProductController.class.php 第 89 行.
NOTIC: [8] Undefined index: coupon /mnt/share/dzx.com/Application/Home/Controller/ProductController.class.php 第 102 行.
INFO: [ view_parse ] --START--
INFO: [ template_filter ] --START--
INFO: Run Behavior\ContentReplaceBehavior [ RunTime:0.000224s ]
INFO: [ template_filter ] --END-- [ RunTime:0.000263s ]
INFO: Run Behavior\ParseTemplateBehavior [ RunTime:0.079605s ]
INFO: [ view_parse ] --END-- [ RunTime:0.079653s ]
INFO: [ view_filter ] --START--
INFO: Run Behavior\WriteHtmlCacheBehavior [ RunTime:0.007085s ]
INFO: [ view_filter ] --END-- [ RunTime:0.007128s ]
INFO: [ app_end ] --START--
INFO: Run Behavior\ShowPageTraceBehavior [ RunTime:0.007126s ]
INFO: [ app_end ] --END-- [ RunTime:0.007177s ]

[ 2016-08-23T10:23:53+08:00 ] 192.168.188.184 /Product/cart.html
INFO: [ app_init ] --START--
INFO: Run Behavior\BuildLiteBehavior [ RunTime:0.000016s ]
INFO: [ app_init ] --END-- [ RunTime:0.004398s ]
INFO: [ app_begin ] --START--
INFO: Run Behavior\ReadHtmlCacheBehavior [ RunTime:0.007509s ]
INFO: Run Behavior\CheckLangBehavior [ RunTime:0.008014s ]
INFO: [ app_begin ] --END-- [ RunTime:0.015616s ]
SQL: SHOW COLUMNS FROM `think_column` [ RunTime:0.0004s ]
SQL: SELECT * FROM `think_column` WHERE ( status=0 and id!=5 )  [ RunTime:0.0001s ]
SQL: SHOW COLUMNS FROM `think_article` [ RunTime:0.0004s ]
SQL: SELECT * FROM `think_article` WHERE `id` = 2 LIMIT 1   [ RunTime:0.0001s ]
SQL: SELECT * FROM `think_article` WHERE `id` = 4 LIMIT 1   [ RunTime:0.0001s ]
NOTIC: [8] Undefined index: goods /mnt/share/dzx.com/Application/Home/Controller/ProductController.class.php 第 89 行.
NOTIC: [8] Undefined index: coupon /mnt/share/dzx.com/Application/Home/Controller/ProductController.class.php 第 102 行.
INFO: [ view_parse ] --START--
INFO: [ template_filter ] --START--
INFO: Run Behavior\ContentReplaceBehavior [ RunTime:0.000336s ]
INFO: [ template_filter ] --END-- [ RunTime:0.000396s ]
INFO: Run Behavior\ParseTemplateBehavior [ RunTime:0.092255s ]
INFO: [ view_parse ] --END-- [ RunTime:0.092320s ]
INFO: [ view_filter ] --START--
INFO: Run Behavior\WriteHtmlCacheBehavior [ RunTime:0.008097s ]
INFO: [ view_filter ] --END-- [ RunTime:0.008155s ]
INFO: [ app_end ] --START--
INFO: Run Behavior\ShowPageTraceBehavior [ RunTime:0.008039s ]
INFO: [ app_end ] --END-- [ RunTime:0.008082s ]

[ 2016-08-23T10:26:28+08:00 ] 192.168.188.184 /Product/cart.html
INFO: [ app_init ] --START--
INFO: Run Behavior\BuildLiteBehavior [ RunTime:0.000024s ]
INFO: [ app_init ] --END-- [ RunTime:0.004212s ]
INFO: [ app_begin ] --START--
INFO: Run Behavior\ReadHtmlCacheBehavior [ RunTime:0.009446s ]
INFO: Run Behavior\CheckLangBehavior [ RunTime:0.009112s ]
INFO: [ app_begin ] --END-- [ RunTime:0.018680s ]
SQL: SHOW COLUMNS FROM `think_column` [ RunTime:0.0006s ]
SQL: SELECT * FROM `think_column` WHERE ( status=0 and id!=5 )  [ RunTime:0.0001s ]
SQL: SHOW COLUMNS FROM `think_article` [ RunTime:0.0007s ]
SQL: SELECT * FROM `think_article` WHERE `id` = 2 LIMIT 1   [ RunTime:0.0001s ]
SQL: SELECT * FROM `think_article` WHERE `id` = 4 LIMIT 1   [ RunTime:0.0001s ]
NOTIC: [8] Undefined index: goods /mnt/share/dzx.com/Application/Home/Controller/ProductController.class.php 第 89 行.
NOTIC: [8] Undefined index: coupon /mnt/share/dzx.com/Application/Home/Controller/ProductController.class.php 第 102 行.
INFO: [ view_parse ] --START--
INFO: [ template_filter ] --START--
INFO: Run Behavior\ContentReplaceBehavior [ RunTime:0.000412s ]
INFO: [ template_filter ] --END-- [ RunTime:0.000477s ]
INFO: Run Behavior\ParseTemplateBehavior [ RunTime:0.121075s ]
INFO: [ view_parse ] --END-- [ RunTime:0.121144s ]
INFO: [ view_filter ] --START--
INFO: Run Behavior\WriteHtmlCacheBehavior [ RunTime:0.009053s ]
INFO: [ view_filter ] --END-- [ RunTime:0.009097s ]
INFO: [ app_end ] --START--
INFO: Run Behavior\ShowPageTraceBehavior [ RunTime:0.009388s ]
INFO: [ app_end ] --END-- [ RunTime:0.009439s ]

[ 2016-08-23T10:27:22+08:00 ] 192.168.188.184 /Product/cart.html
INFO: [ app_init ] --START--
INFO: Run Behavior\BuildLiteBehavior [ RunTime:0.000020s ]
INFO: [ app_init ] --END-- [ RunTime:0.004177s ]
INFO: [ app_begin ] --START--
INFO: Run Behavior\ReadHtmlCacheBehavior [ RunTime:0.009472s ]
INFO: Run Behavior\CheckLangBehavior [ RunTime:0.009025s ]
INFO: [ app_begin ] --END-- [ RunTime:0.018614s ]
SQL: SHOW COLUMNS FROM `think_column` [ RunTime:0.0005s ]
SQL: SELECT * FROM `think_column` WHERE ( status=0 and id!=5 )  [ RunTime:0.0001s ]
SQL: SHOW COLUMNS FROM `think_article` [ RunTime:0.0006s ]
SQL: SELECT * FROM `think_article` WHERE `id` = 2 LIMIT 1   [ RunTime:0.0001s ]
SQL: SELECT * FROM `think_article` WHERE `id` = 4 LIMIT 1   [ RunTime:0.0001s ]
NOTIC: [8] Undefined index: goods /mnt/share/dzx.com/Application/Home/Controller/ProductController.class.php 第 89 行.
NOTIC: [8] Undefined index: coupon /mnt/share/dzx.com/Application/Home/Controller/ProductController.class.php 第 102 行.
INFO: [ view_parse ] --START--
INFO: [ template_filter ] --START--
INFO: Run Behavior\ContentReplaceBehavior [ RunTime:0.000345s ]
INFO: [ template_filter ] --END-- [ RunTime:0.000401s ]
INFO: Run Behavior\ParseTemplateBehavior [ RunTime:0.116648s ]
INFO: [ view_parse ] --END-- [ RunTime:0.116717s ]
INFO: [ view_filter ] --START--
INFO: Run Behavior\WriteHtmlCacheBehavior [ RunTime:0.009984s ]
INFO: [ view_filter ] --END-- [ RunTime:0.010040s ]
INFO: [ app_end ] --START--
INFO: Run Behavior\ShowPageTraceBehavior [ RunTime:0.010351s ]
INFO: [ app_end ] --END-- [ RunTime:0.010414s ]

[ 2016-08-23T10:29:42+08:00 ] 192.168.188.184 /Product/cart.html
INFO: [ app_init ] --START--
INFO: Run Behavior\BuildLiteBehavior [ RunTime:0.000014s ]
INFO: [ app_init ] --END-- [ RunTime:0.004026s ]
INFO: [ app_begin ] --START--
INFO: Run Behavior\ReadHtmlCacheBehavior [ RunTime:0.008200s ]
INFO: Run Behavior\CheckLangBehavior [ RunTime:0.007408s ]
INFO: [ app_begin ] --END-- [ RunTime:0.015726s ]
SQL: SHOW COLUMNS FROM `think_column` [ RunTime:0.0004s ]
SQL: SELECT * FROM `think_column` WHERE ( status=0 and id!=5 )  [ RunTime:0.0001s ]
SQL: SHOW COLUMNS FROM `think_article` [ RunTime:0.0009s ]
SQL: SELECT * FROM `think_article` WHERE `id` = 2 LIMIT 1   [ RunTime:0.0001s ]
SQL: SELECT * FROM `think_article` WHERE `id` = 4 LIMIT 1   [ RunTime:0.0001s ]
NOTIC: [8] Undefined index: goods /mnt/share/dzx.com/Application/Home/Controller/ProductController.class.php 第 89 行.
NOTIC: [8] Undefined index: coupon /mnt/share/dzx.com/Application/Home/Controller/ProductController.class.php 第 102 行.
INFO: [ view_parse ] --START--
INFO: [ template_filter ] --START--
INFO: Run Behavior\ContentReplaceBehavior [ RunTime:0.000219s ]
INFO: [ template_filter ] --END-- [ RunTime:0.000262s ]
INFO: Run Behavior\ParseTemplateBehavior [ RunTime:0.093802s ]
INFO: [ view_parse ] --END-- [ RunTime:0.093863s ]
INFO: [ view_filter ] --START--
INFO: Run Behavior\WriteHtmlCacheBehavior [ RunTime:0.007790s ]
INFO: [ view_filter ] --END-- [ RunTime:0.007833s ]
INFO: [ app_end ] --START--
INFO: Run Behavior\ShowPageTraceBehavior [ RunTime:0.008768s ]
INFO: [ app_end ] --END-- [ RunTime:0.008825s ]

[ 2016-08-23T10:32:02+08:00 ] 192.168.188.184 /Product/cart.html
INFO: [ app_init ] --START--
INFO: Run Behavior\BuildLiteBehavior [ RunTime:0.000025s ]
INFO: [ app_init ] --END-- [ RunTime:0.004970s ]
INFO: [ app_begin ] --START--
INFO: Run Behavior\ReadHtmlCacheBehavior [ RunTime:0.009343s ]
INFO: Run Behavior\CheckLangBehavior [ RunTime:0.010452s ]
INFO: [ app_begin ] --END-- [ RunTime:0.019948s ]
SQL: SHOW COLUMNS FROM `think_column` [ RunTime:0.0006s ]
SQL: SELECT * FROM `think_column` WHERE ( status=0 and id!=5 )  [ RunTime:0.0001s ]
SQL: SHOW COLUMNS FROM `think_article` [ RunTime:0.0009s ]
SQL: SELECT * FROM `think_article` WHERE `id` = 2 LIMIT 1   [ RunTime:0.0001s ]
SQL: SELECT * FROM `think_article` WHERE `id` = 4 LIMIT 1   [ RunTime:0.0001s ]
NOTIC: [8] Undefined index: goods /mnt/share/dzx.com/Application/Home/Controller/ProductController.class.php 第 89 行.
NOTIC: [8] Undefined index: coupon /mnt/share/dzx.com/Application/Home/Controller/ProductController.class.php 第 102 行.
INFO: [ view_parse ] --START--
INFO: [ template_filter ] --START--
INFO: Run Behavior\ContentReplaceBehavior [ RunTime:0.000217s ]
INFO: [ template_filter ] --END-- [ RunTime:0.000256s ]
INFO: Run Behavior\ParseTemplateBehavior [ RunTime:0.091200s ]
INFO: [ view_parse ] --END-- [ RunTime:0.091288s ]
INFO: [ view_filter ] --START--
INFO: Run Behavior\WriteHtmlCacheBehavior [ RunTime:0.008331s ]
INFO: [ view_filter ] --END-- [ RunTime:0.008378s ]
INFO: [ app_end ] --START--
INFO: Run Behavior\ShowPageTraceBehavior [ RunTime:0.007726s ]
INFO: [ app_end ] --END-- [ RunTime:0.007773s ]

[ 2016-08-23T10:33:02+08:00 ] 192.168.188.184 /Product/cart.html
INFO: [ app_init ] --START--
INFO: Run Behavior\BuildLiteBehavior [ RunTime:0.000019s ]
INFO: [ app_init ] --END-- [ RunTime:0.004821s ]
INFO: [ app_begin ] --START--
INFO: Run Behavior\ReadHtmlCacheBehavior [ RunTime:0.008725s ]
INFO: Run Behavior\CheckLangBehavior [ RunTime:0.009451s ]
INFO: [ app_begin ] --END-- [ RunTime:0.018279s ]
SQL: SHOW COLUMNS FROM `think_column` [ RunTime:0.0007s ]
SQL: SELECT * FROM `think_column` WHERE ( status=0 and id!=5 )  [ RunTime:0.0003s ]
SQL: SHOW COLUMNS FROM `think_article` [ RunTime:0.0005s ]
SQL: SELECT * FROM `think_article` WHERE `id` = 2 LIMIT 1   [ RunTime:0.0001s ]
SQL: SELECT * FROM `think_article` WHERE `id` = 4 LIMIT 1   [ RunTime:0.0001s ]
NOTIC: [8] Undefined index: goods /mnt/share/dzx.com/Application/Home/Controller/ProductController.class.php 第 89 行.
NOTIC: [8] Undefined index: coupon /mnt/share/dzx.com/Application/Home/Controller/ProductController.class.php 第 102 行.
INFO: [ view_parse ] --START--
INFO: [ template_filter ] --START--
INFO: Run Behavior\ContentReplaceBehavior [ RunTime:0.000220s ]
INFO: [ template_filter ] --END-- [ RunTime:0.000260s ]
INFO: Run Behavior\ParseTemplateBehavior [ RunTime:0.078281s ]
INFO: [ view_parse ] --END-- [ RunTime:0.078327s ]
INFO: [ view_filter ] --START--
INFO: Run Behavior\WriteHtmlCacheBehavior [ RunTime:0.006912s ]
INFO: [ view_filter ] --END-- [ RunTime:0.006953s ]
INFO: [ app_end ] --START--
INFO: Run Behavior\ShowPageTraceBehavior [ RunTime:0.007531s ]
INFO: [ app_end ] --END-- [ RunTime:0.007579s ]

[ 2016-08-23T10:35:01+08:00 ] 192.168.188.184 /Product/cart.html
INFO: [ app_init ] --START--
INFO: Run Behavior\BuildLiteBehavior [ RunTime:0.000014s ]
INFO: [ app_init ] --END-- [ RunTime:0.003122s ]
INFO: [ app_begin ] --START--
INFO: Run Behavior\ReadHtmlCacheBehavior [ RunTime:0.007575s ]
INFO: Run Behavior\CheckLangBehavior [ RunTime:0.007278s ]
INFO: [ app_begin ] --END-- [ RunTime:0.014951s ]
SQL: SHOW COLUMNS FROM `think_column` [ RunTime:0.0004s ]
SQL: SELECT * FROM `think_column` WHERE ( status=0 and id!=5 )  [ RunTime:0.0001s ]
SQL: SHOW COLUMNS FROM `think_article` [ RunTime:0.0005s ]
SQL: SELECT * FROM `think_article` WHERE `id` = 2 LIMIT 1   [ RunTime:0.0001s ]
SQL: SELECT * FROM `think_article` WHERE `id` = 4 LIMIT 1   [ RunTime:0.0001s ]
NOTIC: [8] Undefined index: goods /mnt/share/dzx.com/Application/Home/Controller/ProductController.class.php 第 89 行.
NOTIC: [8] Undefined index: coupon /mnt/share/dzx.com/Application/Home/Controller/ProductController.class.php 第 102 行.
INFO: [ view_parse ] --START--
INFO: [ template_filter ] --START--
INFO: Run Behavior\ContentReplaceBehavior [ RunTime:0.000217s ]
INFO: [ template_filter ] --END-- [ RunTime:0.000258s ]
INFO: Run Behavior\ParseTemplateBehavior [ RunTime:0.073948s ]
INFO: [ view_parse ] --END-- [ RunTime:0.073998s ]
INFO: [ view_filter ] --START--
INFO: Run Behavior\WriteHtmlCacheBehavior [ RunTime:0.006378s ]
INFO: [ view_filter ] --END-- [ RunTime:0.006419s ]
INFO: [ app_end ] --START--
INFO: Run Behavior\ShowPageTraceBehavior [ RunTime:0.006946s ]
INFO: [ app_end ] --END-- [ RunTime:0.006995s ]

[ 2016-08-23T10:35:30+08:00 ] 192.168.188.184 /Product/cart.html
INFO: [ app_init ] --START--
INFO: Run Behavior\BuildLiteBehavior [ RunTime:0.000012s ]
INFO: [ app_init ] --END-- [ RunTime:0.003246s ]
INFO: [ app_begin ] --START--
INFO: Run Behavior\ReadHtmlCacheBehavior [ RunTime:0.009348s ]
INFO: Run Behavior\CheckLangBehavior [ RunTime:0.006726s ]
INFO: [ app_begin ] --END-- [ RunTime:0.016156s ]
SQL: SHOW COLUMNS FROM `think_column` [ RunTime:0.0004s ]
SQL: SELECT * FROM `think_column` WHERE ( status=0 and id!=5 )  [ RunTime:0.0001s ]
SQL: SHOW COLUMNS FROM `think_article` [ RunTime:0.0005s ]
SQL: SELECT * FROM `think_article` WHERE `id` = 2 LIMIT 1   [ RunTime:0.0001s ]
SQL: SELECT * FROM `think_article` WHERE `id` = 4 LIMIT 1   [ RunTime:0.0001s ]
NOTIC: [8] Undefined index: goods /mnt/share/dzx.com/Application/Home/Controller/ProductController.class.php 第 89 行.
NOTIC: [8] Undefined index: coupon /mnt/share/dzx.com/Application/Home/Controller/ProductController.class.php 第 102 行.
INFO: [ view_parse ] --START--
INFO: [ template_filter ] --START--
INFO: Run Behavior\ContentReplaceBehavior [ RunTime:0.000218s ]
INFO: [ template_filter ] --END-- [ RunTime:0.000254s ]
INFO: Run Behavior\ParseTemplateBehavior [ RunTime:0.080674s ]
INFO: [ view_parse ] --END-- [ RunTime:0.080712s ]
INFO: [ view_filter ] --START--
INFO: Run Behavior\WriteHtmlCacheBehavior [ RunTime:0.008171s ]
INFO: [ view_filter ] --END-- [ RunTime:0.008227s ]
INFO: [ app_end ] --START--
INFO: Run Behavior\ShowPageTraceBehavior [ RunTime:0.006705s ]
INFO: [ app_end ] --END-- [ RunTime:0.006751s ]

[ 2016-08-23T10:35:43+08:00 ] 192.168.188.184 /Product/cart.html
INFO: [ app_init ] --START--
INFO: Run Behavior\BuildLiteBehavior [ RunTime:0.000026s ]
INFO: [ app_init ] --END-- [ RunTime:0.003190s ]
INFO: [ app_begin ] --START--
INFO: Run Behavior\ReadHtmlCacheBehavior [ RunTime:0.006881s ]
INFO: Run Behavior\CheckLangBehavior [ RunTime:0.006431s ]
INFO: [ app_begin ] --END-- [ RunTime:0.013413s ]
SQL: SHOW COLUMNS FROM `think_column` [ RunTime:0.0005s ]
SQL: SELECT * FROM `think_column` WHERE ( status=0 and id!=5 )  [ RunTime:0.0001s ]
SQL: SHOW COLUMNS FROM `think_article` [ RunTime:0.0004s ]
SQL: SELECT * FROM `think_article` WHERE `id` = 2 LIMIT 1   [ RunTime:0.0001s ]
SQL: SELECT * FROM `think_article` WHERE `id` = 4 LIMIT 1   [ RunTime:0.0001s ]
NOTIC: [8] Undefined index: goods /mnt/share/dzx.com/Application/Home/Controller/ProductController.class.php 第 89 行.
NOTIC: [8] Undefined index: coupon /mnt/share/dzx.com/Application/Home/Controller/ProductController.class.php 第 102 行.
INFO: [ view_parse ] --START--
INFO: [ template_filter ] --START--
INFO: Run Behavior\ContentReplaceBehavior [ RunTime:0.000238s ]
INFO: [ template_filter ] --END-- [ RunTime:0.000279s ]
INFO: Run Behavior\ParseTemplateBehavior [ RunTime:0.070105s ]
INFO: [ view_parse ] --END-- [ RunTime:0.070158s ]
INFO: [ view_filter ] --START--
INFO: Run Behavior\WriteHtmlCacheBehavior [ RunTime:0.006133s ]
INFO: [ view_filter ] --END-- [ RunTime:0.006167s ]
INFO: [ app_end ] --START--
INFO: Run Behavior\ShowPageTraceBehavior [ RunTime:0.006786s ]
INFO: [ app_end ] --END-- [ RunTime:0.006832s ]

[ 2016-08-23T10:35:52+08:00 ] 192.168.188.184 /Product/cart.html
INFO: [ app_init ] --START--
INFO: Run Behavior\BuildLiteBehavior [ RunTime:0.000013s ]
INFO: [ app_init ] --END-- [ RunTime:0.003121s ]
INFO: [ app_begin ] --START--
INFO: Run Behavior\ReadHtmlCacheBehavior [ RunTime:0.006805s ]
INFO: Run Behavior\CheckLangBehavior [ RunTime:0.006764s ]
INFO: [ app_begin ] --END-- [ RunTime:0.013646s ]
SQL: SHOW COLUMNS FROM `think_column` [ RunTime:0.0004s ]
SQL: SELECT * FROM `think_column` WHERE ( status=0 and id!=5 )  [ RunTime:0.0001s ]
SQL: SHOW COLUMNS FROM `think_article` [ RunTime:0.0004s ]
SQL: SELECT * FROM `think_article` WHERE `id` = 2 LIMIT 1   [ RunTime:0.0001s ]
SQL: SELECT * FROM `think_article` WHERE `id` = 4 LIMIT 1   [ RunTime:0.0000s ]
NOTIC: [8] Undefined index: goods /mnt/share/dzx.com/Application/Home/Controller/ProductController.class.php 第 89 行.
NOTIC: [8] Undefined index: coupon /mnt/share/dzx.com/Application/Home/Controller/ProductController.class.php 第 102 行.
INFO: [ view_parse ] --START--
INFO: [ template_filter ] --START--
INFO: Run Behavior\ContentReplaceBehavior [ RunTime:0.000220s ]
INFO: [ template_filter ] --END-- [ RunTime:0.000257s ]
INFO: Run Behavior\ParseTemplateBehavior [ RunTime:0.072188s ]
INFO: [ view_parse ] --END-- [ RunTime:0.072226s ]
INFO: [ view_filter ] --START--
INFO: Run Behavior\WriteHtmlCacheBehavior [ RunTime:0.005660s ]
INFO: [ view_filter ] --END-- [ RunTime:0.005689s ]
INFO: [ app_end ] --START--
INFO: Run Behavior\ShowPageTraceBehavior [ RunTime:0.006672s ]
INFO: [ app_end ] --END-- [ RunTime:0.006715s ]

[ 2016-08-23T10:35:56+08:00 ] 192.168.188.184 /Product/cart.html
INFO: [ app_init ] --START--
INFO: Run Behavior\BuildLiteBehavior [ RunTime:0.000013s ]
INFO: [ app_init ] --END-- [ RunTime:0.003250s ]
INFO: [ app_begin ] --START--
INFO: Run Behavior\ReadHtmlCacheBehavior [ RunTime:0.006795s ]
INFO: Run Behavior\CheckLangBehavior [ RunTime:0.006365s ]
INFO: [ app_begin ] --END-- [ RunTime:0.013236s ]
SQL: SHOW COLUMNS FROM `think_column` [ RunTime:0.0003s ]
SQL: SELECT * FROM `think_column` WHERE ( status=0 and id!=5 )  [ RunTime:0.0001s ]
SQL: SHOW COLUMNS FROM `think_article` [ RunTime:0.0004s ]
SQL: SELECT * FROM `think_article` WHERE `id` = 2 LIMIT 1   [ RunTime:0.0001s ]
SQL: SELECT * FROM `think_article` WHERE `id` = 4 LIMIT 1   [ RunTime:0.0001s ]
NOTIC: [8] Undefined index: goods /mnt/share/dzx.com/Application/Home/Controller/ProductController.class.php 第 89 行.
NOTIC: [8] Undefined index: coupon /mnt/share/dzx.com/Application/Home/Controller/ProductController.class.php 第 102 行.
INFO: [ view_parse ] --START--
INFO: [ template_filter ] --START--
INFO: Run Behavior\ContentReplaceBehavior [ RunTime:0.000221s ]
INFO: [ template_filter ] --END-- [ RunTime:0.000260s ]
INFO: Run Behavior\ParseTemplateBehavior [ RunTime:0.072760s ]
INFO: [ view_parse ] --END-- [ RunTime:0.072802s ]
INFO: [ view_filter ] --START--
INFO: Run Behavior\WriteHtmlCacheBehavior [ RunTime:0.007142s ]
INFO: [ view_filter ] --END-- [ RunTime:0.007184s ]
INFO: [ app_end ] --START--
INFO: Run Behavior\ShowPageTraceBehavior [ RunTime:0.006987s ]
INFO: [ app_end ] --END-- [ RunTime:0.007031s ]

[ 2016-08-23T10:36:11+08:00 ] 192.168.188.184 /Product/cart.html
INFO: [ app_init ] --START--
INFO: Run Behavior\BuildLiteBehavior [ RunTime:0.000014s ]
INFO: [ app_init ] --END-- [ RunTime:0.003504s ]
INFO: [ app_begin ] --START--
INFO: Run Behavior\ReadHtmlCacheBehavior [ RunTime:0.007192s ]
INFO: Run Behavior\CheckLangBehavior [ RunTime:0.006807s ]
INFO: [ app_begin ] --END-- [ RunTime:0.014096s ]
SQL: SHOW COLUMNS FROM `think_column` [ RunTime:0.0003s ]
SQL: SELECT * FROM `think_column` WHERE ( status=0 and id!=5 )  [ RunTime:0.0001s ]
SQL: SHOW COLUMNS FROM `think_article` [ RunTime:0.0004s ]
SQL: SELECT * FROM `think_article` WHERE `id` = 2 LIMIT 1   [ RunTime:0.0001s ]
SQL: SELECT * FROM `think_article` WHERE `id` = 4 LIMIT 1   [ RunTime:0.0000s ]
NOTIC: [8] Undefined index: goods /mnt/share/dzx.com/Application/Home/Controller/ProductController.class.php 第 89 行.
NOTIC: [8] Undefined index: coupon /mnt/share/dzx.com/Application/Home/Controller/ProductController.class.php 第 102 行.
INFO: [ view_parse ] --START--
INFO: [ template_filter ] --START--
INFO: Run Behavior\ContentReplaceBehavior [ RunTime:0.000229s ]
INFO: [ template_filter ] --END-- [ RunTime:0.000284s ]
INFO: Run Behavior\ParseTemplateBehavior [ RunTime:0.077210s ]
INFO: [ view_parse ] --END-- [ RunTime:0.077256s ]
INFO: [ view_filter ] --START--
INFO: Run Behavior\WriteHtmlCacheBehavior [ RunTime:0.006374s ]
INFO: [ view_filter ] --END-- [ RunTime:0.006408s ]
INFO: [ app_end ] --START--
INFO: Run Behavior\ShowPageTraceBehavior [ RunTime:0.007228s ]
INFO: [ app_end ] --END-- [ RunTime:0.007272s ]

[ 2016-08-23T10:36:50+08:00 ] 192.168.188.184 /Product/cart.html
INFO: [ app_init ] --START--
INFO: Run Behavior\BuildLiteBehavior [ RunTime:0.000020s ]
INFO: [ app_init ] --END-- [ RunTime:0.004178s ]
INFO: [ app_begin ] --START--
INFO: Run Behavior\ReadHtmlCacheBehavior [ RunTime:0.008474s ]
INFO: Run Behavior\CheckLangBehavior [ RunTime:0.008148s ]
INFO: [ app_begin ] --END-- [ RunTime:0.016721s ]
SQL: SHOW COLUMNS FROM `think_column` [ RunTime:0.0005s ]
SQL: SELECT * FROM `think_column` WHERE ( status=0 and id!=5 )  [ RunTime:0.0001s ]
SQL: SHOW COLUMNS FROM `think_article` [ RunTime:0.0005s ]
SQL: SELECT * FROM `think_article` WHERE `id` = 2 LIMIT 1   [ RunTime:0.0001s ]
SQL: SELECT * FROM `think_article` WHERE `id` = 4 LIMIT 1   [ RunTime:0.0001s ]
NOTIC: [8] Undefined index: goods /mnt/share/dzx.com/Application/Home/Controller/ProductController.class.php 第 89 行.
NOTIC: [8] Undefined index: coupon /mnt/share/dzx.com/Application/Home/Controller/ProductController.class.php 第 102 行.
INFO: [ view_parse ] --START--
INFO: [ template_filter ] --START--
INFO: Run Behavior\ContentReplaceBehavior [ RunTime:0.000271s ]
INFO: [ template_filter ] --END-- [ RunTime:0.000321s ]
INFO: Run Behavior\ParseTemplateBehavior [ RunTime:0.094774s ]
INFO: [ view_parse ] --END-- [ RunTime:0.094829s ]
INFO: [ view_filter ] --START--
INFO: Run Behavior\WriteHtmlCacheBehavior [ RunTime:0.007954s ]
INFO: [ view_filter ] --END-- [ RunTime:0.007999s ]
INFO: [ app_end ] --START--
INFO: Run Behavior\ShowPageTraceBehavior [ RunTime:0.008246s ]
INFO: [ app_end ] --END-- [ RunTime:0.008306s ]

[ 2016-08-23T10:36:55+08:00 ] 192.168.188.184 /Product/cart.html
INFO: [ app_init ] --START--
INFO: Run Behavior\BuildLiteBehavior [ RunTime:0.000015s ]
INFO: [ app_init ] --END-- [ RunTime:0.003166s ]
INFO: [ app_begin ] --START--
INFO: Run Behavior\ReadHtmlCacheBehavior [ RunTime:0.007165s ]
INFO: Run Behavior\CheckLangBehavior [ RunTime:0.006825s ]
INFO: [ app_begin ] --END-- [ RunTime:0.014085s ]
SQL: SHOW COLUMNS FROM `think_column` [ RunTime:0.0005s ]
SQL: SELECT * FROM `think_column` WHERE ( status=0 and id!=5 )  [ RunTime:0.0001s ]
SQL: SHOW COLUMNS FROM `think_article` [ RunTime:0.0004s ]
SQL: SELECT * FROM `think_article` WHERE `id` = 2 LIMIT 1   [ RunTime:0.0001s ]
SQL: SELECT * FROM `think_article` WHERE `id` = 4 LIMIT 1   [ RunTime:0.0000s ]
NOTIC: [8] Undefined index: goods /mnt/share/dzx.com/Application/Home/Controller/ProductController.class.php 第 89 行.
NOTIC: [8] Undefined index: coupon /mnt/share/dzx.com/Application/Home/Controller/ProductController.class.php 第 102 行.
INFO: [ view_parse ] --START--
INFO: [ template_filter ] --START--
INFO: Run Behavior\ContentReplaceBehavior [ RunTime:0.000237s ]
INFO: [ template_filter ] --END-- [ RunTime:0.000277s ]
INFO: Run Behavior\ParseTemplateBehavior [ RunTime:0.077021s ]
INFO: [ view_parse ] --END-- [ RunTime:0.077063s ]
INFO: [ view_filter ] --START--
INFO: Run Behavior\WriteHtmlCacheBehavior [ RunTime:0.006203s ]
INFO: [ view_filter ] --END-- [ RunTime:0.006232s ]
INFO: [ app_end ] --START--
INFO: Run Behavior\ShowPageTraceBehavior [ RunTime:0.006684s ]
INFO: [ app_end ] --END-- [ RunTime:0.006725s ]

[ 2016-08-23T10:38:45+08:00 ] 192.168.188.184 /Product/cart.html
INFO: [ app_init ] --START--
INFO: Run Behavior\BuildLiteBehavior [ RunTime:0.000016s ]
INFO: [ app_init ] --END-- [ RunTime:0.004110s ]
INFO: [ app_begin ] --START--
INFO: Run Behavior\ReadHtmlCacheBehavior [ RunTime:0.008062s ]
INFO: Run Behavior\CheckLangBehavior [ RunTime:0.008232s ]
INFO: [ app_begin ] --END-- [ RunTime:0.016390s ]
SQL: SHOW COLUMNS FROM `think_column` [ RunTime:0.0004s ]
SQL: SELECT * FROM `think_column` WHERE ( status=0 and id!=5 )  [ RunTime:0.0001s ]
SQL: SHOW COLUMNS FROM `think_article` [ RunTime:0.0004s ]
SQL: SELECT * FROM `think_article` WHERE `id` = 2 LIMIT 1   [ RunTime:0.0001s ]
SQL: SELECT * FROM `think_article` WHERE `id` = 4 LIMIT 1   [ RunTime:0.0001s ]
NOTIC: [8] Undefined index: goods /mnt/share/dzx.com/Application/Home/Controller/ProductController.class.php 第 89 行.
NOTIC: [8] Undefined index: coupon /mnt/share/dzx.com/Application/Home/Controller/ProductController.class.php 第 102 行.
INFO: [ view_parse ] --START--
INFO: [ template_filter ] --START--
INFO: Run Behavior\ContentReplaceBehavior [ RunTime:0.000223s ]
INFO: [ template_filter ] --END-- [ RunTime:0.000268s ]
INFO: Run Behavior\ParseTemplateBehavior [ RunTime:0.087850s ]
INFO: [ view_parse ] --END-- [ RunTime:0.087895s ]
INFO: [ view_filter ] --START--
INFO: Run Behavior\WriteHtmlCacheBehavior [ RunTime:0.007321s ]
INFO: [ view_filter ] --END-- [ RunTime:0.007352s ]
INFO: [ app_end ] --START--
INFO: Run Behavior\ShowPageTraceBehavior [ RunTime:0.008031s ]
INFO: [ app_end ] --END-- [ RunTime:0.008093s ]

[ 2016-08-23T10:38:57+08:00 ] 192.168.188.184 /Product/cart.html
INFO: [ app_init ] --START--
INFO: Run Behavior\BuildLiteBehavior [ RunTime:0.000027s ]
INFO: [ app_init ] --END-- [ RunTime:0.003153s ]
INFO: [ app_begin ] --START--
INFO: Run Behavior\ReadHtmlCacheBehavior [ RunTime:0.008740s ]
INFO: Run Behavior\CheckLangBehavior [ RunTime:0.009528s ]
INFO: [ app_begin ] --END-- [ RunTime:0.018379s ]
SQL: SHOW COLUMNS FROM `think_column` [ RunTime:0.0004s ]
SQL: SELECT * FROM `think_column` WHERE ( status=0 and id!=5 )  [ RunTime:0.0001s ]
SQL: SHOW COLUMNS FROM `think_article` [ RunTime:0.0005s ]
SQL: SELECT * FROM `think_article` WHERE `id` = 2 LIMIT 1   [ RunTime:0.0001s ]
SQL: SELECT * FROM `think_article` WHERE `id` = 4 LIMIT 1   [ RunTime:0.0001s ]
NOTIC: [8] Undefined index: goods /mnt/share/dzx.com/Application/Home/Controller/ProductController.class.php 第 89 行.
NOTIC: [8] Undefined index: coupon /mnt/share/dzx.com/Application/Home/Controller/ProductController.class.php 第 102 行.
INFO: [ view_parse ] --START--
INFO: [ template_filter ] --START--
INFO: Run Behavior\ContentReplaceBehavior [ RunTime:0.000257s ]
INFO: [ template_filter ] --END-- [ RunTime:0.000301s ]
INFO: Run Behavior\ParseTemplateBehavior [ RunTime:0.085152s ]
INFO: [ view_parse ] --END-- [ RunTime:0.085201s ]
INFO: [ view_filter ] --START--
INFO: Run Behavior\WriteHtmlCacheBehavior [ RunTime:0.007483s ]
INFO: [ view_filter ] --END-- [ RunTime:0.007532s ]
INFO: [ app_end ] --START--
INFO: Run Behavior\ShowPageTraceBehavior [ RunTime:0.010063s ]
INFO: [ app_end ] --END-- [ RunTime:0.010123s ]

[ 2016-08-23T10:39:08+08:00 ] 192.168.188.184 /Product/cart.html
INFO: [ app_init ] --START--
INFO: Run Behavior\BuildLiteBehavior [ RunTime:0.000021s ]
INFO: [ app_init ] --END-- [ RunTime:0.004784s ]
INFO: [ app_begin ] --START--
INFO: Run Behavior\ReadHtmlCacheBehavior [ RunTime:0.009348s ]
INFO: Run Behavior\CheckLangBehavior [ RunTime:0.013113s ]
INFO: [ app_begin ] --END-- [ RunTime:0.022576s ]
SQL: SHOW COLUMNS FROM `think_column` [ RunTime:0.0006s ]
SQL: SELECT * FROM `think_column` WHERE ( status=0 and id!=5 )  [ RunTime:0.0001s ]
SQL: SHOW COLUMNS FROM `think_article` [ RunTime:0.0006s ]
SQL: SELECT * FROM `think_article` WHERE `id` = 2 LIMIT 1   [ RunTime:0.0002s ]
SQL: SELECT * FROM `think_article` WHERE `id` = 4 LIMIT 1   [ RunTime:0.0001s ]
NOTIC: [8] Undefined index: goods /mnt/share/dzx.com/Application/Home/Controller/ProductController.class.php 第 89 行.
NOTIC: [8] Undefined index: coupon /mnt/share/dzx.com/Application/Home/Controller/ProductController.class.php 第 102 行.
INFO: [ view_parse ] --START--
INFO: [ template_filter ] --START--
INFO: Run Behavior\ContentReplaceBehavior [ RunTime:0.000371s ]
INFO: [ template_filter ] --END-- [ RunTime:0.000427s ]
INFO: Run Behavior\ParseTemplateBehavior [ RunTime:0.106546s ]
INFO: [ view_parse ] --END-- [ RunTime:0.106610s ]
INFO: [ view_filter ] --START--
INFO: Run Behavior\WriteHtmlCacheBehavior [ RunTime:0.009551s ]
INFO: [ view_filter ] --END-- [ RunTime:0.009609s ]
INFO: [ app_end ] --START--
INFO: Run Behavior\ShowPageTraceBehavior [ RunTime:0.008910s ]
INFO: [ app_end ] --END-- [ RunTime:0.008970s ]

[ 2016-08-23T10:40:46+08:00 ] 192.168.188.184 /Product/cart.html
INFO: [ app_init ] --START--
INFO: Run Behavior\BuildLiteBehavior [ RunTime:0.000027s ]
INFO: [ app_init ] --END-- [ RunTime:0.004835s ]
INFO: [ app_begin ] --START--
INFO: Run Behavior\ReadHtmlCacheBehavior [ RunTime:0.009398s ]
INFO: Run Behavior\CheckLangBehavior [ RunTime:0.008545s ]
INFO: [ app_begin ] --END-- [ RunTime:0.018051s ]
SQL: SHOW COLUMNS FROM `think_column` [ RunTime:0.0003s ]
SQL: SELECT * FROM `think_column` WHERE ( status=0 and id!=5 )  [ RunTime:0.0001s ]
SQL: SHOW COLUMNS FROM `think_article` [ RunTime:0.0004s ]
SQL: SELECT * FROM `think_article` WHERE `id` = 2 LIMIT 1   [ RunTime:0.0001s ]
SQL: SELECT * FROM `think_article` WHERE `id` = 4 LIMIT 1   [ RunTime:0.0000s ]
NOTIC: [8] Undefined index: goods /mnt/share/dzx.com/Application/Home/Controller/ProductController.class.php 第 89 行.
NOTIC: [8] Undefined index: coupon /mnt/share/dzx.com/Application/Home/Controller/ProductController.class.php 第 102 行.
INFO: [ view_parse ] --START--
INFO: [ template_filter ] --START--
INFO: Run Behavior\ContentReplaceBehavior [ RunTime:0.000222s ]
INFO: [ template_filter ] --END-- [ RunTime:0.000265s ]
INFO: Run Behavior\ParseTemplateBehavior [ RunTime:0.090224s ]
INFO: [ view_parse ] --END-- [ RunTime:0.090274s ]
INFO: [ view_filter ] --START--
INFO: Run Behavior\WriteHtmlCacheBehavior [ RunTime:0.008228s ]
INFO: [ view_filter ] --END-- [ RunTime:0.008272s ]
INFO: [ app_end ] --START--
INFO: Run Behavior\ShowPageTraceBehavior [ RunTime:0.008855s ]
INFO: [ app_end ] --END-- [ RunTime:0.008911s ]

[ 2016-08-23T10:42:19+08:00 ] 192.168.188.184 /Product/cart.html
INFO: [ app_init ] --START--
INFO: Run Behavior\BuildLiteBehavior [ RunTime:0.000025s ]
INFO: [ app_init ] --END-- [ RunTime:0.004563s ]
INFO: [ app_begin ] --START--
INFO: Run Behavior\ReadHtmlCacheBehavior [ RunTime:0.010004s ]
INFO: Run Behavior\CheckLangBehavior [ RunTime:0.010816s ]
INFO: [ app_begin ] --END-- [ RunTime:0.020971s ]
SQL: SHOW COLUMNS FROM `think_column` [ RunTime:0.0006s ]
SQL: SELECT * FROM `think_column` WHERE ( status=0 and id!=5 )  [ RunTime:0.0001s ]
SQL: SHOW COLUMNS FROM `think_article` [ RunTime:0.0007s ]
SQL: SELECT * FROM `think_article` WHERE `id` = 2 LIMIT 1   [ RunTime:0.0001s ]
SQL: SELECT * FROM `think_article` WHERE `id` = 4 LIMIT 1   [ RunTime:0.0001s ]
NOTIC: [8] Undefined index: goods /mnt/share/dzx.com/Application/Home/Controller/ProductController.class.php 第 89 行.
NOTIC: [8] Undefined index: coupon /mnt/share/dzx.com/Application/Home/Controller/ProductController.class.php 第 102 行.
INFO: [ view_parse ] --START--
INFO: [ template_filter ] --START--
INFO: Run Behavior\ContentReplaceBehavior [ RunTime:0.000222s ]
INFO: [ template_filter ] --END-- [ RunTime:0.000282s ]
INFO: Run Behavior\ParseTemplateBehavior [ RunTime:0.090268s ]
INFO: [ view_parse ] --END-- [ RunTime:0.090324s ]
INFO: [ view_filter ] --START--
INFO: Run Behavior\WriteHtmlCacheBehavior [ RunTime:0.005919s ]
INFO: [ view_filter ] --END-- [ RunTime:0.005950s ]
INFO: [ app_end ] --START--
INFO: Run Behavior\ShowPageTraceBehavior [ RunTime:0.006468s ]
INFO: [ app_end ] --END-- [ RunTime:0.006514s ]

[ 2016-08-23T10:43:42+08:00 ] 192.168.188.184 /Product/cart.html
INFO: [ app_init ] --START--
INFO: Run Behavior\BuildLiteBehavior [ RunTime:0.000013s ]
INFO: [ app_init ] --END-- [ RunTime:0.002943s ]
INFO: [ app_begin ] --START--
INFO: Run Behavior\ReadHtmlCacheBehavior [ RunTime:0.006885s ]
INFO: Run Behavior\CheckLangBehavior [ RunTime:0.005856s ]
INFO: [ app_begin ] --END-- [ RunTime:0.012827s ]
SQL: SHOW COLUMNS FROM `think_column` [ RunTime:0.0003s ]
SQL: SELECT * FROM `think_column` WHERE ( status=0 and id!=5 )  [ RunTime:0.0001s ]
SQL: SHOW COLUMNS FROM `think_article` [ RunTime:0.0004s ]
SQL: SELECT * FROM `think_article` WHERE `id` = 2 LIMIT 1   [ RunTime:0.0001s ]
SQL: SELECT * FROM `think_article` WHERE `id` = 4 LIMIT 1   [ RunTime:0.0000s ]
NOTIC: [8] Undefined index: goods /mnt/share/dzx.com/Application/Home/Controller/ProductController.class.php 第 89 行.
NOTIC: [8] Undefined index: coupon /mnt/share/dzx.com/Application/Home/Controller/ProductController.class.php 第 102 行.
INFO: [ view_parse ] --START--
INFO: [ template_filter ] --START--
INFO: Run Behavior\ContentReplaceBehavior [ RunTime:0.000224s ]
INFO: [ template_filter ] --END-- [ RunTime:0.000262s ]
INFO: Run Behavior\ParseTemplateBehavior [ RunTime:0.075902s ]
INFO: [ view_parse ] --END-- [ RunTime:0.075943s ]
INFO: [ view_filter ] --START--
INFO: Run Behavior\WriteHtmlCacheBehavior [ RunTime:0.006688s ]
INFO: [ view_filter ] --END-- [ RunTime:0.006728s ]
INFO: [ app_end ] --START--
INFO: Run Behavior\ShowPageTraceBehavior [ RunTime:0.007405s ]
INFO: [ app_end ] --END-- [ RunTime:0.007449s ]

[ 2016-08-23T10:50:00+08:00 ] 192.168.188.184 /Product/cart.html
INFO: [ app_init ] --START--
INFO: Run Behavior\BuildLiteBehavior [ RunTime:0.000016s ]
INFO: [ app_init ] --END-- [ RunTime:0.004500s ]
INFO: [ app_begin ] --START--
INFO: Run Behavior\ReadHtmlCacheBehavior [ RunTime:0.010720s ]
INFO: Run Behavior\CheckLangBehavior [ RunTime:0.009766s ]
INFO: [ app_begin ] --END-- [ RunTime:0.020634s ]
SQL: SHOW COLUMNS FROM `think_column` [ RunTime:0.0022s ]
SQL: SELECT * FROM `think_column` WHERE ( status=0 and id!=5 )  [ RunTime:0.0001s ]
SQL: SHOW COLUMNS FROM `think_article` [ RunTime:0.0007s ]
SQL: SELECT * FROM `think_article` WHERE `id` = 2 LIMIT 1   [ RunTime:0.0001s ]
SQL: SELECT * FROM `think_article` WHERE `id` = 4 LIMIT 1   [ RunTime:0.0001s ]
NOTIC: [8] Undefined index: goods /mnt/share/dzx.com/Application/Home/Controller/ProductController.class.php 第 89 行.
NOTIC: [8] Undefined index: coupon /mnt/share/dzx.com/Application/Home/Controller/ProductController.class.php 第 102 行.
INFO: [ view_parse ] --START--
INFO: [ template_filter ] --START--
INFO: Run Behavior\ContentReplaceBehavior [ RunTime:0.000305s ]
INFO: [ template_filter ] --END-- [ RunTime:0.000370s ]
INFO: Run Behavior\ParseTemplateBehavior [ RunTime:0.114673s ]
INFO: [ view_parse ] --END-- [ RunTime:0.114736s ]
INFO: [ view_filter ] --START--
INFO: Run Behavior\WriteHtmlCacheBehavior [ RunTime:0.008320s ]
INFO: [ view_filter ] --END-- [ RunTime:0.008364s ]
INFO: [ app_end ] --START--
INFO: Run Behavior\ShowPageTraceBehavior [ RunTime:0.010245s ]
INFO: [ app_end ] --END-- [ RunTime:0.010295s ]

[ 2016-08-23T10:50:23+08:00 ] 192.168.188.184 /Product/cart.html
INFO: [ app_init ] --START--
INFO: Run Behavior\BuildLiteBehavior [ RunTime:0.000013s ]
INFO: [ app_init ] --END-- [ RunTime:0.003080s ]
INFO: [ app_begin ] --START--
INFO: Run Behavior\ReadHtmlCacheBehavior [ RunTime:0.006577s ]
INFO: Run Behavior\CheckLangBehavior [ RunTime:0.005968s ]
INFO: [ app_begin ] --END-- [ RunTime:0.012636s ]
SQL: SHOW COLUMNS FROM `think_column` [ RunTime:0.0004s ]
SQL: SELECT * FROM `think_column` WHERE ( status=0 and id!=5 )  [ RunTime:0.0001s ]
SQL: SHOW COLUMNS FROM `think_article` [ RunTime:0.0004s ]
SQL: SELECT * FROM `think_article` WHERE `id` = 2 LIMIT 1   [ RunTime:0.0001s ]
SQL: SELECT * FROM `think_article` WHERE `id` = 4 LIMIT 1   [ RunTime:0.0001s ]
NOTIC: [8] Undefined index: goods /mnt/share/dzx.com/Application/Home/Controller/ProductController.class.php 第 89 行.
NOTIC: [8] Undefined index: coupon /mnt/share/dzx.com/Application/Home/Controller/ProductController.class.php 第 102 行.
INFO: [ view_parse ] --START--
INFO: [ template_filter ] --START--
INFO: Run Behavior\ContentReplaceBehavior [ RunTime:0.000225s ]
INFO: [ template_filter ] --END-- [ RunTime:0.000262s ]
INFO: Run Behavior\ParseTemplateBehavior [ RunTime:0.070422s ]
INFO: [ view_parse ] --END-- [ RunTime:0.070464s ]
INFO: [ view_filter ] --START--
INFO: Run Behavior\WriteHtmlCacheBehavior [ RunTime:0.005718s ]
INFO: [ view_filter ] --END-- [ RunTime:0.005746s ]
INFO: [ app_end ] --START--
INFO: Run Behavior\ShowPageTraceBehavior [ RunTime:0.006566s ]
INFO: [ app_end ] --END-- [ RunTime:0.006607s ]

[ 2016-08-23T10:52:13+08:00 ] 192.168.188.184 /Product/cart.html
INFO: [ app_init ] --START--
INFO: Run Behavior\BuildLiteBehavior [ RunTime:0.000022s ]
INFO: [ app_init ] --END-- [ RunTime:0.004667s ]
INFO: [ app_begin ] --START--
INFO: Run Behavior\ReadHtmlCacheBehavior [ RunTime:0.010032s ]
INFO: Run Behavior\CheckLangBehavior [ RunTime:0.009327s ]
INFO: [ app_begin ] --END-- [ RunTime:0.019487s ]
SQL: SHOW COLUMNS FROM `think_column` [ RunTime:0.0005s ]
SQL: SELECT * FROM `think_column` WHERE ( status=0 and id!=5 )  [ RunTime:0.0001s ]
SQL: SHOW COLUMNS FROM `think_article` [ RunTime:0.0008s ]
SQL: SELECT * FROM `think_article` WHERE `id` = 2 LIMIT 1   [ RunTime:0.0001s ]
SQL: SELECT * FROM `think_article` WHERE `id` = 4 LIMIT 1   [ RunTime:0.0001s ]
NOTIC: [8] Undefined index: goods /mnt/share/dzx.com/Application/Home/Controller/ProductController.class.php 第 89 行.
NOTIC: [8] Undefined index: coupon /mnt/share/dzx.com/Application/Home/Controller/ProductController.class.php 第 102 行.
INFO: [ view_parse ] --START--
INFO: [ template_filter ] --START--
INFO: Run Behavior\ContentReplaceBehavior [ RunTime:0.000368s ]
INFO: [ template_filter ] --END-- [ RunTime:0.000445s ]
INFO: Run Behavior\ParseTemplateBehavior [ RunTime:0.107519s ]
INFO: [ view_parse ] --END-- [ RunTime:0.107582s ]
INFO: [ view_filter ] --START--
INFO: Run Behavior\WriteHtmlCacheBehavior [ RunTime:0.008697s ]
INFO: [ view_filter ] --END-- [ RunTime:0.008755s ]
INFO: [ app_end ] --START--
INFO: Run Behavior\ShowPageTraceBehavior [ RunTime:0.009969s ]
INFO: [ app_end ] --END-- [ RunTime:0.010047s ]

[ 2016-08-23T10:53:02+08:00 ] 192.168.188.184 /Product/cart.html
INFO: [ app_init ] --START--
INFO: Run Behavior\BuildLiteBehavior [ RunTime:0.000015s ]
INFO: [ app_init ] --END-- [ RunTime:0.003591s ]
INFO: [ app_begin ] --START--
INFO: Run Behavior\ReadHtmlCacheBehavior [ RunTime:0.006721s ]
INFO: Run Behavior\CheckLangBehavior [ RunTime:0.008944s ]
INFO: [ app_begin ] --END-- [ RunTime:0.015750s ]
SQL: SHOW COLUMNS FROM `think_column` [ RunTime:0.0003s ]
SQL: SELECT * FROM `think_column` WHERE ( status=0 and id!=5 )  [ RunTime:0.0001s ]
SQL: SHOW COLUMNS FROM `think_article` [ RunTime:0.0003s ]
SQL: SELECT * FROM `think_article` WHERE `id` = 2 LIMIT 1   [ RunTime:0.0001s ]
SQL: SELECT * FROM `think_article` WHERE `id` = 4 LIMIT 1   [ RunTime:0.0000s ]
NOTIC: [8] Undefined index: goods /mnt/share/dzx.com/Application/Home/Controller/ProductController.class.php 第 89 行.
NOTIC: [8] Undefined index: coupon /mnt/share/dzx.com/Application/Home/Controller/ProductController.class.php 第 102 行.
INFO: [ view_parse ] --START--
INFO: [ template_filter ] --START--
INFO: Run Behavior\ContentReplaceBehavior [ RunTime:0.000224s ]
INFO: [ template_filter ] --END-- [ RunTime:0.000263s ]
INFO: Run Behavior\ParseTemplateBehavior [ RunTime:0.069770s ]
INFO: [ view_parse ] --END-- [ RunTime:0.069814s ]
INFO: [ view_filter ] --START--
INFO: Run Behavior\WriteHtmlCacheBehavior [ RunTime:0.006782s ]
INFO: [ view_filter ] --END-- [ RunTime:0.006812s ]
INFO: [ app_end ] --START--
INFO: Run Behavior\ShowPageTraceBehavior [ RunTime:0.007201s ]
INFO: [ app_end ] --END-- [ RunTime:0.007246s ]

[ 2016-08-23T10:53:22+08:00 ] 192.168.188.184 /Product/cart.html
INFO: [ app_init ] --START--
INFO: Run Behavior\BuildLiteBehavior [ RunTime:0.000012s ]
INFO: [ app_init ] --END-- [ RunTime:0.002891s ]
INFO: [ app_begin ] --START--
INFO: Run Behavior\ReadHtmlCacheBehavior [ RunTime:0.006621s ]
INFO: Run Behavior\CheckLangBehavior [ RunTime:0.006172s ]
INFO: [ app_begin ] --END-- [ RunTime:0.012876s ]
SQL: SHOW COLUMNS FROM `think_column` [ RunTime:0.0007s ]
SQL: SELECT * FROM `think_column` WHERE ( status=0 and id!=5 )  [ RunTime:0.0002s ]
SQL: SHOW COLUMNS FROM `think_article` [ RunTime:0.0004s ]
SQL: SELECT * FROM `think_article` WHERE `id` = 2 LIMIT 1   [ RunTime:0.0001s ]
SQL: SELECT * FROM `think_article` WHERE `id` = 4 LIMIT 1   [ RunTime:0.0000s ]
NOTIC: [8] Undefined index: goods /mnt/share/dzx.com/Application/Home/Controller/ProductController.class.php 第 89 行.
NOTIC: [8] Undefined index: coupon /mnt/share/dzx.com/Application/Home/Controller/ProductController.class.php 第 102 行.
INFO: [ view_parse ] --START--
INFO: [ template_filter ] --START--
INFO: Run Behavior\ContentReplaceBehavior [ RunTime:0.000228s ]
INFO: [ template_filter ] --END-- [ RunTime:0.000269s ]
INFO: Run Behavior\ParseTemplateBehavior [ RunTime:0.074420s ]
INFO: [ view_parse ] --END-- [ RunTime:0.074469s ]
INFO: [ view_filter ] --START--
INFO: Run Behavior\WriteHtmlCacheBehavior [ RunTime:0.006679s ]
INFO: [ view_filter ] --END-- [ RunTime:0.006722s ]
INFO: [ app_end ] --START--
INFO: Run Behavior\ShowPageTraceBehavior [ RunTime:0.006488s ]
INFO: [ app_end ] --END-- [ RunTime:0.006557s ]

[ 2016-08-23T11:07:36+08:00 ] 192.168.188.184 /Product/cart.html
INFO: [ app_init ] --START--
INFO: Run Behavior\BuildLiteBehavior [ RunTime:0.000016s ]
INFO: [ app_init ] --END-- [ RunTime:0.003198s ]
INFO: [ app_begin ] --START--
INFO: Run Behavior\ReadHtmlCacheBehavior [ RunTime:0.006404s ]
INFO: Run Behavior\CheckLangBehavior [ RunTime:0.006653s ]
INFO: [ app_begin ] --END-- [ RunTime:0.013135s ]
SQL: SHOW COLUMNS FROM `think_column` [ RunTime:0.0004s ]
SQL: SELECT * FROM `think_column` WHERE ( status=0 and id!=5 )  [ RunTime:0.0001s ]
SQL: SHOW COLUMNS FROM `think_article` [ RunTime:0.0004s ]
SQL: SELECT * FROM `think_article` WHERE `status` = 0 AND `column_id` = 10  [ RunTime:0.0002s ]
SQL: SELECT * FROM `think_article` WHERE `id` = 2 LIMIT 1   [ RunTime:0.0001s ]
SQL: SELECT * FROM `think_article` WHERE `id` = 4 LIMIT 1   [ RunTime:0.0001s ]
NOTIC: [8] Undefined index: goods /mnt/share/dzx.com/Application/Home/Controller/ProductController.class.php 第 89 行.
NOTIC: [8] Undefined index: coupon /mnt/share/dzx.com/Application/Home/Controller/ProductController.class.php 第 102 行.
INFO: [ view_parse ] --START--
INFO: [ template_filter ] --START--
INFO: Run Behavior\ContentReplaceBehavior [ RunTime:0.000243s ]
INFO: [ template_filter ] --END-- [ RunTime:0.000281s ]
INFO: Run Behavior\ParseTemplateBehavior [ RunTime:0.091093s ]
INFO: [ view_parse ] --END-- [ RunTime:0.091129s ]
INFO: [ view_filter ] --START--
INFO: Run Behavior\WriteHtmlCacheBehavior [ RunTime:0.005961s ]
INFO: [ view_filter ] --END-- [ RunTime:0.005991s ]
INFO: [ app_end ] --START--
INFO: Run Behavior\ShowPageTraceBehavior [ RunTime:0.007612s ]
INFO: [ app_end ] --END-- [ RunTime:0.007658s ]

[ 2016-08-23T11:11:03+08:00 ] 192.168.188.184 /Product/cart.html
INFO: [ app_init ] --START--
INFO: Run Behavior\BuildLiteBehavior [ RunTime:0.000018s ]
INFO: [ app_init ] --END-- [ RunTime:0.005142s ]
INFO: [ app_begin ] --START--
INFO: Run Behavior\ReadHtmlCacheBehavior [ RunTime:0.008997s ]
INFO: Run Behavior\CheckLangBehavior [ RunTime:0.007899s ]
INFO: [ app_begin ] --END-- [ RunTime:0.017006s ]
SQL: SHOW COLUMNS FROM `think_column` [ RunTime:0.0004s ]
SQL: SELECT * FROM `think_column` WHERE ( status=0 and id!=5 )  [ RunTime:0.0001s ]
SQL: SHOW COLUMNS FROM `think_article` [ RunTime:0.0005s ]
SQL: SELECT * FROM `think_article` WHERE `status` = 0 AND `column_id` = 10  [ RunTime:0.0001s ]

[ 2016-08-23T11:12:52+08:00 ] 192.168.188.184 /Product/cart.html
INFO: [ app_init ] --START--
INFO: Run Behavior\BuildLiteBehavior [ RunTime:0.000014s ]
INFO: [ app_init ] --END-- [ RunTime:0.003605s ]
INFO: [ app_begin ] --START--
INFO: Run Behavior\ReadHtmlCacheBehavior [ RunTime:0.007023s ]
INFO: Run Behavior\CheckLangBehavior [ RunTime:0.006470s ]
INFO: [ app_begin ] --END-- [ RunTime:0.013585s ]
SQL: SHOW COLUMNS FROM `think_column` [ RunTime:0.0004s ]
SQL: SELECT * FROM `think_column` WHERE ( status=0 and id!=5 )  [ RunTime:0.0001s ]
SQL: SHOW COLUMNS FROM `think_article` [ RunTime:0.0004s ]
SQL: SELECT `id`,`title`,`description`,`image`,`price`,`tprice` FROM `think_article` WHERE `status` = 0 AND `column_id` = 10  [ RunTime:0.0001s ]
SQL: SELECT * FROM `think_article` WHERE `id` = 2 LIMIT 1   [ RunTime:0.0001s ]
SQL: SELECT * FROM `think_article` WHERE `id` = 4 LIMIT 1   [ RunTime:0.0001s ]
NOTIC: [8] Undefined index: goods /mnt/share/dzx.com/Application/Home/Controller/ProductController.class.php 第 90 行.
NOTIC: [8] Undefined index: coupon /mnt/share/dzx.com/Application/Home/Controller/ProductController.class.php 第 103 行.
INFO: [ view_parse ] --START--
INFO: [ template_filter ] --START--
INFO: Run Behavior\ContentReplaceBehavior [ RunTime:0.000233s ]
INFO: [ template_filter ] --END-- [ RunTime:0.000322s ]
NOTIC: [8] Undefined index: name /mnt/share/dzx.com/Application/Runtime/Cache/Home/8d1989111dad01067859b89ad4fb927a.php 第 81 行.
NOTIC: [8] Undefined index: tprice /mnt/share/dzx.com/Application/Runtime/Cache/Home/8d1989111dad01067859b89ad4fb927a.php 第 83 行.
NOTIC: [8] Undefined index: tprice /mnt/share/dzx.com/Application/Runtime/Cache/Home/8d1989111dad01067859b89ad4fb927a.php 第 83 行.
NOTIC: [8] Undefined index: title /mnt/share/dzx.com/Application/Runtime/Cache/Home/8d1989111dad01067859b89ad4fb927a.php 第 86 行.
NOTIC: [8] Undefined index: name /mnt/share/dzx.com/Application/Runtime/Cache/Home/8d1989111dad01067859b89ad4fb927a.php 第 81 行.
NOTIC: [8] Undefined index: tprice /mnt/share/dzx.com/Application/Runtime/Cache/Home/8d1989111dad01067859b89ad4fb927a.php 第 83 行.
NOTIC: [8] Undefined index: tprice /mnt/share/dzx.com/Application/Runtime/Cache/Home/8d1989111dad01067859b89ad4fb927a.php 第 83 行.
NOTIC: [8] Undefined index: title /mnt/share/dzx.com/Application/Runtime/Cache/Home/8d1989111dad01067859b89ad4fb927a.php 第 86 行.
INFO: Run Behavior\ParseTemplateBehavior [ RunTime:0.076092s ]
INFO: [ view_parse ] --END-- [ RunTime:0.076132s ]
INFO: [ view_filter ] --START--
INFO: Run Behavior\WriteHtmlCacheBehavior [ RunTime:0.006509s ]
INFO: [ view_filter ] --END-- [ RunTime:0.006538s ]
INFO: [ app_end ] --START--
INFO: Run Behavior\ShowPageTraceBehavior [ RunTime:0.006081s ]
INFO: [ app_end ] --END-- [ RunTime:0.006138s ]

[ 2016-08-23T11:13:24+08:00 ] 192.168.188.184 /Product/cart.html
INFO: [ app_init ] --START--
INFO: Run Behavior\BuildLiteBehavior [ RunTime:0.000016s ]
INFO: [ app_init ] --END-- [ RunTime:0.004481s ]
INFO: [ app_begin ] --START--
INFO: Run Behavior\ReadHtmlCacheBehavior [ RunTime:0.010698s ]
INFO: Run Behavior\CheckLangBehavior [ RunTime:0.008306s ]
INFO: [ app_begin ] --END-- [ RunTime:0.019121s ]
SQL: SHOW COLUMNS FROM `think_column` [ RunTime:0.0004s ]
SQL: SELECT * FROM `think_column` WHERE ( status=0 and id!=5 )  [ RunTime:0.0001s ]
SQL: SHOW COLUMNS FROM `think_article` [ RunTime:0.0005s ]
SQL: SELECT `id`,`title`,`description`,`image`,`price`,`tprice` FROM `think_article` WHERE `status` = 0 AND `column_id` = 10  [ RunTime:0.0001s ]
SQL: SELECT * FROM `think_article` WHERE `id` = 2 LIMIT 1   [ RunTime:0.0001s ]
SQL: SELECT * FROM `think_article` WHERE `id` = 4 LIMIT 1   [ RunTime:0.0001s ]
NOTIC: [8] Undefined index: goods /mnt/share/dzx.com/Application/Home/Controller/ProductController.class.php 第 90 行.
NOTIC: [8] Undefined index: coupon /mnt/share/dzx.com/Application/Home/Controller/ProductController.class.php 第 103 行.
INFO: [ view_parse ] --START--
INFO: [ template_filter ] --START--
INFO: Run Behavior\ContentReplaceBehavior [ RunTime:0.000238s ]
INFO: [ template_filter ] --END-- [ RunTime:0.000281s ]
NOTIC: [8] Undefined index: name /mnt/share/dzx.com/Application/Runtime/Cache/Home/8d1989111dad01067859b89ad4fb927a.php 第 81 行.
NOTIC: [8] Undefined index: name /mnt/share/dzx.com/Application/Runtime/Cache/Home/8d1989111dad01067859b89ad4fb927a.php 第 81 行.
NOTIC: [8] Undefined index: name /mnt/share/dzx.com/Application/Runtime/Cache/Home/8d1989111dad01067859b89ad4fb927a.php 第 81 行.
NOTIC: [8] Undefined index: name /mnt/share/dzx.com/Application/Runtime/Cache/Home/8d1989111dad01067859b89ad4fb927a.php 第 81 行.
NOTIC: [8] Undefined index: name /mnt/share/dzx.com/Application/Runtime/Cache/Home/8d1989111dad01067859b89ad4fb927a.php 第 81 行.
NOTIC: [8] Undefined index: name /mnt/share/dzx.com/Application/Runtime/Cache/Home/8d1989111dad01067859b89ad4fb927a.php 第 81 行.
NOTIC: [8] Undefined index: name /mnt/share/dzx.com/Application/Runtime/Cache/Home/8d1989111dad01067859b89ad4fb927a.php 第 81 行.
NOTIC: [8] Undefined index: name /mnt/share/dzx.com/Application/Runtime/Cache/Home/8d1989111dad01067859b89ad4fb927a.php 第 81 行.
NOTIC: [8] Undefined index: name /mnt/share/dzx.com/Application/Runtime/Cache/Home/8d1989111dad01067859b89ad4fb927a.php 第 81 行.
NOTIC: [8] Undefined index: name /mnt/share/dzx.com/Application/Runtime/Cache/Home/8d1989111dad01067859b89ad4fb927a.php 第 81 行.
NOTIC: [8] Undefined index: name /mnt/share/dzx.com/Application/Runtime/Cache/Home/8d1989111dad01067859b89ad4fb927a.php 第 81 行.
NOTIC: [8] Undefined index: name /mnt/share/dzx.com/Application/Runtime/Cache/Home/8d1989111dad01067859b89ad4fb927a.php 第 81 行.
INFO: Run Behavior\ParseTemplateBehavior [ RunTime:0.108155s ]
INFO: [ view_parse ] --END-- [ RunTime:0.108199s ]
INFO: [ view_filter ] --START--
INFO: Run Behavior\WriteHtmlCacheBehavior [ RunTime:0.009601s ]
INFO: [ view_filter ] --END-- [ RunTime:0.009667s ]
INFO: [ app_end ] --START--
INFO: Run Behavior\ShowPageTraceBehavior [ RunTime:0.008130s ]
INFO: [ app_end ] --END-- [ RunTime:0.008184s ]

[ 2016-08-23T11:14:21+08:00 ] 192.168.188.184 /Product/cart.html
INFO: [ app_init ] --START--
INFO: Run Behavior\BuildLiteBehavior [ RunTime:0.000014s ]
INFO: [ app_init ] --END-- [ RunTime:0.004526s ]
INFO: [ app_begin ] --START--
INFO: Run Behavior\ReadHtmlCacheBehavior [ RunTime:0.008692s ]
INFO: Run Behavior\CheckLangBehavior [ RunTime:0.010109s ]
INFO: [ app_begin ] --END-- [ RunTime:0.018901s ]
SQL: SHOW COLUMNS FROM `think_column` [ RunTime:0.0004s ]
SQL: SELECT * FROM `think_column` WHERE ( status=0 and id!=5 )  [ RunTime:0.0001s ]
SQL: SHOW COLUMNS FROM `think_article` [ RunTime:0.0005s ]
SQL: SELECT `id`,`title`,`description`,`image`,`price`,`tprice` FROM `think_article` WHERE `status` = 0 AND `column_id` = 10  [ RunTime:0.0001s ]
SQL: SELECT * FROM `think_article` WHERE `id` = 2 LIMIT 1   [ RunTime:0.0001s ]
SQL: SELECT * FROM `think_article` WHERE `id` = 4 LIMIT 1   [ RunTime:0.0000s ]
NOTIC: [8] Undefined index: goods /mnt/share/dzx.com/Application/Home/Controller/ProductController.class.php 第 90 行.
NOTIC: [8] Undefined index: coupon /mnt/share/dzx.com/Application/Home/Controller/ProductController.class.php 第 103 行.
INFO: [ view_parse ] --START--
INFO: [ template_filter ] --START--
INFO: Run Behavior\ContentReplaceBehavior [ RunTime:0.000235s ]
INFO: [ template_filter ] --END-- [ RunTime:0.000278s ]
NOTIC: [8] Undefined index: iamge /mnt/share/dzx.com/Application/Runtime/Cache/Home/8d1989111dad01067859b89ad4fb927a.php 第 84 行.
NOTIC: [8] Undefined index: iamge /mnt/share/dzx.com/Application/Runtime/Cache/Home/8d1989111dad01067859b89ad4fb927a.php 第 84 行.
NOTIC: [8] Undefined index: iamge /mnt/share/dzx.com/Application/Runtime/Cache/Home/8d1989111dad01067859b89ad4fb927a.php 第 84 行.
NOTIC: [8] Undefined index: iamge /mnt/share/dzx.com/Application/Runtime/Cache/Home/8d1989111dad01067859b89ad4fb927a.php 第 84 行.
NOTIC: [8] Undefined index: iamge /mnt/share/dzx.com/Application/Runtime/Cache/Home/8d1989111dad01067859b89ad4fb927a.php 第 84 行.
NOTIC: [8] Undefined index: iamge /mnt/share/dzx.com/Application/Runtime/Cache/Home/8d1989111dad01067859b89ad4fb927a.php 第 84 行.
NOTIC: [8] Undefined index: iamge /mnt/share/dzx.com/Application/Runtime/Cache/Home/8d1989111dad01067859b89ad4fb927a.php 第 84 行.
NOTIC: [8] Undefined index: iamge /mnt/share/dzx.com/Application/Runtime/Cache/Home/8d1989111dad01067859b89ad4fb927a.php 第 84 行.
NOTIC: [8] Undefined index: iamge /mnt/share/dzx.com/Application/Runtime/Cache/Home/8d1989111dad01067859b89ad4fb927a.php 第 84 行.
NOTIC: [8] Undefined index: iamge /mnt/share/dzx.com/Application/Runtime/Cache/Home/8d1989111dad01067859b89ad4fb927a.php 第 84 行.
NOTIC: [8] Undefined index: iamge /mnt/share/dzx.com/Application/Runtime/Cache/Home/8d1989111dad01067859b89ad4fb927a.php 第 84 行.
NOTIC: [8] Undefined index: iamge /mnt/share/dzx.com/Application/Runtime/Cache/Home/8d1989111dad01067859b89ad4fb927a.php 第 84 行.
INFO: Run Behavior\ParseTemplateBehavior [ RunTime:0.079520s ]
INFO: [ view_parse ] --END-- [ RunTime:0.079561s ]
INFO: [ view_filter ] --START--
INFO: Run Behavior\WriteHtmlCacheBehavior [ RunTime:0.006743s ]
INFO: [ view_filter ] --END-- [ RunTime:0.006770s ]
INFO: [ app_end ] --START--
INFO: Run Behavior\ShowPageTraceBehavior [ RunTime:0.007120s ]
INFO: [ app_end ] --END-- [ RunTime:0.007163s ]

[ 2016-08-23T11:14:50+08:00 ] 192.168.188.184 /Product/cart.html
INFO: [ app_init ] --START--
INFO: Run Behavior\BuildLiteBehavior [ RunTime:0.000013s ]
INFO: [ app_init ] --END-- [ RunTime:0.003260s ]
INFO: [ app_begin ] --START--
INFO: Run Behavior\ReadHtmlCacheBehavior [ RunTime:0.006739s ]
INFO: Run Behavior\CheckLangBehavior [ RunTime:0.006258s ]
INFO: [ app_begin ] --END-- [ RunTime:0.013079s ]
SQL: SHOW COLUMNS FROM `think_column` [ RunTime:0.0004s ]
SQL: SELECT * FROM `think_column` WHERE ( status=0 and id!=5 )  [ RunTime:0.0001s ]
SQL: SHOW COLUMNS FROM `think_article` [ RunTime:0.0004s ]
SQL: SELECT `id`,`title`,`description`,`image`,`price`,`tprice` FROM `think_article` WHERE `status` = 0 AND `column_id` = 10  [ RunTime:0.0000s ]
SQL: SELECT * FROM `think_article` WHERE `id` = 2 LIMIT 1   [ RunTime:0.0001s ]
SQL: SELECT * FROM `think_article` WHERE `id` = 4 LIMIT 1   [ RunTime:0.0000s ]
NOTIC: [8] Undefined index: goods /mnt/share/dzx.com/Application/Home/Controller/ProductController.class.php 第 90 行.
NOTIC: [8] Undefined index: coupon /mnt/share/dzx.com/Application/Home/Controller/ProductController.class.php 第 103 行.
INFO: [ view_parse ] --START--
INFO: [ template_filter ] --START--
INFO: Run Behavior\ContentReplaceBehavior [ RunTime:0.000231s ]
INFO: [ template_filter ] --END-- [ RunTime:0.000270s ]
INFO: Run Behavior\ParseTemplateBehavior [ RunTime:0.076232s ]
INFO: [ view_parse ] --END-- [ RunTime:0.076300s ]
INFO: [ view_filter ] --START--
INFO: Run Behavior\WriteHtmlCacheBehavior [ RunTime:0.006886s ]
INFO: [ view_filter ] --END-- [ RunTime:0.006925s ]
INFO: [ app_end ] --START--
INFO: Run Behavior\ShowPageTraceBehavior [ RunTime:0.006697s ]
INFO: [ app_end ] --END-- [ RunTime:0.006737s ]

[ 2016-08-23T11:17:17+08:00 ] 192.168.188.184 /Product/cart.html
INFO: [ app_init ] --START--
INFO: Run Behavior\BuildLiteBehavior [ RunTime:0.000013s ]
INFO: [ app_init ] --END-- [ RunTime:0.003384s ]
INFO: [ app_begin ] --START--
INFO: Run Behavior\ReadHtmlCacheBehavior [ RunTime:0.006268s ]
INFO: Run Behavior\CheckLangBehavior [ RunTime:0.006526s ]
INFO: [ app_begin ] --END-- [ RunTime:0.012879s ]
SQL: SHOW COLUMNS FROM `think_column` [ RunTime:0.0007s ]
SQL: SELECT * FROM `think_column` WHERE ( status=0 and id!=5 )  [ RunTime:0.0001s ]
SQL: SHOW COLUMNS FROM `think_article` [ RunTime:0.0004s ]
SQL: SELECT `id`,`title`,`description`,`image`,`price`,`tprice` FROM `think_article` WHERE `status` = 0 AND `column_id` = 10  [ RunTime:0.0001s ]
SQL: SELECT * FROM `think_article` WHERE `id` = 2 LIMIT 1   [ RunTime:0.0001s ]
SQL: SELECT * FROM `think_article` WHERE `id` = 4 LIMIT 1   [ RunTime:0.0001s ]
NOTIC: [8] Undefined index: goods /mnt/share/dzx.com/Application/Home/Controller/ProductController.class.php 第 90 行.
NOTIC: [8] Undefined index: coupon /mnt/share/dzx.com/Application/Home/Controller/ProductController.class.php 第 103 行.
INFO: [ view_parse ] --START--
INFO: [ template_filter ] --START--
INFO: Run Behavior\ContentReplaceBehavior [ RunTime:0.000237s ]
INFO: [ template_filter ] --END-- [ RunTime:0.000291s ]
INFO: Run Behavior\ParseTemplateBehavior [ RunTime:0.070195s ]
INFO: [ view_parse ] --END-- [ RunTime:0.070247s ]
INFO: [ view_filter ] --START--
INFO: Run Behavior\WriteHtmlCacheBehavior [ RunTime:0.005936s ]
INFO: [ view_filter ] --END-- [ RunTime:0.005973s ]
INFO: [ app_end ] --START--
INFO: Run Behavior\ShowPageTraceBehavior [ RunTime:0.006442s ]
INFO: [ app_end ] --END-- [ RunTime:0.006502s ]

[ 2016-08-23T11:18:38+08:00 ] 192.168.188.184 /Product/cart.html
INFO: [ app_init ] --START--
INFO: Run Behavior\BuildLiteBehavior [ RunTime:0.000012s ]
INFO: [ app_init ] --END-- [ RunTime:0.003343s ]
INFO: [ app_begin ] --START--
INFO: Run Behavior\ReadHtmlCacheBehavior [ RunTime:0.006821s ]
INFO: Run Behavior\CheckLangBehavior [ RunTime:0.006342s ]
INFO: [ app_begin ] --END-- [ RunTime:0.013237s ]
SQL: SHOW COLUMNS FROM `think_column` [ RunTime:0.0004s ]
SQL: SELECT * FROM `think_column` WHERE ( status=0 and id!=5 )  [ RunTime:0.0001s ]
SQL: SHOW COLUMNS FROM `think_article` [ RunTime:0.0005s ]
SQL: SELECT `id`,`title`,`description`,`image`,`price`,`tprice` FROM `think_article` WHERE `status` = 0 AND `column_id` = 10  [ RunTime:0.0000s ]
SQL: SELECT * FROM `think_article` WHERE `id` = 2 LIMIT 1   [ RunTime:0.0001s ]
SQL: SELECT * FROM `think_article` WHERE `id` = 4 LIMIT 1   [ RunTime:0.0000s ]
NOTIC: [8] Undefined index: goods /mnt/share/dzx.com/Application/Home/Controller/ProductController.class.php 第 90 行.
NOTIC: [8] Undefined index: coupon /mnt/share/dzx.com/Application/Home/Controller/ProductController.class.php 第 103 行.
INFO: [ view_parse ] --START--
INFO: [ template_filter ] --START--
INFO: Run Behavior\ContentReplaceBehavior [ RunTime:0.000233s ]
INFO: [ template_filter ] --END-- [ RunTime:0.000271s ]
NOTIC: [8] Undefined index: iamge /mnt/share/dzx.com/Application/Runtime/Cache/Home/8d1989111dad01067859b89ad4fb927a.php 第 84 行.
NOTIC: [8] Undefined index: iamge /mnt/share/dzx.com/Application/Runtime/Cache/Home/8d1989111dad01067859b89ad4fb927a.php 第 84 行.
NOTIC: [8] Undefined index: iamge /mnt/share/dzx.com/Application/Runtime/Cache/Home/8d1989111dad01067859b89ad4fb927a.php 第 84 行.
NOTIC: [8] Undefined index: iamge /mnt/share/dzx.com/Application/Runtime/Cache/Home/8d1989111dad01067859b89ad4fb927a.php 第 84 行.
NOTIC: [8] Undefined index: iamge /mnt/share/dzx.com/Application/Runtime/Cache/Home/8d1989111dad01067859b89ad4fb927a.php 第 84 行.
NOTIC: [8] Undefined index: iamge /mnt/share/dzx.com/Application/Runtime/Cache/Home/8d1989111dad01067859b89ad4fb927a.php 第 84 行.
NOTIC: [8] Undefined index: iamge /mnt/share/dzx.com/Application/Runtime/Cache/Home/8d1989111dad01067859b89ad4fb927a.php 第 84 行.
NOTIC: [8] Undefined index: iamge /mnt/share/dzx.com/Application/Runtime/Cache/Home/8d1989111dad01067859b89ad4fb927a.php 第 84 行.
NOTIC: [8] Undefined index: iamge /mnt/share/dzx.com/Application/Runtime/Cache/Home/8d1989111dad01067859b89ad4fb927a.php 第 84 行.
NOTIC: [8] Undefined index: iamge /mnt/share/dzx.com/Application/Runtime/Cache/Home/8d1989111dad01067859b89ad4fb927a.php 第 84 行.
NOTIC: [8] Undefined index: iamge /mnt/share/dzx.com/Application/Runtime/Cache/Home/8d1989111dad01067859b89ad4fb927a.php 第 84 行.
NOTIC: [8] Undefined index: iamge /mnt/share/dzx.com/Application/Runtime/Cache/Home/8d1989111dad01067859b89ad4fb927a.php 第 84 行.
INFO: Run Behavior\ParseTemplateBehavior [ RunTime:0.074810s ]
INFO: [ view_parse ] --END-- [ RunTime:0.074846s ]
INFO: [ view_filter ] --START--
INFO: Run Behavior\WriteHtmlCacheBehavior [ RunTime:0.006261s ]
INFO: [ view_filter ] --END-- [ RunTime:0.006291s ]
INFO: [ app_end ] --START--
INFO: Run Behavior\ShowPageTraceBehavior [ RunTime:0.006635s ]
INFO: [ app_end ] --END-- [ RunTime:0.006667s ]

[ 2016-08-23T11:20:48+08:00 ] 192.168.188.184 /Product/cart.html
INFO: [ app_init ] --START--
INFO: Run Behavior\BuildLiteBehavior [ RunTime:0.000014s ]
INFO: [ app_init ] --END-- [ RunTime:0.003371s ]
INFO: [ app_begin ] --START--
INFO: Run Behavior\ReadHtmlCacheBehavior [ RunTime:0.007023s ]
INFO: Run Behavior\CheckLangBehavior [ RunTime:0.005910s ]
INFO: [ app_begin ] --END-- [ RunTime:0.013010s ]
SQL: SHOW COLUMNS FROM `think_column` [ RunTime:0.0004s ]
SQL: SELECT * FROM `think_column` WHERE ( status=0 and id!=5 )  [ RunTime:0.0001s ]
SQL: SHOW COLUMNS FROM `think_article` [ RunTime:0.0004s ]
SQL: SELECT `id`,`title`,`description`,`image`,`price`,`tprice` FROM `think_article` WHERE `status` = 0 AND `column_id` = 10  [ RunTime:0.0001s ]
SQL: SELECT * FROM `think_article` WHERE `id` = 2 LIMIT 1   [ RunTime:0.0001s ]
SQL: SELECT * FROM `think_article` WHERE `id` = 4 LIMIT 1   [ RunTime:0.0000s ]
NOTIC: [8] Undefined index: goods /mnt/share/dzx.com/Application/Home/Controller/ProductController.class.php 第 90 行.
NOTIC: [8] Undefined index: coupon /mnt/share/dzx.com/Application/Home/Controller/ProductController.class.php 第 103 行.
INFO: [ view_parse ] --START--
INFO: [ template_filter ] --START--
INFO: Run Behavior\ContentReplaceBehavior [ RunTime:0.000237s ]
INFO: [ template_filter ] --END-- [ RunTime:0.000277s ]
NOTIC: [8] Undefined index: iamge /mnt/share/dzx.com/Application/Runtime/Cache/Home/8d1989111dad01067859b89ad4fb927a.php 第 84 行.
NOTIC: [8] Undefined index: iamge /mnt/share/dzx.com/Application/Runtime/Cache/Home/8d1989111dad01067859b89ad4fb927a.php 第 84 行.
NOTIC: [8] Undefined index: iamge /mnt/share/dzx.com/Application/Runtime/Cache/Home/8d1989111dad01067859b89ad4fb927a.php 第 84 行.
NOTIC: [8] Undefined index: iamge /mnt/share/dzx.com/Application/Runtime/Cache/Home/8d1989111dad01067859b89ad4fb927a.php 第 84 行.
NOTIC: [8] Undefined index: iamge /mnt/share/dzx.com/Application/Runtime/Cache/Home/8d1989111dad01067859b89ad4fb927a.php 第 84 行.
NOTIC: [8] Undefined index: iamge /mnt/share/dzx.com/Application/Runtime/Cache/Home/8d1989111dad01067859b89ad4fb927a.php 第 84 行.
NOTIC: [8] Undefined index: iamge /mnt/share/dzx.com/Application/Runtime/Cache/Home/8d1989111dad01067859b89ad4fb927a.php 第 84 行.
NOTIC: [8] Undefined index: iamge /mnt/share/dzx.com/Application/Runtime/Cache/Home/8d1989111dad01067859b89ad4fb927a.php 第 84 行.
NOTIC: [8] Undefined index: iamge /mnt/share/dzx.com/Application/Runtime/Cache/Home/8d1989111dad01067859b89ad4fb927a.php 第 84 行.
NOTIC: [8] Undefined index: iamge /mnt/share/dzx.com/Application/Runtime/Cache/Home/8d1989111dad01067859b89ad4fb927a.php 第 84 行.
NOTIC: [8] Undefined index: iamge /mnt/share/dzx.com/Application/Runtime/Cache/Home/8d1989111dad01067859b89ad4fb927a.php 第 84 行.
NOTIC: [8] Undefined index: iamge /mnt/share/dzx.com/Application/Runtime/Cache/Home/8d1989111dad01067859b89ad4fb927a.php 第 84 行.
INFO: Run Behavior\ParseTemplateBehavior [ RunTime:0.071843s ]
INFO: [ view_parse ] --END-- [ RunTime:0.071873s ]
INFO: [ view_filter ] --START--
INFO: Run Behavior\WriteHtmlCacheBehavior [ RunTime:0.006488s ]
INFO: [ view_filter ] --END-- [ RunTime:0.006525s ]
INFO: [ app_end ] --START--
INFO: Run Behavior\ShowPageTraceBehavior [ RunTime:0.006326s ]
INFO: [ app_end ] --END-- [ RunTime:0.006370s ]

[ 2016-08-23T11:21:45+08:00 ] 192.168.188.184 /Product/cart.html
INFO: [ app_init ] --START--
INFO: Run Behavior\BuildLiteBehavior [ RunTime:0.000020s ]
INFO: [ app_init ] --END-- [ RunTime:0.005573s ]
INFO: [ app_begin ] --START--
INFO: Run Behavior\ReadHtmlCacheBehavior [ RunTime:0.007392s ]
INFO: Run Behavior\CheckLangBehavior [ RunTime:0.007508s ]
INFO: [ app_begin ] --END-- [ RunTime:0.015003s ]
SQL: SHOW COLUMNS FROM `think_column` [ RunTime:0.0003s ]
SQL: SELECT * FROM `think_column` WHERE ( status=0 and id!=5 )  [ RunTime:0.0001s ]
SQL: SHOW COLUMNS FROM `think_article` [ RunTime:0.0004s ]
SQL: SELECT `id`,`title`,`description`,`image`,`price`,`tprice` FROM `think_article` WHERE `status` = 0 AND `column_id` = 10  [ RunTime:0.0000s ]
SQL: SELECT * FROM `think_article` WHERE `id` = 2 LIMIT 1   [ RunTime:0.0000s ]
SQL: SELECT * FROM `think_article` WHERE `id` = 4 LIMIT 1   [ RunTime:0.0000s ]
NOTIC: [8] Undefined index: goods /mnt/share/dzx.com/Application/Home/Controller/ProductController.class.php 第 90 行.
NOTIC: [8] Undefined index: coupon /mnt/share/dzx.com/Application/Home/Controller/ProductController.class.php 第 103 行.
INFO: [ view_parse ] --START--
INFO: [ template_filter ] --START--
INFO: Run Behavior\ContentReplaceBehavior [ RunTime:0.000231s ]
INFO: [ template_filter ] --END-- [ RunTime:0.000271s ]
INFO: Run Behavior\ParseTemplateBehavior [ RunTime:0.078534s ]
INFO: [ view_parse ] --END-- [ RunTime:0.078579s ]
INFO: [ view_filter ] --START--
INFO: Run Behavior\WriteHtmlCacheBehavior [ RunTime:0.006428s ]
INFO: [ view_filter ] --END-- [ RunTime:0.006465s ]
INFO: [ app_end ] --START--
INFO: Run Behavior\ShowPageTraceBehavior [ RunTime:0.007001s ]
INFO: [ app_end ] --END-- [ RunTime:0.007045s ]

[ 2016-08-23T11:23:44+08:00 ] 192.168.188.184 /Product/cart.html
INFO: [ app_init ] --START--
INFO: Run Behavior\BuildLiteBehavior [ RunTime:0.000013s ]
INFO: [ app_init ] --END-- [ RunTime:0.003108s ]
INFO: [ app_begin ] --START--
INFO: Run Behavior\ReadHtmlCacheBehavior [ RunTime:0.006138s ]
INFO: Run Behavior\CheckLangBehavior [ RunTime:0.006497s ]
INFO: [ app_begin ] --END-- [ RunTime:0.012714s ]
SQL: SHOW COLUMNS FROM `think_column` [ RunTime:0.0004s ]
SQL: SELECT * FROM `think_column` WHERE ( status=0 and id!=5 )  [ RunTime:0.0001s ]
SQL: SHOW COLUMNS FROM `think_article` [ RunTime:0.0005s ]
SQL: SELECT `id`,`title`,`description`,`image`,`price`,`tprice` FROM `think_article` WHERE `status` = 0 AND `column_id` = 10  [ RunTime:0.0001s ]
SQL: SELECT * FROM `think_article` WHERE `id` = 2 LIMIT 1   [ RunTime:0.0001s ]
SQL: SELECT * FROM `think_article` WHERE `id` = 4 LIMIT 1   [ RunTime:0.0000s ]
NOTIC: [8] Undefined index: goods /mnt/share/dzx.com/Application/Home/Controller/ProductController.class.php 第 90 行.
NOTIC: [8] Undefined index: coupon /mnt/share/dzx.com/Application/Home/Controller/ProductController.class.php 第 103 行.
INFO: [ view_parse ] --START--
INFO: [ template_filter ] --START--
INFO: Run Behavior\ContentReplaceBehavior [ RunTime:0.000228s ]
INFO: [ template_filter ] --END-- [ RunTime:0.000264s ]
INFO: Run Behavior\ParseTemplateBehavior [ RunTime:0.075666s ]
INFO: [ view_parse ] --END-- [ RunTime:0.075703s ]
INFO: [ view_filter ] --START--
INFO: Run Behavior\WriteHtmlCacheBehavior [ RunTime:0.006164s ]
INFO: [ view_filter ] --END-- [ RunTime:0.006194s ]
INFO: [ app_end ] --START--
INFO: Run Behavior\ShowPageTraceBehavior [ RunTime:0.006510s ]
INFO: [ app_end ] --END-- [ RunTime:0.006545s ]

[ 2016-08-23T11:23:50+08:00 ] 192.168.188.184 /product/addCart.html
INFO: [ app_init ] --START--
INFO: Run Behavior\BuildLiteBehavior [ RunTime:0.000015s ]
INFO: [ app_init ] --END-- [ RunTime:0.003474s ]
INFO: [ app_begin ] --START--
INFO: Run Behavior\ReadHtmlCacheBehavior [ RunTime:0.006716s ]
INFO: Run Behavior\CheckLangBehavior [ RunTime:0.006283s ]
INFO: [ app_begin ] --END-- [ RunTime:0.013083s ]
SQL: SHOW COLUMNS FROM `think_column` [ RunTime:0.0003s ]
SQL: SELECT * FROM `think_column` WHERE ( status=0 and id!=5 )  [ RunTime:0.0001s ]

[ 2016-08-23T11:23:50+08:00 ] 192.168.188.184 /Product/cart.html
INFO: [ app_init ] --START--
INFO: Run Behavior\BuildLiteBehavior [ RunTime:0.000013s ]
INFO: [ app_init ] --END-- [ RunTime:0.003347s ]
INFO: [ app_begin ] --START--
INFO: Run Behavior\ReadHtmlCacheBehavior [ RunTime:0.008439s ]
INFO: Run Behavior\CheckLangBehavior [ RunTime:0.006668s ]
INFO: [ app_begin ] --END-- [ RunTime:0.015208s ]
SQL: SHOW COLUMNS FROM `think_column` [ RunTime:0.0005s ]
SQL: SELECT * FROM `think_column` WHERE ( status=0 and id!=5 )  [ RunTime:0.0001s ]
SQL: SHOW COLUMNS FROM `think_article` [ RunTime:0.0005s ]
SQL: SELECT `id`,`title`,`description`,`image`,`price`,`tprice` FROM `think_article` WHERE `status` = 0 AND `column_id` = 10  [ RunTime:0.0001s ]
SQL: SELECT * FROM `think_article` WHERE `id` = 2 LIMIT 1   [ RunTime:0.0001s ]
SQL: SELECT * FROM `think_article` WHERE `id` = 4 LIMIT 1   [ RunTime:0.0000s ]
NOTIC: [8] Undefined index: goods /mnt/share/dzx.com/Application/Home/Controller/ProductController.class.php 第 90 行.
NOTIC: [8] Undefined index: coupon /mnt/share/dzx.com/Application/Home/Controller/ProductController.class.php 第 103 行.
INFO: [ view_parse ] --START--
INFO: [ template_filter ] --START--
INFO: Run Behavior\ContentReplaceBehavior [ RunTime:0.000233s ]
INFO: [ template_filter ] --END-- [ RunTime:0.000273s ]
INFO: Run Behavior\ParseTemplateBehavior [ RunTime:0.074121s ]
INFO: [ view_parse ] --END-- [ RunTime:0.074159s ]
INFO: [ view_filter ] --START--
INFO: Run Behavior\WriteHtmlCacheBehavior [ RunTime:0.006536s ]
INFO: [ view_filter ] --END-- [ RunTime:0.006578s ]
INFO: [ app_end ] --START--
INFO: Run Behavior\ShowPageTraceBehavior [ RunTime:0.006439s ]
INFO: [ app_end ] --END-- [ RunTime:0.006484s ]

[ 2016-08-23T11:24:10+08:00 ] 192.168.188.184 /Product/cart.html
INFO: [ app_init ] --START--
INFO: Run Behavior\BuildLiteBehavior [ RunTime:0.000021s ]
INFO: [ app_init ] --END-- [ RunTime:0.003406s ]
INFO: [ app_begin ] --START--
INFO: Run Behavior\ReadHtmlCacheBehavior [ RunTime:0.007387s ]
INFO: Run Behavior\CheckLangBehavior [ RunTime:0.006729s ]
INFO: [ app_begin ] --END-- [ RunTime:0.014198s ]
SQL: SHOW COLUMNS FROM `think_column` [ RunTime:0.0004s ]
SQL: SELECT * FROM `think_column` WHERE ( status=0 and id!=5 )  [ RunTime:0.0001s ]
SQL: SHOW COLUMNS FROM `think_article` [ RunTime:0.0005s ]
SQL: SELECT `id`,`title`,`description`,`image`,`price`,`tprice` FROM `think_article` WHERE `status` = 0 AND `column_id` = 10  [ RunTime:0.0000s ]
SQL: SELECT * FROM `think_article` WHERE `id` = 2 LIMIT 1   [ RunTime:0.0000s ]
SQL: SELECT * FROM `think_article` WHERE `id` = 4 LIMIT 1   [ RunTime:0.0000s ]
NOTIC: [8] Undefined index: goods /mnt/share/dzx.com/Application/Home/Controller/ProductController.class.php 第 90 行.
NOTIC: [8] Undefined index: coupon /mnt/share/dzx.com/Application/Home/Controller/ProductController.class.php 第 103 行.
INFO: [ view_parse ] --START--
INFO: [ template_filter ] --START--
INFO: Run Behavior\ContentReplaceBehavior [ RunTime:0.000232s ]
INFO: [ template_filter ] --END-- [ RunTime:0.000272s ]
INFO: Run Behavior\ParseTemplateBehavior [ RunTime:0.073876s ]
INFO: [ view_parse ] --END-- [ RunTime:0.073915s ]
INFO: [ view_filter ] --START--
INFO: Run Behavior\WriteHtmlCacheBehavior [ RunTime:0.008462s ]
INFO: [ view_filter ] --END-- [ RunTime:0.008503s ]
INFO: [ app_end ] --START--
INFO: Run Behavior\ShowPageTraceBehavior [ RunTime:0.006283s ]
INFO: [ app_end ] --END-- [ RunTime:0.006338s ]

