[ 2016-08-26T09:42:04+08:00 ] ::1 /dzx/wap
INFO: [ app_init ] --START--
INFO: Run Behavior\BuildLiteBehavior [ RunTime:0.000016s ]
INFO: [ app_init ] --END-- [ RunTime:0.000459s ]
INFO: [ app_begin ] --START--
INFO: Run Behavior\ReadHtmlCacheBehavior [ RunTime:0.000637s ]
INFO: Run Behavior\CheckLangBehavior [ RunTime:0.000439s ]
INFO: [ app_begin ] --END-- [ RunTime:0.001176s ]
SQL: SHOW COLUMNS FROM `think_column` [ RunTime:0.0197s ]
SQL: SELECT * FROM `think_column` WHERE ( status=0 and id!=5 )  [ RunTime:0.0005s ]
SQL: SHOW COLUMNS FROM `think_article` [ RunTime:0.0197s ]
SQL: SELECT `id`,`title`,`description`,`image`,`price`,`tprice` FROM `think_article` WHERE `status` = 0 AND `column_id` IN ('1','2','3','4') ORDER BY date desc LIMIT 6   [ RunTime:0.0104s ]
INFO: [ view_parse ] --START--
INFO: [ template_filter ] --START--
INFO: Run Behavior\ContentReplaceBehavior [ RunTime:0.000149s ]
INFO: [ template_filter ] --END-- [ RunTime:0.000208s ]
INFO: Run Behavior\ParseTemplateBehavior [ RunTime:0.028610s ]
INFO: [ view_parse ] --END-- [ RunTime:0.028680s ]
INFO: [ view_filter ] --START--
INFO: Run Behavior\WriteHtmlCacheBehavior [ RunTime:0.000507s ]
INFO: [ view_filter ] --END-- [ RunTime:0.000551s ]
INFO: [ app_end ] --START--
INFO: Run Behavior\ShowPageTraceBehavior [ RunTime:0.000598s ]
INFO: [ app_end ] --END-- [ RunTime:0.000643s ]

[ 2016-08-26T09:42:09+08:00 ] ::1 /dzx/wap
INFO: [ app_init ] --START--
INFO: Run Behavior\BuildLiteBehavior [ RunTime:0.000015s ]
INFO: [ app_init ] --END-- [ RunTime:0.000424s ]
INFO: [ app_begin ] --START--
INFO: Run Behavior\ReadHtmlCacheBehavior [ RunTime:0.000617s ]
INFO: Run Behavior\CheckLangBehavior [ RunTime:0.000446s ]
INFO: [ app_begin ] --END-- [ RunTime:0.001159s ]
SQL: SHOW COLUMNS FROM `think_column` [ RunTime:0.0032s ]
SQL: SELECT * FROM `think_column` WHERE ( status=0 and id!=5 )  [ RunTime:0.0008s ]
SQL: SHOW COLUMNS FROM `think_article` [ RunTime:0.0029s ]
SQL: SELECT `id`,`title`,`description`,`image`,`price`,`tprice` FROM `think_article` WHERE `status` = 0 AND `column_id` IN ('1','2','3','4') ORDER BY date desc LIMIT 6   [ RunTime:0.0004s ]
INFO: [ view_parse ] --START--
INFO: [ template_filter ] --START--
INFO: Run Behavior\ContentReplaceBehavior [ RunTime:0.000192s ]
INFO: [ template_filter ] --END-- [ RunTime:0.000311s ]
INFO: Run Behavior\ParseTemplateBehavior [ RunTime:0.014131s ]
INFO: [ view_parse ] --END-- [ RunTime:0.014213s ]
INFO: [ view_filter ] --START--
INFO: Run Behavior\WriteHtmlCacheBehavior [ RunTime:0.000599s ]
INFO: [ view_filter ] --END-- [ RunTime:0.000647s ]
INFO: [ app_end ] --START--
INFO: Run Behavior\ShowPageTraceBehavior [ RunTime:0.000574s ]
INFO: [ app_end ] --END-- [ RunTime:0.000629s ]

[ 2016-08-26T09:42:10+08:00 ] ::1 /dzx/Wap/product/addCart.html
INFO: [ app_init ] --START--
INFO: Run Behavior\BuildLiteBehavior [ RunTime:0.000012s ]
INFO: [ app_init ] --END-- [ RunTime:0.000368s ]
INFO: [ app_begin ] --START--
INFO: Run Behavior\ReadHtmlCacheBehavior [ RunTime:0.000575s ]
INFO: Run Behavior\CheckLangBehavior [ RunTime:0.000397s ]
INFO: [ app_begin ] --END-- [ RunTime:0.001043s ]
SQL: SHOW COLUMNS FROM `think_column` [ RunTime:0.0029s ]
SQL: SELECT * FROM `think_column` WHERE ( status=0 and id!=5 )  [ RunTime:0.0004s ]

[ 2016-08-26T09:42:10+08:00 ] ::1 /dzx/Wap/Product/cart.html
INFO: [ app_init ] --START--
INFO: Run Behavior\BuildLiteBehavior [ RunTime:0.000016s ]
INFO: [ app_init ] --END-- [ RunTime:0.000343s ]
INFO: [ app_begin ] --START--
INFO: Run Behavior\ReadHtmlCacheBehavior [ RunTime:0.000929s ]
INFO: Run Behavior\CheckLangBehavior [ RunTime:0.001961s ]
INFO: [ app_begin ] --END-- [ RunTime:0.003291s ]
SQL: SHOW COLUMNS FROM `think_column` [ RunTime:0.0036s ]
SQL: SELECT * FROM `think_column` WHERE ( status=0 and id!=5 )  [ RunTime:0.0011s ]
SQL: SHOW COLUMNS FROM `think_article` [ RunTime:0.0037s ]
SQL: SELECT `id`,`title`,`description`,`image`,`price`,`tprice` FROM `think_article` WHERE `status` = 0 AND `column_id` = 10  [ RunTime:0.0003s ]
SQL: SELECT * FROM `think_article` WHERE `id` = 5 LIMIT 1   [ RunTime:0.0003s ]
SQL: SELECT * FROM `think_article` WHERE `id` = 2 LIMIT 1   [ RunTime:0.0002s ]
NOTIC: [8] Undefined index: goods C:\xampp\htdocs\dzx\Application\Wap\Controller\ProductController.class.php 第 153 行.
NOTIC: [8] Undefined index: coupon C:\xampp\htdocs\dzx\Application\Wap\Controller\ProductController.class.php 第 166 行.
INFO: [ view_parse ] --START--
INFO: [ template_filter ] --START--
INFO: Run Behavior\ContentReplaceBehavior [ RunTime:0.000457s ]
INFO: [ template_filter ] --END-- [ RunTime:0.000526s ]
NOTIC: [8] Undefined offset: 1 C:\xampp\htdocs\dzx\Application\Wap\Common\function.php 第 87 行.
NOTIC: [8] Undefined offset: 1 C:\xampp\htdocs\dzx\Application\Wap\Common\function.php 第 87 行.
INFO: Run Behavior\ParseTemplateBehavior [ RunTime:0.068633s ]
INFO: [ view_parse ] --END-- [ RunTime:0.068683s ]
INFO: [ view_filter ] --START--
INFO: Run Behavior\WriteHtmlCacheBehavior [ RunTime:0.000483s ]
INFO: [ view_filter ] --END-- [ RunTime:0.000529s ]
INFO: [ app_end ] --START--
INFO: Run Behavior\ShowPageTraceBehavior [ RunTime:0.001402s ]
INFO: [ app_end ] --END-- [ RunTime:0.001470s ]

[ 2016-08-26T09:45:07+08:00 ] ::1 /dzx/Wap/Product/cart.html
INFO: [ app_init ] --START--
INFO: Run Behavior\BuildLiteBehavior [ RunTime:0.000014s ]
INFO: [ app_init ] --END-- [ RunTime:0.000391s ]
INFO: [ app_begin ] --START--
INFO: Run Behavior\ReadHtmlCacheBehavior [ RunTime:0.000785s ]
INFO: Run Behavior\CheckLangBehavior [ RunTime:0.000452s ]
INFO: [ app_begin ] --END-- [ RunTime:0.001352s ]
SQL: SHOW COLUMNS FROM `think_column` [ RunTime:0.0047s ]
SQL: SELECT * FROM `think_column` WHERE ( status=0 and id!=5 )  [ RunTime:0.0005s ]
SQL: SHOW COLUMNS FROM `think_article` [ RunTime:0.0038s ]
SQL: SELECT `id`,`title`,`description`,`image`,`price`,`tprice` FROM `think_article` WHERE `status` = 0 AND `column_id` = 10  [ RunTime:0.0019s ]
SQL: SELECT * FROM `think_article` WHERE `id` = 5 LIMIT 1   [ RunTime:0.0005s ]
SQL: SELECT * FROM `think_article` WHERE `id` = 2 LIMIT 1   [ RunTime:0.0003s ]
NOTIC: [8] Undefined index: goods C:\xampp\htdocs\dzx\Application\Wap\Controller\ProductController.class.php 第 153 行.
NOTIC: [8] Undefined index: coupon C:\xampp\htdocs\dzx\Application\Wap\Controller\ProductController.class.php 第 166 行.
INFO: [ view_parse ] --START--
INFO: [ template_filter ] --START--
INFO: Run Behavior\ContentReplaceBehavior [ RunTime:0.000362s ]
INFO: [ template_filter ] --END-- [ RunTime:0.000432s ]
NOTIC: [8] Undefined offset: 1 C:\xampp\htdocs\dzx\Application\Wap\Common\function.php 第 87 行.
NOTIC: [8] Undefined offset: 1 C:\xampp\htdocs\dzx\Application\Wap\Common\function.php 第 87 行.
INFO: Run Behavior\ParseTemplateBehavior [ RunTime:0.022339s ]
INFO: [ view_parse ] --END-- [ RunTime:0.022393s ]
INFO: [ view_filter ] --START--
INFO: Run Behavior\WriteHtmlCacheBehavior [ RunTime:0.000394s ]
INFO: [ view_filter ] --END-- [ RunTime:0.000435s ]
INFO: [ app_end ] --START--
INFO: Run Behavior\ShowPageTraceBehavior [ RunTime:0.000780s ]
INFO: [ app_end ] --END-- [ RunTime:0.000854s ]

[ 2016-08-26T09:46:34+08:00 ] ::1 /dzx/Wap/Product/cart.html
INFO: [ app_init ] --START--
INFO: Run Behavior\BuildLiteBehavior [ RunTime:0.000015s ]
INFO: [ app_init ] --END-- [ RunTime:0.000401s ]
INFO: [ app_begin ] --START--
INFO: Run Behavior\ReadHtmlCacheBehavior [ RunTime:0.000652s ]
INFO: Run Behavior\CheckLangBehavior [ RunTime:0.000416s ]
INFO: [ app_begin ] --END-- [ RunTime:0.001176s ]
SQL: SHOW COLUMNS FROM `think_column` [ RunTime:0.0094s ]
SQL: SELECT * FROM `think_column` WHERE ( status=0 and id!=5 )  [ RunTime:0.0006s ]
SQL: SHOW COLUMNS FROM `think_article` [ RunTime:0.0056s ]
SQL: SELECT `id`,`title`,`description`,`image`,`price`,`tprice` FROM `think_article` WHERE `status` = 0 AND `column_id` = 10  [ RunTime:0.0004s ]
SQL: SELECT * FROM `think_article` WHERE `id` = 5 LIMIT 1   [ RunTime:0.0003s ]
SQL: SELECT * FROM `think_article` WHERE `id` = 2 LIMIT 1   [ RunTime:0.0004s ]
NOTIC: [8] Undefined index: goods C:\xampp\htdocs\dzx\Application\Wap\Controller\ProductController.class.php 第 153 行.
NOTIC: [8] Undefined index: coupon C:\xampp\htdocs\dzx\Application\Wap\Controller\ProductController.class.php 第 166 行.
INFO: [ view_parse ] --START--
INFO: [ template_filter ] --START--
INFO: Run Behavior\ContentReplaceBehavior [ RunTime:0.000363s ]
INFO: [ template_filter ] --END-- [ RunTime:0.000432s ]
NOTIC: [8] Undefined offset: 1 C:\xampp\htdocs\dzx\Application\Wap\Common\function.php 第 87 行.
NOTIC: [8] Undefined offset: 1 C:\xampp\htdocs\dzx\Application\Wap\Common\function.php 第 87 行.
INFO: Run Behavior\ParseTemplateBehavior [ RunTime:0.021523s ]
INFO: [ view_parse ] --END-- [ RunTime:0.021578s ]
INFO: [ view_filter ] --START--
INFO: Run Behavior\WriteHtmlCacheBehavior [ RunTime:0.000403s ]
INFO: [ view_filter ] --END-- [ RunTime:0.000447s ]
INFO: [ app_end ] --START--
INFO: Run Behavior\ShowPageTraceBehavior [ RunTime:0.000868s ]
INFO: [ app_end ] --END-- [ RunTime:0.000934s ]

[ 2016-08-26T09:46:59+08:00 ] ::1 /dzx/Wap/Product/cart.html
INFO: [ app_init ] --START--
INFO: Run Behavior\BuildLiteBehavior [ RunTime:0.000014s ]
INFO: [ app_init ] --END-- [ RunTime:0.000388s ]
INFO: [ app_begin ] --START--
INFO: Run Behavior\ReadHtmlCacheBehavior [ RunTime:0.000615s ]
INFO: Run Behavior\CheckLangBehavior [ RunTime:0.000416s ]
INFO: [ app_begin ] --END-- [ RunTime:0.001138s ]
SQL: SHOW COLUMNS FROM `think_column` [ RunTime:0.0035s ]
SQL: SELECT * FROM `think_column` WHERE ( status=0 and id!=5 )  [ RunTime:0.0006s ]
SQL: SHOW COLUMNS FROM `think_article` [ RunTime:0.0073s ]
SQL: SELECT `id`,`title`,`description`,`image`,`price`,`tprice` FROM `think_article` WHERE `status` = 0 AND `column_id` = 10  [ RunTime:0.0004s ]
SQL: SELECT * FROM `think_article` WHERE `id` = 5 LIMIT 1   [ RunTime:0.0003s ]
SQL: SELECT * FROM `think_article` WHERE `id` = 2 LIMIT 1   [ RunTime:0.0002s ]
NOTIC: [8] Undefined index: goods C:\xampp\htdocs\dzx\Application\Wap\Controller\ProductController.class.php 第 153 行.
NOTIC: [8] Undefined index: coupon C:\xampp\htdocs\dzx\Application\Wap\Controller\ProductController.class.php 第 166 行.
INFO: [ view_parse ] --START--
INFO: [ template_filter ] --START--
INFO: Run Behavior\ContentReplaceBehavior [ RunTime:0.000317s ]
INFO: [ template_filter ] --END-- [ RunTime:0.000379s ]
NOTIC: [8] Undefined offset: 1 C:\xampp\htdocs\dzx\Application\Wap\Common\function.php 第 87 行.
NOTIC: [8] Undefined offset: 1 C:\xampp\htdocs\dzx\Application\Wap\Common\function.php 第 87 行.
INFO: Run Behavior\ParseTemplateBehavior [ RunTime:0.020544s ]
INFO: [ view_parse ] --END-- [ RunTime:0.020594s ]
INFO: [ view_filter ] --START--
INFO: Run Behavior\WriteHtmlCacheBehavior [ RunTime:0.000388s ]
INFO: [ view_filter ] --END-- [ RunTime:0.000430s ]
INFO: [ app_end ] --START--
INFO: Run Behavior\ShowPageTraceBehavior [ RunTime:0.000777s ]
INFO: [ app_end ] --END-- [ RunTime:0.000872s ]

[ 2016-08-26T09:47:39+08:00 ] ::1 /dzx/Wap/Product/cart.html
INFO: [ app_init ] --START--
INFO: Run Behavior\BuildLiteBehavior [ RunTime:0.000015s ]
INFO: [ app_init ] --END-- [ RunTime:0.000399s ]
INFO: [ app_begin ] --START--
INFO: Run Behavior\ReadHtmlCacheBehavior [ RunTime:0.000607s ]
INFO: Run Behavior\CheckLangBehavior [ RunTime:0.000440s ]
INFO: [ app_begin ] --END-- [ RunTime:0.001147s ]
SQL: SHOW COLUMNS FROM `think_column` [ RunTime:0.0048s ]
SQL: SELECT * FROM `think_column` WHERE ( status=0 and id!=5 )  [ RunTime:0.0025s ]
SQL: SHOW COLUMNS FROM `think_article` [ RunTime:0.0039s ]
SQL: SELECT `id`,`title`,`description`,`image`,`price`,`tprice` FROM `think_article` WHERE `status` = 0 AND `column_id` = 10  [ RunTime:0.0006s ]
SQL: SELECT * FROM `think_article` WHERE `id` = 5 LIMIT 1   [ RunTime:0.0003s ]
SQL: SELECT * FROM `think_article` WHERE `id` = 2 LIMIT 1   [ RunTime:0.0003s ]
NOTIC: [8] Undefined index: goods C:\xampp\htdocs\dzx\Application\Wap\Controller\ProductController.class.php 第 153 行.
NOTIC: [8] Undefined index: coupon C:\xampp\htdocs\dzx\Application\Wap\Controller\ProductController.class.php 第 166 行.
INFO: [ view_parse ] --START--
INFO: [ template_filter ] --START--
INFO: Run Behavior\ContentReplaceBehavior [ RunTime:0.000688s ]
INFO: [ template_filter ] --END-- [ RunTime:0.000761s ]
NOTIC: [8] Undefined offset: 1 C:\xampp\htdocs\dzx\Application\Wap\Common\function.php 第 87 行.
NOTIC: [8] Undefined offset: 1 C:\xampp\htdocs\dzx\Application\Wap\Common\function.php 第 87 行.
INFO: Run Behavior\ParseTemplateBehavior [ RunTime:0.022848s ]
INFO: [ view_parse ] --END-- [ RunTime:0.022900s ]
INFO: [ view_filter ] --START--
INFO: Run Behavior\WriteHtmlCacheBehavior [ RunTime:0.000503s ]
INFO: [ view_filter ] --END-- [ RunTime:0.000548s ]
INFO: [ app_end ] --START--
INFO: Run Behavior\ShowPageTraceBehavior [ RunTime:0.000722s ]
INFO: [ app_end ] --END-- [ RunTime:0.000792s ]

[ 2016-08-26T09:47:47+08:00 ] ::1 /dzx/Wap/Product/cart.html
INFO: [ app_init ] --START--
INFO: Run Behavior\BuildLiteBehavior [ RunTime:0.000016s ]
INFO: [ app_init ] --END-- [ RunTime:0.000430s ]
INFO: [ app_begin ] --START--
INFO: Run Behavior\ReadHtmlCacheBehavior [ RunTime:0.000479s ]
INFO: Run Behavior\CheckLangBehavior [ RunTime:0.000558s ]
INFO: [ app_begin ] --END-- [ RunTime:0.001145s ]
SQL: SHOW COLUMNS FROM `think_column` [ RunTime:0.0041s ]
SQL: SELECT * FROM `think_column` WHERE ( status=0 and id!=5 )  [ RunTime:0.0005s ]
SQL: SHOW COLUMNS FROM `think_article` [ RunTime:0.0062s ]
SQL: SELECT `id`,`title`,`description`,`image`,`price`,`tprice` FROM `think_article` WHERE `status` = 0 AND `column_id` = 10  [ RunTime:0.0006s ]
SQL: SELECT * FROM `think_article` WHERE `id` = 5 LIMIT 1   [ RunTime:0.0006s ]
SQL: SELECT * FROM `think_article` WHERE `id` = 2 LIMIT 1   [ RunTime:0.0003s ]
NOTIC: [8] Undefined index: goods C:\xampp\htdocs\dzx\Application\Wap\Controller\ProductController.class.php 第 153 行.
NOTIC: [8] Undefined index: coupon C:\xampp\htdocs\dzx\Application\Wap\Controller\ProductController.class.php 第 166 行.
INFO: [ view_parse ] --START--
INFO: [ template_filter ] --START--
INFO: Run Behavior\ContentReplaceBehavior [ RunTime:0.000316s ]
INFO: [ template_filter ] --END-- [ RunTime:0.000377s ]
NOTIC: [8] Undefined offset: 1 C:\xampp\htdocs\dzx\Application\Wap\Common\function.php 第 87 行.
NOTIC: [8] Undefined offset: 1 C:\xampp\htdocs\dzx\Application\Wap\Common\function.php 第 87 行.
INFO: Run Behavior\ParseTemplateBehavior [ RunTime:0.019965s ]
INFO: [ view_parse ] --END-- [ RunTime:0.020016s ]
INFO: [ view_filter ] --START--
INFO: Run Behavior\WriteHtmlCacheBehavior [ RunTime:0.000280s ]
INFO: [ view_filter ] --END-- [ RunTime:0.000320s ]
INFO: [ app_end ] --START--
INFO: Run Behavior\ShowPageTraceBehavior [ RunTime:0.000648s ]
INFO: [ app_end ] --END-- [ RunTime:0.000732s ]

[ 2016-08-26T09:48:08+08:00 ] ::1 /dzx/Wap/Product/cart.html
INFO: [ app_init ] --START--
INFO: Run Behavior\BuildLiteBehavior [ RunTime:0.000016s ]
INFO: [ app_init ] --END-- [ RunTime:0.000483s ]
INFO: [ app_begin ] --START--
INFO: Run Behavior\ReadHtmlCacheBehavior [ RunTime:0.000490s ]
INFO: Run Behavior\CheckLangBehavior [ RunTime:0.000327s ]
INFO: [ app_begin ] --END-- [ RunTime:0.000916s ]
SQL: SHOW COLUMNS FROM `think_column` [ RunTime:0.0026s ]
SQL: SELECT * FROM `think_column` WHERE ( status=0 and id!=5 )  [ RunTime:0.0011s ]
SQL: SHOW COLUMNS FROM `think_article` [ RunTime:0.0032s ]
SQL: SELECT `id`,`title`,`description`,`image`,`price`,`tprice` FROM `think_article` WHERE `status` = 0 AND `column_id` = 10  [ RunTime:0.0004s ]
SQL: SELECT * FROM `think_article` WHERE `id` = 5 LIMIT 1   [ RunTime:0.0003s ]
SQL: SELECT * FROM `think_article` WHERE `id` = 2 LIMIT 1   [ RunTime:0.0002s ]
NOTIC: [8] Undefined index: goods C:\xampp\htdocs\dzx\Application\Wap\Controller\ProductController.class.php 第 153 行.
NOTIC: [8] Undefined index: coupon C:\xampp\htdocs\dzx\Application\Wap\Controller\ProductController.class.php 第 166 行.
INFO: [ view_parse ] --START--
INFO: [ template_filter ] --START--
INFO: Run Behavior\ContentReplaceBehavior [ RunTime:0.000537s ]
INFO: [ template_filter ] --END-- [ RunTime:0.000605s ]
NOTIC: [8] Undefined offset: 1 C:\xampp\htdocs\dzx\Application\Wap\Common\function.php 第 87 行.
NOTIC: [8] Undefined offset: 1 C:\xampp\htdocs\dzx\Application\Wap\Common\function.php 第 87 行.
INFO: Run Behavior\ParseTemplateBehavior [ RunTime:0.020555s ]
INFO: [ view_parse ] --END-- [ RunTime:0.020603s ]
INFO: [ view_filter ] --START--
INFO: Run Behavior\WriteHtmlCacheBehavior [ RunTime:0.000285s ]
INFO: [ view_filter ] --END-- [ RunTime:0.000324s ]
INFO: [ app_end ] --START--
INFO: Run Behavior\ShowPageTraceBehavior [ RunTime:0.000638s ]
INFO: [ app_end ] --END-- [ RunTime:0.000699s ]

[ 2016-08-26T09:50:29+08:00 ] ::1 /dzx/Wap/Product/cart.html
INFO: [ app_init ] --START--
INFO: Run Behavior\BuildLiteBehavior [ RunTime:0.000016s ]
INFO: [ app_init ] --END-- [ RunTime:0.000861s ]
INFO: [ app_begin ] --START--
INFO: Run Behavior\ReadHtmlCacheBehavior [ RunTime:0.000611s ]
INFO: Run Behavior\CheckLangBehavior [ RunTime:0.000409s ]
INFO: [ app_begin ] --END-- [ RunTime:0.001121s ]
SQL: SHOW COLUMNS FROM `think_column` [ RunTime:0.0028s ]
SQL: SELECT * FROM `think_column` WHERE ( status=0 and id!=5 )  [ RunTime:0.0004s ]
SQL: SHOW COLUMNS FROM `think_article` [ RunTime:0.0026s ]
SQL: SELECT `id`,`title`,`description`,`image`,`price`,`tprice` FROM `think_article` WHERE `status` = 0 AND `column_id` = 10  [ RunTime:0.0003s ]
SQL: SELECT * FROM `think_article` WHERE `id` = 5 LIMIT 1   [ RunTime:0.0002s ]
SQL: SELECT * FROM `think_article` WHERE `id` = 2 LIMIT 1   [ RunTime:0.0002s ]
NOTIC: [8] Undefined index: goods C:\xampp\htdocs\dzx\Application\Wap\Controller\ProductController.class.php 第 153 行.
NOTIC: [8] Undefined index: coupon C:\xampp\htdocs\dzx\Application\Wap\Controller\ProductController.class.php 第 166 行.
INFO: [ view_parse ] --START--
INFO: [ template_filter ] --START--
INFO: Run Behavior\ContentReplaceBehavior [ RunTime:0.000327s ]
INFO: [ template_filter ] --END-- [ RunTime:0.000393s ]
NOTIC: [8] Undefined offset: 1 C:\xampp\htdocs\dzx\Application\Wap\Common\function.php 第 87 行.
NOTIC: [8] Undefined offset: 1 C:\xampp\htdocs\dzx\Application\Wap\Common\function.php 第 87 行.
INFO: Run Behavior\ParseTemplateBehavior [ RunTime:0.020236s ]
INFO: [ view_parse ] --END-- [ RunTime:0.020287s ]
INFO: [ view_filter ] --START--
INFO: Run Behavior\WriteHtmlCacheBehavior [ RunTime:0.000438s ]
INFO: [ view_filter ] --END-- [ RunTime:0.000480s ]
INFO: [ app_end ] --START--
INFO: Run Behavior\ShowPageTraceBehavior [ RunTime:0.000756s ]
INFO: [ app_end ] --END-- [ RunTime:0.000816s ]

[ 2016-08-26T09:57:05+08:00 ] ::1 /dzx/Wap/Product/cart.html
INFO: [ app_init ] --START--
INFO: Run Behavior\BuildLiteBehavior [ RunTime:0.000015s ]
INFO: [ app_init ] --END-- [ RunTime:0.000420s ]
INFO: [ app_begin ] --START--
INFO: Run Behavior\ReadHtmlCacheBehavior [ RunTime:0.000721s ]
INFO: Run Behavior\CheckLangBehavior [ RunTime:0.000425s ]
INFO: [ app_begin ] --END-- [ RunTime:0.001259s ]
SQL: SHOW COLUMNS FROM `think_column` [ RunTime:0.0028s ]
SQL: SELECT * FROM `think_column` WHERE ( status=0 and id!=5 )  [ RunTime:0.0006s ]
SQL: SHOW COLUMNS FROM `think_article` [ RunTime:0.0038s ]
SQL: SELECT `id`,`title`,`description`,`image`,`price`,`tprice` FROM `think_article` WHERE `status` = 0 AND `column_id` = 10  [ RunTime:0.0004s ]
SQL: SELECT * FROM `think_article` WHERE `id` = 5 LIMIT 1   [ RunTime:0.0003s ]
SQL: SELECT * FROM `think_article` WHERE `id` = 2 LIMIT 1   [ RunTime:0.0002s ]
NOTIC: [8] Undefined index: goods C:\xampp\htdocs\dzx\Application\Wap\Controller\ProductController.class.php 第 153 行.
NOTIC: [8] Undefined index: coupon C:\xampp\htdocs\dzx\Application\Wap\Controller\ProductController.class.php 第 166 行.
INFO: [ view_parse ] --START--
INFO: [ template_filter ] --START--
INFO: Run Behavior\ContentReplaceBehavior [ RunTime:0.000351s ]
INFO: [ template_filter ] --END-- [ RunTime:0.000417s ]
NOTIC: [8] Undefined offset: 1 C:\xampp\htdocs\dzx\Application\Wap\Common\function.php 第 87 行.
NOTIC: [8] Undefined offset: 1 C:\xampp\htdocs\dzx\Application\Wap\Common\function.php 第 87 行.
INFO: Run Behavior\ParseTemplateBehavior [ RunTime:0.021963s ]
INFO: [ view_parse ] --END-- [ RunTime:0.022017s ]
INFO: [ view_filter ] --START--
INFO: Run Behavior\WriteHtmlCacheBehavior [ RunTime:0.000448s ]
INFO: [ view_filter ] --END-- [ RunTime:0.000492s ]
INFO: [ app_end ] --START--
INFO: Run Behavior\ShowPageTraceBehavior [ RunTime:0.000769s ]
INFO: [ app_end ] --END-- [ RunTime:0.000828s ]

[ 2016-08-26T10:00:33+08:00 ] ::1 /dzx/Wap/Product/cart.html
INFO: [ app_init ] --START--
INFO: Run Behavior\BuildLiteBehavior [ RunTime:0.000015s ]
INFO: [ app_init ] --END-- [ RunTime:0.000409s ]
INFO: [ app_begin ] --START--
INFO: Run Behavior\ReadHtmlCacheBehavior [ RunTime:0.000610s ]
INFO: Run Behavior\CheckLangBehavior [ RunTime:0.000883s ]
INFO: [ app_begin ] --END-- [ RunTime:0.001621s ]
SQL: SHOW COLUMNS FROM `think_column` [ RunTime:0.2005s ]
SQL: SELECT * FROM `think_column` WHERE ( status=0 and id!=5 )  [ RunTime:0.0129s ]
SQL: SHOW COLUMNS FROM `think_article` [ RunTime:0.0070s ]
SQL: SELECT `id`,`title`,`description`,`image`,`price`,`tprice` FROM `think_article` WHERE `status` = 0 AND `column_id` = 10  [ RunTime:0.0004s ]
SQL: SELECT * FROM `think_article` WHERE `id` = 5 LIMIT 1   [ RunTime:0.0003s ]
SQL: SELECT * FROM `think_article` WHERE `id` = 2 LIMIT 1   [ RunTime:0.0002s ]
NOTIC: [8] Undefined index: goods C:\xampp\htdocs\dzx\Application\Wap\Controller\ProductController.class.php 第 153 行.
NOTIC: [8] Undefined index: coupon C:\xampp\htdocs\dzx\Application\Wap\Controller\ProductController.class.php 第 166 行.
INFO: [ view_parse ] --START--
INFO: [ template_filter ] --START--
INFO: Run Behavior\ContentReplaceBehavior [ RunTime:0.000370s ]
INFO: [ template_filter ] --END-- [ RunTime:0.000459s ]
NOTIC: [8] Undefined offset: 1 C:\xampp\htdocs\dzx\Application\Wap\Common\function.php 第 87 行.
NOTIC: [8] Undefined offset: 1 C:\xampp\htdocs\dzx\Application\Wap\Common\function.php 第 87 行.
INFO: Run Behavior\ParseTemplateBehavior [ RunTime:0.024200s ]
INFO: [ view_parse ] --END-- [ RunTime:0.024258s ]
INFO: [ view_filter ] --START--
INFO: Run Behavior\WriteHtmlCacheBehavior [ RunTime:0.000376s ]
INFO: [ view_filter ] --END-- [ RunTime:0.000417s ]
INFO: [ app_end ] --START--
INFO: Run Behavior\ShowPageTraceBehavior [ RunTime:0.000770s ]
INFO: [ app_end ] --END-- [ RunTime:0.000856s ]

