[ 2016-08-18T13:37:22+08:00 ] 192.168.188.184 /wap
INFO: [ app_init ] --START--
INFO: Run Behavior\BuildLiteBehavior [ RunTime:0.000013s ]
INFO: [ app_init ] --END-- [ RunTime:0.003634s ]
INFO: [ app_begin ] --START--
INFO: Run Behavior\ReadHtmlCacheBehavior [ RunTime:0.008185s ]
INFO: Run Behavior\CheckLangBehavior [ RunTime:0.008284s ]
INFO: [ app_begin ] --END-- [ RunTime:0.016573s ]
SQL: SHOW COLUMNS FROM `think_column` [ RunTime:0.0005s ]
SQL: SELECT * FROM `think_column` WHERE ( status=0 and id!=5 )  [ RunTime:0.0001s ]
SQL: SHOW COLUMNS FROM `think_article` [ RunTime:0.0005s ]
SQL: SELECT * FROM `think_article` WHERE `status` = 0 AND `column_id` <> 5 LIMIT 5   [ RunTime:0.0001s ]
SQL: SELECT * FROM `think_article` WHERE `status` = 0 AND `column_id` = 5 LIMIT 6   [ RunTime:0.0001s ]
INFO: [ view_parse ] --START--
INFO: [ template_filter ] --START--
INFO: Run Behavior\ContentReplaceBehavior [ RunTime:0.000075s ]
INFO: [ template_filter ] --END-- [ RunTime:0.000114s ]
INFO: Run Behavior\ParseTemplateBehavior [ RunTime:0.105573s ]
INFO: [ view_parse ] --END-- [ RunTime:0.105630s ]
INFO: [ view_filter ] --START--
INFO: Run Behavior\WriteHtmlCacheBehavior [ RunTime:0.008112s ]
INFO: [ view_filter ] --END-- [ RunTime:0.008159s ]
INFO: [ app_end ] --START--
INFO: Run Behavior\ShowPageTraceBehavior [ RunTime:0.008700s ]
INFO: [ app_end ] --END-- [ RunTime:0.008741s ]

[ 2016-08-18T13:37:42+08:00 ] 192.168.188.184 /Wap/product/index/oid/5.html
INFO: [ app_init ] --START--
INFO: Run Behavior\BuildLiteBehavior [ RunTime:0.000013s ]
INFO: [ app_init ] --END-- [ RunTime:0.004556s ]
INFO: [ app_begin ] --START--
INFO: Run Behavior\ReadHtmlCacheBehavior [ RunTime:0.011456s ]
INFO: Run Behavior\CheckLangBehavior [ RunTime:0.010492s ]
INFO: [ app_begin ] --END-- [ RunTime:0.022036s ]
SQL: SHOW COLUMNS FROM `think_column` [ RunTime:0.0004s ]
SQL: SELECT * FROM `think_column` WHERE ( status=0 and id!=5 )  [ RunTime:0.0001s ]
SQL: SHOW COLUMNS FROM `think_article` [ RunTime:0.0005s ]
SQL: SELECT COUNT(*) AS tp_count FROM `think_article` WHERE `status` = 0 AND `column_id` = 5 LIMIT 1   [ RunTime:0.0001s ]
NOTIC: [8] Undefined index: p /mnt/share/dzx.com/Application/Wap/Controller/ProductController.class.php 第 84 行.
SQL: SELECT * FROM `think_article` WHERE `status` = 0 AND `column_id` = 5 LIMIT 0,3   [ RunTime:0.0001s ]
INFO: [ view_parse ] --START--
INFO: [ template_filter ] --START--
INFO: Run Behavior\ContentReplaceBehavior [ RunTime:0.000080s ]
INFO: [ template_filter ] --END-- [ RunTime:0.000114s ]
INFO: Run Behavior\ParseTemplateBehavior [ RunTime:0.087915s ]
INFO: [ view_parse ] --END-- [ RunTime:0.087992s ]
INFO: [ view_filter ] --START--
INFO: Run Behavior\WriteHtmlCacheBehavior [ RunTime:0.008447s ]
INFO: [ view_filter ] --END-- [ RunTime:0.008488s ]
INFO: [ app_end ] --START--
INFO: Run Behavior\ShowPageTraceBehavior [ RunTime:0.007807s ]
INFO: [ app_end ] --END-- [ RunTime:0.007853s ]

[ 2016-08-18T13:37:43+08:00 ] 192.168.188.184 /Wap/Product/get_lists
INFO: [ app_init ] --START--
INFO: Run Behavior\BuildLiteBehavior [ RunTime:0.000020s ]
INFO: [ app_init ] --END-- [ RunTime:0.005473s ]
INFO: [ app_begin ] --START--
INFO: Run Behavior\ReadHtmlCacheBehavior [ RunTime:0.007954s ]
INFO: Run Behavior\CheckLangBehavior [ RunTime:0.007807s ]
INFO: [ app_begin ] --END-- [ RunTime:0.015855s ]
SQL: SHOW COLUMNS FROM `think_column` [ RunTime:0.0004s ]
SQL: SELECT * FROM `think_column` WHERE ( status=0 and id!=5 )  [ RunTime:0.0001s ]
SQL: SHOW COLUMNS FROM `think_article` [ RunTime:0.0007s ]
SQL: SELECT * FROM `think_article` WHERE `status` = 0 AND `column_id` = 5 LIMIT 3,3   [ RunTime:0.0001s ]
INFO: [ view_parse ] --START--
INFO: [ template_filter ] --START--
INFO: Run Behavior\ContentReplaceBehavior [ RunTime:0.000035s ]
INFO: [ template_filter ] --END-- [ RunTime:0.000069s ]
INFO: Run Behavior\ParseTemplateBehavior [ RunTime:0.075703s ]
INFO: [ view_parse ] --END-- [ RunTime:0.075752s ]
INFO: [ view_filter ] --START--
INFO: Run Behavior\WriteHtmlCacheBehavior [ RunTime:0.008919s ]
INFO: [ view_filter ] --END-- [ RunTime:0.008958s ]
INFO: [ app_end ] --START--
INFO: Run Behavior\ShowPageTraceBehavior [ RunTime:0.008514s ]
INFO: [ app_end ] --END-- [ RunTime:0.008558s ]

[ 2016-08-18T13:37:44+08:00 ] 192.168.188.184 /Wap/Product/get_lists
INFO: [ app_init ] --START--
INFO: Run Behavior\BuildLiteBehavior [ RunTime:0.000012s ]
INFO: [ app_init ] --END-- [ RunTime:0.002908s ]
INFO: [ app_begin ] --START--
INFO: Run Behavior\ReadHtmlCacheBehavior [ RunTime:0.006240s ]
INFO: Run Behavior\CheckLangBehavior [ RunTime:0.005876s ]
INFO: [ app_begin ] --END-- [ RunTime:0.012174s ]
SQL: SHOW COLUMNS FROM `think_column` [ RunTime:0.0004s ]
SQL: SELECT * FROM `think_column` WHERE ( status=0 and id!=5 )  [ RunTime:0.0001s ]
SQL: SHOW COLUMNS FROM `think_article` [ RunTime:0.0004s ]
SQL: SELECT * FROM `think_article` WHERE `status` = 0 AND `column_id` = 5 LIMIT 6,3   [ RunTime:0.0001s ]
INFO: [ app_end ] --START--
INFO: Run Behavior\ShowPageTraceBehavior [ RunTime:0.006399s ]
INFO: [ app_end ] --END-- [ RunTime:0.006446s ]

[ 2016-08-18T13:37:49+08:00 ] 192.168.188.184 /Wap/product/details/id/3.html
INFO: [ app_init ] --START--
INFO: Run Behavior\BuildLiteBehavior [ RunTime:0.000022s ]
INFO: [ app_init ] --END-- [ RunTime:0.004966s ]
INFO: [ app_begin ] --START--
INFO: Run Behavior\ReadHtmlCacheBehavior [ RunTime:0.009178s ]
INFO: Run Behavior\CheckLangBehavior [ RunTime:0.008182s ]
INFO: [ app_begin ] --END-- [ RunTime:0.017451s ]
SQL: SHOW COLUMNS FROM `think_column` [ RunTime:0.0004s ]
SQL: SELECT * FROM `think_column` WHERE ( status=0 and id!=5 )  [ RunTime:0.0001s ]
SQL: SHOW COLUMNS FROM `think_article` [ RunTime:0.0005s ]
SQL: SELECT * FROM `think_article` WHERE `id` = 3 LIMIT 1   [ RunTime:0.0001s ]
SQL: SHOW COLUMNS FROM `think_order` [ RunTime:0.0004s ]
SQL: SELECT * FROM `think_order` WHERE `ordstatus` = 1 ORDER BY 10  [ RunTime:0.0001s ]
SQL: SELECT COUNT(*) AS tp_count FROM `think_order` WHERE `ordstatus` = 1 LIMIT 1   [ RunTime:0.0000s ]
INFO: [ view_parse ] --START--
INFO: [ template_filter ] --START--
INFO: Run Behavior\ContentReplaceBehavior [ RunTime:0.000068s ]
INFO: [ template_filter ] --END-- [ RunTime:0.000104s ]
NOTIC: [8] Undefined variable: coupon /mnt/share/dzx.com/Application/Runtime/Cache/Wap/070f19e1337d1b79ad319a014d3e1a69.php 第 61 行.
INFO: Run Behavior\ParseTemplateBehavior [ RunTime:0.109612s ]
INFO: [ view_parse ] --END-- [ RunTime:0.109661s ]
INFO: [ view_filter ] --START--
INFO: Run Behavior\WriteHtmlCacheBehavior [ RunTime:0.008301s ]
INFO: [ view_filter ] --END-- [ RunTime:0.008343s ]
INFO: [ app_end ] --START--
INFO: Run Behavior\ShowPageTraceBehavior [ RunTime:0.008011s ]
INFO: [ app_end ] --END-- [ RunTime:0.008052s ]

[ 2016-08-18T13:37:54+08:00 ] 192.168.188.184 /Wap/product/index/oid/5.html
INFO: [ app_init ] --START--
INFO: Run Behavior\BuildLiteBehavior [ RunTime:0.000014s ]
INFO: [ app_init ] --END-- [ RunTime:0.003718s ]
INFO: [ app_begin ] --START--
INFO: Run Behavior\ReadHtmlCacheBehavior [ RunTime:0.008232s ]
INFO: Run Behavior\CheckLangBehavior [ RunTime:0.007712s ]
INFO: [ app_begin ] --END-- [ RunTime:0.016048s ]
SQL: SHOW COLUMNS FROM `think_column` [ RunTime:0.0005s ]
SQL: SELECT * FROM `think_column` WHERE ( status=0 and id!=5 )  [ RunTime:0.0001s ]
SQL: SHOW COLUMNS FROM `think_article` [ RunTime:0.0006s ]
NOTIC: [8] Undefined index: p /mnt/share/dzx.com/Application/Wap/Controller/ProductController.class.php 第 84 行.
INFO: [ view_parse ] --START--
INFO: [ template_filter ] --START--
INFO: Run Behavior\ContentReplaceBehavior [ RunTime:0.000171s ]
INFO: [ template_filter ] --END-- [ RunTime:0.000220s ]
INFO: Run Behavior\ParseTemplateBehavior [ RunTime:0.075760s ]
INFO: [ view_parse ] --END-- [ RunTime:0.075816s ]
INFO: [ view_filter ] --START--
INFO: Run Behavior\WriteHtmlCacheBehavior [ RunTime:0.008392s ]
INFO: [ view_filter ] --END-- [ RunTime:0.008434s ]
INFO: [ app_end ] --START--
INFO: Run Behavior\ShowPageTraceBehavior [ RunTime:0.008969s ]
INFO: [ app_end ] --END-- [ RunTime:0.009014s ]

[ 2016-08-18T13:37:55+08:00 ] 192.168.188.184 /Wap/Product/get_lists
INFO: [ app_init ] --START--
INFO: Run Behavior\BuildLiteBehavior [ RunTime:0.000014s ]
INFO: [ app_init ] --END-- [ RunTime:0.004326s ]
INFO: [ app_begin ] --START--
INFO: Run Behavior\ReadHtmlCacheBehavior [ RunTime:0.008121s ]
INFO: Run Behavior\CheckLangBehavior [ RunTime:0.008721s ]
INFO: [ app_begin ] --END-- [ RunTime:0.016944s ]
SQL: SHOW COLUMNS FROM `think_column` [ RunTime:0.0006s ]
SQL: SELECT * FROM `think_column` WHERE ( status=0 and id!=5 )  [ RunTime:0.0001s ]
SQL: SHOW COLUMNS FROM `think_article` [ RunTime:0.0006s ]
INFO: [ view_parse ] --START--
INFO: [ template_filter ] --START--
INFO: Run Behavior\ContentReplaceBehavior [ RunTime:0.000065s ]
INFO: [ template_filter ] --END-- [ RunTime:0.000101s ]
INFO: Run Behavior\ParseTemplateBehavior [ RunTime:0.066640s ]
INFO: [ view_parse ] --END-- [ RunTime:0.066692s ]
INFO: [ view_filter ] --START--
INFO: Run Behavior\WriteHtmlCacheBehavior [ RunTime:0.007972s ]
INFO: [ view_filter ] --END-- [ RunTime:0.008011s ]
INFO: [ app_end ] --START--
INFO: Run Behavior\ShowPageTraceBehavior [ RunTime:0.007904s ]
INFO: [ app_end ] --END-- [ RunTime:0.007940s ]

[ 2016-08-18T13:37:57+08:00 ] 192.168.188.184 /Wap/Product/get_lists
INFO: [ app_init ] --START--
INFO: Run Behavior\BuildLiteBehavior [ RunTime:0.000014s ]
INFO: [ app_init ] --END-- [ RunTime:0.003639s ]
INFO: [ app_begin ] --START--
INFO: Run Behavior\ReadHtmlCacheBehavior [ RunTime:0.008259s ]
INFO: Run Behavior\CheckLangBehavior [ RunTime:0.007796s ]
INFO: [ app_begin ] --END-- [ RunTime:0.016151s ]
SQL: SHOW COLUMNS FROM `think_column` [ RunTime:0.0004s ]
SQL: SELECT * FROM `think_column` WHERE ( status=0 and id!=5 )  [ RunTime:0.0001s ]
SQL: SHOW COLUMNS FROM `think_article` [ RunTime:0.0007s ]
INFO: [ app_end ] --START--
INFO: Run Behavior\ShowPageTraceBehavior [ RunTime:0.008200s ]
INFO: [ app_end ] --END-- [ RunTime:0.008266s ]

[ 2016-08-18T13:37:58+08:00 ] 192.168.188.184 /Wap/product/details/id/4.html
INFO: [ app_init ] --START--
INFO: Run Behavior\BuildLiteBehavior [ RunTime:0.000057s ]
INFO: [ app_init ] --END-- [ RunTime:0.004904s ]
INFO: [ app_begin ] --START--
INFO: Run Behavior\ReadHtmlCacheBehavior [ RunTime:0.010514s ]
INFO: Run Behavior\CheckLangBehavior [ RunTime:0.007771s ]
INFO: [ app_begin ] --END-- [ RunTime:0.018392s ]
SQL: SHOW COLUMNS FROM `think_column` [ RunTime:0.0004s ]
SQL: SELECT * FROM `think_column` WHERE ( status=0 and id!=5 )  [ RunTime:0.0001s ]
SQL: SHOW COLUMNS FROM `think_article` [ RunTime:0.0005s ]
SQL: SELECT * FROM `think_article` WHERE `id` = 4 LIMIT 1   [ RunTime:0.0002s ]
SQL: SHOW COLUMNS FROM `think_order` [ RunTime:0.0005s ]
SQL: SELECT * FROM `think_order` WHERE `ordstatus` = 1 ORDER BY 10  [ RunTime:0.0001s ]
SQL: SELECT COUNT(*) AS tp_count FROM `think_order` WHERE `ordstatus` = 1 LIMIT 1   [ RunTime:0.0000s ]
INFO: [ view_parse ] --START--
INFO: [ template_filter ] --START--
INFO: Run Behavior\ContentReplaceBehavior [ RunTime:0.000069s ]
INFO: [ template_filter ] --END-- [ RunTime:0.000105s ]
NOTIC: [8] Undefined variable: coupon /mnt/share/dzx.com/Application/Runtime/Cache/Wap/070f19e1337d1b79ad319a014d3e1a69.php 第 61 行.
INFO: Run Behavior\ParseTemplateBehavior [ RunTime:0.074823s ]
INFO: [ view_parse ] --END-- [ RunTime:0.074865s ]
INFO: [ view_filter ] --START--
INFO: Run Behavior\WriteHtmlCacheBehavior [ RunTime:0.007688s ]
INFO: [ view_filter ] --END-- [ RunTime:0.007737s ]
INFO: [ app_end ] --START--
INFO: Run Behavior\ShowPageTraceBehavior [ RunTime:0.008418s ]
INFO: [ app_end ] --END-- [ RunTime:0.008466s ]

[ 2016-08-18T13:38:27+08:00 ] 192.168.188.184 /Wap/product/addCart.html
INFO: [ app_init ] --START--
INFO: Run Behavior\BuildLiteBehavior [ RunTime:0.000015s ]
INFO: [ app_init ] --END-- [ RunTime:0.003503s ]
INFO: [ app_begin ] --START--
INFO: Run Behavior\ReadHtmlCacheBehavior [ RunTime:0.008611s ]
INFO: Run Behavior\CheckLangBehavior [ RunTime:0.010541s ]
INFO: [ app_begin ] --END-- [ RunTime:0.019248s ]
SQL: SHOW COLUMNS FROM `think_column` [ RunTime:0.0004s ]
SQL: SELECT * FROM `think_column` WHERE ( status=0 and id!=5 )  [ RunTime:0.0001s ]

[ 2016-08-18T13:38:28+08:00 ] 192.168.188.184 /Wap/Product/cart.html
INFO: [ app_init ] --START--
INFO: Run Behavior\BuildLiteBehavior [ RunTime:0.000011s ]
INFO: [ app_init ] --END-- [ RunTime:0.003162s ]
INFO: [ app_begin ] --START--
INFO: Run Behavior\ReadHtmlCacheBehavior [ RunTime:0.007192s ]
INFO: Run Behavior\CheckLangBehavior [ RunTime:0.007302s ]
INFO: [ app_begin ] --END-- [ RunTime:0.014575s ]
SQL: SHOW COLUMNS FROM `think_column` [ RunTime:0.0004s ]
SQL: SELECT * FROM `think_column` WHERE ( status=0 and id!=5 )  [ RunTime:0.0001s ]
SQL: SHOW COLUMNS FROM `think_article` [ RunTime:0.0006s ]
SQL: SELECT * FROM `think_article` WHERE `id` = 3 LIMIT 1   [ RunTime:0.0001s ]
SQL: SELECT * FROM `think_article` WHERE `id` = 4 LIMIT 1   [ RunTime:0.0000s ]
NOTIC: [8] Undefined index: goods /mnt/share/dzx.com/Application/Wap/Controller/ProductController.class.php 第 124 行.
NOTIC: [8] Undefined index: coupon /mnt/share/dzx.com/Application/Wap/Controller/ProductController.class.php 第 139 行.
NOTIC: [8] Undefined variable: tal /mnt/share/dzx.com/Application/Wap/Controller/ProductController.class.php 第 155 行.
NOTIC: [8] Undefined variable: tal /mnt/share/dzx.com/Application/Wap/Controller/ProductController.class.php 第 157 行.
INFO: [ view_parse ] --START--
INFO: [ template_filter ] --START--
INFO: Run Behavior\ContentReplaceBehavior [ RunTime:0.000154s ]
INFO: [ template_filter ] --END-- [ RunTime:0.000211s ]
NOTIC: [8] Undefined offset: 1 /mnt/share/dzx.com/Application/Wap/Common/function.php 第 71 行.
NOTIC: [8] Undefined offset: 1 /mnt/share/dzx.com/Application/Wap/Common/function.php 第 71 行.
INFO: Run Behavior\ParseTemplateBehavior [ RunTime:0.118845s ]
INFO: [ view_parse ] --END-- [ RunTime:0.118883s ]
INFO: [ view_filter ] --START--
INFO: Run Behavior\WriteHtmlCacheBehavior [ RunTime:0.008889s ]
INFO: [ view_filter ] --END-- [ RunTime:0.008927s ]
INFO: [ app_end ] --START--
INFO: Run Behavior\ShowPageTraceBehavior [ RunTime:0.007308s ]
INFO: [ app_end ] --END-- [ RunTime:0.007348s ]

[ 2016-08-18T14:01:17+08:00 ] 192.168.188.184 /Wap/Product/cart.html
INFO: [ app_init ] --START--
INFO: Run Behavior\BuildLiteBehavior [ RunTime:0.000013s ]
INFO: [ app_init ] --END-- [ RunTime:0.043063s ]
INFO: [ app_begin ] --START--
INFO: Run Behavior\ReadHtmlCacheBehavior [ RunTime:0.009438s ]
INFO: Run Behavior\CheckLangBehavior [ RunTime:0.009044s ]
INFO: [ app_begin ] --END-- [ RunTime:0.018592s ]
SQL: SHOW COLUMNS FROM `think_column` [ RunTime:0.0009s ]
SQL: SELECT * FROM `think_column` WHERE ( status=0 and id!=5 )  [ RunTime:0.0001s ]
SQL: SHOW COLUMNS FROM `think_article` [ RunTime:0.0006s ]
SQL: SELECT * FROM `think_article` WHERE `id` = 3 LIMIT 1   [ RunTime:0.0001s ]
SQL: SELECT * FROM `think_article` WHERE `id` = 4 LIMIT 1   [ RunTime:0.0000s ]
NOTIC: [8] Undefined index: goods /mnt/share/dzx.com/Application/Wap/Controller/ProductController.class.php 第 124 行.
NOTIC: [8] Undefined index: coupon /mnt/share/dzx.com/Application/Wap/Controller/ProductController.class.php 第 139 行.
NOTIC: [8] Undefined variable: tal /mnt/share/dzx.com/Application/Wap/Controller/ProductController.class.php 第 155 行.
NOTIC: [8] Undefined variable: tal /mnt/share/dzx.com/Application/Wap/Controller/ProductController.class.php 第 157 行.
INFO: [ view_parse ] --START--
INFO: [ template_filter ] --START--
INFO: Run Behavior\ContentReplaceBehavior [ RunTime:0.000113s ]
INFO: [ template_filter ] --END-- [ RunTime:0.000151s ]
NOTIC: [8] Undefined offset: 1 /mnt/share/dzx.com/Application/Wap/Common/function.php 第 71 行.
NOTIC: [8] Undefined offset: 1 /mnt/share/dzx.com/Application/Wap/Common/function.php 第 71 行.
INFO: Run Behavior\ParseTemplateBehavior [ RunTime:0.249761s ]
INFO: [ view_parse ] --END-- [ RunTime:0.249811s ]
INFO: [ view_filter ] --START--
INFO: Run Behavior\WriteHtmlCacheBehavior [ RunTime:0.010057s ]
INFO: [ view_filter ] --END-- [ RunTime:0.010104s ]
INFO: [ app_end ] --START--
INFO: Run Behavior\ShowPageTraceBehavior [ RunTime:0.009167s ]
INFO: [ app_end ] --END-- [ RunTime:0.009211s ]

[ 2016-08-18T14:04:33+08:00 ] 192.168.188.184 /Wap/oder/pay_for.html
INFO: [ app_init ] --START--
INFO: Run Behavior\BuildLiteBehavior [ RunTime:0.000022s ]
INFO: [ app_init ] --END-- [ RunTime:0.004699s ]
INFO: [ app_begin ] --START--
INFO: Run Behavior\ReadHtmlCacheBehavior [ RunTime:0.009877s ]
INFO: Run Behavior\CheckLangBehavior [ RunTime:0.007719s ]
INFO: [ app_begin ] --END-- [ RunTime:0.017677s ]
SQL: SHOW COLUMNS FROM `think_column` [ RunTime:0.0013s ]
SQL: SELECT * FROM `think_column` WHERE ( status=0 and id!=5 )  [ RunTime:0.0001s ]
NOTIC: [2] Illegal string offset 'wine' /mnt/share/dzx.com/Application/Wap/Controller/OderController.class.php 第 164 行.
NOTIC: [2] Illegal string offset 'wine' /mnt/share/dzx.com/Application/Wap/Controller/OderController.class.php 第 164 行.
NOTIC: [8] Uninitialized string offset: 1 /mnt/share/dzx.com/Application/Wap/Controller/OderController.class.php 第 164 行.
SQL: SHOW COLUMNS FROM `think_order` [ RunTime:0.0005s ]
SQL: INSERT INTO `think_order` (`username`,`phone`,`post_address`,`post_userinfo`,`ordfee`,`ordbuynum`,`sums`,`ordtime`,`productid`,`ordid`) VALUES ('魏巍','13584866592','江苏省,苏州市,姑苏区 苏锦一村百合苑','魏巍|13584866592','178','2','wine_3_2_89.00|wine_4__39.00','1471500273','wine_3,wine_4','2016081849100555') [ RunTime:0.0002s ]
SQL: SHOW COLUMNS FROM `think_article` [ RunTime:0.0004s ]
SQL: UPDATE `think_article` SET `sum`=sum-2  WHERE `id`=3 [ RunTime:0.0004s ]
ERR: 1064:You have an error in your SQL syntax; check the manual that corresponds to your MySQL server version for the right syntax to use near 'WHERE `id`=4' at line 1
 [ SQL语句 ] : UPDATE `think_article` SET `sum`=sum-  WHERE `id`=4
ERR: 1064:You have an error in your SQL syntax; check the manual that corresponds to your MySQL server version for the right syntax to use near 'WHERE `id`=4' at line 1
 [ SQL语句 ] : UPDATE `think_article` SET `sum`=sum-  WHERE `id`=4

[ 2016-08-18T14:06:20+08:00 ] 192.168.188.184 /Wap/Product/cart.html
INFO: [ app_init ] --START--
INFO: Run Behavior\BuildLiteBehavior [ RunTime:0.000012s ]
INFO: [ app_init ] --END-- [ RunTime:0.003098s ]
INFO: [ app_begin ] --START--
INFO: Run Behavior\ReadHtmlCacheBehavior [ RunTime:0.006504s ]
INFO: Run Behavior\CheckLangBehavior [ RunTime:0.010033s ]
INFO: [ app_begin ] --END-- [ RunTime:0.016696s ]
SQL: SHOW COLUMNS FROM `think_column` [ RunTime:0.0004s ]
SQL: SELECT * FROM `think_column` WHERE ( status=0 and id!=5 )  [ RunTime:0.0001s ]
SQL: SHOW COLUMNS FROM `think_article` [ RunTime:0.0005s ]
SQL: SELECT * FROM `think_article` WHERE `id` = 3 LIMIT 1   [ RunTime:0.0001s ]
SQL: SELECT * FROM `think_article` WHERE `id` = 4 LIMIT 1   [ RunTime:0.0001s ]
NOTIC: [8] Undefined index: goods /mnt/share/dzx.com/Application/Wap/Controller/ProductController.class.php 第 124 行.
NOTIC: [8] Undefined index: coupon /mnt/share/dzx.com/Application/Wap/Controller/ProductController.class.php 第 139 行.
NOTIC: [8] Undefined variable: tal /mnt/share/dzx.com/Application/Wap/Controller/ProductController.class.php 第 155 行.
NOTIC: [8] Undefined variable: tal /mnt/share/dzx.com/Application/Wap/Controller/ProductController.class.php 第 157 行.
INFO: [ view_parse ] --START--
INFO: [ template_filter ] --START--
INFO: Run Behavior\ContentReplaceBehavior [ RunTime:0.000129s ]
INFO: [ template_filter ] --END-- [ RunTime:0.000165s ]
NOTIC: [8] Undefined offset: 1 /mnt/share/dzx.com/Application/Wap/Common/function.php 第 71 行.
NOTIC: [8] Undefined offset: 1 /mnt/share/dzx.com/Application/Wap/Common/function.php 第 71 行.
INFO: Run Behavior\ParseTemplateBehavior [ RunTime:0.057866s ]
INFO: [ view_parse ] --END-- [ RunTime:0.057914s ]
INFO: [ view_filter ] --START--
INFO: Run Behavior\WriteHtmlCacheBehavior [ RunTime:0.006702s ]
INFO: [ view_filter ] --END-- [ RunTime:0.006746s ]
INFO: [ app_end ] --START--
INFO: Run Behavior\ShowPageTraceBehavior [ RunTime:0.006368s ]
INFO: [ app_end ] --END-- [ RunTime:0.006403s ]

[ 2016-08-18T14:06:24+08:00 ] 192.168.188.184 /Wap/Product/cart.html
INFO: [ app_init ] --START--
INFO: Run Behavior\BuildLiteBehavior [ RunTime:0.000012s ]
INFO: [ app_init ] --END-- [ RunTime:0.003022s ]
INFO: [ app_begin ] --START--
INFO: Run Behavior\ReadHtmlCacheBehavior [ RunTime:0.007356s ]
INFO: Run Behavior\CheckLangBehavior [ RunTime:0.009652s ]
INFO: [ app_begin ] --END-- [ RunTime:0.017104s ]
SQL: SHOW COLUMNS FROM `think_column` [ RunTime:0.0004s ]
SQL: SELECT * FROM `think_column` WHERE ( status=0 and id!=5 )  [ RunTime:0.0001s ]
SQL: SHOW COLUMNS FROM `think_article` [ RunTime:0.0005s ]
SQL: SELECT * FROM `think_article` WHERE `id` = 3 LIMIT 1   [ RunTime:0.0001s ]
SQL: SELECT * FROM `think_article` WHERE `id` = 4 LIMIT 1   [ RunTime:0.0000s ]
NOTIC: [8] Undefined index: goods /mnt/share/dzx.com/Application/Wap/Controller/ProductController.class.php 第 124 行.
NOTIC: [8] Undefined index: coupon /mnt/share/dzx.com/Application/Wap/Controller/ProductController.class.php 第 139 行.
NOTIC: [8] Undefined variable: tal /mnt/share/dzx.com/Application/Wap/Controller/ProductController.class.php 第 155 行.
NOTIC: [8] Undefined variable: tal /mnt/share/dzx.com/Application/Wap/Controller/ProductController.class.php 第 157 行.
INFO: [ view_parse ] --START--
INFO: [ template_filter ] --START--
INFO: Run Behavior\ContentReplaceBehavior [ RunTime:0.000110s ]
INFO: [ template_filter ] --END-- [ RunTime:0.000148s ]
NOTIC: [8] Undefined offset: 1 /mnt/share/dzx.com/Application/Wap/Common/function.php 第 71 行.
NOTIC: [8] Undefined offset: 1 /mnt/share/dzx.com/Application/Wap/Common/function.php 第 71 行.
INFO: Run Behavior\ParseTemplateBehavior [ RunTime:0.056672s ]
INFO: [ view_parse ] --END-- [ RunTime:0.056701s ]
INFO: [ view_filter ] --START--
INFO: Run Behavior\WriteHtmlCacheBehavior [ RunTime:0.006118s ]
INFO: [ view_filter ] --END-- [ RunTime:0.006149s ]
INFO: [ app_end ] --START--
INFO: Run Behavior\ShowPageTraceBehavior [ RunTime:0.006140s ]
INFO: [ app_end ] --END-- [ RunTime:0.006170s ]

[ 2016-08-18T14:08:47+08:00 ] 192.168.188.184 /Wap/oder/pay_for.html
INFO: [ app_init ] --START--
INFO: Run Behavior\BuildLiteBehavior [ RunTime:0.000011s ]
INFO: [ app_init ] --END-- [ RunTime:0.003154s ]
INFO: [ app_begin ] --START--
INFO: Run Behavior\ReadHtmlCacheBehavior [ RunTime:0.009501s ]
INFO: Run Behavior\CheckLangBehavior [ RunTime:0.010654s ]
INFO: [ app_begin ] --END-- [ RunTime:0.020297s ]
SQL: SHOW COLUMNS FROM `think_column` [ RunTime:0.0004s ]
SQL: SELECT * FROM `think_column` WHERE ( status=0 and id!=5 )  [ RunTime:0.0001s ]
NOTIC: [2] Illegal string offset 'wine' /mnt/share/dzx.com/Application/Wap/Controller/OderController.class.php 第 164 行.
NOTIC: [2] Illegal string offset 'wine' /mnt/share/dzx.com/Application/Wap/Controller/OderController.class.php 第 164 行.
NOTIC: [8] Uninitialized string offset: 1 /mnt/share/dzx.com/Application/Wap/Controller/OderController.class.php 第 164 行.

[ 2016-08-18T14:09:09+08:00 ] 192.168.188.184 /Wap/Product/cart.html
INFO: [ app_init ] --START--
INFO: Run Behavior\BuildLiteBehavior [ RunTime:0.000015s ]
INFO: [ app_init ] --END-- [ RunTime:0.004335s ]
INFO: [ app_begin ] --START--
INFO: Run Behavior\ReadHtmlCacheBehavior [ RunTime:0.008523s ]
INFO: Run Behavior\CheckLangBehavior [ RunTime:0.008176s ]
INFO: [ app_begin ] --END-- [ RunTime:0.016830s ]
SQL: SHOW COLUMNS FROM `think_column` [ RunTime:0.0006s ]
SQL: SELECT * FROM `think_column` WHERE ( status=0 and id!=5 )  [ RunTime:0.0001s ]
SQL: SHOW COLUMNS FROM `think_article` [ RunTime:0.0007s ]
SQL: SELECT * FROM `think_article` WHERE `id` = 3 LIMIT 1   [ RunTime:0.0001s ]
SQL: SELECT * FROM `think_article` WHERE `id` = 4 LIMIT 1   [ RunTime:0.0001s ]
NOTIC: [8] Undefined index: goods /mnt/share/dzx.com/Application/Wap/Controller/ProductController.class.php 第 124 行.
NOTIC: [8] Undefined index: coupon /mnt/share/dzx.com/Application/Wap/Controller/ProductController.class.php 第 139 行.
NOTIC: [8] Undefined variable: tal /mnt/share/dzx.com/Application/Wap/Controller/ProductController.class.php 第 155 行.
NOTIC: [8] Undefined variable: tal /mnt/share/dzx.com/Application/Wap/Controller/ProductController.class.php 第 157 行.
INFO: [ view_parse ] --START--
INFO: [ template_filter ] --START--
INFO: Run Behavior\ContentReplaceBehavior [ RunTime:0.000121s ]
INFO: [ template_filter ] --END-- [ RunTime:0.000156s ]
NOTIC: [8] Undefined offset: 1 /mnt/share/dzx.com/Application/Wap/Common/function.php 第 71 行.
NOTIC: [8] Undefined offset: 1 /mnt/share/dzx.com/Application/Wap/Common/function.php 第 71 行.
INFO: Run Behavior\ParseTemplateBehavior [ RunTime:0.060540s ]
INFO: [ view_parse ] --END-- [ RunTime:0.060578s ]
INFO: [ view_filter ] --START--
INFO: Run Behavior\WriteHtmlCacheBehavior [ RunTime:0.006479s ]
INFO: [ view_filter ] --END-- [ RunTime:0.006516s ]
INFO: [ app_end ] --START--
INFO: Run Behavior\ShowPageTraceBehavior [ RunTime:0.007277s ]
INFO: [ app_end ] --END-- [ RunTime:0.007318s ]

[ 2016-08-18T14:10:00+08:00 ] 192.168.188.184 /Wap/oder/pay_for.html
INFO: [ app_init ] --START--
INFO: Run Behavior\BuildLiteBehavior [ RunTime:0.000020s ]
INFO: [ app_init ] --END-- [ RunTime:0.004553s ]
INFO: [ app_begin ] --START--
INFO: Run Behavior\ReadHtmlCacheBehavior [ RunTime:0.009537s ]
INFO: Run Behavior\CheckLangBehavior [ RunTime:0.007892s ]
INFO: [ app_begin ] --END-- [ RunTime:0.017510s ]
SQL: SHOW COLUMNS FROM `think_column` [ RunTime:0.0004s ]
SQL: SELECT * FROM `think_column` WHERE ( status=0 and id!=5 )  [ RunTime:0.0001s ]
NOTIC: [2] Illegal string offset 'wine' /mnt/share/dzx.com/Application/Wap/Controller/OderController.class.php 第 163 行.
NOTIC: [2] Illegal string offset 'wine' /mnt/share/dzx.com/Application/Wap/Controller/OderController.class.php 第 163 行.
NOTIC: [8] Uninitialized string offset: 1 /mnt/share/dzx.com/Application/Wap/Controller/OderController.class.php 第 163 行.
SQL: SHOW COLUMNS FROM `think_order` [ RunTime:0.0005s ]
SQL: INSERT INTO `think_order` (`username`,`phone`,`post_address`,`post_userinfo`,`ordfee`,`ordbuynum`,`sums`,`ordtime`,`productid`,`ordid`) VALUES ('魏巍','13584866592','江苏省,苏州市,姑苏区 苏锦一村百合苑','魏巍|13584866592','178','2','wine_3_2_89.00|wine_4__39.00','1471500600','wine_3,wine_4','2016081856569755') [ RunTime:0.0758s ]
SQL: SHOW COLUMNS FROM `think_article` [ RunTime:0.0004s ]
SQL: UPDATE `think_article` SET `sum`=sum-2  WHERE `id`=3 [ RunTime:0.0001s ]
ERR: 1064:You have an error in your SQL syntax; check the manual that corresponds to your MySQL server version for the right syntax to use near 'WHERE `id`=4' at line 1
 [ SQL语句 ] : UPDATE `think_article` SET `sum`=sum-  WHERE `id`=4
ERR: 1064:You have an error in your SQL syntax; check the manual that corresponds to your MySQL server version for the right syntax to use near 'WHERE `id`=4' at line 1
 [ SQL语句 ] : UPDATE `think_article` SET `sum`=sum-  WHERE `id`=4

[ 2016-08-18T14:10:44+08:00 ] 192.168.188.184 /Wap/Product/cart.html
INFO: [ app_init ] --START--
INFO: Run Behavior\BuildLiteBehavior [ RunTime:0.000011s ]
INFO: [ app_init ] --END-- [ RunTime:0.003259s ]
INFO: [ app_begin ] --START--
INFO: Run Behavior\ReadHtmlCacheBehavior [ RunTime:0.006515s ]
INFO: Run Behavior\CheckLangBehavior [ RunTime:0.007019s ]
INFO: [ app_begin ] --END-- [ RunTime:0.013626s ]
SQL: SHOW COLUMNS FROM `think_column` [ RunTime:0.0004s ]
SQL: SELECT * FROM `think_column` WHERE ( status=0 and id!=5 )  [ RunTime:0.0001s ]
SQL: SHOW COLUMNS FROM `think_article` [ RunTime:0.0005s ]
SQL: SELECT * FROM `think_article` WHERE `id` = 3 LIMIT 1   [ RunTime:0.0002s ]
SQL: SELECT * FROM `think_article` WHERE `id` = 4 LIMIT 1   [ RunTime:0.0001s ]
NOTIC: [8] Undefined index: goods /mnt/share/dzx.com/Application/Wap/Controller/ProductController.class.php 第 124 行.
NOTIC: [8] Undefined index: coupon /mnt/share/dzx.com/Application/Wap/Controller/ProductController.class.php 第 139 行.
NOTIC: [8] Undefined variable: tal /mnt/share/dzx.com/Application/Wap/Controller/ProductController.class.php 第 155 行.
NOTIC: [8] Undefined variable: tal /mnt/share/dzx.com/Application/Wap/Controller/ProductController.class.php 第 157 行.
INFO: [ view_parse ] --START--
INFO: [ template_filter ] --START--
INFO: Run Behavior\ContentReplaceBehavior [ RunTime:0.000112s ]
INFO: [ template_filter ] --END-- [ RunTime:0.000148s ]
NOTIC: [8] Undefined offset: 1 /mnt/share/dzx.com/Application/Wap/Common/function.php 第 71 行.
NOTIC: [8] Undefined offset: 1 /mnt/share/dzx.com/Application/Wap/Common/function.php 第 71 行.
INFO: Run Behavior\ParseTemplateBehavior [ RunTime:0.062688s ]
INFO: [ view_parse ] --END-- [ RunTime:0.062724s ]
INFO: [ view_filter ] --START--
INFO: Run Behavior\WriteHtmlCacheBehavior [ RunTime:0.007546s ]
INFO: [ view_filter ] --END-- [ RunTime:0.007585s ]
INFO: [ app_end ] --START--
INFO: Run Behavior\ShowPageTraceBehavior [ RunTime:0.007037s ]
INFO: [ app_end ] --END-- [ RunTime:0.007072s ]

[ 2016-08-18T14:11:01+08:00 ] 192.168.188.184 /Wap/oder/pay_for.html
INFO: [ app_init ] --START--
INFO: Run Behavior\BuildLiteBehavior [ RunTime:0.000013s ]
INFO: [ app_init ] --END-- [ RunTime:0.006074s ]
INFO: [ app_begin ] --START--
INFO: Run Behavior\ReadHtmlCacheBehavior [ RunTime:0.007021s ]
INFO: Run Behavior\CheckLangBehavior [ RunTime:0.010235s ]
INFO: [ app_begin ] --END-- [ RunTime:0.017334s ]
SQL: SHOW COLUMNS FROM `think_column` [ RunTime:0.0006s ]
SQL: SELECT * FROM `think_column` WHERE ( status=0 and id!=5 )  [ RunTime:0.0001s ]
NOTIC: [2] Illegal string offset 'wine' /mnt/share/dzx.com/Application/Wap/Controller/OderController.class.php 第 164 行.
NOTIC: [2] Illegal string offset 'wine' /mnt/share/dzx.com/Application/Wap/Controller/OderController.class.php 第 164 行.
NOTIC: [8] Uninitialized string offset: 1 /mnt/share/dzx.com/Application/Wap/Controller/OderController.class.php 第 164 行.
SQL: SHOW COLUMNS FROM `think_order` [ RunTime:0.0006s ]
SQL: INSERT INTO `think_order` (`username`,`phone`,`post_address`,`post_userinfo`,`ordfee`,`ordbuynum`,`sums`,`ordtime`,`productid`,`ordid`) VALUES ('魏巍','13584866592','北京市,市辖区,东城区 www','魏巍|13584866592','178','2','wine_3_2_89.00|wine_4__39.00','1471500661','wine_3,wine_4','2016081853519898') [ RunTime:0.0002s ]

[ 2016-08-18T14:12:58+08:00 ] 192.168.188.184 /Wap/Product/cart.html
INFO: [ app_init ] --START--
INFO: Run Behavior\BuildLiteBehavior [ RunTime:0.000011s ]
INFO: [ app_init ] --END-- [ RunTime:0.002887s ]
INFO: [ app_begin ] --START--
INFO: Run Behavior\ReadHtmlCacheBehavior [ RunTime:0.007743s ]
INFO: Run Behavior\CheckLangBehavior [ RunTime:0.009144s ]
INFO: [ app_begin ] --END-- [ RunTime:0.016969s ]
SQL: SHOW COLUMNS FROM `think_column` [ RunTime:0.0004s ]
SQL: SELECT * FROM `think_column` WHERE ( status=0 and id!=5 )  [ RunTime:0.0001s ]
SQL: SHOW COLUMNS FROM `think_article` [ RunTime:0.0005s ]
SQL: SELECT * FROM `think_article` WHERE `id` = 3 LIMIT 1   [ RunTime:0.0001s ]
SQL: SELECT * FROM `think_article` WHERE `id` = 4 LIMIT 1   [ RunTime:0.0000s ]
NOTIC: [8] Undefined index: goods /mnt/share/dzx.com/Application/Wap/Controller/ProductController.class.php 第 124 行.
NOTIC: [8] Undefined index: coupon /mnt/share/dzx.com/Application/Wap/Controller/ProductController.class.php 第 139 行.
NOTIC: [8] Undefined variable: tal /mnt/share/dzx.com/Application/Wap/Controller/ProductController.class.php 第 155 行.
NOTIC: [8] Undefined variable: tal /mnt/share/dzx.com/Application/Wap/Controller/ProductController.class.php 第 157 行.
INFO: [ view_parse ] --START--
INFO: [ template_filter ] --START--
INFO: Run Behavior\ContentReplaceBehavior [ RunTime:0.000114s ]
INFO: [ template_filter ] --END-- [ RunTime:0.000152s ]
NOTIC: [8] Undefined offset: 1 /mnt/share/dzx.com/Application/Wap/Common/function.php 第 71 行.
NOTIC: [8] Undefined offset: 1 /mnt/share/dzx.com/Application/Wap/Common/function.php 第 71 行.
INFO: Run Behavior\ParseTemplateBehavior [ RunTime:0.062539s ]
INFO: [ view_parse ] --END-- [ RunTime:0.062578s ]
INFO: [ view_filter ] --START--
INFO: Run Behavior\WriteHtmlCacheBehavior [ RunTime:0.007041s ]
INFO: [ view_filter ] --END-- [ RunTime:0.007078s ]
INFO: [ app_end ] --START--
INFO: Run Behavior\ShowPageTraceBehavior [ RunTime:0.006668s ]
INFO: [ app_end ] --END-- [ RunTime:0.006714s ]

[ 2016-08-18T14:13:12+08:00 ] 192.168.188.184 /Wap/oder/pay_for.html
INFO: [ app_init ] --START--
INFO: Run Behavior\BuildLiteBehavior [ RunTime:0.000012s ]
INFO: [ app_init ] --END-- [ RunTime:0.003201s ]
INFO: [ app_begin ] --START--
INFO: Run Behavior\ReadHtmlCacheBehavior [ RunTime:0.013067s ]
INFO: Run Behavior\CheckLangBehavior [ RunTime:0.008060s ]
INFO: [ app_begin ] --END-- [ RunTime:0.021323s ]
SQL: SHOW COLUMNS FROM `think_column` [ RunTime:0.0004s ]
SQL: SELECT * FROM `think_column` WHERE ( status=0 and id!=5 )  [ RunTime:0.0001s ]
SQL: SHOW COLUMNS FROM `think_order` [ RunTime:0.0005s ]
SQL: INSERT INTO `think_order` (`username`,`phone`,`post_address`,`post_userinfo`,`ordfee`,`ordbuynum`,`sums`,`ordtime`,`productid`,`ordid`) VALUES ('魏巍','13584866592','北京市,市辖区,东城区 www','魏巍|13584866592','167','3','wine_3_1_89.00|wine_4_2_39.00','1471500792','wine_3,wine_4','2016081856541001') [ RunTime:0.0002s ]
SQL: SHOW COLUMNS FROM `think_article` [ RunTime:0.0003s ]
SQL: UPDATE `think_article` SET `sum`=sum-1  WHERE `id`=3 [ RunTime:0.0001s ]
SQL: UPDATE `think_article` SET `sum`=sum-2  WHERE `id`=4 [ RunTime:0.0001s ]

[ 2016-08-18T14:13:25+08:00 ] 192.168.188.184 /Wap/oder/cancel.html
INFO: [ app_init ] --START--
INFO: Run Behavior\BuildLiteBehavior [ RunTime:0.000012s ]
INFO: [ app_init ] --END-- [ RunTime:0.003273s ]
INFO: [ app_begin ] --START--
INFO: Run Behavior\ReadHtmlCacheBehavior [ RunTime:0.010270s ]
INFO: Run Behavior\CheckLangBehavior [ RunTime:0.011393s ]
INFO: [ app_begin ] --END-- [ RunTime:0.021749s ]
SQL: SHOW COLUMNS FROM `think_column` [ RunTime:0.0005s ]
SQL: SELECT * FROM `think_column` WHERE ( status=0 and id!=5 )  [ RunTime:0.0001s ]
SQL: SHOW COLUMNS FROM `think_order` [ RunTime:0.0005s ]
SQL: UPDATE `think_order` SET `ordstatus`='2' WHERE `id` = 22 [ RunTime:0.0006s ]

[ 2016-08-18T14:13:26+08:00 ] 192.168.188.184 /Wap/index/index.html
INFO: [ app_init ] --START--
INFO: Run Behavior\BuildLiteBehavior [ RunTime:0.000010s ]
INFO: [ app_init ] --END-- [ RunTime:0.003191s ]
INFO: [ app_begin ] --START--
INFO: Run Behavior\ReadHtmlCacheBehavior [ RunTime:0.008538s ]
INFO: Run Behavior\CheckLangBehavior [ RunTime:0.008240s ]
INFO: [ app_begin ] --END-- [ RunTime:0.016876s ]
SQL: SHOW COLUMNS FROM `think_column` [ RunTime:0.0004s ]
SQL: SELECT * FROM `think_column` WHERE ( status=0 and id!=5 )  [ RunTime:0.0001s ]
SQL: SHOW COLUMNS FROM `think_article` [ RunTime:0.0005s ]
SQL: SELECT * FROM `think_article` WHERE `status` = 0 AND `column_id` <> 5 LIMIT 5   [ RunTime:0.0003s ]
SQL: SELECT * FROM `think_article` WHERE `status` = 0 AND `column_id` = 5 LIMIT 6   [ RunTime:0.0001s ]
INFO: [ view_parse ] --START--
INFO: [ template_filter ] --START--
INFO: Run Behavior\ContentReplaceBehavior [ RunTime:0.000069s ]
INFO: [ template_filter ] --END-- [ RunTime:0.000131s ]
INFO: Run Behavior\ParseTemplateBehavior [ RunTime:0.082834s ]
INFO: [ view_parse ] --END-- [ RunTime:0.082886s ]
INFO: [ view_filter ] --START--
INFO: Run Behavior\WriteHtmlCacheBehavior [ RunTime:0.006930s ]
INFO: [ view_filter ] --END-- [ RunTime:0.006968s ]
INFO: [ app_end ] --START--
INFO: Run Behavior\ShowPageTraceBehavior [ RunTime:0.007052s ]
INFO: [ app_end ] --END-- [ RunTime:0.007087s ]

[ 2016-08-18T14:14:38+08:00 ] 192.168.188.184 /Wap/product/details/id/1.html
INFO: [ app_init ] --START--
INFO: Run Behavior\BuildLiteBehavior [ RunTime:0.000016s ]
INFO: [ app_init ] --END-- [ RunTime:0.003066s ]
INFO: [ app_begin ] --START--
INFO: Run Behavior\ReadHtmlCacheBehavior [ RunTime:0.008441s ]
INFO: Run Behavior\CheckLangBehavior [ RunTime:0.009532s ]
INFO: [ app_begin ] --END-- [ RunTime:0.018205s ]
SQL: SHOW COLUMNS FROM `think_column` [ RunTime:0.0004s ]
SQL: SELECT * FROM `think_column` WHERE ( status=0 and id!=5 )  [ RunTime:0.0001s ]
SQL: SHOW COLUMNS FROM `think_article` [ RunTime:0.0004s ]
SQL: SELECT * FROM `think_article` WHERE `id` = 1 LIMIT 1   [ RunTime:0.0001s ]
SQL: SHOW COLUMNS FROM `think_order` [ RunTime:0.0004s ]
SQL: SELECT * FROM `think_order` WHERE `ordstatus` = 1 ORDER BY 10  [ RunTime:0.0002s ]
SQL: SELECT COUNT(*) AS tp_count FROM `think_order` WHERE `ordstatus` = 1 LIMIT 1   [ RunTime:0.0001s ]
INFO: [ view_parse ] --START--
INFO: [ template_filter ] --START--
INFO: Run Behavior\ContentReplaceBehavior [ RunTime:0.000069s ]
INFO: [ template_filter ] --END-- [ RunTime:0.000106s ]
NOTIC: [8] Undefined variable: coupon /mnt/share/dzx.com/Application/Runtime/Cache/Wap/070f19e1337d1b79ad319a014d3e1a69.php 第 61 行.
INFO: Run Behavior\ParseTemplateBehavior [ RunTime:0.060083s ]
INFO: [ view_parse ] --END-- [ RunTime:0.060123s ]
INFO: [ view_filter ] --START--
INFO: Run Behavior\WriteHtmlCacheBehavior [ RunTime:0.006039s ]
INFO: [ view_filter ] --END-- [ RunTime:0.006068s ]
INFO: [ app_end ] --START--
INFO: Run Behavior\ShowPageTraceBehavior [ RunTime:0.007060s ]
INFO: [ app_end ] --END-- [ RunTime:0.007098s ]

[ 2016-08-18T14:14:40+08:00 ] 192.168.188.184 /Wap/product/index/oid/5.html
INFO: [ app_init ] --START--
INFO: Run Behavior\BuildLiteBehavior [ RunTime:0.000011s ]
INFO: [ app_init ] --END-- [ RunTime:0.002886s ]
INFO: [ app_begin ] --START--
INFO: Run Behavior\ReadHtmlCacheBehavior [ RunTime:0.016004s ]
INFO: Run Behavior\CheckLangBehavior [ RunTime:0.009182s ]
INFO: [ app_begin ] --END-- [ RunTime:0.025328s ]
SQL: SHOW COLUMNS FROM `think_column` [ RunTime:0.0006s ]
SQL: SELECT * FROM `think_column` WHERE ( status=0 and id!=5 )  [ RunTime:0.0001s ]
SQL: SHOW COLUMNS FROM `think_article` [ RunTime:0.0005s ]
SQL: SELECT COUNT(*) AS tp_count FROM `think_article` WHERE `status` = 0 AND `column_id` = 5 LIMIT 1   [ RunTime:0.0002s ]
NOTIC: [8] Undefined index: p /mnt/share/dzx.com/Application/Wap/Controller/ProductController.class.php 第 84 行.
SQL: SELECT * FROM `think_article` WHERE `status` = 0 AND `column_id` = 5 LIMIT 0,3   [ RunTime:0.0003s ]
INFO: [ view_parse ] --START--
INFO: [ template_filter ] --START--
INFO: Run Behavior\ContentReplaceBehavior [ RunTime:0.000079s ]
INFO: [ template_filter ] --END-- [ RunTime:0.000113s ]
INFO: Run Behavior\ParseTemplateBehavior [ RunTime:0.065630s ]
INFO: [ view_parse ] --END-- [ RunTime:0.065671s ]
INFO: [ view_filter ] --START--
INFO: Run Behavior\WriteHtmlCacheBehavior [ RunTime:0.006001s ]
INFO: [ view_filter ] --END-- [ RunTime:0.006026s ]
INFO: [ app_end ] --START--
INFO: Run Behavior\ShowPageTraceBehavior [ RunTime:0.006790s ]
INFO: [ app_end ] --END-- [ RunTime:0.006838s ]

[ 2016-08-18T14:14:42+08:00 ] 192.168.188.184 /Wap/Product/get_lists
INFO: [ app_init ] --START--
INFO: Run Behavior\BuildLiteBehavior [ RunTime:0.000011s ]
INFO: [ app_init ] --END-- [ RunTime:0.002920s ]
INFO: [ app_begin ] --START--
INFO: Run Behavior\ReadHtmlCacheBehavior [ RunTime:0.006245s ]
INFO: Run Behavior\CheckLangBehavior [ RunTime:0.005940s ]
INFO: [ app_begin ] --END-- [ RunTime:0.012248s ]
SQL: SHOW COLUMNS FROM `think_column` [ RunTime:0.0004s ]
SQL: SELECT * FROM `think_column` WHERE ( status=0 and id!=5 )  [ RunTime:0.0001s ]
SQL: SHOW COLUMNS FROM `think_article` [ RunTime:0.0004s ]
SQL: SELECT * FROM `think_article` WHERE `status` = 0 AND `column_id` = 5 LIMIT 3,3   [ RunTime:0.0003s ]
INFO: [ view_parse ] --START--
INFO: [ template_filter ] --START--
INFO: Run Behavior\ContentReplaceBehavior [ RunTime:0.000033s ]
INFO: [ template_filter ] --END-- [ RunTime:0.000064s ]
INFO: Run Behavior\ParseTemplateBehavior [ RunTime:0.051148s ]
INFO: [ view_parse ] --END-- [ RunTime:0.051198s ]
INFO: [ view_filter ] --START--
INFO: Run Behavior\WriteHtmlCacheBehavior [ RunTime:0.005856s ]
INFO: [ view_filter ] --END-- [ RunTime:0.005881s ]
INFO: [ app_end ] --START--
INFO: Run Behavior\ShowPageTraceBehavior [ RunTime:0.006063s ]
INFO: [ app_end ] --END-- [ RunTime:0.006094s ]

[ 2016-08-18T14:14:42+08:00 ] 192.168.188.184 /Wap/Product/get_lists
INFO: [ app_init ] --START--
INFO: Run Behavior\BuildLiteBehavior [ RunTime:0.000011s ]
INFO: [ app_init ] --END-- [ RunTime:0.003093s ]
INFO: [ app_begin ] --START--
INFO: Run Behavior\ReadHtmlCacheBehavior [ RunTime:0.006265s ]
INFO: Run Behavior\CheckLangBehavior [ RunTime:0.005841s ]
INFO: [ app_begin ] --END-- [ RunTime:0.012169s ]
SQL: SHOW COLUMNS FROM `think_column` [ RunTime:0.0004s ]
SQL: SELECT * FROM `think_column` WHERE ( status=0 and id!=5 )  [ RunTime:0.0001s ]
SQL: SHOW COLUMNS FROM `think_article` [ RunTime:0.0004s ]
SQL: SELECT * FROM `think_article` WHERE `status` = 0 AND `column_id` = 5 LIMIT 6,3   [ RunTime:0.0002s ]
INFO: [ app_end ] --START--
INFO: Run Behavior\ShowPageTraceBehavior [ RunTime:0.006355s ]
INFO: [ app_end ] --END-- [ RunTime:0.006401s ]

[ 2016-08-18T14:14:43+08:00 ] 192.168.188.184 /Wap/product/details/id/5.html
INFO: [ app_init ] --START--
INFO: Run Behavior\BuildLiteBehavior [ RunTime:0.000018s ]
INFO: [ app_init ] --END-- [ RunTime:0.003249s ]
INFO: [ app_begin ] --START--
INFO: Run Behavior\ReadHtmlCacheBehavior [ RunTime:0.008668s ]
INFO: Run Behavior\CheckLangBehavior [ RunTime:0.006967s ]
INFO: [ app_begin ] --END-- [ RunTime:0.015737s ]
SQL: SHOW COLUMNS FROM `think_column` [ RunTime:0.0004s ]
SQL: SELECT * FROM `think_column` WHERE ( status=0 and id!=5 )  [ RunTime:0.0001s ]
SQL: SHOW COLUMNS FROM `think_article` [ RunTime:0.0005s ]
SQL: SELECT * FROM `think_article` WHERE `id` = 5 LIMIT 1   [ RunTime:0.0001s ]
SQL: SHOW COLUMNS FROM `think_order` [ RunTime:0.0004s ]
SQL: SELECT * FROM `think_order` WHERE `ordstatus` = 1 ORDER BY 10  [ RunTime:0.0001s ]
SQL: SELECT COUNT(*) AS tp_count FROM `think_order` WHERE `ordstatus` = 1 LIMIT 1   [ RunTime:0.0000s ]
INFO: [ view_parse ] --START--
INFO: [ template_filter ] --START--
INFO: Run Behavior\ContentReplaceBehavior [ RunTime:0.000065s ]
INFO: [ template_filter ] --END-- [ RunTime:0.000098s ]
NOTIC: [8] Undefined variable: coupon /mnt/share/dzx.com/Application/Runtime/Cache/Wap/070f19e1337d1b79ad319a014d3e1a69.php 第 61 行.
INFO: Run Behavior\ParseTemplateBehavior [ RunTime:0.071421s ]
INFO: [ view_parse ] --END-- [ RunTime:0.071451s ]
INFO: [ view_filter ] --START--
INFO: Run Behavior\WriteHtmlCacheBehavior [ RunTime:0.006507s ]
INFO: [ view_filter ] --END-- [ RunTime:0.006538s ]
INFO: [ app_end ] --START--
INFO: Run Behavior\ShowPageTraceBehavior [ RunTime:0.006824s ]
INFO: [ app_end ] --END-- [ RunTime:0.006851s ]

[ 2016-08-18T14:15:56+08:00 ] 192.168.188.184 /Wap/product/index/oid/5.html
INFO: [ app_init ] --START--
INFO: Run Behavior\BuildLiteBehavior [ RunTime:0.000016s ]
INFO: [ app_init ] --END-- [ RunTime:0.003165s ]
INFO: [ app_begin ] --START--
INFO: Run Behavior\ReadHtmlCacheBehavior [ RunTime:0.006371s ]
INFO: Run Behavior\CheckLangBehavior [ RunTime:0.007605s ]
INFO: [ app_begin ] --END-- [ RunTime:0.014051s ]
SQL: SHOW COLUMNS FROM `think_column` [ RunTime:0.0004s ]
SQL: SELECT * FROM `think_column` WHERE ( status=0 and id!=5 )  [ RunTime:0.0001s ]
SQL: SHOW COLUMNS FROM `think_article` [ RunTime:0.0005s ]
SQL: SELECT COUNT(*) AS tp_count FROM `think_article` WHERE `status` = 0 AND `column_id` = 5 LIMIT 1   [ RunTime:0.0001s ]
NOTIC: [8] Undefined index: p /mnt/share/dzx.com/Application/Wap/Controller/ProductController.class.php 第 84 行.
SQL: SELECT * FROM `think_article` WHERE `status` = 0 AND `column_id` = 5 LIMIT 0,3   [ RunTime:0.0001s ]
INFO: [ view_parse ] --START--
INFO: [ template_filter ] --START--
INFO: Run Behavior\ContentReplaceBehavior [ RunTime:0.000079s ]
INFO: [ template_filter ] --END-- [ RunTime:0.000110s ]
INFO: Run Behavior\ParseTemplateBehavior [ RunTime:0.063135s ]
INFO: [ view_parse ] --END-- [ RunTime:0.063176s ]
INFO: [ view_filter ] --START--
INFO: Run Behavior\WriteHtmlCacheBehavior [ RunTime:0.006624s ]
INFO: [ view_filter ] --END-- [ RunTime:0.006660s ]
INFO: [ app_end ] --START--
INFO: Run Behavior\ShowPageTraceBehavior [ RunTime:0.006137s ]
INFO: [ app_end ] --END-- [ RunTime:0.006164s ]

[ 2016-08-18T14:15:57+08:00 ] 192.168.188.184 /Wap/product/details/id/3.html
INFO: [ app_init ] --START--
INFO: Run Behavior\BuildLiteBehavior [ RunTime:0.000011s ]
INFO: [ app_init ] --END-- [ RunTime:0.003228s ]
INFO: [ app_begin ] --START--
INFO: Run Behavior\ReadHtmlCacheBehavior [ RunTime:0.009232s ]
INFO: Run Behavior\CheckLangBehavior [ RunTime:0.006832s ]
INFO: [ app_begin ] --END-- [ RunTime:0.016147s ]
SQL: SHOW COLUMNS FROM `think_column` [ RunTime:0.0005s ]
SQL: SELECT * FROM `think_column` WHERE ( status=0 and id!=5 )  [ RunTime:0.0001s ]
SQL: SHOW COLUMNS FROM `think_article` [ RunTime:0.0005s ]
SQL: SELECT * FROM `think_article` WHERE `id` = 3 LIMIT 1   [ RunTime:0.0001s ]
SQL: SHOW COLUMNS FROM `think_order` [ RunTime:0.0004s ]
SQL: SELECT * FROM `think_order` WHERE `ordstatus` = 1 ORDER BY 10  [ RunTime:0.0001s ]
SQL: SELECT COUNT(*) AS tp_count FROM `think_order` WHERE `ordstatus` = 1 LIMIT 1   [ RunTime:0.0000s ]
INFO: [ view_parse ] --START--
INFO: [ template_filter ] --START--
INFO: Run Behavior\ContentReplaceBehavior [ RunTime:0.000068s ]
INFO: [ template_filter ] --END-- [ RunTime:0.000103s ]
NOTIC: [8] Undefined variable: coupon /mnt/share/dzx.com/Application/Runtime/Cache/Wap/070f19e1337d1b79ad319a014d3e1a69.php 第 61 行.
INFO: Run Behavior\ParseTemplateBehavior [ RunTime:0.067345s ]
INFO: [ view_parse ] --END-- [ RunTime:0.067377s ]
INFO: [ view_filter ] --START--
INFO: Run Behavior\WriteHtmlCacheBehavior [ RunTime:0.007515s ]
INFO: [ view_filter ] --END-- [ RunTime:0.007555s ]
INFO: [ app_end ] --START--
INFO: Run Behavior\ShowPageTraceBehavior [ RunTime:0.007787s ]
INFO: [ app_end ] --END-- [ RunTime:0.007827s ]

[ 2016-08-18T14:16:00+08:00 ] 192.168.188.184 /Wap/product/index/oid/5.html
INFO: [ app_init ] --START--
INFO: Run Behavior\BuildLiteBehavior [ RunTime:0.000012s ]
INFO: [ app_init ] --END-- [ RunTime:0.004961s ]
INFO: [ app_begin ] --START--
INFO: Run Behavior\ReadHtmlCacheBehavior [ RunTime:0.013121s ]
INFO: Run Behavior\CheckLangBehavior [ RunTime:0.007743s ]
INFO: [ app_begin ] --END-- [ RunTime:0.020980s ]
SQL: SHOW COLUMNS FROM `think_column` [ RunTime:0.0004s ]
SQL: SELECT * FROM `think_column` WHERE ( status=0 and id!=5 )  [ RunTime:0.0001s ]
SQL: SHOW COLUMNS FROM `think_article` [ RunTime:0.0005s ]
NOTIC: [8] Undefined index: p /mnt/share/dzx.com/Application/Wap/Controller/ProductController.class.php 第 84 行.
INFO: [ view_parse ] --START--
INFO: [ template_filter ] --START--
INFO: Run Behavior\ContentReplaceBehavior [ RunTime:0.000082s ]
INFO: [ template_filter ] --END-- [ RunTime:0.000116s ]
INFO: Run Behavior\ParseTemplateBehavior [ RunTime:0.067275s ]
INFO: [ view_parse ] --END-- [ RunTime:0.067316s ]
INFO: [ view_filter ] --START--
INFO: Run Behavior\WriteHtmlCacheBehavior [ RunTime:0.008018s ]
INFO: [ view_filter ] --END-- [ RunTime:0.008052s ]
INFO: [ app_end ] --START--
INFO: Run Behavior\ShowPageTraceBehavior [ RunTime:0.006752s ]
INFO: [ app_end ] --END-- [ RunTime:0.006790s ]

[ 2016-08-18T14:16:01+08:00 ] 192.168.188.184 /Wap/Product/get_lists
INFO: [ app_init ] --START--
INFO: Run Behavior\BuildLiteBehavior [ RunTime:0.000014s ]
INFO: [ app_init ] --END-- [ RunTime:0.006242s ]
INFO: [ app_begin ] --START--
INFO: Run Behavior\ReadHtmlCacheBehavior [ RunTime:0.006388s ]
INFO: Run Behavior\CheckLangBehavior [ RunTime:0.008558s ]
INFO: [ app_begin ] --END-- [ RunTime:0.015029s ]
SQL: SHOW COLUMNS FROM `think_column` [ RunTime:0.0005s ]
SQL: SELECT * FROM `think_column` WHERE ( status=0 and id!=5 )  [ RunTime:0.0001s ]
SQL: SHOW COLUMNS FROM `think_article` [ RunTime:0.0005s ]
SQL: SELECT * FROM `think_article` WHERE `status` = 0 AND `column_id` = 5 LIMIT 3,3   [ RunTime:0.0001s ]
INFO: [ view_parse ] --START--
INFO: [ template_filter ] --START--
INFO: Run Behavior\ContentReplaceBehavior [ RunTime:0.000035s ]
INFO: [ template_filter ] --END-- [ RunTime:0.000071s ]
INFO: Run Behavior\ParseTemplateBehavior [ RunTime:0.061493s ]
INFO: [ view_parse ] --END-- [ RunTime:0.061542s ]
INFO: [ view_filter ] --START--
INFO: Run Behavior\WriteHtmlCacheBehavior [ RunTime:0.006614s ]
INFO: [ view_filter ] --END-- [ RunTime:0.006640s ]
INFO: [ app_end ] --START--
INFO: Run Behavior\ShowPageTraceBehavior [ RunTime:0.008916s ]
INFO: [ app_end ] --END-- [ RunTime:0.008977s ]

[ 2016-08-18T14:16:02+08:00 ] 192.168.188.184 /Wap/product/details/id/4.html
INFO: [ app_init ] --START--
INFO: Run Behavior\BuildLiteBehavior [ RunTime:0.000013s ]
INFO: [ app_init ] --END-- [ RunTime:0.007643s ]
INFO: [ app_begin ] --START--
INFO: Run Behavior\ReadHtmlCacheBehavior [ RunTime:0.006584s ]
INFO: Run Behavior\CheckLangBehavior [ RunTime:0.010318s ]
INFO: [ app_begin ] --END-- [ RunTime:0.016982s ]
SQL: SHOW COLUMNS FROM `think_column` [ RunTime:0.0004s ]
SQL: SELECT * FROM `think_column` WHERE ( status=0 and id!=5 )  [ RunTime:0.0001s ]
SQL: SHOW COLUMNS FROM `think_article` [ RunTime:0.0005s ]
SQL: SELECT * FROM `think_article` WHERE `id` = 4 LIMIT 1   [ RunTime:0.0001s ]
SQL: SHOW COLUMNS FROM `think_order` [ RunTime:0.0004s ]
SQL: SELECT * FROM `think_order` WHERE `ordstatus` = 1 ORDER BY 10  [ RunTime:0.0001s ]
SQL: SELECT COUNT(*) AS tp_count FROM `think_order` WHERE `ordstatus` = 1 LIMIT 1   [ RunTime:0.0000s ]
INFO: [ view_parse ] --START--
INFO: [ template_filter ] --START--
INFO: Run Behavior\ContentReplaceBehavior [ RunTime:0.000067s ]
INFO: [ template_filter ] --END-- [ RunTime:0.000101s ]
NOTIC: [8] Undefined variable: coupon /mnt/share/dzx.com/Application/Runtime/Cache/Wap/070f19e1337d1b79ad319a014d3e1a69.php 第 61 行.
INFO: Run Behavior\ParseTemplateBehavior [ RunTime:0.065598s ]
INFO: [ view_parse ] --END-- [ RunTime:0.065628s ]
INFO: [ view_filter ] --START--
INFO: Run Behavior\WriteHtmlCacheBehavior [ RunTime:0.006236s ]
INFO: [ view_filter ] --END-- [ RunTime:0.006271s ]
INFO: [ app_end ] --START--
INFO: Run Behavior\ShowPageTraceBehavior [ RunTime:0.008210s ]
INFO: [ app_end ] --END-- [ RunTime:0.008255s ]

[ 2016-08-18T14:16:02+08:00 ] 192.168.188.184 /Wap/Product/get_lists
INFO: [ app_init ] --START--
INFO: Run Behavior\BuildLiteBehavior [ RunTime:0.000022s ]
INFO: [ app_init ] --END-- [ RunTime:0.005489s ]
INFO: [ app_begin ] --START--
INFO: Run Behavior\ReadHtmlCacheBehavior [ RunTime:0.009076s ]
INFO: Run Behavior\CheckLangBehavior [ RunTime:0.010562s ]
INFO: [ app_begin ] --END-- [ RunTime:0.019925s ]
SQL: SHOW COLUMNS FROM `think_column` [ RunTime:0.0004s ]
SQL: SELECT * FROM `think_column` WHERE ( status=0 and id!=5 )  [ RunTime:0.0001s ]
SQL: SHOW COLUMNS FROM `think_article` [ RunTime:0.0006s ]
SQL: SELECT * FROM `think_article` WHERE `status` = 0 AND `column_id` = 5 LIMIT 6,3   [ RunTime:0.0001s ]
INFO: [ app_end ] --START--
INFO: Run Behavior\ShowPageTraceBehavior [ RunTime:0.005879s ]
INFO: [ app_end ] --END-- [ RunTime:0.005921s ]

[ 2016-08-18T14:17:11+08:00 ] 192.168.188.184 /Wap/product/index/oid/1.html
INFO: [ app_init ] --START--
INFO: Run Behavior\BuildLiteBehavior [ RunTime:0.000011s ]
INFO: [ app_init ] --END-- [ RunTime:0.003000s ]
INFO: [ app_begin ] --START--
INFO: Run Behavior\ReadHtmlCacheBehavior [ RunTime:0.006387s ]
INFO: Run Behavior\CheckLangBehavior [ RunTime:0.006762s ]
INFO: [ app_begin ] --END-- [ RunTime:0.013332s ]
SQL: SHOW COLUMNS FROM `think_column` [ RunTime:0.0004s ]
SQL: SELECT * FROM `think_column` WHERE ( status=0 and id!=5 )  [ RunTime:0.0001s ]
SQL: SHOW COLUMNS FROM `think_article` [ RunTime:0.0005s ]
SQL: SELECT COUNT(*) AS tp_count FROM `think_article` WHERE `status` = 0 AND `column_id` IN ('1','2','3','4') LIMIT 1   [ RunTime:0.0002s ]
NOTIC: [8] Undefined index: p /mnt/share/dzx.com/Application/Wap/Controller/ProductController.class.php 第 84 行.
SQL: SELECT * FROM `think_article` WHERE `status` = 0 AND `column_id` IN ('1','2','3','4') LIMIT 0,3   [ RunTime:0.0002s ]
INFO: [ view_parse ] --START--
INFO: [ template_filter ] --START--
INFO: Run Behavior\ContentReplaceBehavior [ RunTime:0.000079s ]
INFO: [ template_filter ] --END-- [ RunTime:0.000111s ]
INFO: Run Behavior\ParseTemplateBehavior [ RunTime:0.066480s ]
INFO: [ view_parse ] --END-- [ RunTime:0.066520s ]
INFO: [ view_filter ] --START--
INFO: Run Behavior\WriteHtmlCacheBehavior [ RunTime:0.006950s ]
INFO: [ view_filter ] --END-- [ RunTime:0.006988s ]
INFO: [ app_end ] --START--
INFO: Run Behavior\ShowPageTraceBehavior [ RunTime:0.006517s ]
INFO: [ app_end ] --END-- [ RunTime:0.006542s ]

[ 2016-08-18T14:17:13+08:00 ] 192.168.188.184 /Wap/product/details/id/1.html
INFO: [ app_init ] --START--
INFO: Run Behavior\BuildLiteBehavior [ RunTime:0.000012s ]
INFO: [ app_init ] --END-- [ RunTime:0.002998s ]
INFO: [ app_begin ] --START--
INFO: Run Behavior\ReadHtmlCacheBehavior [ RunTime:0.006548s ]
INFO: Run Behavior\CheckLangBehavior [ RunTime:0.009641s ]
INFO: [ app_begin ] --END-- [ RunTime:0.016268s ]
SQL: SHOW COLUMNS FROM `think_column` [ RunTime:0.0004s ]
SQL: SELECT * FROM `think_column` WHERE ( status=0 and id!=5 )  [ RunTime:0.0001s ]
SQL: SHOW COLUMNS FROM `think_article` [ RunTime:0.0005s ]
SQL: SELECT * FROM `think_article` WHERE `id` = 1 LIMIT 1   [ RunTime:0.0001s ]
SQL: SHOW COLUMNS FROM `think_order` [ RunTime:0.0004s ]
SQL: SELECT * FROM `think_order` WHERE `ordstatus` = 1 ORDER BY 10  [ RunTime:0.0001s ]
SQL: SELECT COUNT(*) AS tp_count FROM `think_order` WHERE `ordstatus` = 1 LIMIT 1   [ RunTime:0.0000s ]
INFO: [ view_parse ] --START--
INFO: [ template_filter ] --START--
INFO: Run Behavior\ContentReplaceBehavior [ RunTime:0.000084s ]
INFO: [ template_filter ] --END-- [ RunTime:0.000189s ]
NOTIC: [8] Undefined variable: coupon /mnt/share/dzx.com/Application/Runtime/Cache/Wap/070f19e1337d1b79ad319a014d3e1a69.php 第 61 行.
INFO: Run Behavior\ParseTemplateBehavior [ RunTime:0.081804s ]
INFO: [ view_parse ] --END-- [ RunTime:0.081836s ]
INFO: [ view_filter ] --START--
INFO: Run Behavior\WriteHtmlCacheBehavior [ RunTime:0.009359s ]
INFO: [ view_filter ] --END-- [ RunTime:0.009397s ]
INFO: [ app_end ] --START--
INFO: Run Behavior\ShowPageTraceBehavior [ RunTime:0.006044s ]
INFO: [ app_end ] --END-- [ RunTime:0.006070s ]

[ 2016-08-18T14:17:17+08:00 ] 192.168.188.184 /Wap/index/index.html
INFO: [ app_init ] --START--
INFO: Run Behavior\BuildLiteBehavior [ RunTime:0.000011s ]
INFO: [ app_init ] --END-- [ RunTime:0.003024s ]
INFO: [ app_begin ] --START--
INFO: Run Behavior\ReadHtmlCacheBehavior [ RunTime:0.006241s ]
INFO: Run Behavior\CheckLangBehavior [ RunTime:0.006477s ]
INFO: [ app_begin ] --END-- [ RunTime:0.012792s ]
SQL: SHOW COLUMNS FROM `think_column` [ RunTime:0.0004s ]
SQL: SELECT * FROM `think_column` WHERE ( status=0 and id!=5 )  [ RunTime:0.0001s ]
SQL: SHOW COLUMNS FROM `think_article` [ RunTime:0.0005s ]
SQL: SELECT * FROM `think_article` WHERE `status` = 0 AND `column_id` <> 5 LIMIT 5   [ RunTime:0.0001s ]
SQL: SELECT * FROM `think_article` WHERE `status` = 0 AND `column_id` = 5 LIMIT 6   [ RunTime:0.0001s ]
INFO: [ view_parse ] --START--
INFO: [ template_filter ] --START--
INFO: Run Behavior\ContentReplaceBehavior [ RunTime:0.000072s ]
INFO: [ template_filter ] --END-- [ RunTime:0.000106s ]
INFO: Run Behavior\ParseTemplateBehavior [ RunTime:0.063928s ]
INFO: [ view_parse ] --END-- [ RunTime:0.063969s ]
INFO: [ view_filter ] --START--
INFO: Run Behavior\WriteHtmlCacheBehavior [ RunTime:0.006035s ]
INFO: [ view_filter ] --END-- [ RunTime:0.006060s ]
INFO: [ app_end ] --START--
INFO: Run Behavior\ShowPageTraceBehavior [ RunTime:0.007182s ]
INFO: [ app_end ] --END-- [ RunTime:0.007223s ]

[ 2016-08-18T14:17:19+08:00 ] 192.168.188.184 /Wap/product/index/oid/2.html
INFO: [ app_init ] --START--
INFO: Run Behavior\BuildLiteBehavior [ RunTime:0.000047s ]
INFO: [ app_init ] --END-- [ RunTime:0.004162s ]
INFO: [ app_begin ] --START--
INFO: Run Behavior\ReadHtmlCacheBehavior [ RunTime:0.008750s ]
INFO: Run Behavior\CheckLangBehavior [ RunTime:0.007473s ]
INFO: [ app_begin ] --END-- [ RunTime:0.016305s ]
SQL: SHOW COLUMNS FROM `think_column` [ RunTime:0.0004s ]
SQL: SELECT * FROM `think_column` WHERE ( status=0 and id!=5 )  [ RunTime:0.0001s ]
SQL: SHOW COLUMNS FROM `think_coupons` [ RunTime:0.0004s ]
SQL: SELECT COUNT(*) AS tp_count FROM `think_coupons` GROUP BY coupons_name,coupon_cid LIMIT 1   [ RunTime:0.0001s ]
NOTIC: [8] Undefined index: p /mnt/share/dzx.com/Application/Wap/Controller/ProductController.class.php 第 84 行.
SQL: SELECT * FROM `think_coupons` GROUP BY coupons_name,coupon_cid LIMIT 0,3   [ RunTime:0.0001s ]
SQL: SHOW COLUMNS FROM `think_article` [ RunTime:0.0007s ]
SQL: SELECT * FROM `think_article` WHERE `id` = 1 LIMIT 1   [ RunTime:0.0001s ]
INFO: [ view_parse ] --START--
INFO: [ template_filter ] --START--
INFO: Run Behavior\ContentReplaceBehavior [ RunTime:0.000044s ]
INFO: [ template_filter ] --END-- [ RunTime:0.000079s ]
INFO: Run Behavior\ParseTemplateBehavior [ RunTime:0.063611s ]
INFO: [ view_parse ] --END-- [ RunTime:0.063654s ]
INFO: [ view_filter ] --START--
INFO: Run Behavior\WriteHtmlCacheBehavior [ RunTime:0.005787s ]
INFO: [ view_filter ] --END-- [ RunTime:0.005816s ]
INFO: [ app_end ] --START--
INFO: Run Behavior\ShowPageTraceBehavior [ RunTime:0.006721s ]
INFO: [ app_end ] --END-- [ RunTime:0.006760s ]

[ 2016-08-18T14:17:20+08:00 ] 192.168.188.184 /Wap/product/details/id/1/t/c.html
INFO: [ app_init ] --START--
INFO: Run Behavior\BuildLiteBehavior [ RunTime:0.000022s ]
INFO: [ app_init ] --END-- [ RunTime:0.003951s ]
INFO: [ app_begin ] --START--
INFO: Run Behavior\ReadHtmlCacheBehavior [ RunTime:0.009274s ]
INFO: Run Behavior\CheckLangBehavior [ RunTime:0.006910s ]
INFO: [ app_begin ] --END-- [ RunTime:0.016267s ]
SQL: SHOW COLUMNS FROM `think_column` [ RunTime:0.0004s ]
SQL: SELECT * FROM `think_column` WHERE ( status=0 and id!=5 )  [ RunTime:0.0001s ]
SQL: SHOW COLUMNS FROM `think_coupons` [ RunTime:0.0004s ]
SQL: SELECT * FROM `think_coupons` WHERE `id` = 1 LIMIT 1   [ RunTime:0.0001s ]
SQL: SHOW COLUMNS FROM `think_article` [ RunTime:0.0004s ]
SQL: SELECT * FROM `think_article` WHERE `id` = 1 LIMIT 1   [ RunTime:0.0000s ]
SQL: SHOW COLUMNS FROM `think_order` [ RunTime:0.0004s ]
SQL: SELECT * FROM `think_order` WHERE `ordstatus` = 1 ORDER BY 10  [ RunTime:0.0001s ]
SQL: SELECT COUNT(*) AS tp_count FROM `think_order` WHERE `ordstatus` = 1 LIMIT 1   [ RunTime:0.0000s ]
INFO: [ view_parse ] --START--
INFO: [ template_filter ] --START--
INFO: Run Behavior\ContentReplaceBehavior [ RunTime:0.000072s ]
INFO: [ template_filter ] --END-- [ RunTime:0.000105s ]
INFO: Run Behavior\ParseTemplateBehavior [ RunTime:0.087104s ]
INFO: [ view_parse ] --END-- [ RunTime:0.087152s ]
INFO: [ view_filter ] --START--
INFO: Run Behavior\WriteHtmlCacheBehavior [ RunTime:0.007453s ]
INFO: [ view_filter ] --END-- [ RunTime:0.007494s ]
INFO: [ app_end ] --START--
INFO: Run Behavior\ShowPageTraceBehavior [ RunTime:0.006957s ]
INFO: [ app_end ] --END-- [ RunTime:0.006992s ]

[ 2016-08-18T14:17:23+08:00 ] 192.168.188.184 /Wap/product/index/oid/5.html
INFO: [ app_init ] --START--
INFO: Run Behavior\BuildLiteBehavior [ RunTime:0.000013s ]
INFO: [ app_init ] --END-- [ RunTime:0.003968s ]
INFO: [ app_begin ] --START--
INFO: Run Behavior\ReadHtmlCacheBehavior [ RunTime:0.007140s ]
INFO: Run Behavior\CheckLangBehavior [ RunTime:0.009155s ]
INFO: [ app_begin ] --END-- [ RunTime:0.016386s ]
SQL: SHOW COLUMNS FROM `think_column` [ RunTime:0.0004s ]
SQL: SELECT * FROM `think_column` WHERE ( status=0 and id!=5 )  [ RunTime:0.0001s ]
SQL: SHOW COLUMNS FROM `think_article` [ RunTime:0.0004s ]
SQL: SELECT COUNT(*) AS tp_count FROM `think_article` WHERE `status` = 0 AND `column_id` = 5 LIMIT 1   [ RunTime:0.0001s ]
NOTIC: [8] Undefined index: p /mnt/share/dzx.com/Application/Wap/Controller/ProductController.class.php 第 84 行.
SQL: SELECT * FROM `think_article` WHERE `status` = 0 AND `column_id` = 5 LIMIT 0,3   [ RunTime:0.0001s ]
INFO: [ view_parse ] --START--
INFO: [ template_filter ] --START--
INFO: Run Behavior\ContentReplaceBehavior [ RunTime:0.000079s ]
INFO: [ template_filter ] --END-- [ RunTime:0.000113s ]
INFO: Run Behavior\ParseTemplateBehavior [ RunTime:0.064511s ]
INFO: [ view_parse ] --END-- [ RunTime:0.064549s ]
INFO: [ view_filter ] --START--
INFO: Run Behavior\WriteHtmlCacheBehavior [ RunTime:0.006576s ]
INFO: [ view_filter ] --END-- [ RunTime:0.006601s ]
INFO: [ app_end ] --START--
INFO: Run Behavior\ShowPageTraceBehavior [ RunTime:0.007566s ]
INFO: [ app_end ] --END-- [ RunTime:0.007612s ]

[ 2016-08-18T14:17:25+08:00 ] 192.168.188.184 /Wap/product/details/id/2.html
INFO: [ app_init ] --START--
INFO: Run Behavior\BuildLiteBehavior [ RunTime:0.000013s ]
INFO: [ app_init ] --END-- [ RunTime:0.004771s ]
INFO: [ app_begin ] --START--
INFO: Run Behavior\ReadHtmlCacheBehavior [ RunTime:0.006883s ]
INFO: Run Behavior\CheckLangBehavior [ RunTime:0.007123s ]
INFO: [ app_begin ] --END-- [ RunTime:0.014082s ]
SQL: SHOW COLUMNS FROM `think_column` [ RunTime:0.0004s ]
SQL: SELECT * FROM `think_column` WHERE ( status=0 and id!=5 )  [ RunTime:0.0001s ]
SQL: SHOW COLUMNS FROM `think_article` [ RunTime:0.0006s ]
SQL: SELECT * FROM `think_article` WHERE `id` = 2 LIMIT 1   [ RunTime:0.0002s ]
SQL: SHOW COLUMNS FROM `think_order` [ RunTime:0.0004s ]
SQL: SELECT * FROM `think_order` WHERE `ordstatus` = 1 ORDER BY 10  [ RunTime:0.0001s ]
SQL: SELECT COUNT(*) AS tp_count FROM `think_order` WHERE `ordstatus` = 1 LIMIT 1   [ RunTime:0.0000s ]
INFO: [ view_parse ] --START--
INFO: [ template_filter ] --START--
INFO: Run Behavior\ContentReplaceBehavior [ RunTime:0.000066s ]
INFO: [ template_filter ] --END-- [ RunTime:0.000102s ]
NOTIC: [8] Undefined variable: coupon /mnt/share/dzx.com/Application/Runtime/Cache/Wap/070f19e1337d1b79ad319a014d3e1a69.php 第 61 行.
INFO: Run Behavior\ParseTemplateBehavior [ RunTime:0.070920s ]
INFO: [ view_parse ] --END-- [ RunTime:0.070953s ]
INFO: [ view_filter ] --START--
INFO: Run Behavior\WriteHtmlCacheBehavior [ RunTime:0.007207s ]
INFO: [ view_filter ] --END-- [ RunTime:0.007251s ]
INFO: [ app_end ] --START--
INFO: Run Behavior\ShowPageTraceBehavior [ RunTime:0.008233s ]
INFO: [ app_end ] --END-- [ RunTime:0.008272s ]

[ 2016-08-18T14:17:28+08:00 ] 192.168.188.184 /Wap/product/index/oid/5.html
INFO: [ app_init ] --START--
INFO: Run Behavior\BuildLiteBehavior [ RunTime:0.000016s ]
INFO: [ app_init ] --END-- [ RunTime:0.003136s ]
INFO: [ app_begin ] --START--
INFO: Run Behavior\ReadHtmlCacheBehavior [ RunTime:0.006277s ]
INFO: Run Behavior\CheckLangBehavior [ RunTime:0.006894s ]
INFO: [ app_begin ] --END-- [ RunTime:0.013252s ]
SQL: SHOW COLUMNS FROM `think_column` [ RunTime:0.0004s ]
SQL: SELECT * FROM `think_column` WHERE ( status=0 and id!=5 )  [ RunTime:0.0001s ]
SQL: SHOW COLUMNS FROM `think_article` [ RunTime:0.0006s ]
NOTIC: [8] Undefined index: p /mnt/share/dzx.com/Application/Wap/Controller/ProductController.class.php 第 84 行.
INFO: [ view_parse ] --START--
INFO: [ template_filter ] --START--
INFO: Run Behavior\ContentReplaceBehavior [ RunTime:0.000080s ]
INFO: [ template_filter ] --END-- [ RunTime:0.000125s ]
INFO: Run Behavior\ParseTemplateBehavior [ RunTime:0.063452s ]
INFO: [ view_parse ] --END-- [ RunTime:0.063499s ]
INFO: [ view_filter ] --START--
INFO: Run Behavior\WriteHtmlCacheBehavior [ RunTime:0.006848s ]
INFO: [ view_filter ] --END-- [ RunTime:0.006878s ]
INFO: [ app_end ] --START--
INFO: Run Behavior\ShowPageTraceBehavior [ RunTime:0.006424s ]
INFO: [ app_end ] --END-- [ RunTime:0.006451s ]

[ 2016-08-18T14:17:29+08:00 ] 192.168.188.184 /Wap/Product/get_lists
INFO: [ app_init ] --START--
INFO: Run Behavior\BuildLiteBehavior [ RunTime:0.000011s ]
INFO: [ app_init ] --END-- [ RunTime:0.003466s ]
INFO: [ app_begin ] --START--
INFO: Run Behavior\ReadHtmlCacheBehavior [ RunTime:0.006489s ]
INFO: Run Behavior\CheckLangBehavior [ RunTime:0.005920s ]
INFO: [ app_begin ] --END-- [ RunTime:0.012468s ]
SQL: SHOW COLUMNS FROM `think_column` [ RunTime:0.0004s ]
SQL: SELECT * FROM `think_column` WHERE ( status=0 and id!=5 )  [ RunTime:0.0001s ]
SQL: SHOW COLUMNS FROM `think_article` [ RunTime:0.0005s ]
SQL: SELECT * FROM `think_article` WHERE `status` = 0 AND `column_id` = 5 LIMIT 3,3   [ RunTime:0.0001s ]
INFO: [ view_parse ] --START--
INFO: [ template_filter ] --START--
INFO: Run Behavior\ContentReplaceBehavior [ RunTime:0.000033s ]
INFO: [ template_filter ] --END-- [ RunTime:0.000070s ]
INFO: Run Behavior\ParseTemplateBehavior [ RunTime:0.053433s ]
INFO: [ view_parse ] --END-- [ RunTime:0.053475s ]
INFO: [ view_filter ] --START--
INFO: Run Behavior\WriteHtmlCacheBehavior [ RunTime:0.005763s ]
INFO: [ view_filter ] --END-- [ RunTime:0.005783s ]
INFO: [ app_end ] --START--
INFO: Run Behavior\ShowPageTraceBehavior [ RunTime:0.006308s ]
INFO: [ app_end ] --END-- [ RunTime:0.006337s ]

[ 2016-08-18T14:17:30+08:00 ] 192.168.188.184 /Wap/Product/get_lists
INFO: [ app_init ] --START--
INFO: Run Behavior\BuildLiteBehavior [ RunTime:0.000009s ]
INFO: [ app_init ] --END-- [ RunTime:0.003065s ]
INFO: [ app_begin ] --START--
INFO: Run Behavior\ReadHtmlCacheBehavior [ RunTime:0.007212s ]
INFO: Run Behavior\CheckLangBehavior [ RunTime:0.006957s ]
INFO: [ app_begin ] --END-- [ RunTime:0.014257s ]
SQL: SHOW COLUMNS FROM `think_column` [ RunTime:0.0004s ]
SQL: SELECT * FROM `think_column` WHERE ( status=0 and id!=5 )  [ RunTime:0.0001s ]
SQL: SHOW COLUMNS FROM `think_article` [ RunTime:0.0005s ]
SQL: SELECT * FROM `think_article` WHERE `status` = 0 AND `column_id` = 5 LIMIT 6,3   [ RunTime:0.0001s ]
INFO: [ app_end ] --START--
INFO: Run Behavior\ShowPageTraceBehavior [ RunTime:0.009300s ]
INFO: [ app_end ] --END-- [ RunTime:0.009353s ]

[ 2016-08-18T14:17:31+08:00 ] 192.168.188.184 /Wap/product/details/id/5.html
INFO: [ app_init ] --START--
INFO: Run Behavior\BuildLiteBehavior [ RunTime:0.000011s ]
INFO: [ app_init ] --END-- [ RunTime:0.003183s ]
INFO: [ app_begin ] --START--
INFO: Run Behavior\ReadHtmlCacheBehavior [ RunTime:0.007002s ]
INFO: Run Behavior\CheckLangBehavior [ RunTime:0.007110s ]
INFO: [ app_begin ] --END-- [ RunTime:0.014331s ]
SQL: SHOW COLUMNS FROM `think_column` [ RunTime:0.0004s ]
SQL: SELECT * FROM `think_column` WHERE ( status=0 and id!=5 )  [ RunTime:0.0001s ]
SQL: SHOW COLUMNS FROM `think_article` [ RunTime:0.0004s ]
SQL: SELECT * FROM `think_article` WHERE `id` = 5 LIMIT 1   [ RunTime:0.0001s ]
SQL: SHOW COLUMNS FROM `think_order` [ RunTime:0.0004s ]
SQL: SELECT * FROM `think_order` WHERE `ordstatus` = 1 ORDER BY 10  [ RunTime:0.0001s ]
SQL: SELECT COUNT(*) AS tp_count FROM `think_order` WHERE `ordstatus` = 1 LIMIT 1   [ RunTime:0.0000s ]
INFO: [ view_parse ] --START--
INFO: [ template_filter ] --START--
INFO: Run Behavior\ContentReplaceBehavior [ RunTime:0.000068s ]
INFO: [ template_filter ] --END-- [ RunTime:0.000102s ]
NOTIC: [8] Undefined variable: coupon /mnt/share/dzx.com/Application/Runtime/Cache/Wap/070f19e1337d1b79ad319a014d3e1a69.php 第 61 行.
INFO: Run Behavior\ParseTemplateBehavior [ RunTime:0.063070s ]
INFO: [ view_parse ] --END-- [ RunTime:0.063098s ]
INFO: [ view_filter ] --START--
INFO: Run Behavior\WriteHtmlCacheBehavior [ RunTime:0.007235s ]
INFO: [ view_filter ] --END-- [ RunTime:0.007272s ]
INFO: [ app_end ] --START--
INFO: Run Behavior\ShowPageTraceBehavior [ RunTime:0.006837s ]
INFO: [ app_end ] --END-- [ RunTime:0.006867s ]

[ 2016-08-18T14:20:40+08:00 ] 192.168.188.184 /Wap/product/details/id/5.html
INFO: [ app_init ] --START--
INFO: Run Behavior\BuildLiteBehavior [ RunTime:0.000012s ]
INFO: [ app_init ] --END-- [ RunTime:0.002832s ]
INFO: [ app_begin ] --START--
INFO: Run Behavior\ReadHtmlCacheBehavior [ RunTime:0.006223s ]
INFO: Run Behavior\CheckLangBehavior [ RunTime:0.007075s ]
INFO: [ app_begin ] --END-- [ RunTime:0.013372s ]
SQL: SHOW COLUMNS FROM `think_column` [ RunTime:0.0004s ]
SQL: SELECT * FROM `think_column` WHERE ( status=0 and id!=5 )  [ RunTime:0.0001s ]
SQL: SHOW COLUMNS FROM `think_article` [ RunTime:0.0005s ]
SQL: SELECT * FROM `think_article` WHERE `id` = 5 LIMIT 1   [ RunTime:0.0001s ]
SQL: SHOW COLUMNS FROM `think_order` [ RunTime:0.0004s ]
SQL: SELECT * FROM `think_order` WHERE `ordstatus` = 1 ORDER BY 10  [ RunTime:0.0001s ]
SQL: SELECT COUNT(*) AS tp_count FROM `think_order` WHERE `ordstatus` = 1 LIMIT 1   [ RunTime:0.0000s ]
INFO: [ view_parse ] --START--
INFO: [ template_filter ] --START--
INFO: Run Behavior\ContentReplaceBehavior [ RunTime:0.000067s ]
INFO: [ template_filter ] --END-- [ RunTime:0.000099s ]
NOTIC: [8] Undefined variable: coupon /mnt/share/dzx.com/Application/Runtime/Cache/Wap/070f19e1337d1b79ad319a014d3e1a69.php 第 61 行.
INFO: Run Behavior\ParseTemplateBehavior [ RunTime:0.065386s ]
INFO: [ view_parse ] --END-- [ RunTime:0.065425s ]
INFO: [ view_filter ] --START--
INFO: Run Behavior\WriteHtmlCacheBehavior [ RunTime:0.006398s ]
INFO: [ view_filter ] --END-- [ RunTime:0.006423s ]
INFO: [ app_end ] --START--
INFO: Run Behavior\ShowPageTraceBehavior [ RunTime:0.006687s ]
INFO: [ app_end ] --END-- [ RunTime:0.006718s ]

[ 2016-08-18T14:21:17+08:00 ] 192.168.188.184 /Wap/product/details/id/5.html
INFO: [ app_init ] --START--
INFO: Run Behavior\BuildLiteBehavior [ RunTime:0.000011s ]
INFO: [ app_init ] --END-- [ RunTime:0.002809s ]
INFO: [ app_begin ] --START--
INFO: Run Behavior\ReadHtmlCacheBehavior [ RunTime:0.007833s ]
INFO: Run Behavior\CheckLangBehavior [ RunTime:0.006222s ]
INFO: [ app_begin ] --END-- [ RunTime:0.014119s ]
SQL: SHOW COLUMNS FROM `think_column` [ RunTime:0.0004s ]
SQL: SELECT * FROM `think_column` WHERE ( status=0 and id!=5 )  [ RunTime:0.0001s ]
SQL: SHOW COLUMNS FROM `think_article` [ RunTime:0.0005s ]
SQL: SELECT * FROM `think_article` WHERE `id` = 5 LIMIT 1   [ RunTime:0.0001s ]
SQL: SHOW COLUMNS FROM `think_order` [ RunTime:0.0004s ]
SQL: SELECT * FROM `think_order` WHERE `ordstatus` = 1 ORDER BY 10  [ RunTime:0.0001s ]
SQL: SELECT COUNT(*) AS tp_count FROM `think_order` WHERE `ordstatus` = 1 LIMIT 1   [ RunTime:0.0000s ]
INFO: [ view_parse ] --START--
INFO: [ template_filter ] --START--
INFO: Run Behavior\ContentReplaceBehavior [ RunTime:0.000067s ]
INFO: [ template_filter ] --END-- [ RunTime:0.000101s ]
NOTIC: [8] Undefined variable: coupon /mnt/share/dzx.com/Application/Runtime/Cache/Wap/070f19e1337d1b79ad319a014d3e1a69.php 第 61 行.
INFO: Run Behavior\ParseTemplateBehavior [ RunTime:0.065293s ]
INFO: [ view_parse ] --END-- [ RunTime:0.065324s ]
INFO: [ view_filter ] --START--
INFO: Run Behavior\WriteHtmlCacheBehavior [ RunTime:0.006377s ]
INFO: [ view_filter ] --END-- [ RunTime:0.006402s ]
INFO: [ app_end ] --START--
INFO: Run Behavior\ShowPageTraceBehavior [ RunTime:0.007046s ]
INFO: [ app_end ] --END-- [ RunTime:0.007083s ]

[ 2016-08-18T14:21:30+08:00 ] 192.168.188.184 /Wap/product/index/oid/5.html
INFO: [ app_init ] --START--
INFO: Run Behavior\BuildLiteBehavior [ RunTime:0.000041s ]
INFO: [ app_init ] --END-- [ RunTime:0.011760s ]
INFO: [ app_begin ] --START--
INFO: Run Behavior\ReadHtmlCacheBehavior [ RunTime:0.006137s ]
INFO: Run Behavior\CheckLangBehavior [ RunTime:0.007553s ]
INFO: [ app_begin ] --END-- [ RunTime:0.013765s ]
SQL: SHOW COLUMNS FROM `think_column` [ RunTime:0.0004s ]
SQL: SELECT * FROM `think_column` WHERE ( status=0 and id!=5 )  [ RunTime:0.0001s ]
SQL: SHOW COLUMNS FROM `think_article` [ RunTime:0.0004s ]
SQL: SELECT COUNT(*) AS tp_count FROM `think_article` WHERE `status` = 0 AND `column_id` = 5 LIMIT 1   [ RunTime:0.0001s ]
NOTIC: [8] Undefined index: p /mnt/share/dzx.com/Application/Wap/Controller/ProductController.class.php 第 84 行.
SQL: SELECT * FROM `think_article` WHERE `status` = 0 AND `column_id` = 5 LIMIT 0,3   [ RunTime:0.0003s ]
INFO: [ view_parse ] --START--
INFO: [ template_filter ] --START--
INFO: Run Behavior\ContentReplaceBehavior [ RunTime:0.000081s ]
INFO: [ template_filter ] --END-- [ RunTime:0.000161s ]
INFO: Run Behavior\ParseTemplateBehavior [ RunTime:0.069970s ]
INFO: [ view_parse ] --END-- [ RunTime:0.070016s ]
INFO: [ view_filter ] --START--
INFO: Run Behavior\WriteHtmlCacheBehavior [ RunTime:0.005977s ]
INFO: [ view_filter ] --END-- [ RunTime:0.006003s ]
INFO: [ app_end ] --START--
INFO: Run Behavior\ShowPageTraceBehavior [ RunTime:0.006289s ]
INFO: [ app_end ] --END-- [ RunTime:0.006319s ]

[ 2016-08-18T14:21:32+08:00 ] 192.168.188.184 /Wap/Product/get_lists
INFO: [ app_init ] --START--
INFO: Run Behavior\BuildLiteBehavior [ RunTime:0.000012s ]
INFO: [ app_init ] --END-- [ RunTime:0.003242s ]
INFO: [ app_begin ] --START--
INFO: Run Behavior\ReadHtmlCacheBehavior [ RunTime:0.006901s ]
INFO: Run Behavior\CheckLangBehavior [ RunTime:0.007116s ]
INFO: [ app_begin ] --END-- [ RunTime:0.014088s ]
SQL: SHOW COLUMNS FROM `think_column` [ RunTime:0.0004s ]
SQL: SELECT * FROM `think_column` WHERE ( status=0 and id!=5 )  [ RunTime:0.0001s ]
SQL: SHOW COLUMNS FROM `think_article` [ RunTime:0.0005s ]
SQL: SELECT * FROM `think_article` WHERE `status` = 0 AND `column_id` = 5 LIMIT 3,3   [ RunTime:0.0003s ]
INFO: [ view_parse ] --START--
INFO: [ template_filter ] --START--
INFO: Run Behavior\ContentReplaceBehavior [ RunTime:0.000035s ]
INFO: [ template_filter ] --END-- [ RunTime:0.000073s ]
INFO: Run Behavior\ParseTemplateBehavior [ RunTime:0.054240s ]
INFO: [ view_parse ] --END-- [ RunTime:0.054283s ]
INFO: [ view_filter ] --START--
INFO: Run Behavior\WriteHtmlCacheBehavior [ RunTime:0.006017s ]
INFO: [ view_filter ] --END-- [ RunTime:0.006049s ]
INFO: [ app_end ] --START--
INFO: Run Behavior\ShowPageTraceBehavior [ RunTime:0.006285s ]
INFO: [ app_end ] --END-- [ RunTime:0.006321s ]

[ 2016-08-18T14:21:33+08:00 ] 192.168.188.184 /Wap/product/details/id/4.html
INFO: [ app_init ] --START--
INFO: Run Behavior\BuildLiteBehavior [ RunTime:0.000022s ]
INFO: [ app_init ] --END-- [ RunTime:0.004291s ]
INFO: [ app_begin ] --START--
INFO: Run Behavior\ReadHtmlCacheBehavior [ RunTime:0.006876s ]
INFO: Run Behavior\CheckLangBehavior [ RunTime:0.006884s ]
INFO: [ app_begin ] --END-- [ RunTime:0.013841s ]
SQL: SHOW COLUMNS FROM `think_column` [ RunTime:0.0004s ]
SQL: SELECT * FROM `think_column` WHERE ( status=0 and id!=5 )  [ RunTime:0.0001s ]
SQL: SHOW COLUMNS FROM `think_article` [ RunTime:0.0005s ]
SQL: SELECT * FROM `think_article` WHERE `id` = 4 LIMIT 1   [ RunTime:0.0001s ]
SQL: SHOW COLUMNS FROM `think_order` [ RunTime:0.0004s ]
SQL: SELECT * FROM `think_order` WHERE `ordstatus` = 1 ORDER BY 10  [ RunTime:0.0001s ]
SQL: SELECT COUNT(*) AS tp_count FROM `think_order` WHERE `ordstatus` = 1 LIMIT 1   [ RunTime:0.0000s ]
INFO: [ view_parse ] --START--
INFO: [ template_filter ] --START--
INFO: Run Behavior\ContentReplaceBehavior [ RunTime:0.000066s ]
INFO: [ template_filter ] --END-- [ RunTime:0.000100s ]
NOTIC: [8] Undefined variable: coupon /mnt/share/dzx.com/Application/Runtime/Cache/Wap/070f19e1337d1b79ad319a014d3e1a69.php 第 61 行.
INFO: Run Behavior\ParseTemplateBehavior [ RunTime:0.060194s ]
INFO: [ view_parse ] --END-- [ RunTime:0.060227s ]
INFO: [ view_filter ] --START--
INFO: Run Behavior\WriteHtmlCacheBehavior [ RunTime:0.006339s ]
INFO: [ view_filter ] --END-- [ RunTime:0.006370s ]
INFO: [ app_end ] --START--
INFO: Run Behavior\ShowPageTraceBehavior [ RunTime:0.006150s ]
INFO: [ app_end ] --END-- [ RunTime:0.006178s ]

[ 2016-08-18T14:23:08+08:00 ] 192.168.188.184 /Wap/product/details/id/4.html
INFO: [ app_init ] --START--
INFO: Run Behavior\BuildLiteBehavior [ RunTime:0.000010s ]
INFO: [ app_init ] --END-- [ RunTime:0.002802s ]
INFO: [ app_begin ] --START--
INFO: Run Behavior\ReadHtmlCacheBehavior [ RunTime:0.006210s ]
INFO: Run Behavior\CheckLangBehavior [ RunTime:0.005931s ]
INFO: [ app_begin ] --END-- [ RunTime:0.012200s ]
SQL: SHOW COLUMNS FROM `think_column` [ RunTime:0.0004s ]
SQL: SELECT * FROM `think_column` WHERE ( status=0 and id!=5 )  [ RunTime:0.0001s ]
SQL: SHOW COLUMNS FROM `think_article` [ RunTime:0.0005s ]
SQL: SELECT * FROM `think_article` WHERE `id` = 4 LIMIT 1   [ RunTime:0.0001s ]
SQL: SHOW COLUMNS FROM `think_order` [ RunTime:0.0004s ]
SQL: SELECT * FROM `think_order` WHERE `ordstatus` = 1 ORDER BY 10  [ RunTime:0.0001s ]
SQL: SELECT COUNT(*) AS tp_count FROM `think_order` WHERE `ordstatus` = 1 LIMIT 1   [ RunTime:0.0000s ]
INFO: [ view_parse ] --START--
INFO: [ template_filter ] --START--
INFO: Run Behavior\ContentReplaceBehavior [ RunTime:0.000067s ]
INFO: [ template_filter ] --END-- [ RunTime:0.000103s ]
NOTIC: [8] Undefined variable: coupon /mnt/share/dzx.com/Application/Runtime/Cache/Wap/070f19e1337d1b79ad319a014d3e1a69.php 第 61 行.
INFO: Run Behavior\ParseTemplateBehavior [ RunTime:0.061439s ]
INFO: [ view_parse ] --END-- [ RunTime:0.061470s ]
INFO: [ view_filter ] --START--
INFO: Run Behavior\WriteHtmlCacheBehavior [ RunTime:0.006724s ]
INFO: [ view_filter ] --END-- [ RunTime:0.006762s ]
INFO: [ app_end ] --START--
INFO: Run Behavior\ShowPageTraceBehavior [ RunTime:0.006361s ]
INFO: [ app_end ] --END-- [ RunTime:0.006392s ]

