[ 2016-08-24T13:04:16+08:00 ] 127.0.0.1 /admin
INFO: [ app_init ] --START--
INFO: Run Behavior\BuildLiteBehavior [ RunTime:0.000013s ]
INFO: [ app_init ] --END-- [ RunTime:0.000278s ]
INFO: [ app_begin ] --START--
INFO: Run Behavior\ReadHtmlCacheBehavior [ RunTime:0.000605s ]
INFO: Run Behavior\CheckLangBehavior [ RunTime:0.000159s ]
INFO: [ app_begin ] --END-- [ RunTime:0.000872s ]

[ 2016-08-24T13:04:16+08:00 ] 127.0.0.1 /Admin/Login/index
INFO: [ app_init ] --START--
INFO: Run Behavior\BuildLiteBehavior [ RunTime:0.000008s ]
INFO: [ app_init ] --END-- [ RunTime:0.000171s ]
INFO: [ app_begin ] --START--
INFO: Run Behavior\ReadHtmlCacheBehavior [ RunTime:0.000217s ]
INFO: Run Behavior\CheckLangBehavior [ RunTime:0.000134s ]
INFO: [ app_begin ] --END-- [ RunTime:0.000392s ]
INFO: [ view_parse ] --START--
INFO: [ template_filter ] --START--
INFO: Run Behavior\ContentReplaceBehavior [ RunTime:0.000035s ]
INFO: [ template_filter ] --END-- [ RunTime:0.000077s ]
INFO: Run Behavior\ParseTemplateBehavior [ RunTime:0.003864s ]
INFO: [ view_parse ] --END-- [ RunTime:0.003892s ]
INFO: [ view_filter ] --START--
INFO: Run Behavior\WriteHtmlCacheBehavior [ RunTime:0.000108s ]
INFO: [ view_filter ] --END-- [ RunTime:0.000131s ]
INFO: [ app_end ] --START--
INFO: Run Behavior\ShowPageTraceBehavior [ RunTime:0.000252s ]
INFO: [ app_end ] --END-- [ RunTime:0.000274s ]

[ 2016-08-24T13:04:21+08:00 ] 127.0.0.1 /Admin/public/login
INFO: [ app_init ] --START--
INFO: Run Behavior\BuildLiteBehavior [ RunTime:0.000008s ]
INFO: [ app_init ] --END-- [ RunTime:0.000160s ]
INFO: [ app_begin ] --START--
INFO: Run Behavior\ReadHtmlCacheBehavior [ RunTime:0.000203s ]
INFO: Run Behavior\CheckLangBehavior [ RunTime:0.000123s ]
INFO: [ app_begin ] --END-- [ RunTime:0.000360s ]
SQL: SHOW COLUMNS FROM `think_admin` [ RunTime:0.0737s ]
SQL: SELECT * FROM `think_admin` WHERE `username` = 'admin' LIMIT 1   [ RunTime:0.0412s ]

[ 2016-08-24T13:04:27+08:00 ] 127.0.0.1 /Admin/public/login
INFO: [ app_init ] --START--
INFO: Run Behavior\BuildLiteBehavior [ RunTime:0.000010s ]
INFO: [ app_init ] --END-- [ RunTime:0.000265s ]
INFO: [ app_begin ] --START--
INFO: Run Behavior\ReadHtmlCacheBehavior [ RunTime:0.000355s ]
INFO: Run Behavior\CheckLangBehavior [ RunTime:0.000191s ]
INFO: [ app_begin ] --END-- [ RunTime:0.000596s ]
SQL: SHOW COLUMNS FROM `think_admin` [ RunTime:0.0004s ]
SQL: SELECT * FROM `think_admin` WHERE `username` = 'admin' LIMIT 1   [ RunTime:0.0001s ]
NOTIC: [8] Use of undefined constant intval - assumed 'intval' /home/wwwroot/dzx.com/Application/Admin/Controller/PublicController.class.php 第 37 行.
SQL: UPDATE `think_admin` SET `last_date`='1472015067',`last_ip`='127.0.0.1' WHERE `id` = 1 [ RunTime:0.0205s ]
NOTIC: [8] Undefined index: logintime /home/wwwroot/dzx.com/Application/Admin/Controller/PublicController.class.php 第 58 行.
NOTIC: [8] Undefined index: loginip /home/wwwroot/dzx.com/Application/Admin/Controller/PublicController.class.php 第 59 行.

[ 2016-08-24T13:04:27+08:00 ] 127.0.0.1 /Admin/Index/index
INFO: [ app_init ] --START--
INFO: Run Behavior\BuildLiteBehavior [ RunTime:0.000026s ]
INFO: [ app_init ] --END-- [ RunTime:0.000466s ]
INFO: [ app_begin ] --START--
INFO: Run Behavior\ReadHtmlCacheBehavior [ RunTime:0.000234s ]
INFO: Run Behavior\CheckLangBehavior [ RunTime:0.000134s ]
INFO: [ app_begin ] --END-- [ RunTime:0.000418s ]
SQL: SHOW COLUMNS FROM `think_model` [ RunTime:0.0071s ]
SQL: SELECT * FROM `think_model` WHERE ( fid=0 and "show"=0 and status=0 )  [ RunTime:0.0003s ]
SQL: SELECT * FROM `think_model` WHERE `fid` = 3 AND `status` = 0 AND `show` = 0 ORDER BY sort asc  [ RunTime:0.0001s ]
SQL: SELECT * FROM `think_model` WHERE `fid` = 5 AND `status` = 0 AND `show` = 0 ORDER BY sort asc  [ RunTime:0.0001s ]
SQL: SELECT * FROM `think_model` WHERE `fid` = 8 AND `status` = 0 AND `show` = 0 ORDER BY sort asc  [ RunTime:0.0001s ]
SQL: SELECT * FROM `think_model` WHERE `fid` = 10 AND `status` = 0 AND `show` = 0 ORDER BY sort asc  [ RunTime:0.0001s ]
SQL: SELECT * FROM `think_model` WHERE `fid` = 9 AND `status` = 0 AND `show` = 0 ORDER BY sort asc  [ RunTime:0.0001s ]
SQL: SELECT * FROM `think_model` WHERE `fid` = 11 AND `status` = 0 AND `show` = 0 ORDER BY sort asc  [ RunTime:0.0001s ]
SQL: SHOW COLUMNS FROM `think_column` [ RunTime:0.0003s ]
SQL: SELECT * FROM `think_column` WHERE `status` = 0 AND `type` < 3 ORDER BY id asc  [ RunTime:0.0001s ]
SQL: SHOW COLUMNS FROM `think_article` [ RunTime:0.0003s ]
SQL: SELECT COUNT(*) AS tp_count FROM `think_article` WHERE `column_id` = 3 LIMIT 1   [ RunTime:0.0001s ]
SQL: SELECT * FROM `think_article` WHERE `column_id` = 3 ORDER BY date desc,id desc LIMIT 0,1   [ RunTime:0.0001s ]
SQL: SELECT COUNT(*) AS tp_count FROM `think_column` WHERE ( fid=0 ) LIMIT 1   [ RunTime:0.0001s ]

[ 2016-08-24T13:04:27+08:00 ] 127.0.0.1 /Admin/Member/index
INFO: [ app_init ] --START--
INFO: Run Behavior\BuildLiteBehavior [ RunTime:0.000008s ]
INFO: [ app_init ] --END-- [ RunTime:0.000168s ]
INFO: [ app_begin ] --START--
INFO: Run Behavior\ReadHtmlCacheBehavior [ RunTime:0.000243s ]
INFO: Run Behavior\CheckLangBehavior [ RunTime:0.000132s ]
INFO: [ app_begin ] --END-- [ RunTime:0.000417s ]
NOTIC: [2048] Declaration of Admin\Controller\MemberController::_details() should be compatible with Admin\Controller\BaseController::_details($attr) /home/wwwroot/dzx.com/Application/Admin/Controller/MemberController.class.php 第 5 行.
SQL: SHOW COLUMNS FROM `think_model` [ RunTime:0.0003s ]
SQL: SELECT * FROM `think_model` WHERE ( fid=0 and "show"=0 and status=0 )  [ RunTime:0.0001s ]
SQL: SELECT * FROM `think_model` WHERE `fid` = 3 AND `status` = 0 AND `show` = 0 ORDER BY sort asc  [ RunTime:0.0001s ]
SQL: SELECT * FROM `think_model` WHERE `fid` = 5 AND `status` = 0 AND `show` = 0 ORDER BY sort asc  [ RunTime:0.0001s ]
SQL: SELECT * FROM `think_model` WHERE `fid` = 8 AND `status` = 0 AND `show` = 0 ORDER BY sort asc  [ RunTime:0.0001s ]
SQL: SELECT * FROM `think_model` WHERE `fid` = 10 AND `status` = 0 AND `show` = 0 ORDER BY sort asc  [ RunTime:0.0001s ]
SQL: SELECT * FROM `think_model` WHERE `fid` = 9 AND `status` = 0 AND `show` = 0 ORDER BY sort asc  [ RunTime:0.0001s ]
SQL: SELECT * FROM `think_model` WHERE `fid` = 11 AND `status` = 0 AND `show` = 0 ORDER BY sort asc  [ RunTime:0.0001s ]
SQL: SHOW COLUMNS FROM `think_column` [ RunTime:0.0004s ]
SQL: SELECT * FROM `think_column` WHERE `status` = 0 AND `type` < 3 ORDER BY id asc  [ RunTime:0.0002s ]
NOTIC: [8] Undefined index: status /home/wwwroot/dzx.com/Application/Admin/Controller/MemberController.class.php 第 601 行.
NOTIC: [8] Undefined index: package /home/wwwroot/dzx.com/Application/Admin/Controller/MemberController.class.php 第 629 行.
NOTIC: [8] Undefined index: pname /home/wwwroot/dzx.com/Application/Admin/Controller/MemberController.class.php 第 630 行.
NOTIC: [8] Undefined variable: map /home/wwwroot/dzx.com/Application/Admin/Controller/MemberController.class.php 第 632 行.
SQL: SHOW COLUMNS FROM `think_member` [ RunTime:0.0006s ]
SQL: SELECT COUNT(*) AS tp_count FROM `think_member` WHERE `status` = 0 LIMIT 1   [ RunTime:0.0001s ]
SQL: SELECT * FROM `think_member` WHERE `status` = 0 ORDER BY create_time desc LIMIT 0,10   [ RunTime:0.0002s ]
INFO: [ view_parse ] --START--
INFO: [ template_filter ] --START--
INFO: Run Behavior\ContentReplaceBehavior [ RunTime:0.000066s ]
INFO: [ template_filter ] --END-- [ RunTime:0.000098s ]
NOTIC: [8] Undefined index: cid /home/wwwroot/dzx.com/Application/Runtime/Cache/Admin/cd4483014f2e11fff8848d4b0b1995b7.php 第 29 行.
NOTIC: [8] Undefined variable: inIt /home/wwwroot/dzx.com/Application/Runtime/Cache/Admin/cd4483014f2e11fff8848d4b0b1995b7.php 第 29 行.
NOTIC: [8] Undefined index: cid /home/wwwroot/dzx.com/Application/Runtime/Cache/Admin/cd4483014f2e11fff8848d4b0b1995b7.php 第 29 行.
NOTIC: [8] Undefined variable: inIt /home/wwwroot/dzx.com/Application/Runtime/Cache/Admin/cd4483014f2e11fff8848d4b0b1995b7.php 第 29 行.
NOTIC: [8] Undefined index: cid /home/wwwroot/dzx.com/Application/Runtime/Cache/Admin/cd4483014f2e11fff8848d4b0b1995b7.php 第 29 行.
NOTIC: [8] Undefined variable: inIt /home/wwwroot/dzx.com/Application/Runtime/Cache/Admin/cd4483014f2e11fff8848d4b0b1995b7.php 第 29 行.
NOTIC: [8] Undefined index: cid /home/wwwroot/dzx.com/Application/Runtime/Cache/Admin/cd4483014f2e11fff8848d4b0b1995b7.php 第 29 行.
NOTIC: [8] Undefined variable: inIt /home/wwwroot/dzx.com/Application/Runtime/Cache/Admin/cd4483014f2e11fff8848d4b0b1995b7.php 第 29 行.
NOTIC: [8] Undefined index: cid /home/wwwroot/dzx.com/Application/Runtime/Cache/Admin/cd4483014f2e11fff8848d4b0b1995b7.php 第 29 行.
NOTIC: [8] Undefined variable: inIt /home/wwwroot/dzx.com/Application/Runtime/Cache/Admin/cd4483014f2e11fff8848d4b0b1995b7.php 第 29 行.
INFO: Run Behavior\ParseTemplateBehavior [ RunTime:0.008432s ]
INFO: [ view_parse ] --END-- [ RunTime:0.008459s ]
INFO: [ view_filter ] --START--
INFO: Run Behavior\WriteHtmlCacheBehavior [ RunTime:0.000107s ]
INFO: [ view_filter ] --END-- [ RunTime:0.000125s ]
INFO: [ app_end ] --START--
INFO: Run Behavior\ShowPageTraceBehavior [ RunTime:0.000245s ]
INFO: [ app_end ] --END-- [ RunTime:0.000264s ]

[ 2016-08-24T13:04:31+08:00 ] 127.0.0.1 /Admin/Column
INFO: [ app_init ] --START--
INFO: Run Behavior\BuildLiteBehavior [ RunTime:0.000012s ]
INFO: [ app_init ] --END-- [ RunTime:0.000230s ]
INFO: [ app_begin ] --START--
INFO: Run Behavior\ReadHtmlCacheBehavior [ RunTime:0.000473s ]
INFO: Run Behavior\CheckLangBehavior [ RunTime:0.000318s ]
INFO: [ app_begin ] --END-- [ RunTime:0.000931s ]
SQL: SHOW COLUMNS FROM `think_model` [ RunTime:0.0003s ]
SQL: SELECT * FROM `think_model` WHERE ( fid=0 and "show"=0 and status=0 )  [ RunTime:0.0001s ]
SQL: SELECT * FROM `think_model` WHERE `fid` = 3 AND `status` = 0 AND `show` = 0 ORDER BY sort asc  [ RunTime:0.0001s ]
SQL: SELECT * FROM `think_model` WHERE `fid` = 5 AND `status` = 0 AND `show` = 0 ORDER BY sort asc  [ RunTime:0.0001s ]
SQL: SELECT * FROM `think_model` WHERE `fid` = 8 AND `status` = 0 AND `show` = 0 ORDER BY sort asc  [ RunTime:0.0001s ]
SQL: SELECT * FROM `think_model` WHERE `fid` = 10 AND `status` = 0 AND `show` = 0 ORDER BY sort asc  [ RunTime:0.0001s ]
SQL: SELECT * FROM `think_model` WHERE `fid` = 9 AND `status` = 0 AND `show` = 0 ORDER BY sort asc  [ RunTime:0.0001s ]
SQL: SELECT * FROM `think_model` WHERE `fid` = 11 AND `status` = 0 AND `show` = 0 ORDER BY sort asc  [ RunTime:0.0001s ]
SQL: SHOW COLUMNS FROM `think_column` [ RunTime:0.0003s ]
SQL: SELECT * FROM `think_column` WHERE `status` = 0 AND `type` < 3 ORDER BY id asc  [ RunTime:0.0002s ]
SQL: SHOW COLUMNS FROM `think_column` [ RunTime:0.0003s ]
SQL: SELECT COUNT(*) AS tp_count FROM `think_column` LIMIT 1   [ RunTime:0.0001s ]
SQL: SELECT * FROM `think_column` LIMIT 0,10   [ RunTime:0.0001s ]
INFO: [ view_parse ] --START--
INFO: [ template_filter ] --START--
INFO: Run Behavior\ContentReplaceBehavior [ RunTime:0.000067s ]
INFO: [ template_filter ] --END-- [ RunTime:0.000100s ]
NOTIC: [8] Undefined index: cid /home/wwwroot/dzx.com/Application/Runtime/Cache/Admin/90b12976a70ff28c3142c03a9c9c55ca.php 第 29 行.
NOTIC: [8] Undefined variable: inIt /home/wwwroot/dzx.com/Application/Runtime/Cache/Admin/90b12976a70ff28c3142c03a9c9c55ca.php 第 29 行.
NOTIC: [8] Undefined index: cid /home/wwwroot/dzx.com/Application/Runtime/Cache/Admin/90b12976a70ff28c3142c03a9c9c55ca.php 第 29 行.
NOTIC: [8] Undefined variable: inIt /home/wwwroot/dzx.com/Application/Runtime/Cache/Admin/90b12976a70ff28c3142c03a9c9c55ca.php 第 29 行.
NOTIC: [8] Undefined index: cid /home/wwwroot/dzx.com/Application/Runtime/Cache/Admin/90b12976a70ff28c3142c03a9c9c55ca.php 第 29 行.
NOTIC: [8] Undefined variable: inIt /home/wwwroot/dzx.com/Application/Runtime/Cache/Admin/90b12976a70ff28c3142c03a9c9c55ca.php 第 29 行.
NOTIC: [8] Undefined index: cid /home/wwwroot/dzx.com/Application/Runtime/Cache/Admin/90b12976a70ff28c3142c03a9c9c55ca.php 第 29 行.
NOTIC: [8] Undefined variable: inIt /home/wwwroot/dzx.com/Application/Runtime/Cache/Admin/90b12976a70ff28c3142c03a9c9c55ca.php 第 29 行.
NOTIC: [8] Undefined index: cid /home/wwwroot/dzx.com/Application/Runtime/Cache/Admin/90b12976a70ff28c3142c03a9c9c55ca.php 第 29 行.
NOTIC: [8] Undefined variable: inIt /home/wwwroot/dzx.com/Application/Runtime/Cache/Admin/90b12976a70ff28c3142c03a9c9c55ca.php 第 29 行.
INFO: Run Behavior\ParseTemplateBehavior [ RunTime:0.006271s ]
INFO: [ view_parse ] --END-- [ RunTime:0.006294s ]
INFO: [ view_filter ] --START--
INFO: Run Behavior\WriteHtmlCacheBehavior [ RunTime:0.000096s ]
INFO: [ view_filter ] --END-- [ RunTime:0.000117s ]
INFO: [ app_end ] --START--
INFO: Run Behavior\ShowPageTraceBehavior [ RunTime:0.000243s ]
INFO: [ app_end ] --END-- [ RunTime:0.000267s ]

[ 2016-08-24T13:04:32+08:00 ] 127.0.0.1 /Admin/Wine
INFO: [ app_init ] --START--
INFO: Run Behavior\BuildLiteBehavior [ RunTime:0.000026s ]
INFO: [ app_init ] --END-- [ RunTime:0.000269s ]
INFO: [ app_begin ] --START--
INFO: Run Behavior\ReadHtmlCacheBehavior [ RunTime:0.000340s ]
INFO: Run Behavior\CheckLangBehavior [ RunTime:0.000171s ]
INFO: [ app_begin ] --END-- [ RunTime:0.000576s ]
SQL: SHOW COLUMNS FROM `think_model` [ RunTime:0.0004s ]
SQL: SELECT * FROM `think_model` WHERE ( fid=0 and "show"=0 and status=0 )  [ RunTime:0.0001s ]
SQL: SELECT * FROM `think_model` WHERE `fid` = 3 AND `status` = 0 AND `show` = 0 ORDER BY sort asc  [ RunTime:0.0001s ]
SQL: SELECT * FROM `think_model` WHERE `fid` = 5 AND `status` = 0 AND `show` = 0 ORDER BY sort asc  [ RunTime:0.0001s ]
SQL: SELECT * FROM `think_model` WHERE `fid` = 8 AND `status` = 0 AND `show` = 0 ORDER BY sort asc  [ RunTime:0.0001s ]
SQL: SELECT * FROM `think_model` WHERE `fid` = 10 AND `status` = 0 AND `show` = 0 ORDER BY sort asc  [ RunTime:0.0001s ]
SQL: SELECT * FROM `think_model` WHERE `fid` = 9 AND `status` = 0 AND `show` = 0 ORDER BY sort asc  [ RunTime:0.0001s ]
SQL: SELECT * FROM `think_model` WHERE `fid` = 11 AND `status` = 0 AND `show` = 0 ORDER BY sort asc  [ RunTime:0.0001s ]
SQL: SHOW COLUMNS FROM `think_column` [ RunTime:0.0003s ]
SQL: SELECT * FROM `think_column` WHERE `status` = 0 AND `type` < 3 ORDER BY id asc  [ RunTime:0.0001s ]
NOTIC: [8] Undefined index: coupons_type /home/wwwroot/dzx.com/Application/Admin/Controller/WineController.class.php 第 136 行.
SQL: SHOW COLUMNS FROM `think_order` [ RunTime:0.0003s ]
SQL: SELECT COUNT(*) AS tp_count FROM `think_order` WHERE `ordstatus` <> 2 AND `wine` <> '' LIMIT 1   [ RunTime:0.0001s ]
SQL: SELECT * FROM `think_order` WHERE `ordstatus` <> 2 AND `wine` <> '' ORDER BY ordtime desc LIMIT 0,10   [ RunTime:0.0001s ]
INFO: [ view_parse ] --START--
INFO: [ template_filter ] --START--
INFO: Run Behavior\ContentReplaceBehavior [ RunTime:0.000074s ]
INFO: [ template_filter ] --END-- [ RunTime:0.000108s ]
NOTIC: [8] Undefined index: cid /home/wwwroot/dzx.com/Application/Runtime/Cache/Admin/51c3579f05f50268181bace01ae9638c.php 第 29 行.
NOTIC: [8] Undefined variable: inIt /home/wwwroot/dzx.com/Application/Runtime/Cache/Admin/51c3579f05f50268181bace01ae9638c.php 第 29 行.
NOTIC: [8] Undefined index: cid /home/wwwroot/dzx.com/Application/Runtime/Cache/Admin/51c3579f05f50268181bace01ae9638c.php 第 29 行.
NOTIC: [8] Undefined variable: inIt /home/wwwroot/dzx.com/Application/Runtime/Cache/Admin/51c3579f05f50268181bace01ae9638c.php 第 29 行.
NOTIC: [8] Undefined index: cid /home/wwwroot/dzx.com/Application/Runtime/Cache/Admin/51c3579f05f50268181bace01ae9638c.php 第 29 行.
NOTIC: [8] Undefined variable: inIt /home/wwwroot/dzx.com/Application/Runtime/Cache/Admin/51c3579f05f50268181bace01ae9638c.php 第 29 行.
NOTIC: [8] Undefined index: cid /home/wwwroot/dzx.com/Application/Runtime/Cache/Admin/51c3579f05f50268181bace01ae9638c.php 第 29 行.
NOTIC: [8] Undefined variable: inIt /home/wwwroot/dzx.com/Application/Runtime/Cache/Admin/51c3579f05f50268181bace01ae9638c.php 第 29 行.
NOTIC: [8] Undefined index: cid /home/wwwroot/dzx.com/Application/Runtime/Cache/Admin/51c3579f05f50268181bace01ae9638c.php 第 29 行.
NOTIC: [8] Undefined variable: inIt /home/wwwroot/dzx.com/Application/Runtime/Cache/Admin/51c3579f05f50268181bace01ae9638c.php 第 29 行.
INFO: Run Behavior\ParseTemplateBehavior [ RunTime:0.008161s ]
INFO: [ view_parse ] --END-- [ RunTime:0.008189s ]
INFO: [ view_filter ] --START--
INFO: Run Behavior\WriteHtmlCacheBehavior [ RunTime:0.000157s ]
INFO: [ view_filter ] --END-- [ RunTime:0.000175s ]
INFO: [ app_end ] --START--
INFO: Run Behavior\ShowPageTraceBehavior [ RunTime:0.000268s ]
INFO: [ app_end ] --END-- [ RunTime:0.000293s ]

